add_sinesaw/SIMSE_Spec/CMA-ES: 200 done, running 100 more → /cshome/asalimi/code/realtime_soundmatching/paper_experiments/results/add_sinesaw_SIMSE_Spec_CMA-ES.pkl
[FaustParams] Loaded 2 parameter(s) from /cshome/asalimi/code/realtime_soundmatching/synths/build/add_sinesaw_23d34a406380/add_sinesaw.dsp.json
  saw_freq              /add_sinesaw/saw_freq                     [20.0, 1000.0]  default=510.0
  sine_freq             /add_sinesaw/sine_freq                    [20.0, 1000.0]  default=510.0
[201/300] CMA-ES | add_sinesaw | p_loss=0.0149 | 5.1s | add_sinesaw_SIMSE_Spec_CMA-ES.pkl
[FaustParams] Loaded 2 parameter(s) from /cshome/asalimi/code/realtime_soundmatching/synths/build/add_sinesaw_23d34a406380/add_sinesaw.dsp.json
  saw_freq              /add_sinesaw/saw_freq                     [20.0, 1000.0]  default=510.0
  sine_freq             /add_sinesaw/sine_freq                    [20.0, 1000.0]  default=510.0
[202/300] CMA-ES | add_sinesaw | p_loss=0.7479 | 5.2s | add_sinesaw_SIMSE_Spec_CMA-ES.pkl
[FaustParams] Loaded 2 parameter(s) from /cshome/asalimi/code/realtime_soundmatching/synths/build/add_sinesaw_23d34a406380/add_sinesaw.dsp.json
  saw_freq              /add_sinesaw/saw_freq                     [20.0, 1000.0]  default=510.0
  sine_freq             /add_sinesaw/sine_freq                    [20.0, 1000.0]  default=510.0
[203/300] CMA-ES | add_sinesaw | p_loss=0.3472 | 5.1s | add_sinesaw_SIMSE_Spec_CMA-ES.pkl
[FaustParams] Loaded 2 parameter(s) from /cshome/asalimi/code/realtime_soundmatching/synths/build/add_sinesaw_23d34a406380/add_sinesaw.dsp.json
  saw_freq              /add_sinesaw/saw_freq                     [20.0, 1000.0]  default=510.0
  sine_freq             /add_sinesaw/sine_freq                    [20.0, 1000.0]  default=510.0
[204/300] CMA-ES | add_sinesaw | p_loss=0.0843 | 5.2s | add_sinesaw_SIMSE_Spec_CMA-ES.pkl
[FaustParams] Loaded 2 parameter(s) from /cshome/asalimi/code/realtime_soundmatching/synths/build/add_sinesaw_23d34a406380/add_sinesaw.dsp.json
  saw_freq              /add_sinesaw/saw_freq                     [20.0, 1000.0]  default=510.0
  sine_freq             /add_sinesaw/sine_freq                    [20.0, 1000.0]  default=510.0
[205/300] CMA-ES | add_sinesaw | p_loss=0.0003 | 4.7s | add_sinesaw_SIMSE_Spec_CMA-ES.pkl
[FaustParams] Loaded 2 parameter(s) from /cshome/asalimi/code/realtime_soundmatching/synths/build/add_sinesaw_23d34a406380/add_sinesaw.dsp.json
  saw_freq              /add_sinesaw/saw_freq                     [20.0, 1000.0]  default=510.0
  sine_freq             /add_sinesaw/sine_freq                    [20.0, 1000.0]  default=510.0
[206/300] CMA-ES | add_sinesaw | p_loss=0.1633 | 4.8s | add_sinesaw_SIMSE_Spec_CMA-ES.pkl
[FaustParams] Loaded 2 parameter(s) from /cshome/asalimi/code/realtime_soundmatching/synths/build/add_sinesaw_23d34a406380/add_sinesaw.dsp.json
  saw_freq              /add_sinesaw/saw_freq                     [20.0, 1000.0]  default=510.0
  sine_freq             /add_sinesaw/sine_freq                    [20.0, 1000.0]  default=510.0
[207/300] CMA-ES | add_sinesaw | p_loss=0.0464 | 4.8s | add_sinesaw_SIMSE_Spec_CMA-ES.pkl
[FaustParams] Loaded 2 parameter(s) from /cshome/asalimi/code/realtime_soundmatching/synths/build/add_sinesaw_23d34a406380/add_sinesaw.dsp.json
  saw_freq              /add_sinesaw/saw_freq                     [20.0, 1000.0]  default=510.0
  sine_freq             /add_sinesaw/sine_freq                    [20.0, 1000.0]  default=510.0
[208/300] CMA-ES | add_sinesaw | p_loss=0.6713 | 4.6s | add_sinesaw_SIMSE_Spec_CMA-ES.pkl
[FaustParams] Loaded 2 parameter(s) from /cshome/asalimi/code/realtime_soundmatching/synths/build/add_sinesaw_23d34a406380/add_sinesaw.dsp.json
  saw_freq              /add_sinesaw/saw_freq                     [20.0, 1000.0]  default=510.0
  sine_freq             /add_sinesaw/sine_freq                    [20.0, 1000.0]  default=510.0
[209/300] CMA-ES | add_sinesaw | p_loss=0.4578 | 4.7s | add_sinesaw_SIMSE_Spec_CMA-ES.pkl
[FaustParams] Loaded 2 parameter(s) from /cshome/asalimi/code/realtime_soundmatching/synths/build/add_sinesaw_23d34a406380/add_sinesaw.dsp.json
  saw_freq              /add_sinesaw/saw_freq                     [20.0, 1000.0]  default=510.0
  sine_freq             /add_sinesaw/sine_freq                    [20.0, 1000.0]  default=510.0
[210/300] CMA-ES | add_sinesaw | p_loss=0.0015 | 4.7s | add_sinesaw_SIMSE_Spec_CMA-ES.pkl
[FaustParams] Loaded 2 parameter(s) from /cshome/asalimi/code/realtime_soundmatching/synths/build/add_sinesaw_23d34a406380/add_sinesaw.dsp.json
  saw_freq              /add_sinesaw/saw_freq                     [20.0, 1000.0]  default=510.0
  sine_freq             /add_sinesaw/sine_freq                    [20.0, 1000.0]  default=510.0
[211/300] CMA-ES | add_sinesaw | p_loss=0.9200 | 4.7s | add_sinesaw_SIMSE_Spec_CMA-ES.pkl
[FaustParams] Loaded 2 parameter(s) from /cshome/asalimi/code/realtime_soundmatching/synths/build/add_sinesaw_23d34a406380/add_sinesaw.dsp.json
  saw_freq              /add_sinesaw/saw_freq                     [20.0, 1000.0]  default=510.0
  sine_freq             /add_sinesaw/sine_freq                    [20.0, 1000.0]  default=510.0
[212/300] CMA-ES | add_sinesaw | p_loss=0.0040 | 4.7s | add_sinesaw_SIMSE_Spec_CMA-ES.pkl
[FaustParams] Loaded 2 parameter(s) from /cshome/asalimi/code/realtime_soundmatching/synths/build/add_sinesaw_23d34a406380/add_sinesaw.dsp.json
  saw_freq              /add_sinesaw/saw_freq                     [20.0, 1000.0]  default=510.0
  sine_freq             /add_sinesaw/sine_freq                    [20.0, 1000.0]  default=510.0
[213/300] CMA-ES | add_sinesaw | p_loss=0.9572 | 5.2s | add_sinesaw_SIMSE_Spec_CMA-ES.pkl
[FaustParams] Loaded 2 parameter(s) from /cshome/asalimi/code/realtime_soundmatching/synths/build/add_sinesaw_23d34a406380/add_sinesaw.dsp.json
  saw_freq              /add_sinesaw/saw_freq                     [20.0, 1000.0]  default=510.0
  sine_freq             /add_sinesaw/sine_freq                    [20.0, 1000.0]  default=510.0
[214/300] CMA-ES | add_sinesaw | p_loss=0.7789 | 5.1s | add_sinesaw_SIMSE_Spec_CMA-ES.pkl
[FaustParams] Loaded 2 parameter(s) from /cshome/asalimi/code/realtime_soundmatching/synths/build/add_sinesaw_23d34a406380/add_sinesaw.dsp.json
  saw_freq              /add_sinesaw/saw_freq                     [20.0, 1000.0]  default=510.0
  sine_freq             /add_sinesaw/sine_freq                    [20.0, 1000.0]  default=510.0
[215/300] CMA-ES | add_sinesaw | p_loss=0.4123 | 5.1s | add_sinesaw_SIMSE_Spec_CMA-ES.pkl
[FaustParams] Loaded 2 parameter(s) from /cshome/asalimi/code/realtime_soundmatching/synths/build/add_sinesaw_23d34a406380/add_sinesaw.dsp.json
  saw_freq              /add_sinesaw/saw_freq                     [20.0, 1000.0]  default=510.0
  sine_freq             /add_sinesaw/sine_freq                    [20.0, 1000.0]  default=510.0
[216/300] CMA-ES | add_sinesaw | p_loss=0.1776 | 4.8s | add_sinesaw_SIMSE_Spec_CMA-ES.pkl
[FaustParams] Loaded 2 parameter(s) from /cshome/asalimi/code/realtime_soundmatching/synths/build/add_sinesaw_23d34a406380/add_sinesaw.dsp.json
  saw_freq              /add_sinesaw/saw_freq                     [20.0, 1000.0]  default=510.0
  sine_freq             /add_sinesaw/sine_freq                    [20.0, 1000.0]  default=510.0
[217/300] CMA-ES | add_sinesaw | p_loss=0.0051 | 4.7s | add_sinesaw_SIMSE_Spec_CMA-ES.pkl
[FaustParams] Loaded 2 parameter(s) from /cshome/asalimi/code/realtime_soundmatching/synths/build/add_sinesaw_23d34a406380/add_sinesaw.dsp.json
  saw_freq              /add_sinesaw/saw_freq                     [20.0, 1000.0]  default=510.0
  sine_freq             /add_sinesaw/sine_freq                    [20.0, 1000.0]  default=510.0
[218/300] CMA-ES | add_sinesaw | p_loss=0.5100 | 5.1s | add_sinesaw_SIMSE_Spec_CMA-ES.pkl
[FaustParams] Loaded 2 parameter(s) from /cshome/asalimi/code/realtime_soundmatching/synths/build/add_sinesaw_23d34a406380/add_sinesaw.dsp.json
  saw_freq              /add_sinesaw/saw_freq                     [20.0, 1000.0]  default=510.0
  sine_freq             /add_sinesaw/sine_freq                    [20.0, 1000.0]  default=510.0
[219/300] CMA-ES | add_sinesaw | p_loss=0.8018 | 5.1s | add_sinesaw_SIMSE_Spec_CMA-ES.pkl
[FaustParams] Loaded 2 parameter(s) from /cshome/asalimi/code/realtime_soundmatching/synths/build/add_sinesaw_23d34a406380/add_sinesaw.dsp.json
  saw_freq              /add_sinesaw/saw_freq                     [20.0, 1000.0]  default=510.0
  sine_freq             /add_sinesaw/sine_freq                    [20.0, 1000.0]  default=510.0
[220/300] CMA-ES | add_sinesaw | p_loss=0.6067 | 5.3s | add_sinesaw_SIMSE_Spec_CMA-ES.pkl
[FaustParams] Loaded 2 parameter(s) from /cshome/asalimi/code/realtime_soundmatching/synths/build/add_sinesaw_23d34a406380/add_sinesaw.dsp.json
  saw_freq              /add_sinesaw/saw_freq                     [20.0, 1000.0]  default=510.0
  sine_freq             /add_sinesaw/sine_freq                    [20.0, 1000.0]  default=510.0
[221/300] CMA-ES | add_sinesaw | p_loss=0.6444 | 5.3s | add_sinesaw_SIMSE_Spec_CMA-ES.pkl
[FaustParams] Loaded 2 parameter(s) from /cshome/asalimi/code/realtime_soundmatching/synths/build/add_sinesaw_23d34a406380/add_sinesaw.dsp.json
  saw_freq              /add_sinesaw/saw_freq                     [20.0, 1000.0]  default=510.0
  sine_freq             /add_sinesaw/sine_freq                    [20.0, 1000.0]  default=510.0
[222/300] CMA-ES | add_sinesaw | p_loss=0.0911 | 4.8s | add_sinesaw_SIMSE_Spec_CMA-ES.pkl
[FaustParams] Loaded 2 parameter(s) from /cshome/asalimi/code/realtime_soundmatching/synths/build/add_sinesaw_23d34a406380/add_sinesaw.dsp.json
  saw_freq              /add_sinesaw/saw_freq                     [20.0, 1000.0]  default=510.0
  sine_freq             /add_sinesaw/sine_freq                    [20.0, 1000.0]  default=510.0
[223/300] CMA-ES | add_sinesaw | p_loss=0.6328 | 5.1s | add_sinesaw_SIMSE_Spec_CMA-ES.pkl
[FaustParams] Loaded 2 parameter(s) from /cshome/asalimi/code/realtime_soundmatching/synths/build/add_sinesaw_23d34a406380/add_sinesaw.dsp.json
  saw_freq              /add_sinesaw/saw_freq                     [20.0, 1000.0]  default=510.0
  sine_freq             /add_sinesaw/sine_freq                    [20.0, 1000.0]  default=510.0
[224/300] CMA-ES | add_sinesaw | p_loss=0.1891 | 5.2s | add_sinesaw_SIMSE_Spec_CMA-ES.pkl
[FaustParams] Loaded 2 parameter(s) from /cshome/asalimi/code/realtime_soundmatching/synths/build/add_sinesaw_23d34a406380/add_sinesaw.dsp.json
  saw_freq              /add_sinesaw/saw_freq                     [20.0, 1000.0]  default=510.0
  sine_freq             /add_sinesaw/sine_freq                    [20.0, 1000.0]  default=510.0
[225/300] CMA-ES | add_sinesaw | p_loss=0.5017 | 5.2s | add_sinesaw_SIMSE_Spec_CMA-ES.pkl
[FaustParams] Loaded 2 parameter(s) from /cshome/asalimi/code/realtime_soundmatching/synths/build/add_sinesaw_23d34a406380/add_sinesaw.dsp.json
  saw_freq              /add_sinesaw/saw_freq                     [20.0, 1000.0]  default=510.0
  sine_freq             /add_sinesaw/sine_freq                    [20.0, 1000.0]  default=510.0
[226/300] CMA-ES | add_sinesaw | p_loss=0.4394 | 5.2s | add_sinesaw_SIMSE_Spec_CMA-ES.pkl
[FaustParams] Loaded 2 parameter(s) from /cshome/asalimi/code/realtime_soundmatching/synths/build/add_sinesaw_23d34a406380/add_sinesaw.dsp.json
  saw_freq              /add_sinesaw/saw_freq                     [20.0, 1000.0]  default=510.0
  sine_freq             /add_sinesaw/sine_freq                    [20.0, 1000.0]  default=510.0
[227/300] CMA-ES | add_sinesaw | p_loss=0.0555 | 5.2s | add_sinesaw_SIMSE_Spec_CMA-ES.pkl
[FaustParams] Loaded 2 parameter(s) from /cshome/asalimi/code/realtime_soundmatching/synths/build/add_sinesaw_23d34a406380/add_sinesaw.dsp.json
  saw_freq              /add_sinesaw/saw_freq                     [20.0, 1000.0]  default=510.0
  sine_freq             /add_sinesaw/sine_freq                    [20.0, 1000.0]  default=510.0
[228/300] CMA-ES | add_sinesaw | p_loss=0.1951 | 5.1s | add_sinesaw_SIMSE_Spec_CMA-ES.pkl
[FaustParams] Loaded 2 parameter(s) from /cshome/asalimi/code/realtime_soundmatching/synths/build/add_sinesaw_23d34a406380/add_sinesaw.dsp.json
  saw_freq              /add_sinesaw/saw_freq                     [20.0, 1000.0]  default=510.0
  sine_freq             /add_sinesaw/sine_freq                    [20.0, 1000.0]  default=510.0
[229/300] CMA-ES | add_sinesaw | p_loss=0.7483 | 5.1s | add_sinesaw_SIMSE_Spec_CMA-ES.pkl
[FaustParams] Loaded 2 parameter(s) from /cshome/asalimi/code/realtime_soundmatching/synths/build/add_sinesaw_23d34a406380/add_sinesaw.dsp.json
  saw_freq              /add_sinesaw/saw_freq                     [20.0, 1000.0]  default=510.0
  sine_freq             /add_sinesaw/sine_freq                    [20.0, 1000.0]  default=510.0
[230/300] CMA-ES | add_sinesaw | p_loss=0.1400 | 5.2s | add_sinesaw_SIMSE_Spec_CMA-ES.pkl
[FaustParams] Loaded 2 parameter(s) from /cshome/asalimi/code/realtime_soundmatching/synths/build/add_sinesaw_23d34a406380/add_sinesaw.dsp.json
  saw_freq              /add_sinesaw/saw_freq                     [20.0, 1000.0]  default=510.0
  sine_freq             /add_sinesaw/sine_freq                    [20.0, 1000.0]  default=510.0
[231/300] CMA-ES | add_sinesaw | p_loss=0.0020 | 5.3s | add_sinesaw_SIMSE_Spec_CMA-ES.pkl
[FaustParams] Loaded 2 parameter(s) from /cshome/asalimi/code/realtime_soundmatching/synths/build/add_sinesaw_23d34a406380/add_sinesaw.dsp.json
  saw_freq              /add_sinesaw/saw_freq                     [20.0, 1000.0]  default=510.0
  sine_freq             /add_sinesaw/sine_freq                    [20.0, 1000.0]  default=510.0
[232/300] CMA-ES | add_sinesaw | p_loss=0.3251 | 5.6s | add_sinesaw_SIMSE_Spec_CMA-ES.pkl
[FaustParams] Loaded 2 parameter(s) from /cshome/asalimi/code/realtime_soundmatching/synths/build/add_sinesaw_23d34a406380/add_sinesaw.dsp.json
  saw_freq              /add_sinesaw/saw_freq                     [20.0, 1000.0]  default=510.0
  sine_freq             /add_sinesaw/sine_freq                    [20.0, 1000.0]  default=510.0
[233/300] CMA-ES | add_sinesaw | p_loss=0.5003 | 5.4s | add_sinesaw_SIMSE_Spec_CMA-ES.pkl
[FaustParams] Loaded 2 parameter(s) from /cshome/asalimi/code/realtime_soundmatching/synths/build/add_sinesaw_23d34a406380/add_sinesaw.dsp.json
  saw_freq              /add_sinesaw/saw_freq                     [20.0, 1000.0]  default=510.0
  sine_freq             /add_sinesaw/sine_freq                    [20.0, 1000.0]  default=510.0
[234/300] CMA-ES | add_sinesaw | p_loss=0.2267 | 5.5s | add_sinesaw_SIMSE_Spec_CMA-ES.pkl
[FaustParams] Loaded 2 parameter(s) from /cshome/asalimi/code/realtime_soundmatching/synths/build/add_sinesaw_23d34a406380/add_sinesaw.dsp.json
  saw_freq              /add_sinesaw/saw_freq                     [20.0, 1000.0]  default=510.0
  sine_freq             /add_sinesaw/sine_freq                    [20.0, 1000.0]  default=510.0
[235/300] CMA-ES | add_sinesaw | p_loss=0.1608 | 5.4s | add_sinesaw_SIMSE_Spec_CMA-ES.pkl
[FaustParams] Loaded 2 parameter(s) from /cshome/asalimi/code/realtime_soundmatching/synths/build/add_sinesaw_23d34a406380/add_sinesaw.dsp.json
  saw_freq              /add_sinesaw/saw_freq                     [20.0, 1000.0]  default=510.0
  sine_freq             /add_sinesaw/sine_freq                    [20.0, 1000.0]  default=510.0
[236/300] CMA-ES | add_sinesaw | p_loss=0.3439 | 5.5s | add_sinesaw_SIMSE_Spec_CMA-ES.pkl
[FaustParams] Loaded 2 parameter(s) from /cshome/asalimi/code/realtime_soundmatching/synths/build/add_sinesaw_23d34a406380/add_sinesaw.dsp.json
  saw_freq              /add_sinesaw/saw_freq                     [20.0, 1000.0]  default=510.0
  sine_freq             /add_sinesaw/sine_freq                    [20.0, 1000.0]  default=510.0
[237/300] CMA-ES | add_sinesaw | p_loss=0.1475 | 5.3s | add_sinesaw_SIMSE_Spec_CMA-ES.pkl
[FaustParams] Loaded 2 parameter(s) from /cshome/asalimi/code/realtime_soundmatching/synths/build/add_sinesaw_23d34a406380/add_sinesaw.dsp.json
  saw_freq              /add_sinesaw/saw_freq                     [20.0, 1000.0]  default=510.0
  sine_freq             /add_sinesaw/sine_freq                    [20.0, 1000.0]  default=510.0
[238/300] CMA-ES | add_sinesaw | p_loss=0.7549 | 5.4s | add_sinesaw_SIMSE_Spec_CMA-ES.pkl
[FaustParams] Loaded 2 parameter(s) from /cshome/asalimi/code/realtime_soundmatching/synths/build/add_sinesaw_23d34a406380/add_sinesaw.dsp.json
  saw_freq              /add_sinesaw/saw_freq                     [20.0, 1000.0]  default=510.0
  sine_freq             /add_sinesaw/sine_freq                    [20.0, 1000.0]  default=510.0
[239/300] CMA-ES | add_sinesaw | p_loss=0.0965 | 5.3s | add_sinesaw_SIMSE_Spec_CMA-ES.pkl
[FaustParams] Loaded 2 parameter(s) from /cshome/asalimi/code/realtime_soundmatching/synths/build/add_sinesaw_23d34a406380/add_sinesaw.dsp.json
  saw_freq              /add_sinesaw/saw_freq                     [20.0, 1000.0]  default=510.0
  sine_freq             /add_sinesaw/sine_freq                    [20.0, 1000.0]  default=510.0
[240/300] CMA-ES | add_sinesaw | p_loss=0.0116 | 5.3s | add_sinesaw_SIMSE_Spec_CMA-ES.pkl
[FaustParams] Loaded 2 parameter(s) from /cshome/asalimi/code/realtime_soundmatching/synths/build/add_sinesaw_23d34a406380/add_sinesaw.dsp.json
  saw_freq              /add_sinesaw/saw_freq                     [20.0, 1000.0]  default=510.0
  sine_freq             /add_sinesaw/sine_freq                    [20.0, 1000.0]  default=510.0
[241/300] CMA-ES | add_sinesaw | p_loss=0.7879 | 5.2s | add_sinesaw_SIMSE_Spec_CMA-ES.pkl
[FaustParams] Loaded 2 parameter(s) from /cshome/asalimi/code/realtime_soundmatching/synths/build/add_sinesaw_23d34a406380/add_sinesaw.dsp.json
  saw_freq              /add_sinesaw/saw_freq                     [20.0, 1000.0]  default=510.0
  sine_freq             /add_sinesaw/sine_freq                    [20.0, 1000.0]  default=510.0
[242/300] CMA-ES | add_sinesaw | p_loss=0.5462 | 5.2s | add_sinesaw_SIMSE_Spec_CMA-ES.pkl
[FaustParams] Loaded 2 parameter(s) from /cshome/asalimi/code/realtime_soundmatching/synths/build/add_sinesaw_23d34a406380/add_sinesaw.dsp.json
  saw_freq              /add_sinesaw/saw_freq                     [20.0, 1000.0]  default=510.0
  sine_freq             /add_sinesaw/sine_freq                    [20.0, 1000.0]  default=510.0
[243/300] CMA-ES | add_sinesaw | p_loss=0.5901 | 5.2s | add_sinesaw_SIMSE_Spec_CMA-ES.pkl
[FaustParams] Loaded 2 parameter(s) from /cshome/asalimi/code/realtime_soundmatching/synths/build/add_sinesaw_23d34a406380/add_sinesaw.dsp.json
  saw_freq              /add_sinesaw/saw_freq                     [20.0, 1000.0]  default=510.0
  sine_freq             /add_sinesaw/sine_freq                    [20.0, 1000.0]  default=510.0
[244/300] CMA-ES | add_sinesaw | p_loss=0.4257 | 5.2s | add_sinesaw_SIMSE_Spec_CMA-ES.pkl
[FaustParams] Loaded 2 parameter(s) from /cshome/asalimi/code/realtime_soundmatching/synths/build/add_sinesaw_23d34a406380/add_sinesaw.dsp.json
  saw_freq              /add_sinesaw/saw_freq                     [20.0, 1000.0]  default=510.0
  sine_freq             /add_sinesaw/sine_freq                    [20.0, 1000.0]  default=510.0
[245/300] CMA-ES | add_sinesaw | p_loss=0.2587 | 5.1s | add_sinesaw_SIMSE_Spec_CMA-ES.pkl
[FaustParams] Loaded 2 parameter(s) from /cshome/asalimi/code/realtime_soundmatching/synths/build/add_sinesaw_23d34a406380/add_sinesaw.dsp.json
  saw_freq              /add_sinesaw/saw_freq                     [20.0, 1000.0]  default=510.0
  sine_freq             /add_sinesaw/sine_freq                    [20.0, 1000.0]  default=510.0
[246/300] CMA-ES | add_sinesaw | p_loss=0.4860 | 5.1s | add_sinesaw_SIMSE_Spec_CMA-ES.pkl
[FaustParams] Loaded 2 parameter(s) from /cshome/asalimi/code/realtime_soundmatching/synths/build/add_sinesaw_23d34a406380/add_sinesaw.dsp.json
  saw_freq              /add_sinesaw/saw_freq                     [20.0, 1000.0]  default=510.0
  sine_freq             /add_sinesaw/sine_freq                    [20.0, 1000.0]  default=510.0
[247/300] CMA-ES | add_sinesaw | p_loss=0.0003 | 5.2s | add_sinesaw_SIMSE_Spec_CMA-ES.pkl
[FaustParams] Loaded 2 parameter(s) from /cshome/asalimi/code/realtime_soundmatching/synths/build/add_sinesaw_23d34a406380/add_sinesaw.dsp.json
  saw_freq              /add_sinesaw/saw_freq                     [20.0, 1000.0]  default=510.0
  sine_freq             /add_sinesaw/sine_freq                    [20.0, 1000.0]  default=510.0
[248/300] CMA-ES | add_sinesaw | p_loss=0.0072 | 5.1s | add_sinesaw_SIMSE_Spec_CMA-ES.pkl
[FaustParams] Loaded 2 parameter(s) from /cshome/asalimi/code/realtime_soundmatching/synths/build/add_sinesaw_23d34a406380/add_sinesaw.dsp.json
  saw_freq              /add_sinesaw/saw_freq                     [20.0, 1000.0]  default=510.0
  sine_freq             /add_sinesaw/sine_freq                    [20.0, 1000.0]  default=510.0
[249/300] CMA-ES | add_sinesaw | p_loss=0.0070 | 5.1s | add_sinesaw_SIMSE_Spec_CMA-ES.pkl
[FaustParams] Loaded 2 parameter(s) from /cshome/asalimi/code/realtime_soundmatching/synths/build/add_sinesaw_23d34a406380/add_sinesaw.dsp.json
  saw_freq              /add_sinesaw/saw_freq                     [20.0, 1000.0]  default=510.0
  sine_freq             /add_sinesaw/sine_freq                    [20.0, 1000.0]  default=510.0
[250/300] CMA-ES | add_sinesaw | p_loss=0.8620 | 5.3s | add_sinesaw_SIMSE_Spec_CMA-ES.pkl
[FaustParams] Loaded 2 parameter(s) from /cshome/asalimi/code/realtime_soundmatching/synths/build/add_sinesaw_23d34a406380/add_sinesaw.dsp.json
  saw_freq              /add_sinesaw/saw_freq                     [20.0, 1000.0]  default=510.0
  sine_freq             /add_sinesaw/sine_freq                    [20.0, 1000.0]  default=510.0
[251/300] CMA-ES | add_sinesaw | p_loss=0.1494 | 5.2s | add_sinesaw_SIMSE_Spec_CMA-ES.pkl
[FaustParams] Loaded 2 parameter(s) from /cshome/asalimi/code/realtime_soundmatching/synths/build/add_sinesaw_23d34a406380/add_sinesaw.dsp.json
  saw_freq              /add_sinesaw/saw_freq                     [20.0, 1000.0]  default=510.0
  sine_freq             /add_sinesaw/sine_freq                    [20.0, 1000.0]  default=510.0
[252/300] CMA-ES | add_sinesaw | p_loss=0.1647 | 5.3s | add_sinesaw_SIMSE_Spec_CMA-ES.pkl
[FaustParams] Loaded 2 parameter(s) from /cshome/asalimi/code/realtime_soundmatching/synths/build/add_sinesaw_23d34a406380/add_sinesaw.dsp.json
  saw_freq              /add_sinesaw/saw_freq                     [20.0, 1000.0]  default=510.0
  sine_freq             /add_sinesaw/sine_freq                    [20.0, 1000.0]  default=510.0
[253/300] CMA-ES | add_sinesaw | p_loss=0.1845 | 5.2s | add_sinesaw_SIMSE_Spec_CMA-ES.pkl
[FaustParams] Loaded 2 parameter(s) from /cshome/asalimi/code/realtime_soundmatching/synths/build/add_sinesaw_23d34a406380/add_sinesaw.dsp.json
  saw_freq              /add_sinesaw/saw_freq                     [20.0, 1000.0]  default=510.0
  sine_freq             /add_sinesaw/sine_freq                    [20.0, 1000.0]  default=510.0
[254/300] CMA-ES | add_sinesaw | p_loss=0.3817 | 5.2s | add_sinesaw_SIMSE_Spec_CMA-ES.pkl
[FaustParams] Loaded 2 parameter(s) from /cshome/asalimi/code/realtime_soundmatching/synths/build/add_sinesaw_23d34a406380/add_sinesaw.dsp.json
  saw_freq              /add_sinesaw/saw_freq                     [20.0, 1000.0]  default=510.0
  sine_freq             /add_sinesaw/sine_freq                    [20.0, 1000.0]  default=510.0
[255/300] CMA-ES | add_sinesaw | p_loss=0.0024 | 5.2s | add_sinesaw_SIMSE_Spec_CMA-ES.pkl
[FaustParams] Loaded 2 parameter(s) from /cshome/asalimi/code/realtime_soundmatching/synths/build/add_sinesaw_23d34a406380/add_sinesaw.dsp.json
  saw_freq              /add_sinesaw/saw_freq                     [20.0, 1000.0]  default=510.0
  sine_freq             /add_sinesaw/sine_freq                    [20.0, 1000.0]  default=510.0
[256/300] CMA-ES | add_sinesaw | p_loss=0.3483 | 5.3s | add_sinesaw_SIMSE_Spec_CMA-ES.pkl
[FaustParams] Loaded 2 parameter(s) from /cshome/asalimi/code/realtime_soundmatching/synths/build/add_sinesaw_23d34a406380/add_sinesaw.dsp.json
  saw_freq              /add_sinesaw/saw_freq                     [20.0, 1000.0]  default=510.0
  sine_freq             /add_sinesaw/sine_freq                    [20.0, 1000.0]  default=510.0
[257/300] CMA-ES | add_sinesaw | p_loss=0.3947 | 5.1s | add_sinesaw_SIMSE_Spec_CMA-ES.pkl
[FaustParams] Loaded 2 parameter(s) from /cshome/asalimi/code/realtime_soundmatching/synths/build/add_sinesaw_23d34a406380/add_sinesaw.dsp.json
  saw_freq              /add_sinesaw/saw_freq                     [20.0, 1000.0]  default=510.0
  sine_freq             /add_sinesaw/sine_freq                    [20.0, 1000.0]  default=510.0
[258/300] CMA-ES | add_sinesaw | p_loss=0.4745 | 5.2s | add_sinesaw_SIMSE_Spec_CMA-ES.pkl
[FaustParams] Loaded 2 parameter(s) from /cshome/asalimi/code/realtime_soundmatching/synths/build/add_sinesaw_23d34a406380/add_sinesaw.dsp.json
  saw_freq              /add_sinesaw/saw_freq                     [20.0, 1000.0]  default=510.0
  sine_freq             /add_sinesaw/sine_freq                    [20.0, 1000.0]  default=510.0
[259/300] CMA-ES | add_sinesaw | p_loss=0.0387 | 5.3s | add_sinesaw_SIMSE_Spec_CMA-ES.pkl
[FaustParams] Loaded 2 parameter(s) from /cshome/asalimi/code/realtime_soundmatching/synths/build/add_sinesaw_23d34a406380/add_sinesaw.dsp.json
  saw_freq              /add_sinesaw/saw_freq                     [20.0, 1000.0]  default=510.0
  sine_freq             /add_sinesaw/sine_freq                    [20.0, 1000.0]  default=510.0
[260/300] CMA-ES | add_sinesaw | p_loss=0.2469 | 5.2s | add_sinesaw_SIMSE_Spec_CMA-ES.pkl
[FaustParams] Loaded 2 parameter(s) from /cshome/asalimi/code/realtime_soundmatching/synths/build/add_sinesaw_23d34a406380/add_sinesaw.dsp.json
  saw_freq              /add_sinesaw/saw_freq                     [20.0, 1000.0]  default=510.0
  sine_freq             /add_sinesaw/sine_freq                    [20.0, 1000.0]  default=510.0
[261/300] CMA-ES | add_sinesaw | p_loss=0.7048 | 4.8s | add_sinesaw_SIMSE_Spec_CMA-ES.pkl
[FaustParams] Loaded 2 parameter(s) from /cshome/asalimi/code/realtime_soundmatching/synths/build/add_sinesaw_23d34a406380/add_sinesaw.dsp.json
  saw_freq              /add_sinesaw/saw_freq                     [20.0, 1000.0]  default=510.0
  sine_freq             /add_sinesaw/sine_freq                    [20.0, 1000.0]  default=510.0
[262/300] CMA-ES | add_sinesaw | p_loss=0.3423 | 4.8s | add_sinesaw_SIMSE_Spec_CMA-ES.pkl
[FaustParams] Loaded 2 parameter(s) from /cshome/asalimi/code/realtime_soundmatching/synths/build/add_sinesaw_23d34a406380/add_sinesaw.dsp.json
  saw_freq              /add_sinesaw/saw_freq                     [20.0, 1000.0]  default=510.0
  sine_freq             /add_sinesaw/sine_freq                    [20.0, 1000.0]  default=510.0
[263/300] CMA-ES | add_sinesaw | p_loss=0.0006 | 4.7s | add_sinesaw_SIMSE_Spec_CMA-ES.pkl
[FaustParams] Loaded 2 parameter(s) from /cshome/asalimi/code/realtime_soundmatching/synths/build/add_sinesaw_23d34a406380/add_sinesaw.dsp.json
  saw_freq              /add_sinesaw/saw_freq                     [20.0, 1000.0]  default=510.0
  sine_freq             /add_sinesaw/sine_freq                    [20.0, 1000.0]  default=510.0
[264/300] CMA-ES | add_sinesaw | p_loss=0.2178 | 4.7s | add_sinesaw_SIMSE_Spec_CMA-ES.pkl
[FaustParams] Loaded 2 parameter(s) from /cshome/asalimi/code/realtime_soundmatching/synths/build/add_sinesaw_23d34a406380/add_sinesaw.dsp.json
  saw_freq              /add_sinesaw/saw_freq                     [20.0, 1000.0]  default=510.0
  sine_freq             /add_sinesaw/sine_freq                    [20.0, 1000.0]  default=510.0
[265/300] CMA-ES | add_sinesaw | p_loss=0.0793 | 4.8s | add_sinesaw_SIMSE_Spec_CMA-ES.pkl
[FaustParams] Loaded 2 parameter(s) from /cshome/asalimi/code/realtime_soundmatching/synths/build/add_sinesaw_23d34a406380/add_sinesaw.dsp.json
  saw_freq              /add_sinesaw/saw_freq                     [20.0, 1000.0]  default=510.0
  sine_freq             /add_sinesaw/sine_freq                    [20.0, 1000.0]  default=510.0
[266/300] CMA-ES | add_sinesaw | p_loss=0.7477 | 4.9s | add_sinesaw_SIMSE_Spec_CMA-ES.pkl
[FaustParams] Loaded 2 parameter(s) from /cshome/asalimi/code/realtime_soundmatching/synths/build/add_sinesaw_23d34a406380/add_sinesaw.dsp.json
  saw_freq              /add_sinesaw/saw_freq                     [20.0, 1000.0]  default=510.0
  sine_freq             /add_sinesaw/sine_freq                    [20.0, 1000.0]  default=510.0
[267/300] CMA-ES | add_sinesaw | p_loss=0.1610 | 5.0s | add_sinesaw_SIMSE_Spec_CMA-ES.pkl
[FaustParams] Loaded 2 parameter(s) from /cshome/asalimi/code/realtime_soundmatching/synths/build/add_sinesaw_23d34a406380/add_sinesaw.dsp.json
  saw_freq              /add_sinesaw/saw_freq                     [20.0, 1000.0]  default=510.0
  sine_freq             /add_sinesaw/sine_freq                    [20.0, 1000.0]  default=510.0
[268/300] CMA-ES | add_sinesaw | p_loss=0.5242 | 5.0s | add_sinesaw_SIMSE_Spec_CMA-ES.pkl
[FaustParams] Loaded 2 parameter(s) from /cshome/asalimi/code/realtime_soundmatching/synths/build/add_sinesaw_23d34a406380/add_sinesaw.dsp.json
  saw_freq              /add_sinesaw/saw_freq                     [20.0, 1000.0]  default=510.0
  sine_freq             /add_sinesaw/sine_freq                    [20.0, 1000.0]  default=510.0
[269/300] CMA-ES | add_sinesaw | p_loss=0.3544 | 4.9s | add_sinesaw_SIMSE_Spec_CMA-ES.pkl
[FaustParams] Loaded 2 parameter(s) from /cshome/asalimi/code/realtime_soundmatching/synths/build/add_sinesaw_23d34a406380/add_sinesaw.dsp.json
  saw_freq              /add_sinesaw/saw_freq                     [20.0, 1000.0]  default=510.0
  sine_freq             /add_sinesaw/sine_freq                    [20.0, 1000.0]  default=510.0
[270/300] CMA-ES | add_sinesaw | p_loss=0.4549 | 5.0s | add_sinesaw_SIMSE_Spec_CMA-ES.pkl
[FaustParams] Loaded 2 parameter(s) from /cshome/asalimi/code/realtime_soundmatching/synths/build/add_sinesaw_23d34a406380/add_sinesaw.dsp.json
  saw_freq              /add_sinesaw/saw_freq                     [20.0, 1000.0]  default=510.0
  sine_freq             /add_sinesaw/sine_freq                    [20.0, 1000.0]  default=510.0
[271/300] CMA-ES | add_sinesaw | p_loss=0.4277 | 5.1s | add_sinesaw_SIMSE_Spec_CMA-ES.pkl
[FaustParams] Loaded 2 parameter(s) from /cshome/asalimi/code/realtime_soundmatching/synths/build/add_sinesaw_23d34a406380/add_sinesaw.dsp.json
  saw_freq              /add_sinesaw/saw_freq                     [20.0, 1000.0]  default=510.0
  sine_freq             /add_sinesaw/sine_freq                    [20.0, 1000.0]  default=510.0
[272/300] CMA-ES | add_sinesaw | p_loss=0.0097 | 5.2s | add_sinesaw_SIMSE_Spec_CMA-ES.pkl
[FaustParams] Loaded 2 parameter(s) from /cshome/asalimi/code/realtime_soundmatching/synths/build/add_sinesaw_23d34a406380/add_sinesaw.dsp.json
  saw_freq              /add_sinesaw/saw_freq                     [20.0, 1000.0]  default=510.0
  sine_freq             /add_sinesaw/sine_freq                    [20.0, 1000.0]  default=510.0
[273/300] CMA-ES | add_sinesaw | p_loss=0.3905 | 5.0s | add_sinesaw_SIMSE_Spec_CMA-ES.pkl
[FaustParams] Loaded 2 parameter(s) from /cshome/asalimi/code/realtime_soundmatching/synths/build/add_sinesaw_23d34a406380/add_sinesaw.dsp.json
  saw_freq              /add_sinesaw/saw_freq                     [20.0, 1000.0]  default=510.0
  sine_freq             /add_sinesaw/sine_freq                    [20.0, 1000.0]  default=510.0
[274/300] CMA-ES | add_sinesaw | p_loss=0.4110 | 4.9s | add_sinesaw_SIMSE_Spec_CMA-ES.pkl
[FaustParams] Loaded 2 parameter(s) from /cshome/asalimi/code/realtime_soundmatching/synths/build/add_sinesaw_23d34a406380/add_sinesaw.dsp.json
  saw_freq              /add_sinesaw/saw_freq                     [20.0, 1000.0]  default=510.0
  sine_freq             /add_sinesaw/sine_freq                    [20.0, 1000.0]  default=510.0
[275/300] CMA-ES | add_sinesaw | p_loss=0.6671 | 5.0s | add_sinesaw_SIMSE_Spec_CMA-ES.pkl
[FaustParams] Loaded 2 parameter(s) from /cshome/asalimi/code/realtime_soundmatching/synths/build/add_sinesaw_23d34a406380/add_sinesaw.dsp.json
  saw_freq              /add_sinesaw/saw_freq                     [20.0, 1000.0]  default=510.0
  sine_freq             /add_sinesaw/sine_freq                    [20.0, 1000.0]  default=510.0
[276/300] CMA-ES | add_sinesaw | p_loss=0.0006 | 5.1s | add_sinesaw_SIMSE_Spec_CMA-ES.pkl
[FaustParams] Loaded 2 parameter(s) from /cshome/asalimi/code/realtime_soundmatching/synths/build/add_sinesaw_23d34a406380/add_sinesaw.dsp.json
  saw_freq              /add_sinesaw/saw_freq                     [20.0, 1000.0]  default=510.0
  sine_freq             /add_sinesaw/sine_freq                    [20.0, 1000.0]  default=510.0
[277/300] CMA-ES | add_sinesaw | p_loss=0.0007 | 5.0s | add_sinesaw_SIMSE_Spec_CMA-ES.pkl
[FaustParams] Loaded 2 parameter(s) from /cshome/asalimi/code/realtime_soundmatching/synths/build/add_sinesaw_23d34a406380/add_sinesaw.dsp.json
  saw_freq              /add_sinesaw/saw_freq                     [20.0, 1000.0]  default=510.0
  sine_freq             /add_sinesaw/sine_freq                    [20.0, 1000.0]  default=510.0
[278/300] CMA-ES | add_sinesaw | p_loss=0.4411 | 5.0s | add_sinesaw_SIMSE_Spec_CMA-ES.pkl
[FaustParams] Loaded 2 parameter(s) from /cshome/asalimi/code/realtime_soundmatching/synths/build/add_sinesaw_23d34a406380/add_sinesaw.dsp.json
  saw_freq              /add_sinesaw/saw_freq                     [20.0, 1000.0]  default=510.0
  sine_freq             /add_sinesaw/sine_freq                    [20.0, 1000.0]  default=510.0
[279/300] CMA-ES | add_sinesaw | p_loss=0.0026 | 5.0s | add_sinesaw_SIMSE_Spec_CMA-ES.pkl
[FaustParams] Loaded 2 parameter(s) from /cshome/asalimi/code/realtime_soundmatching/synths/build/add_sinesaw_23d34a406380/add_sinesaw.dsp.json
  saw_freq              /add_sinesaw/saw_freq                     [20.0, 1000.0]  default=510.0
  sine_freq             /add_sinesaw/sine_freq                    [20.0, 1000.0]  default=510.0
[280/300] CMA-ES | add_sinesaw | p_loss=0.6744 | 4.9s | add_sinesaw_SIMSE_Spec_CMA-ES.pkl
[FaustParams] Loaded 2 parameter(s) from /cshome/asalimi/code/realtime_soundmatching/synths/build/add_sinesaw_23d34a406380/add_sinesaw.dsp.json
  saw_freq              /add_sinesaw/saw_freq                     [20.0, 1000.0]  default=510.0
  sine_freq             /add_sinesaw/sine_freq                    [20.0, 1000.0]  default=510.0
[281/300] CMA-ES | add_sinesaw | p_loss=0.0123 | 4.9s | add_sinesaw_SIMSE_Spec_CMA-ES.pkl
[FaustParams] Loaded 2 parameter(s) from /cshome/asalimi/code/realtime_soundmatching/synths/build/add_sinesaw_23d34a406380/add_sinesaw.dsp.json
  saw_freq              /add_sinesaw/saw_freq                     [20.0, 1000.0]  default=510.0
  sine_freq             /add_sinesaw/sine_freq                    [20.0, 1000.0]  default=510.0
[282/300] CMA-ES | add_sinesaw | p_loss=0.4315 | 5.1s | add_sinesaw_SIMSE_Spec_CMA-ES.pkl
[FaustParams] Loaded 2 parameter(s) from /cshome/asalimi/code/realtime_soundmatching/synths/build/add_sinesaw_23d34a406380/add_sinesaw.dsp.json
  saw_freq              /add_sinesaw/saw_freq                     [20.0, 1000.0]  default=510.0
  sine_freq             /add_sinesaw/sine_freq                    [20.0, 1000.0]  default=510.0
[283/300] CMA-ES | add_sinesaw | p_loss=0.4994 | 5.0s | add_sinesaw_SIMSE_Spec_CMA-ES.pkl
[FaustParams] Loaded 2 parameter(s) from /cshome/asalimi/code/realtime_soundmatching/synths/build/add_sinesaw_23d34a406380/add_sinesaw.dsp.json
  saw_freq              /add_sinesaw/saw_freq                     [20.0, 1000.0]  default=510.0
  sine_freq             /add_sinesaw/sine_freq                    [20.0, 1000.0]  default=510.0
[284/300] CMA-ES | add_sinesaw | p_loss=0.5899 | 5.1s | add_sinesaw_SIMSE_Spec_CMA-ES.pkl
[FaustParams] Loaded 2 parameter(s) from /cshome/asalimi/code/realtime_soundmatching/synths/build/add_sinesaw_23d34a406380/add_sinesaw.dsp.json
  saw_freq              /add_sinesaw/saw_freq                     [20.0, 1000.0]  default=510.0
  sine_freq             /add_sinesaw/sine_freq                    [20.0, 1000.0]  default=510.0
[285/300] CMA-ES | add_sinesaw | p_loss=0.0110 | 5.0s | add_sinesaw_SIMSE_Spec_CMA-ES.pkl
[FaustParams] Loaded 2 parameter(s) from /cshome/asalimi/code/realtime_soundmatching/synths/build/add_sinesaw_23d34a406380/add_sinesaw.dsp.json
  saw_freq              /add_sinesaw/saw_freq                     [20.0, 1000.0]  default=510.0
  sine_freq             /add_sinesaw/sine_freq                    [20.0, 1000.0]  default=510.0
[286/300] CMA-ES | add_sinesaw | p_loss=0.0519 | 5.0s | add_sinesaw_SIMSE_Spec_CMA-ES.pkl
[FaustParams] Loaded 2 parameter(s) from /cshome/asalimi/code/realtime_soundmatching/synths/build/add_sinesaw_23d34a406380/add_sinesaw.dsp.json
  saw_freq              /add_sinesaw/saw_freq                     [20.0, 1000.0]  default=510.0
  sine_freq             /add_sinesaw/sine_freq                    [20.0, 1000.0]  default=510.0
[287/300] CMA-ES | add_sinesaw | p_loss=0.1276 | 5.3s | add_sinesaw_SIMSE_Spec_CMA-ES.pkl
[FaustParams] Loaded 2 parameter(s) from /cshome/asalimi/code/realtime_soundmatching/synths/build/add_sinesaw_23d34a406380/add_sinesaw.dsp.json
  saw_freq              /add_sinesaw/saw_freq                     [20.0, 1000.0]  default=510.0
  sine_freq             /add_sinesaw/sine_freq                    [20.0, 1000.0]  default=510.0
[288/300] CMA-ES | add_sinesaw | p_loss=0.0039 | 5.1s | add_sinesaw_SIMSE_Spec_CMA-ES.pkl
[FaustParams] Loaded 2 parameter(s) from /cshome/asalimi/code/realtime_soundmatching/synths/build/add_sinesaw_23d34a406380/add_sinesaw.dsp.json
  saw_freq              /add_sinesaw/saw_freq                     [20.0, 1000.0]  default=510.0
  sine_freq             /add_sinesaw/sine_freq                    [20.0, 1000.0]  default=510.0
[289/300] CMA-ES | add_sinesaw | p_loss=0.1060 | 5.0s | add_sinesaw_SIMSE_Spec_CMA-ES.pkl
[FaustParams] Loaded 2 parameter(s) from /cshome/asalimi/code/realtime_soundmatching/synths/build/add_sinesaw_23d34a406380/add_sinesaw.dsp.json
  saw_freq              /add_sinesaw/saw_freq                     [20.0, 1000.0]  default=510.0
  sine_freq             /add_sinesaw/sine_freq                    [20.0, 1000.0]  default=510.0
[290/300] CMA-ES | add_sinesaw | p_loss=0.0013 | 5.0s | add_sinesaw_SIMSE_Spec_CMA-ES.pkl
[FaustParams] Loaded 2 parameter(s) from /cshome/asalimi/code/realtime_soundmatching/synths/build/add_sinesaw_23d34a406380/add_sinesaw.dsp.json
  saw_freq              /add_sinesaw/saw_freq                     [20.0, 1000.0]  default=510.0
  sine_freq             /add_sinesaw/sine_freq                    [20.0, 1000.0]  default=510.0
[291/300] CMA-ES | add_sinesaw | p_loss=0.5864 | 5.0s | add_sinesaw_SIMSE_Spec_CMA-ES.pkl
[FaustParams] Loaded 2 parameter(s) from /cshome/asalimi/code/realtime_soundmatching/synths/build/add_sinesaw_23d34a406380/add_sinesaw.dsp.json
  saw_freq              /add_sinesaw/saw_freq                     [20.0, 1000.0]  default=510.0
  sine_freq             /add_sinesaw/sine_freq                    [20.0, 1000.0]  default=510.0
[292/300] CMA-ES | add_sinesaw | p_loss=0.3606 | 5.2s | add_sinesaw_SIMSE_Spec_CMA-ES.pkl
[FaustParams] Loaded 2 parameter(s) from /cshome/asalimi/code/realtime_soundmatching/synths/build/add_sinesaw_23d34a406380/add_sinesaw.dsp.json
  saw_freq              /add_sinesaw/saw_freq                     [20.0, 1000.0]  default=510.0
  sine_freq             /add_sinesaw/sine_freq                    [20.0, 1000.0]  default=510.0
[293/300] CMA-ES | add_sinesaw | p_loss=0.5552 | 5.0s | add_sinesaw_SIMSE_Spec_CMA-ES.pkl
[FaustParams] Loaded 2 parameter(s) from /cshome/asalimi/code/realtime_soundmatching/synths/build/add_sinesaw_23d34a406380/add_sinesaw.dsp.json
  saw_freq              /add_sinesaw/saw_freq                     [20.0, 1000.0]  default=510.0
  sine_freq             /add_sinesaw/sine_freq                    [20.0, 1000.0]  default=510.0
[294/300] CMA-ES | add_sinesaw | p_loss=0.5306 | 5.0s | add_sinesaw_SIMSE_Spec_CMA-ES.pkl
[FaustParams] Loaded 2 parameter(s) from /cshome/asalimi/code/realtime_soundmatching/synths/build/add_sinesaw_23d34a406380/add_sinesaw.dsp.json
  saw_freq              /add_sinesaw/saw_freq                     [20.0, 1000.0]  default=510.0
  sine_freq             /add_sinesaw/sine_freq                    [20.0, 1000.0]  default=510.0
[295/300] CMA-ES | add_sinesaw | p_loss=0.0150 | 5.0s | add_sinesaw_SIMSE_Spec_CMA-ES.pkl
[FaustParams] Loaded 2 parameter(s) from /cshome/asalimi/code/realtime_soundmatching/synths/build/add_sinesaw_23d34a406380/add_sinesaw.dsp.json
  saw_freq              /add_sinesaw/saw_freq                     [20.0, 1000.0]  default=510.0
  sine_freq             /add_sinesaw/sine_freq                    [20.0, 1000.0]  default=510.0
[296/300] CMA-ES | add_sinesaw | p_loss=0.6877 | 5.0s | add_sinesaw_SIMSE_Spec_CMA-ES.pkl
[FaustParams] Loaded 2 parameter(s) from /cshome/asalimi/code/realtime_soundmatching/synths/build/add_sinesaw_23d34a406380/add_sinesaw.dsp.json
  saw_freq              /add_sinesaw/saw_freq                     [20.0, 1000.0]  default=510.0
  sine_freq             /add_sinesaw/sine_freq                    [20.0, 1000.0]  default=510.0
[297/300] CMA-ES | add_sinesaw | p_loss=0.0832 | 5.0s | add_sinesaw_SIMSE_Spec_CMA-ES.pkl
[FaustParams] Loaded 2 parameter(s) from /cshome/asalimi/code/realtime_soundmatching/synths/build/add_sinesaw_23d34a406380/add_sinesaw.dsp.json
  saw_freq              /add_sinesaw/saw_freq                     [20.0, 1000.0]  default=510.0
  sine_freq             /add_sinesaw/sine_freq                    [20.0, 1000.0]  default=510.0
[298/300] CMA-ES | add_sinesaw | p_loss=0.4405 | 5.1s | add_sinesaw_SIMSE_Spec_CMA-ES.pkl
[FaustParams] Loaded 2 parameter(s) from /cshome/asalimi/code/realtime_soundmatching/synths/build/add_sinesaw_23d34a406380/add_sinesaw.dsp.json
  saw_freq              /add_sinesaw/saw_freq                     [20.0, 1000.0]  default=510.0
  sine_freq             /add_sinesaw/sine_freq                    [20.0, 1000.0]  default=510.0
[299/300] CMA-ES | add_sinesaw | p_loss=0.4666 | 5.0s | add_sinesaw_SIMSE_Spec_CMA-ES.pkl
[FaustParams] Loaded 2 parameter(s) from /cshome/asalimi/code/realtime_soundmatching/synths/build/add_sinesaw_23d34a406380/add_sinesaw.dsp.json
  saw_freq              /add_sinesaw/saw_freq                     [20.0, 1000.0]  default=510.0
  sine_freq             /add_sinesaw/sine_freq                    [20.0, 1000.0]  default=510.0
[300/300] CMA-ES | add_sinesaw | p_loss=0.9282 | 5.0s | add_sinesaw_SIMSE_Spec_CMA-ES.pkl
Saved 300 trials to /cshome/asalimi/code/realtime_soundmatching/paper_experiments/results/add_sinesaw_SIMSE_Spec_CMA-ES.pkl
