add_sinesaw/SIMSE_Spec/GD: 211 done, running 89 more → /cshome/asalimi/code/realtime_soundmatching/paper_experiments/results/add_sinesaw_SIMSE_Spec_GD.pkl
[FaustParams] Loaded 2 parameter(s) from /cshome/asalimi/code/realtime_soundmatching/synths/build/add_sinesaw_23d34a406380/add_sinesaw.dsp.json
  saw_freq              /add_sinesaw/saw_freq                     [20.0, 1000.0]  default=510.0
  sine_freq             /add_sinesaw/sine_freq                    [20.0, 1000.0]  default=510.0
[212/300] GD | add_sinesaw | p_loss=0.0721 | 11.3s | add_sinesaw_SIMSE_Spec_GD.pkl
[FaustParams] Loaded 2 parameter(s) from /cshome/asalimi/code/realtime_soundmatching/synths/build/add_sinesaw_23d34a406380/add_sinesaw.dsp.json
  saw_freq              /add_sinesaw/saw_freq                     [20.0, 1000.0]  default=510.0
  sine_freq             /add_sinesaw/sine_freq                    [20.0, 1000.0]  default=510.0
[213/300] GD | add_sinesaw | p_loss=1.1050 | 9.0s | add_sinesaw_SIMSE_Spec_GD.pkl
[FaustParams] Loaded 2 parameter(s) from /cshome/asalimi/code/realtime_soundmatching/synths/build/add_sinesaw_23d34a406380/add_sinesaw.dsp.json
  saw_freq              /add_sinesaw/saw_freq                     [20.0, 1000.0]  default=510.0
  sine_freq             /add_sinesaw/sine_freq                    [20.0, 1000.0]  default=510.0
[214/300] GD | add_sinesaw | p_loss=0.8085 | 9.0s | add_sinesaw_SIMSE_Spec_GD.pkl
[FaustParams] Loaded 2 parameter(s) from /cshome/asalimi/code/realtime_soundmatching/synths/build/add_sinesaw_23d34a406380/add_sinesaw.dsp.json
  saw_freq              /add_sinesaw/saw_freq                     [20.0, 1000.0]  default=510.0
  sine_freq             /add_sinesaw/sine_freq                    [20.0, 1000.0]  default=510.0
[215/300] GD | add_sinesaw | p_loss=0.7274 | 9.4s | add_sinesaw_SIMSE_Spec_GD.pkl
[FaustParams] Loaded 2 parameter(s) from /cshome/asalimi/code/realtime_soundmatching/synths/build/add_sinesaw_23d34a406380/add_sinesaw.dsp.json
  saw_freq              /add_sinesaw/saw_freq                     [20.0, 1000.0]  default=510.0
  sine_freq             /add_sinesaw/sine_freq                    [20.0, 1000.0]  default=510.0
[216/300] GD | add_sinesaw | p_loss=0.4947 | 9.2s | add_sinesaw_SIMSE_Spec_GD.pkl
[FaustParams] Loaded 2 parameter(s) from /cshome/asalimi/code/realtime_soundmatching/synths/build/add_sinesaw_23d34a406380/add_sinesaw.dsp.json
  saw_freq              /add_sinesaw/saw_freq                     [20.0, 1000.0]  default=510.0
  sine_freq             /add_sinesaw/sine_freq                    [20.0, 1000.0]  default=510.0
[217/300] GD | add_sinesaw | p_loss=0.0269 | 9.2s | add_sinesaw_SIMSE_Spec_GD.pkl
[FaustParams] Loaded 2 parameter(s) from /cshome/asalimi/code/realtime_soundmatching/synths/build/add_sinesaw_23d34a406380/add_sinesaw.dsp.json
  saw_freq              /add_sinesaw/saw_freq                     [20.0, 1000.0]  default=510.0
  sine_freq             /add_sinesaw/sine_freq                    [20.0, 1000.0]  default=510.0
[218/300] GD | add_sinesaw | p_loss=0.1981 | 9.3s | add_sinesaw_SIMSE_Spec_GD.pkl
[FaustParams] Loaded 2 parameter(s) from /cshome/asalimi/code/realtime_soundmatching/synths/build/add_sinesaw_23d34a406380/add_sinesaw.dsp.json
  saw_freq              /add_sinesaw/saw_freq                     [20.0, 1000.0]  default=510.0
  sine_freq             /add_sinesaw/sine_freq                    [20.0, 1000.0]  default=510.0
[219/300] GD | add_sinesaw | p_loss=0.4296 | 9.1s | add_sinesaw_SIMSE_Spec_GD.pkl
[FaustParams] Loaded 2 parameter(s) from /cshome/asalimi/code/realtime_soundmatching/synths/build/add_sinesaw_23d34a406380/add_sinesaw.dsp.json
  saw_freq              /add_sinesaw/saw_freq                     [20.0, 1000.0]  default=510.0
  sine_freq             /add_sinesaw/sine_freq                    [20.0, 1000.0]  default=510.0
[220/300] GD | add_sinesaw | p_loss=1.2367 | 9.1s | add_sinesaw_SIMSE_Spec_GD.pkl
[FaustParams] Loaded 2 parameter(s) from /cshome/asalimi/code/realtime_soundmatching/synths/build/add_sinesaw_23d34a406380/add_sinesaw.dsp.json
  saw_freq              /add_sinesaw/saw_freq                     [20.0, 1000.0]  default=510.0
  sine_freq             /add_sinesaw/sine_freq                    [20.0, 1000.0]  default=510.0
[221/300] GD | add_sinesaw | p_loss=0.5849 | 9.2s | add_sinesaw_SIMSE_Spec_GD.pkl
[FaustParams] Loaded 2 parameter(s) from /cshome/asalimi/code/realtime_soundmatching/synths/build/add_sinesaw_23d34a406380/add_sinesaw.dsp.json
  saw_freq              /add_sinesaw/saw_freq                     [20.0, 1000.0]  default=510.0
  sine_freq             /add_sinesaw/sine_freq                    [20.0, 1000.0]  default=510.0
[222/300] GD | add_sinesaw | p_loss=0.7298 | 9.2s | add_sinesaw_SIMSE_Spec_GD.pkl
[FaustParams] Loaded 2 parameter(s) from /cshome/asalimi/code/realtime_soundmatching/synths/build/add_sinesaw_23d34a406380/add_sinesaw.dsp.json
  saw_freq              /add_sinesaw/saw_freq                     [20.0, 1000.0]  default=510.0
  sine_freq             /add_sinesaw/sine_freq                    [20.0, 1000.0]  default=510.0
[223/300] GD | add_sinesaw | p_loss=0.8304 | 9.1s | add_sinesaw_SIMSE_Spec_GD.pkl
[FaustParams] Loaded 2 parameter(s) from /cshome/asalimi/code/realtime_soundmatching/synths/build/add_sinesaw_23d34a406380/add_sinesaw.dsp.json
  saw_freq              /add_sinesaw/saw_freq                     [20.0, 1000.0]  default=510.0
  sine_freq             /add_sinesaw/sine_freq                    [20.0, 1000.0]  default=510.0
[224/300] GD | add_sinesaw | p_loss=0.8437 | 9.1s | add_sinesaw_SIMSE_Spec_GD.pkl
[FaustParams] Loaded 2 parameter(s) from /cshome/asalimi/code/realtime_soundmatching/synths/build/add_sinesaw_23d34a406380/add_sinesaw.dsp.json
  saw_freq              /add_sinesaw/saw_freq                     [20.0, 1000.0]  default=510.0
  sine_freq             /add_sinesaw/sine_freq                    [20.0, 1000.0]  default=510.0
[225/300] GD | add_sinesaw | p_loss=0.3166 | 9.2s | add_sinesaw_SIMSE_Spec_GD.pkl
[FaustParams] Loaded 2 parameter(s) from /cshome/asalimi/code/realtime_soundmatching/synths/build/add_sinesaw_23d34a406380/add_sinesaw.dsp.json
  saw_freq              /add_sinesaw/saw_freq                     [20.0, 1000.0]  default=510.0
  sine_freq             /add_sinesaw/sine_freq                    [20.0, 1000.0]  default=510.0
[226/300] GD | add_sinesaw | p_loss=0.1188 | 9.3s | add_sinesaw_SIMSE_Spec_GD.pkl
[FaustParams] Loaded 2 parameter(s) from /cshome/asalimi/code/realtime_soundmatching/synths/build/add_sinesaw_23d34a406380/add_sinesaw.dsp.json
  saw_freq              /add_sinesaw/saw_freq                     [20.0, 1000.0]  default=510.0
  sine_freq             /add_sinesaw/sine_freq                    [20.0, 1000.0]  default=510.0
[227/300] GD | add_sinesaw | p_loss=0.4311 | 9.1s | add_sinesaw_SIMSE_Spec_GD.pkl
[FaustParams] Loaded 2 parameter(s) from /cshome/asalimi/code/realtime_soundmatching/synths/build/add_sinesaw_23d34a406380/add_sinesaw.dsp.json
  saw_freq              /add_sinesaw/saw_freq                     [20.0, 1000.0]  default=510.0
  sine_freq             /add_sinesaw/sine_freq                    [20.0, 1000.0]  default=510.0
[228/300] GD | add_sinesaw | p_loss=0.4085 | 9.2s | add_sinesaw_SIMSE_Spec_GD.pkl
[FaustParams] Loaded 2 parameter(s) from /cshome/asalimi/code/realtime_soundmatching/synths/build/add_sinesaw_23d34a406380/add_sinesaw.dsp.json
  saw_freq              /add_sinesaw/saw_freq                     [20.0, 1000.0]  default=510.0
  sine_freq             /add_sinesaw/sine_freq                    [20.0, 1000.0]  default=510.0
[229/300] GD | add_sinesaw | p_loss=0.4382 | 9.1s | add_sinesaw_SIMSE_Spec_GD.pkl
[FaustParams] Loaded 2 parameter(s) from /cshome/asalimi/code/realtime_soundmatching/synths/build/add_sinesaw_23d34a406380/add_sinesaw.dsp.json
  saw_freq              /add_sinesaw/saw_freq                     [20.0, 1000.0]  default=510.0
  sine_freq             /add_sinesaw/sine_freq                    [20.0, 1000.0]  default=510.0
[230/300] GD | add_sinesaw | p_loss=0.6842 | 9.2s | add_sinesaw_SIMSE_Spec_GD.pkl
[FaustParams] Loaded 2 parameter(s) from /cshome/asalimi/code/realtime_soundmatching/synths/build/add_sinesaw_23d34a406380/add_sinesaw.dsp.json
  saw_freq              /add_sinesaw/saw_freq                     [20.0, 1000.0]  default=510.0
  sine_freq             /add_sinesaw/sine_freq                    [20.0, 1000.0]  default=510.0
[231/300] GD | add_sinesaw | p_loss=0.0767 | 9.3s | add_sinesaw_SIMSE_Spec_GD.pkl
[FaustParams] Loaded 2 parameter(s) from /cshome/asalimi/code/realtime_soundmatching/synths/build/add_sinesaw_23d34a406380/add_sinesaw.dsp.json
  saw_freq              /add_sinesaw/saw_freq                     [20.0, 1000.0]  default=510.0
  sine_freq             /add_sinesaw/sine_freq                    [20.0, 1000.0]  default=510.0
[232/300] GD | add_sinesaw | p_loss=0.3152 | 9.3s | add_sinesaw_SIMSE_Spec_GD.pkl
[FaustParams] Loaded 2 parameter(s) from /cshome/asalimi/code/realtime_soundmatching/synths/build/add_sinesaw_23d34a406380/add_sinesaw.dsp.json
  saw_freq              /add_sinesaw/saw_freq                     [20.0, 1000.0]  default=510.0
  sine_freq             /add_sinesaw/sine_freq                    [20.0, 1000.0]  default=510.0
[233/300] GD | add_sinesaw | p_loss=0.6026 | 9.1s | add_sinesaw_SIMSE_Spec_GD.pkl
[FaustParams] Loaded 2 parameter(s) from /cshome/asalimi/code/realtime_soundmatching/synths/build/add_sinesaw_23d34a406380/add_sinesaw.dsp.json
  saw_freq              /add_sinesaw/saw_freq                     [20.0, 1000.0]  default=510.0
  sine_freq             /add_sinesaw/sine_freq                    [20.0, 1000.0]  default=510.0
[234/300] GD | add_sinesaw | p_loss=0.8268 | 9.4s | add_sinesaw_SIMSE_Spec_GD.pkl
[FaustParams] Loaded 2 parameter(s) from /cshome/asalimi/code/realtime_soundmatching/synths/build/add_sinesaw_23d34a406380/add_sinesaw.dsp.json
  saw_freq              /add_sinesaw/saw_freq                     [20.0, 1000.0]  default=510.0
  sine_freq             /add_sinesaw/sine_freq                    [20.0, 1000.0]  default=510.0
[235/300] GD | add_sinesaw | p_loss=0.1138 | 9.0s | add_sinesaw_SIMSE_Spec_GD.pkl
[FaustParams] Loaded 2 parameter(s) from /cshome/asalimi/code/realtime_soundmatching/synths/build/add_sinesaw_23d34a406380/add_sinesaw.dsp.json
  saw_freq              /add_sinesaw/saw_freq                     [20.0, 1000.0]  default=510.0
  sine_freq             /add_sinesaw/sine_freq                    [20.0, 1000.0]  default=510.0
[236/300] GD | add_sinesaw | p_loss=0.0709 | 9.2s | add_sinesaw_SIMSE_Spec_GD.pkl
[FaustParams] Loaded 2 parameter(s) from /cshome/asalimi/code/realtime_soundmatching/synths/build/add_sinesaw_23d34a406380/add_sinesaw.dsp.json
  saw_freq              /add_sinesaw/saw_freq                     [20.0, 1000.0]  default=510.0
  sine_freq             /add_sinesaw/sine_freq                    [20.0, 1000.0]  default=510.0
[237/300] GD | add_sinesaw | p_loss=0.4359 | 9.1s | add_sinesaw_SIMSE_Spec_GD.pkl
[FaustParams] Loaded 2 parameter(s) from /cshome/asalimi/code/realtime_soundmatching/synths/build/add_sinesaw_23d34a406380/add_sinesaw.dsp.json
  saw_freq              /add_sinesaw/saw_freq                     [20.0, 1000.0]  default=510.0
  sine_freq             /add_sinesaw/sine_freq                    [20.0, 1000.0]  default=510.0
[238/300] GD | add_sinesaw | p_loss=0.3822 | 9.3s | add_sinesaw_SIMSE_Spec_GD.pkl
[FaustParams] Loaded 2 parameter(s) from /cshome/asalimi/code/realtime_soundmatching/synths/build/add_sinesaw_23d34a406380/add_sinesaw.dsp.json
  saw_freq              /add_sinesaw/saw_freq                     [20.0, 1000.0]  default=510.0
  sine_freq             /add_sinesaw/sine_freq                    [20.0, 1000.0]  default=510.0
[239/300] GD | add_sinesaw | p_loss=0.3205 | 9.1s | add_sinesaw_SIMSE_Spec_GD.pkl
[FaustParams] Loaded 2 parameter(s) from /cshome/asalimi/code/realtime_soundmatching/synths/build/add_sinesaw_23d34a406380/add_sinesaw.dsp.json
  saw_freq              /add_sinesaw/saw_freq                     [20.0, 1000.0]  default=510.0
  sine_freq             /add_sinesaw/sine_freq                    [20.0, 1000.0]  default=510.0
[240/300] GD | add_sinesaw | p_loss=0.4823 | 9.1s | add_sinesaw_SIMSE_Spec_GD.pkl
[FaustParams] Loaded 2 parameter(s) from /cshome/asalimi/code/realtime_soundmatching/synths/build/add_sinesaw_23d34a406380/add_sinesaw.dsp.json
  saw_freq              /add_sinesaw/saw_freq                     [20.0, 1000.0]  default=510.0
  sine_freq             /add_sinesaw/sine_freq                    [20.0, 1000.0]  default=510.0
[241/300] GD | add_sinesaw | p_loss=0.1979 | 9.0s | add_sinesaw_SIMSE_Spec_GD.pkl
[FaustParams] Loaded 2 parameter(s) from /cshome/asalimi/code/realtime_soundmatching/synths/build/add_sinesaw_23d34a406380/add_sinesaw.dsp.json
  saw_freq              /add_sinesaw/saw_freq                     [20.0, 1000.0]  default=510.0
  sine_freq             /add_sinesaw/sine_freq                    [20.0, 1000.0]  default=510.0
[242/300] GD | add_sinesaw | p_loss=0.1720 | 8.9s | add_sinesaw_SIMSE_Spec_GD.pkl
[FaustParams] Loaded 2 parameter(s) from /cshome/asalimi/code/realtime_soundmatching/synths/build/add_sinesaw_23d34a406380/add_sinesaw.dsp.json
  saw_freq              /add_sinesaw/saw_freq                     [20.0, 1000.0]  default=510.0
  sine_freq             /add_sinesaw/sine_freq                    [20.0, 1000.0]  default=510.0
[243/300] GD | add_sinesaw | p_loss=0.3711 | 9.2s | add_sinesaw_SIMSE_Spec_GD.pkl
[FaustParams] Loaded 2 parameter(s) from /cshome/asalimi/code/realtime_soundmatching/synths/build/add_sinesaw_23d34a406380/add_sinesaw.dsp.json
  saw_freq              /add_sinesaw/saw_freq                     [20.0, 1000.0]  default=510.0
  sine_freq             /add_sinesaw/sine_freq                    [20.0, 1000.0]  default=510.0
[244/300] GD | add_sinesaw | p_loss=0.5564 | 9.0s | add_sinesaw_SIMSE_Spec_GD.pkl
[FaustParams] Loaded 2 parameter(s) from /cshome/asalimi/code/realtime_soundmatching/synths/build/add_sinesaw_23d34a406380/add_sinesaw.dsp.json
  saw_freq              /add_sinesaw/saw_freq                     [20.0, 1000.0]  default=510.0
  sine_freq             /add_sinesaw/sine_freq                    [20.0, 1000.0]  default=510.0
[245/300] GD | add_sinesaw | p_loss=0.6902 | 9.0s | add_sinesaw_SIMSE_Spec_GD.pkl
[FaustParams] Loaded 2 parameter(s) from /cshome/asalimi/code/realtime_soundmatching/synths/build/add_sinesaw_23d34a406380/add_sinesaw.dsp.json
  saw_freq              /add_sinesaw/saw_freq                     [20.0, 1000.0]  default=510.0
  sine_freq             /add_sinesaw/sine_freq                    [20.0, 1000.0]  default=510.0
[246/300] GD | add_sinesaw | p_loss=0.5653 | 9.0s | add_sinesaw_SIMSE_Spec_GD.pkl
[FaustParams] Loaded 2 parameter(s) from /cshome/asalimi/code/realtime_soundmatching/synths/build/add_sinesaw_23d34a406380/add_sinesaw.dsp.json
  saw_freq              /add_sinesaw/saw_freq                     [20.0, 1000.0]  default=510.0
  sine_freq             /add_sinesaw/sine_freq                    [20.0, 1000.0]  default=510.0
[247/300] GD | add_sinesaw | p_loss=0.5115 | 9.1s | add_sinesaw_SIMSE_Spec_GD.pkl
[FaustParams] Loaded 2 parameter(s) from /cshome/asalimi/code/realtime_soundmatching/synths/build/add_sinesaw_23d34a406380/add_sinesaw.dsp.json
  saw_freq              /add_sinesaw/saw_freq                     [20.0, 1000.0]  default=510.0
  sine_freq             /add_sinesaw/sine_freq                    [20.0, 1000.0]  default=510.0
[248/300] GD | add_sinesaw | p_loss=0.0809 | 9.0s | add_sinesaw_SIMSE_Spec_GD.pkl
[FaustParams] Loaded 2 parameter(s) from /cshome/asalimi/code/realtime_soundmatching/synths/build/add_sinesaw_23d34a406380/add_sinesaw.dsp.json
  saw_freq              /add_sinesaw/saw_freq                     [20.0, 1000.0]  default=510.0
  sine_freq             /add_sinesaw/sine_freq                    [20.0, 1000.0]  default=510.0
[249/300] GD | add_sinesaw | p_loss=0.3999 | 9.1s | add_sinesaw_SIMSE_Spec_GD.pkl
[FaustParams] Loaded 2 parameter(s) from /cshome/asalimi/code/realtime_soundmatching/synths/build/add_sinesaw_23d34a406380/add_sinesaw.dsp.json
  saw_freq              /add_sinesaw/saw_freq                     [20.0, 1000.0]  default=510.0
  sine_freq             /add_sinesaw/sine_freq                    [20.0, 1000.0]  default=510.0
[250/300] GD | add_sinesaw | p_loss=0.0675 | 9.1s | add_sinesaw_SIMSE_Spec_GD.pkl
[FaustParams] Loaded 2 parameter(s) from /cshome/asalimi/code/realtime_soundmatching/synths/build/add_sinesaw_23d34a406380/add_sinesaw.dsp.json
  saw_freq              /add_sinesaw/saw_freq                     [20.0, 1000.0]  default=510.0
  sine_freq             /add_sinesaw/sine_freq                    [20.0, 1000.0]  default=510.0
[251/300] GD | add_sinesaw | p_loss=0.2989 | 9.0s | add_sinesaw_SIMSE_Spec_GD.pkl
[FaustParams] Loaded 2 parameter(s) from /cshome/asalimi/code/realtime_soundmatching/synths/build/add_sinesaw_23d34a406380/add_sinesaw.dsp.json
  saw_freq              /add_sinesaw/saw_freq                     [20.0, 1000.0]  default=510.0
  sine_freq             /add_sinesaw/sine_freq                    [20.0, 1000.0]  default=510.0
[252/300] GD | add_sinesaw | p_loss=0.2643 | 9.3s | add_sinesaw_SIMSE_Spec_GD.pkl
[FaustParams] Loaded 2 parameter(s) from /cshome/asalimi/code/realtime_soundmatching/synths/build/add_sinesaw_23d34a406380/add_sinesaw.dsp.json
  saw_freq              /add_sinesaw/saw_freq                     [20.0, 1000.0]  default=510.0
  sine_freq             /add_sinesaw/sine_freq                    [20.0, 1000.0]  default=510.0
[253/300] GD | add_sinesaw | p_loss=0.1543 | 9.1s | add_sinesaw_SIMSE_Spec_GD.pkl
[FaustParams] Loaded 2 parameter(s) from /cshome/asalimi/code/realtime_soundmatching/synths/build/add_sinesaw_23d34a406380/add_sinesaw.dsp.json
  saw_freq              /add_sinesaw/saw_freq                     [20.0, 1000.0]  default=510.0
  sine_freq             /add_sinesaw/sine_freq                    [20.0, 1000.0]  default=510.0
[254/300] GD | add_sinesaw | p_loss=0.4269 | 9.0s | add_sinesaw_SIMSE_Spec_GD.pkl
[FaustParams] Loaded 2 parameter(s) from /cshome/asalimi/code/realtime_soundmatching/synths/build/add_sinesaw_23d34a406380/add_sinesaw.dsp.json
  saw_freq              /add_sinesaw/saw_freq                     [20.0, 1000.0]  default=510.0
  sine_freq             /add_sinesaw/sine_freq                    [20.0, 1000.0]  default=510.0
[255/300] GD | add_sinesaw | p_loss=0.5395 | 9.1s | add_sinesaw_SIMSE_Spec_GD.pkl
[FaustParams] Loaded 2 parameter(s) from /cshome/asalimi/code/realtime_soundmatching/synths/build/add_sinesaw_23d34a406380/add_sinesaw.dsp.json
  saw_freq              /add_sinesaw/saw_freq                     [20.0, 1000.0]  default=510.0
  sine_freq             /add_sinesaw/sine_freq                    [20.0, 1000.0]  default=510.0
[256/300] GD | add_sinesaw | p_loss=0.8205 | 9.1s | add_sinesaw_SIMSE_Spec_GD.pkl
[FaustParams] Loaded 2 parameter(s) from /cshome/asalimi/code/realtime_soundmatching/synths/build/add_sinesaw_23d34a406380/add_sinesaw.dsp.json
  saw_freq              /add_sinesaw/saw_freq                     [20.0, 1000.0]  default=510.0
  sine_freq             /add_sinesaw/sine_freq                    [20.0, 1000.0]  default=510.0
[257/300] GD | add_sinesaw | p_loss=0.0253 | 9.2s | add_sinesaw_SIMSE_Spec_GD.pkl
[FaustParams] Loaded 2 parameter(s) from /cshome/asalimi/code/realtime_soundmatching/synths/build/add_sinesaw_23d34a406380/add_sinesaw.dsp.json
  saw_freq              /add_sinesaw/saw_freq                     [20.0, 1000.0]  default=510.0
  sine_freq             /add_sinesaw/sine_freq                    [20.0, 1000.0]  default=510.0
[258/300] GD | add_sinesaw | p_loss=0.4285 | 9.1s | add_sinesaw_SIMSE_Spec_GD.pkl
[FaustParams] Loaded 2 parameter(s) from /cshome/asalimi/code/realtime_soundmatching/synths/build/add_sinesaw_23d34a406380/add_sinesaw.dsp.json
  saw_freq              /add_sinesaw/saw_freq                     [20.0, 1000.0]  default=510.0
  sine_freq             /add_sinesaw/sine_freq                    [20.0, 1000.0]  default=510.0
[259/300] GD | add_sinesaw | p_loss=0.5307 | 9.2s | add_sinesaw_SIMSE_Spec_GD.pkl
[FaustParams] Loaded 2 parameter(s) from /cshome/asalimi/code/realtime_soundmatching/synths/build/add_sinesaw_23d34a406380/add_sinesaw.dsp.json
  saw_freq              /add_sinesaw/saw_freq                     [20.0, 1000.0]  default=510.0
  sine_freq             /add_sinesaw/sine_freq                    [20.0, 1000.0]  default=510.0
[260/300] GD | add_sinesaw | p_loss=0.5578 | 9.3s | add_sinesaw_SIMSE_Spec_GD.pkl
[FaustParams] Loaded 2 parameter(s) from /cshome/asalimi/code/realtime_soundmatching/synths/build/add_sinesaw_23d34a406380/add_sinesaw.dsp.json
  saw_freq              /add_sinesaw/saw_freq                     [20.0, 1000.0]  default=510.0
  sine_freq             /add_sinesaw/sine_freq                    [20.0, 1000.0]  default=510.0
[261/300] GD | add_sinesaw | p_loss=0.3454 | 9.2s | add_sinesaw_SIMSE_Spec_GD.pkl
[FaustParams] Loaded 2 parameter(s) from /cshome/asalimi/code/realtime_soundmatching/synths/build/add_sinesaw_23d34a406380/add_sinesaw.dsp.json
  saw_freq              /add_sinesaw/saw_freq                     [20.0, 1000.0]  default=510.0
  sine_freq             /add_sinesaw/sine_freq                    [20.0, 1000.0]  default=510.0
[262/300] GD | add_sinesaw | p_loss=0.4821 | 9.4s | add_sinesaw_SIMSE_Spec_GD.pkl
[FaustParams] Loaded 2 parameter(s) from /cshome/asalimi/code/realtime_soundmatching/synths/build/add_sinesaw_23d34a406380/add_sinesaw.dsp.json
  saw_freq              /add_sinesaw/saw_freq                     [20.0, 1000.0]  default=510.0
  sine_freq             /add_sinesaw/sine_freq                    [20.0, 1000.0]  default=510.0
[263/300] GD | add_sinesaw | p_loss=0.1625 | 9.3s | add_sinesaw_SIMSE_Spec_GD.pkl
[FaustParams] Loaded 2 parameter(s) from /cshome/asalimi/code/realtime_soundmatching/synths/build/add_sinesaw_23d34a406380/add_sinesaw.dsp.json
  saw_freq              /add_sinesaw/saw_freq                     [20.0, 1000.0]  default=510.0
  sine_freq             /add_sinesaw/sine_freq                    [20.0, 1000.0]  default=510.0
[264/300] GD | add_sinesaw | p_loss=0.2631 | 9.2s | add_sinesaw_SIMSE_Spec_GD.pkl
[FaustParams] Loaded 2 parameter(s) from /cshome/asalimi/code/realtime_soundmatching/synths/build/add_sinesaw_23d34a406380/add_sinesaw.dsp.json
  saw_freq              /add_sinesaw/saw_freq                     [20.0, 1000.0]  default=510.0
  sine_freq             /add_sinesaw/sine_freq                    [20.0, 1000.0]  default=510.0
[265/300] GD | add_sinesaw | p_loss=0.0029 | 9.2s | add_sinesaw_SIMSE_Spec_GD.pkl
[FaustParams] Loaded 2 parameter(s) from /cshome/asalimi/code/realtime_soundmatching/synths/build/add_sinesaw_23d34a406380/add_sinesaw.dsp.json
  saw_freq              /add_sinesaw/saw_freq                     [20.0, 1000.0]  default=510.0
  sine_freq             /add_sinesaw/sine_freq                    [20.0, 1000.0]  default=510.0
[266/300] GD | add_sinesaw | p_loss=0.6143 | 9.1s | add_sinesaw_SIMSE_Spec_GD.pkl
[FaustParams] Loaded 2 parameter(s) from /cshome/asalimi/code/realtime_soundmatching/synths/build/add_sinesaw_23d34a406380/add_sinesaw.dsp.json
  saw_freq              /add_sinesaw/saw_freq                     [20.0, 1000.0]  default=510.0
  sine_freq             /add_sinesaw/sine_freq                    [20.0, 1000.0]  default=510.0
[267/300] GD | add_sinesaw | p_loss=0.5745 | 9.0s | add_sinesaw_SIMSE_Spec_GD.pkl
[FaustParams] Loaded 2 parameter(s) from /cshome/asalimi/code/realtime_soundmatching/synths/build/add_sinesaw_23d34a406380/add_sinesaw.dsp.json
  saw_freq              /add_sinesaw/saw_freq                     [20.0, 1000.0]  default=510.0
  sine_freq             /add_sinesaw/sine_freq                    [20.0, 1000.0]  default=510.0
[268/300] GD | add_sinesaw | p_loss=0.2362 | 9.0s | add_sinesaw_SIMSE_Spec_GD.pkl
[FaustParams] Loaded 2 parameter(s) from /cshome/asalimi/code/realtime_soundmatching/synths/build/add_sinesaw_23d34a406380/add_sinesaw.dsp.json
  saw_freq              /add_sinesaw/saw_freq                     [20.0, 1000.0]  default=510.0
  sine_freq             /add_sinesaw/sine_freq                    [20.0, 1000.0]  default=510.0
[269/300] GD | add_sinesaw | p_loss=0.0154 | 8.8s | add_sinesaw_SIMSE_Spec_GD.pkl
[FaustParams] Loaded 2 parameter(s) from /cshome/asalimi/code/realtime_soundmatching/synths/build/add_sinesaw_23d34a406380/add_sinesaw.dsp.json
  saw_freq              /add_sinesaw/saw_freq                     [20.0, 1000.0]  default=510.0
  sine_freq             /add_sinesaw/sine_freq                    [20.0, 1000.0]  default=510.0
[270/300] GD | add_sinesaw | p_loss=0.6382 | 8.9s | add_sinesaw_SIMSE_Spec_GD.pkl
[FaustParams] Loaded 2 parameter(s) from /cshome/asalimi/code/realtime_soundmatching/synths/build/add_sinesaw_23d34a406380/add_sinesaw.dsp.json
  saw_freq              /add_sinesaw/saw_freq                     [20.0, 1000.0]  default=510.0
  sine_freq             /add_sinesaw/sine_freq                    [20.0, 1000.0]  default=510.0
[271/300] GD | add_sinesaw | p_loss=0.8878 | 9.1s | add_sinesaw_SIMSE_Spec_GD.pkl
[FaustParams] Loaded 2 parameter(s) from /cshome/asalimi/code/realtime_soundmatching/synths/build/add_sinesaw_23d34a406380/add_sinesaw.dsp.json
  saw_freq              /add_sinesaw/saw_freq                     [20.0, 1000.0]  default=510.0
  sine_freq             /add_sinesaw/sine_freq                    [20.0, 1000.0]  default=510.0
[272/300] GD | add_sinesaw | p_loss=0.1072 | 8.7s | add_sinesaw_SIMSE_Spec_GD.pkl
[FaustParams] Loaded 2 parameter(s) from /cshome/asalimi/code/realtime_soundmatching/synths/build/add_sinesaw_23d34a406380/add_sinesaw.dsp.json
  saw_freq              /add_sinesaw/saw_freq                     [20.0, 1000.0]  default=510.0
  sine_freq             /add_sinesaw/sine_freq                    [20.0, 1000.0]  default=510.0
[273/300] GD | add_sinesaw | p_loss=0.5955 | 8.8s | add_sinesaw_SIMSE_Spec_GD.pkl
[FaustParams] Loaded 2 parameter(s) from /cshome/asalimi/code/realtime_soundmatching/synths/build/add_sinesaw_23d34a406380/add_sinesaw.dsp.json
  saw_freq              /add_sinesaw/saw_freq                     [20.0, 1000.0]  default=510.0
  sine_freq             /add_sinesaw/sine_freq                    [20.0, 1000.0]  default=510.0
[274/300] GD | add_sinesaw | p_loss=0.2268 | 8.8s | add_sinesaw_SIMSE_Spec_GD.pkl
[FaustParams] Loaded 2 parameter(s) from /cshome/asalimi/code/realtime_soundmatching/synths/build/add_sinesaw_23d34a406380/add_sinesaw.dsp.json
  saw_freq              /add_sinesaw/saw_freq                     [20.0, 1000.0]  default=510.0
  sine_freq             /add_sinesaw/sine_freq                    [20.0, 1000.0]  default=510.0
[275/300] GD | add_sinesaw | p_loss=0.4599 | 9.0s | add_sinesaw_SIMSE_Spec_GD.pkl
[FaustParams] Loaded 2 parameter(s) from /cshome/asalimi/code/realtime_soundmatching/synths/build/add_sinesaw_23d34a406380/add_sinesaw.dsp.json
  saw_freq              /add_sinesaw/saw_freq                     [20.0, 1000.0]  default=510.0
  sine_freq             /add_sinesaw/sine_freq                    [20.0, 1000.0]  default=510.0
[276/300] GD | add_sinesaw | p_loss=0.7153 | 9.0s | add_sinesaw_SIMSE_Spec_GD.pkl
[FaustParams] Loaded 2 parameter(s) from /cshome/asalimi/code/realtime_soundmatching/synths/build/add_sinesaw_23d34a406380/add_sinesaw.dsp.json
  saw_freq              /add_sinesaw/saw_freq                     [20.0, 1000.0]  default=510.0
  sine_freq             /add_sinesaw/sine_freq                    [20.0, 1000.0]  default=510.0
[277/300] GD | add_sinesaw | p_loss=0.6886 | 9.0s | add_sinesaw_SIMSE_Spec_GD.pkl
[FaustParams] Loaded 2 parameter(s) from /cshome/asalimi/code/realtime_soundmatching/synths/build/add_sinesaw_23d34a406380/add_sinesaw.dsp.json
  saw_freq              /add_sinesaw/saw_freq                     [20.0, 1000.0]  default=510.0
  sine_freq             /add_sinesaw/sine_freq                    [20.0, 1000.0]  default=510.0
[278/300] GD | add_sinesaw | p_loss=0.0574 | 8.9s | add_sinesaw_SIMSE_Spec_GD.pkl
[FaustParams] Loaded 2 parameter(s) from /cshome/asalimi/code/realtime_soundmatching/synths/build/add_sinesaw_23d34a406380/add_sinesaw.dsp.json
  saw_freq              /add_sinesaw/saw_freq                     [20.0, 1000.0]  default=510.0
  sine_freq             /add_sinesaw/sine_freq                    [20.0, 1000.0]  default=510.0
[279/300] GD | add_sinesaw | p_loss=0.5650 | 8.5s | add_sinesaw_SIMSE_Spec_GD.pkl
[FaustParams] Loaded 2 parameter(s) from /cshome/asalimi/code/realtime_soundmatching/synths/build/add_sinesaw_23d34a406380/add_sinesaw.dsp.json
  saw_freq              /add_sinesaw/saw_freq                     [20.0, 1000.0]  default=510.0
  sine_freq             /add_sinesaw/sine_freq                    [20.0, 1000.0]  default=510.0
[280/300] GD | add_sinesaw | p_loss=0.5902 | 8.6s | add_sinesaw_SIMSE_Spec_GD.pkl
[FaustParams] Loaded 2 parameter(s) from /cshome/asalimi/code/realtime_soundmatching/synths/build/add_sinesaw_23d34a406380/add_sinesaw.dsp.json
  saw_freq              /add_sinesaw/saw_freq                     [20.0, 1000.0]  default=510.0
  sine_freq             /add_sinesaw/sine_freq                    [20.0, 1000.0]  default=510.0
[281/300] GD | add_sinesaw | p_loss=0.6189 | 8.8s | add_sinesaw_SIMSE_Spec_GD.pkl
[FaustParams] Loaded 2 parameter(s) from /cshome/asalimi/code/realtime_soundmatching/synths/build/add_sinesaw_23d34a406380/add_sinesaw.dsp.json
  saw_freq              /add_sinesaw/saw_freq                     [20.0, 1000.0]  default=510.0
  sine_freq             /add_sinesaw/sine_freq                    [20.0, 1000.0]  default=510.0
[282/300] GD | add_sinesaw | p_loss=1.0261 | 8.8s | add_sinesaw_SIMSE_Spec_GD.pkl
[FaustParams] Loaded 2 parameter(s) from /cshome/asalimi/code/realtime_soundmatching/synths/build/add_sinesaw_23d34a406380/add_sinesaw.dsp.json
  saw_freq              /add_sinesaw/saw_freq                     [20.0, 1000.0]  default=510.0
  sine_freq             /add_sinesaw/sine_freq                    [20.0, 1000.0]  default=510.0
[283/300] GD | add_sinesaw | p_loss=0.3475 | 9.0s | add_sinesaw_SIMSE_Spec_GD.pkl
[FaustParams] Loaded 2 parameter(s) from /cshome/asalimi/code/realtime_soundmatching/synths/build/add_sinesaw_23d34a406380/add_sinesaw.dsp.json
  saw_freq              /add_sinesaw/saw_freq                     [20.0, 1000.0]  default=510.0
  sine_freq             /add_sinesaw/sine_freq                    [20.0, 1000.0]  default=510.0
[284/300] GD | add_sinesaw | p_loss=0.6254 | 8.8s | add_sinesaw_SIMSE_Spec_GD.pkl
[FaustParams] Loaded 2 parameter(s) from /cshome/asalimi/code/realtime_soundmatching/synths/build/add_sinesaw_23d34a406380/add_sinesaw.dsp.json
  saw_freq              /add_sinesaw/saw_freq                     [20.0, 1000.0]  default=510.0
  sine_freq             /add_sinesaw/sine_freq                    [20.0, 1000.0]  default=510.0
[285/300] GD | add_sinesaw | p_loss=0.5261 | 8.8s | add_sinesaw_SIMSE_Spec_GD.pkl
[FaustParams] Loaded 2 parameter(s) from /cshome/asalimi/code/realtime_soundmatching/synths/build/add_sinesaw_23d34a406380/add_sinesaw.dsp.json
  saw_freq              /add_sinesaw/saw_freq                     [20.0, 1000.0]  default=510.0
  sine_freq             /add_sinesaw/sine_freq                    [20.0, 1000.0]  default=510.0
[286/300] GD | add_sinesaw | p_loss=0.0509 | 8.9s | add_sinesaw_SIMSE_Spec_GD.pkl
[FaustParams] Loaded 2 parameter(s) from /cshome/asalimi/code/realtime_soundmatching/synths/build/add_sinesaw_23d34a406380/add_sinesaw.dsp.json
  saw_freq              /add_sinesaw/saw_freq                     [20.0, 1000.0]  default=510.0
  sine_freq             /add_sinesaw/sine_freq                    [20.0, 1000.0]  default=510.0
[287/300] GD | add_sinesaw | p_loss=0.7729 | 9.3s | add_sinesaw_SIMSE_Spec_GD.pkl
[FaustParams] Loaded 2 parameter(s) from /cshome/asalimi/code/realtime_soundmatching/synths/build/add_sinesaw_23d34a406380/add_sinesaw.dsp.json
  saw_freq              /add_sinesaw/saw_freq                     [20.0, 1000.0]  default=510.0
  sine_freq             /add_sinesaw/sine_freq                    [20.0, 1000.0]  default=510.0
[288/300] GD | add_sinesaw | p_loss=0.9332 | 9.2s | add_sinesaw_SIMSE_Spec_GD.pkl
[FaustParams] Loaded 2 parameter(s) from /cshome/asalimi/code/realtime_soundmatching/synths/build/add_sinesaw_23d34a406380/add_sinesaw.dsp.json
  saw_freq              /add_sinesaw/saw_freq                     [20.0, 1000.0]  default=510.0
  sine_freq             /add_sinesaw/sine_freq                    [20.0, 1000.0]  default=510.0
[289/300] GD | add_sinesaw | p_loss=0.0104 | 9.1s | add_sinesaw_SIMSE_Spec_GD.pkl
[FaustParams] Loaded 2 parameter(s) from /cshome/asalimi/code/realtime_soundmatching/synths/build/add_sinesaw_23d34a406380/add_sinesaw.dsp.json
  saw_freq              /add_sinesaw/saw_freq                     [20.0, 1000.0]  default=510.0
  sine_freq             /add_sinesaw/sine_freq                    [20.0, 1000.0]  default=510.0
[290/300] GD | add_sinesaw | p_loss=0.4220 | 9.1s | add_sinesaw_SIMSE_Spec_GD.pkl
[FaustParams] Loaded 2 parameter(s) from /cshome/asalimi/code/realtime_soundmatching/synths/build/add_sinesaw_23d34a406380/add_sinesaw.dsp.json
  saw_freq              /add_sinesaw/saw_freq                     [20.0, 1000.0]  default=510.0
  sine_freq             /add_sinesaw/sine_freq                    [20.0, 1000.0]  default=510.0
[291/300] GD | add_sinesaw | p_loss=0.9174 | 9.0s | add_sinesaw_SIMSE_Spec_GD.pkl
[FaustParams] Loaded 2 parameter(s) from /cshome/asalimi/code/realtime_soundmatching/synths/build/add_sinesaw_23d34a406380/add_sinesaw.dsp.json
  saw_freq              /add_sinesaw/saw_freq                     [20.0, 1000.0]  default=510.0
  sine_freq             /add_sinesaw/sine_freq                    [20.0, 1000.0]  default=510.0
[292/300] GD | add_sinesaw | p_loss=0.0282 | 9.0s | add_sinesaw_SIMSE_Spec_GD.pkl
[FaustParams] Loaded 2 parameter(s) from /cshome/asalimi/code/realtime_soundmatching/synths/build/add_sinesaw_23d34a406380/add_sinesaw.dsp.json
  saw_freq              /add_sinesaw/saw_freq                     [20.0, 1000.0]  default=510.0
  sine_freq             /add_sinesaw/sine_freq                    [20.0, 1000.0]  default=510.0
[293/300] GD | add_sinesaw | p_loss=0.3912 | 9.1s | add_sinesaw_SIMSE_Spec_GD.pkl
[FaustParams] Loaded 2 parameter(s) from /cshome/asalimi/code/realtime_soundmatching/synths/build/add_sinesaw_23d34a406380/add_sinesaw.dsp.json
  saw_freq              /add_sinesaw/saw_freq                     [20.0, 1000.0]  default=510.0
  sine_freq             /add_sinesaw/sine_freq                    [20.0, 1000.0]  default=510.0
[294/300] GD | add_sinesaw | p_loss=0.8963 | 8.8s | add_sinesaw_SIMSE_Spec_GD.pkl
[FaustParams] Loaded 2 parameter(s) from /cshome/asalimi/code/realtime_soundmatching/synths/build/add_sinesaw_23d34a406380/add_sinesaw.dsp.json
  saw_freq              /add_sinesaw/saw_freq                     [20.0, 1000.0]  default=510.0
  sine_freq             /add_sinesaw/sine_freq                    [20.0, 1000.0]  default=510.0
[295/300] GD | add_sinesaw | p_loss=0.4012 | 9.1s | add_sinesaw_SIMSE_Spec_GD.pkl
[FaustParams] Loaded 2 parameter(s) from /cshome/asalimi/code/realtime_soundmatching/synths/build/add_sinesaw_23d34a406380/add_sinesaw.dsp.json
  saw_freq              /add_sinesaw/saw_freq                     [20.0, 1000.0]  default=510.0
  sine_freq             /add_sinesaw/sine_freq                    [20.0, 1000.0]  default=510.0
[296/300] GD | add_sinesaw | p_loss=0.3207 | 9.2s | add_sinesaw_SIMSE_Spec_GD.pkl
[FaustParams] Loaded 2 parameter(s) from /cshome/asalimi/code/realtime_soundmatching/synths/build/add_sinesaw_23d34a406380/add_sinesaw.dsp.json
  saw_freq              /add_sinesaw/saw_freq                     [20.0, 1000.0]  default=510.0
  sine_freq             /add_sinesaw/sine_freq                    [20.0, 1000.0]  default=510.0
[297/300] GD | add_sinesaw | p_loss=0.8202 | 9.3s | add_sinesaw_SIMSE_Spec_GD.pkl
[FaustParams] Loaded 2 parameter(s) from /cshome/asalimi/code/realtime_soundmatching/synths/build/add_sinesaw_23d34a406380/add_sinesaw.dsp.json
  saw_freq              /add_sinesaw/saw_freq                     [20.0, 1000.0]  default=510.0
  sine_freq             /add_sinesaw/sine_freq                    [20.0, 1000.0]  default=510.0
[298/300] GD | add_sinesaw | p_loss=0.4549 | 9.0s | add_sinesaw_SIMSE_Spec_GD.pkl
[FaustParams] Loaded 2 parameter(s) from /cshome/asalimi/code/realtime_soundmatching/synths/build/add_sinesaw_23d34a406380/add_sinesaw.dsp.json
  saw_freq              /add_sinesaw/saw_freq                     [20.0, 1000.0]  default=510.0
  sine_freq             /add_sinesaw/sine_freq                    [20.0, 1000.0]  default=510.0
[299/300] GD | add_sinesaw | p_loss=0.3224 | 9.0s | add_sinesaw_SIMSE_Spec_GD.pkl
[FaustParams] Loaded 2 parameter(s) from /cshome/asalimi/code/realtime_soundmatching/synths/build/add_sinesaw_23d34a406380/add_sinesaw.dsp.json
  saw_freq              /add_sinesaw/saw_freq                     [20.0, 1000.0]  default=510.0
  sine_freq             /add_sinesaw/sine_freq                    [20.0, 1000.0]  default=510.0
[300/300] GD | add_sinesaw | p_loss=0.0746 | 9.2s | add_sinesaw_SIMSE_Spec_GD.pkl
Saved 300 trials to /cshome/asalimi/code/realtime_soundmatching/paper_experiments/results/add_sinesaw_SIMSE_Spec_GD.pkl
380/add_sinesaw.dsp.json
  saw_freq              /add_sinesaw/saw_freq                     [20.0, 1000.0]  default=510.0
  sine_freq             /add_sinesaw/sine_freq                    [20.0, 1000.0]  default=510.0
[290/300] GD | add_sinesaw | p_loss=0.4220 | 9.3s | add_sinesaw_SIMSE_Spec_GD.pkl
[FaustParams] Loaded 2 parameter(s) from /cshome/asalimi/code/realtime_soundmatching/synths/build/add_sinesaw_23d34a406380/add_sinesaw.dsp.json
  saw_freq              /add_sinesaw/saw_freq                     [20.0, 1000.0]  default=510.0
  sine_freq             /add_sinesaw/sine_freq                    [20.0, 1000.0]  default=510.0
[291/300] GD | add_sinesaw | p_loss=0.9174 | 9.2s | add_sinesaw_SIMSE_Spec_GD.pkl
[FaustParams] Loaded 2 parameter(s) from /cshome/asalimi/code/realtime_soundmatching/synths/build/add_sinesaw_23d34a406380/add_sinesaw.dsp.json
  saw_freq              /add_sinesaw/saw_freq                     [20.0, 1000.0]  default=510.0
  sine_freq             /add_sinesaw/sine_freq                    [20.0, 1000.0]  default=510.0
[292/300] GD | add_sinesaw | p_loss=0.0282 | 9.5s | add_sinesaw_SIMSE_Spec_GD.pkl
[FaustParams] Loaded 2 parameter(s) from /cshome/asalimi/code/realtime_soundmatching/synths/build/add_sinesaw_23d34a406380/add_sinesaw.dsp.json
  saw_freq              /add_sinesaw/saw_freq                     [20.0, 1000.0]  default=510.0
  sine_freq             /add_sinesaw/sine_freq                    [20.0, 1000.0]  default=510.0
[293/300] GD | add_sinesaw | p_loss=0.3912 | 9.1s | add_sinesaw_SIMSE_Spec_GD.pkl
[FaustParams] Loaded 2 parameter(s) from /cshome/asalimi/code/realtime_soundmatching/synths/build/add_sinesaw_23d34a406380/add_sinesaw.dsp.json
  saw_freq              /add_sinesaw/saw_freq                     [20.0, 1000.0]  default=510.0
  sine_freq             /add_sinesaw/sine_freq                    [20.0, 1000.0]  default=510.0
[294/300] GD | add_sinesaw | p_loss=0.8963 | 9.3s | add_sinesaw_SIMSE_Spec_GD.pkl
[FaustParams] Loaded 2 parameter(s) from /cshome/asalimi/code/realtime_soundmatching/synths/build/add_sinesaw_23d34a406380/add_sinesaw.dsp.json
  saw_freq              /add_sinesaw/saw_freq                     [20.0, 1000.0]  default=510.0
  sine_freq             /add_sinesaw/sine_freq                    [20.0, 1000.0]  default=510.0
[295/300] GD | add_sinesaw | p_loss=0.4012 | 9.3s | add_sinesaw_SIMSE_Spec_GD.pkl
[FaustParams] Loaded 2 parameter(s) from /cshome/asalimi/code/realtime_soundmatching/synths/build/add_sinesaw_23d34a406380/add_sinesaw.dsp.json
  saw_freq              /add_sinesaw/saw_freq                     [20.0, 1000.0]  default=510.0
  sine_freq             /add_sinesaw/sine_freq                    [20.0, 1000.0]  default=510.0
[296/300] GD | add_sinesaw | p_loss=0.3207 | 9.2s | add_sinesaw_SIMSE_Spec_GD.pkl
[FaustParams] Loaded 2 parameter(s) from /cshome/asalimi/code/realtime_soundmatching/synths/build/add_sinesaw_23d34a406380/add_sinesaw.dsp.json
  saw_freq              /add_sinesaw/saw_freq                     [20.0, 1000.0]  default=510.0
  sine_freq             /add_sinesaw/sine_freq                    [20.0, 1000.0]  default=510.0
[297/300] GD | add_sinesaw | p_loss=0.8202 | 9.3s | add_sinesaw_SIMSE_Spec_GD.pkl
[FaustParams] Loaded 2 parameter(s) from /cshome/asalimi/code/realtime_soundmatching/synths/build/add_sinesaw_23d34a406380/add_sinesaw.dsp.json
  saw_freq              /add_sinesaw/saw_freq                     [20.0, 1000.0]  default=510.0
  sine_freq             /add_sinesaw/sine_freq                    [20.0, 1000.0]  default=510.0
[298/300] GD | add_sinesaw | p_loss=0.4549 | 9.2s | add_sinesaw_SIMSE_Spec_GD.pkl
[FaustParams] Loaded 2 parameter(s) from /cshome/asalimi/code/realtime_soundmatching/synths/build/add_sinesaw_23d34a406380/add_sinesaw.dsp.json
  saw_freq              /add_sinesaw/saw_freq                     [20.0, 1000.0]  default=510.0
  sine_freq             /add_sinesaw/sine_freq                    [20.0, 1000.0]  default=510.0
[299/300] GD | add_sinesaw | p_loss=0.3224 | 9.1s | add_sinesaw_SIMSE_Spec_GD.pkl
[FaustParams] Loaded 2 parameter(s) from /cshome/asalimi/code/realtime_soundmatching/synths/build/add_sinesaw_23d34a406380/add_sinesaw.dsp.json
  saw_freq              /add_sinesaw/saw_freq                     [20.0, 1000.0]  default=510.0
  sine_freq             /add_sinesaw/sine_freq                    [20.0, 1000.0]  default=510.0
[300/300] GD | add_sinesaw | p_loss=0.0746 | 9.1s | add_sinesaw_SIMSE_Spec_GD.pkl
Saved 300 trials to /cshome/asalimi/code/realtime_soundmatching/paper_experiments/results/add_sinesaw_SIMSE_Spec_GD.pkl
