bandpass_noise_v1/JTFS/RandomSearch: 216 done, running 84 more → /cshome/asalimi/code/realtime_soundmatching/paper_experiments/results/bandpass_noise_v1_JTFS_RandomSearch.pkl
[FaustParams] Loaded 2 parameter(s) from /cshome/asalimi/code/realtime_soundmatching/synths/build/bandpass_noise_v1_72d72c2706d7/bandpass_noise_v1.dsp.json
  hp_cut                /bandpass_noise_v1/hp_cut                 [1.0, 120.0]  default=60.5
  lp_cut                /bandpass_noise_v1/lp_cut                 [50.0, 1000.0]  default=525.0
[217/300] RandomSearch | bandpass_noise_v1 | p_loss=0.0940 | 23.8s | bandpass_noise_v1_JTFS_RandomSearch.pkl
[FaustParams] Loaded 2 parameter(s) from /cshome/asalimi/code/realtime_soundmatching/synths/build/bandpass_noise_v1_72d72c2706d7/bandpass_noise_v1.dsp.json
  hp_cut                /bandpass_noise_v1/hp_cut                 [1.0, 120.0]  default=60.5
  lp_cut                /bandpass_noise_v1/lp_cut                 [50.0, 1000.0]  default=525.0
[218/300] RandomSearch | bandpass_noise_v1 | p_loss=0.0144 | 22.7s | bandpass_noise_v1_JTFS_RandomSearch.pkl
[FaustParams] Loaded 2 parameter(s) from /cshome/asalimi/code/realtime_soundmatching/synths/build/bandpass_noise_v1_72d72c2706d7/bandpass_noise_v1.dsp.json
  hp_cut                /bandpass_noise_v1/hp_cut                 [1.0, 120.0]  default=60.5
  lp_cut                /bandpass_noise_v1/lp_cut                 [50.0, 1000.0]  default=525.0
[219/300] RandomSearch | bandpass_noise_v1 | p_loss=0.0167 | 22.1s | bandpass_noise_v1_JTFS_RandomSearch.pkl
[FaustParams] Loaded 2 parameter(s) from /cshome/asalimi/code/realtime_soundmatching/synths/build/bandpass_noise_v1_72d72c2706d7/bandpass_noise_v1.dsp.json
  hp_cut                /bandpass_noise_v1/hp_cut                 [1.0, 120.0]  default=60.5
  lp_cut                /bandpass_noise_v1/lp_cut                 [50.0, 1000.0]  default=525.0
[220/300] RandomSearch | bandpass_noise_v1 | p_loss=0.0838 | 19.9s | bandpass_noise_v1_JTFS_RandomSearch.pkl
[FaustParams] Loaded 2 parameter(s) from /cshome/asalimi/code/realtime_soundmatching/synths/build/bandpass_noise_v1_72d72c2706d7/bandpass_noise_v1.dsp.json
  hp_cut                /bandpass_noise_v1/hp_cut                 [1.0, 120.0]  default=60.5
  lp_cut                /bandpass_noise_v1/lp_cut                 [50.0, 1000.0]  default=525.0
[221/300] RandomSearch | bandpass_noise_v1 | p_loss=0.0206 | 20.0s | bandpass_noise_v1_JTFS_RandomSearch.pkl
[FaustParams] Loaded 2 parameter(s) from /cshome/asalimi/code/realtime_soundmatching/synths/build/bandpass_noise_v1_72d72c2706d7/bandpass_noise_v1.dsp.json
  hp_cut                /bandpass_noise_v1/hp_cut                 [1.0, 120.0]  default=60.5
  lp_cut                /bandpass_noise_v1/lp_cut                 [50.0, 1000.0]  default=525.0
[222/300] RandomSearch | bandpass_noise_v1 | p_loss=0.2401 | 19.4s | bandpass_noise_v1_JTFS_RandomSearch.pkl
[FaustParams] Loaded 2 parameter(s) from /cshome/asalimi/code/realtime_soundmatching/synths/build/bandpass_noise_v1_72d72c2706d7/bandpass_noise_v1.dsp.json
  hp_cut                /bandpass_noise_v1/hp_cut                 [1.0, 120.0]  default=60.5
  lp_cut                /bandpass_noise_v1/lp_cut                 [50.0, 1000.0]  default=525.0
[223/300] RandomSearch | bandpass_noise_v1 | p_loss=0.0352 | 20.0s | bandpass_noise_v1_JTFS_RandomSearch.pkl
[FaustParams] Loaded 2 parameter(s) from /cshome/asalimi/code/realtime_soundmatching/synths/build/bandpass_noise_v1_72d72c2706d7/bandpass_noise_v1.dsp.json
  hp_cut                /bandpass_noise_v1/hp_cut                 [1.0, 120.0]  default=60.5
  lp_cut                /bandpass_noise_v1/lp_cut                 [50.0, 1000.0]  default=525.0
[224/300] RandomSearch | bandpass_noise_v1 | p_loss=0.0161 | 20.9s | bandpass_noise_v1_JTFS_RandomSearch.pkl
[FaustParams] Loaded 2 parameter(s) from /cshome/asalimi/code/realtime_soundmatching/synths/build/bandpass_noise_v1_72d72c2706d7/bandpass_noise_v1.dsp.json
  hp_cut                /bandpass_noise_v1/hp_cut                 [1.0, 120.0]  default=60.5
  lp_cut                /bandpass_noise_v1/lp_cut                 [50.0, 1000.0]  default=525.0
[225/300] RandomSearch | bandpass_noise_v1 | p_loss=0.0592 | 19.4s | bandpass_noise_v1_JTFS_RandomSearch.pkl
[FaustParams] Loaded 2 parameter(s) from /cshome/asalimi/code/realtime_soundmatching/synths/build/bandpass_noise_v1_72d72c2706d7/bandpass_noise_v1.dsp.json
  hp_cut                /bandpass_noise_v1/hp_cut                 [1.0, 120.0]  default=60.5
  lp_cut                /bandpass_noise_v1/lp_cut                 [50.0, 1000.0]  default=525.0
[226/300] RandomSearch | bandpass_noise_v1 | p_loss=0.0403 | 19.4s | bandpass_noise_v1_JTFS_RandomSearch.pkl
[FaustParams] Loaded 2 parameter(s) from /cshome/asalimi/code/realtime_soundmatching/synths/build/bandpass_noise_v1_72d72c2706d7/bandpass_noise_v1.dsp.json
  hp_cut                /bandpass_noise_v1/hp_cut                 [1.0, 120.0]  default=60.5
  lp_cut                /bandpass_noise_v1/lp_cut                 [50.0, 1000.0]  default=525.0
[227/300] RandomSearch | bandpass_noise_v1 | p_loss=0.0038 | 19.4s | bandpass_noise_v1_JTFS_RandomSearch.pkl
[FaustParams] Loaded 2 parameter(s) from /cshome/asalimi/code/realtime_soundmatching/synths/build/bandpass_noise_v1_72d72c2706d7/bandpass_noise_v1.dsp.json
  hp_cut                /bandpass_noise_v1/hp_cut                 [1.0, 120.0]  default=60.5
  lp_cut                /bandpass_noise_v1/lp_cut                 [50.0, 1000.0]  default=525.0
[228/300] RandomSearch | bandpass_noise_v1 | p_loss=0.0257 | 19.3s | bandpass_noise_v1_JTFS_RandomSearch.pkl
[FaustParams] Loaded 2 parameter(s) from /cshome/asalimi/code/realtime_soundmatching/synths/build/bandpass_noise_v1_72d72c2706d7/bandpass_noise_v1.dsp.json
  hp_cut                /bandpass_noise_v1/hp_cut                 [1.0, 120.0]  default=60.5
  lp_cut                /bandpass_noise_v1/lp_cut                 [50.0, 1000.0]  default=525.0
[229/300] RandomSearch | bandpass_noise_v1 | p_loss=0.1153 | 20.4s | bandpass_noise_v1_JTFS_RandomSearch.pkl
[FaustParams] Loaded 2 parameter(s) from /cshome/asalimi/code/realtime_soundmatching/synths/build/bandpass_noise_v1_72d72c2706d7/bandpass_noise_v1.dsp.json
  hp_cut                /bandpass_noise_v1/hp_cut                 [1.0, 120.0]  default=60.5
  lp_cut                /bandpass_noise_v1/lp_cut                 [50.0, 1000.0]  default=525.0
[230/300] RandomSearch | bandpass_noise_v1 | p_loss=0.0423 | 20.4s | bandpass_noise_v1_JTFS_RandomSearch.pkl
[FaustParams] Loaded 2 parameter(s) from /cshome/asalimi/code/realtime_soundmatching/synths/build/bandpass_noise_v1_72d72c2706d7/bandpass_noise_v1.dsp.json
  hp_cut                /bandpass_noise_v1/hp_cut                 [1.0, 120.0]  default=60.5
  lp_cut                /bandpass_noise_v1/lp_cut                 [50.0, 1000.0]  default=525.0
[231/300] RandomSearch | bandpass_noise_v1 | p_loss=0.0673 | 19.5s | bandpass_noise_v1_JTFS_RandomSearch.pkl
[FaustParams] Loaded 2 parameter(s) from /cshome/asalimi/code/realtime_soundmatching/synths/build/bandpass_noise_v1_72d72c2706d7/bandpass_noise_v1.dsp.json
  hp_cut                /bandpass_noise_v1/hp_cut                 [1.0, 120.0]  default=60.5
  lp_cut                /bandpass_noise_v1/lp_cut                 [50.0, 1000.0]  default=525.0
[232/300] RandomSearch | bandpass_noise_v1 | p_loss=0.0517 | 19.9s | bandpass_noise_v1_JTFS_RandomSearch.pkl
[FaustParams] Loaded 2 parameter(s) from /cshome/asalimi/code/realtime_soundmatching/synths/build/bandpass_noise_v1_72d72c2706d7/bandpass_noise_v1.dsp.json
  hp_cut                /bandpass_noise_v1/hp_cut                 [1.0, 120.0]  default=60.5
  lp_cut                /bandpass_noise_v1/lp_cut                 [50.0, 1000.0]  default=525.0
[233/300] RandomSearch | bandpass_noise_v1 | p_loss=0.0154 | 19.7s | bandpass_noise_v1_JTFS_RandomSearch.pkl
[FaustParams] Loaded 2 parameter(s) from /cshome/asalimi/code/realtime_soundmatching/synths/build/bandpass_noise_v1_72d72c2706d7/bandpass_noise_v1.dsp.json
  hp_cut                /bandpass_noise_v1/hp_cut                 [1.0, 120.0]  default=60.5
  lp_cut                /bandpass_noise_v1/lp_cut                 [50.0, 1000.0]  default=525.0
[234/300] RandomSearch | bandpass_noise_v1 | p_loss=0.0391 | 19.7s | bandpass_noise_v1_JTFS_RandomSearch.pkl
[FaustParams] Loaded 2 parameter(s) from /cshome/asalimi/code/realtime_soundmatching/synths/build/bandpass_noise_v1_72d72c2706d7/bandpass_noise_v1.dsp.json
  hp_cut                /bandpass_noise_v1/hp_cut                 [1.0, 120.0]  default=60.5
  lp_cut                /bandpass_noise_v1/lp_cut                 [50.0, 1000.0]  default=525.0
[235/300] RandomSearch | bandpass_noise_v1 | p_loss=0.0808 | 19.2s | bandpass_noise_v1_JTFS_RandomSearch.pkl
[FaustParams] Loaded 2 parameter(s) from /cshome/asalimi/code/realtime_soundmatching/synths/build/bandpass_noise_v1_72d72c2706d7/bandpass_noise_v1.dsp.json
  hp_cut                /bandpass_noise_v1/hp_cut                 [1.0, 120.0]  default=60.5
  lp_cut                /bandpass_noise_v1/lp_cut                 [50.0, 1000.0]  default=525.0
[236/300] RandomSearch | bandpass_noise_v1 | p_loss=0.0959 | 19.9s | bandpass_noise_v1_JTFS_RandomSearch.pkl
[FaustParams] Loaded 2 parameter(s) from /cshome/asalimi/code/realtime_soundmatching/synths/build/bandpass_noise_v1_72d72c2706d7/bandpass_noise_v1.dsp.json
  hp_cut                /bandpass_noise_v1/hp_cut                 [1.0, 120.0]  default=60.5
  lp_cut                /bandpass_noise_v1/lp_cut                 [50.0, 1000.0]  default=525.0
[237/300] RandomSearch | bandpass_noise_v1 | p_loss=0.0764 | 20.0s | bandpass_noise_v1_JTFS_RandomSearch.pkl
[FaustParams] Loaded 2 parameter(s) from /cshome/asalimi/code/realtime_soundmatching/synths/build/bandpass_noise_v1_72d72c2706d7/bandpass_noise_v1.dsp.json
  hp_cut                /bandpass_noise_v1/hp_cut                 [1.0, 120.0]  default=60.5
  lp_cut                /bandpass_noise_v1/lp_cut                 [50.0, 1000.0]  default=525.0
[238/300] RandomSearch | bandpass_noise_v1 | p_loss=0.0862 | 20.4s | bandpass_noise_v1_JTFS_RandomSearch.pkl
[FaustParams] Loaded 2 parameter(s) from /cshome/asalimi/code/realtime_soundmatching/synths/build/bandpass_noise_v1_72d72c2706d7/bandpass_noise_v1.dsp.json
  hp_cut                /bandpass_noise_v1/hp_cut                 [1.0, 120.0]  default=60.5
  lp_cut                /bandpass_noise_v1/lp_cut                 [50.0, 1000.0]  default=525.0
[239/300] RandomSearch | bandpass_noise_v1 | p_loss=0.0254 | 20.3s | bandpass_noise_v1_JTFS_RandomSearch.pkl
[FaustParams] Loaded 2 parameter(s) from /cshome/asalimi/code/realtime_soundmatching/synths/build/bandpass_noise_v1_72d72c2706d7/bandpass_noise_v1.dsp.json
  hp_cut                /bandpass_noise_v1/hp_cut                 [1.0, 120.0]  default=60.5
  lp_cut                /bandpass_noise_v1/lp_cut                 [50.0, 1000.0]  default=525.0
[240/300] RandomSearch | bandpass_noise_v1 | p_loss=0.0454 | 19.8s | bandpass_noise_v1_JTFS_RandomSearch.pkl
[FaustParams] Loaded 2 parameter(s) from /cshome/asalimi/code/realtime_soundmatching/synths/build/bandpass_noise_v1_72d72c2706d7/bandpass_noise_v1.dsp.json
  hp_cut                /bandpass_noise_v1/hp_cut                 [1.0, 120.0]  default=60.5
  lp_cut                /bandpass_noise_v1/lp_cut                 [50.0, 1000.0]  default=525.0
[241/300] RandomSearch | bandpass_noise_v1 | p_loss=0.1060 | 20.4s | bandpass_noise_v1_JTFS_RandomSearch.pkl
[FaustParams] Loaded 2 parameter(s) from /cshome/asalimi/code/realtime_soundmatching/synths/build/bandpass_noise_v1_72d72c2706d7/bandpass_noise_v1.dsp.json
  hp_cut                /bandpass_noise_v1/hp_cut                 [1.0, 120.0]  default=60.5
  lp_cut                /bandpass_noise_v1/lp_cut                 [50.0, 1000.0]  default=525.0
[242/300] RandomSearch | bandpass_noise_v1 | p_loss=0.0850 | 19.7s | bandpass_noise_v1_JTFS_RandomSearch.pkl
[FaustParams] Loaded 2 parameter(s) from /cshome/asalimi/code/realtime_soundmatching/synths/build/bandpass_noise_v1_72d72c2706d7/bandpass_noise_v1.dsp.json
  hp_cut                /bandpass_noise_v1/hp_cut                 [1.0, 120.0]  default=60.5
  lp_cut                /bandpass_noise_v1/lp_cut                 [50.0, 1000.0]  default=525.0
[243/300] RandomSearch | bandpass_noise_v1 | p_loss=0.0393 | 19.3s | bandpass_noise_v1_JTFS_RandomSearch.pkl
[FaustParams] Loaded 2 parameter(s) from /cshome/asalimi/code/realtime_soundmatching/synths/build/bandpass_noise_v1_72d72c2706d7/bandpass_noise_v1.dsp.json
  hp_cut                /bandpass_noise_v1/hp_cut                 [1.0, 120.0]  default=60.5
  lp_cut                /bandpass_noise_v1/lp_cut                 [50.0, 1000.0]  default=525.0
[244/300] RandomSearch | bandpass_noise_v1 | p_loss=0.0348 | 19.9s | bandpass_noise_v1_JTFS_RandomSearch.pkl
[FaustParams] Loaded 2 parameter(s) from /cshome/asalimi/code/realtime_soundmatching/synths/build/bandpass_noise_v1_72d72c2706d7/bandpass_noise_v1.dsp.json
  hp_cut                /bandpass_noise_v1/hp_cut                 [1.0, 120.0]  default=60.5
  lp_cut                /bandpass_noise_v1/lp_cut                 [50.0, 1000.0]  default=525.0
[245/300] RandomSearch | bandpass_noise_v1 | p_loss=0.0576 | 20.2s | bandpass_noise_v1_JTFS_RandomSearch.pkl
[FaustParams] Loaded 2 parameter(s) from /cshome/asalimi/code/realtime_soundmatching/synths/build/bandpass_noise_v1_72d72c2706d7/bandpass_noise_v1.dsp.json
  hp_cut                /bandpass_noise_v1/hp_cut                 [1.0, 120.0]  default=60.5
  lp_cut                /bandpass_noise_v1/lp_cut                 [50.0, 1000.0]  default=525.0
[246/300] RandomSearch | bandpass_noise_v1 | p_loss=0.0514 | 19.8s | bandpass_noise_v1_JTFS_RandomSearch.pkl
[FaustParams] Loaded 2 parameter(s) from /cshome/asalimi/code/realtime_soundmatching/synths/build/bandpass_noise_v1_72d72c2706d7/bandpass_noise_v1.dsp.json
  hp_cut                /bandpass_noise_v1/hp_cut                 [1.0, 120.0]  default=60.5
  lp_cut                /bandpass_noise_v1/lp_cut                 [50.0, 1000.0]  default=525.0
[247/300] RandomSearch | bandpass_noise_v1 | p_loss=0.1064 | 20.3s | bandpass_noise_v1_JTFS_RandomSearch.pkl
[FaustParams] Loaded 2 parameter(s) from /cshome/asalimi/code/realtime_soundmatching/synths/build/bandpass_noise_v1_72d72c2706d7/bandpass_noise_v1.dsp.json
  hp_cut                /bandpass_noise_v1/hp_cut                 [1.0, 120.0]  default=60.5
  lp_cut                /bandpass_noise_v1/lp_cut                 [50.0, 1000.0]  default=525.0
[248/300] RandomSearch | bandpass_noise_v1 | p_loss=0.0084 | 19.5s | bandpass_noise_v1_JTFS_RandomSearch.pkl
[FaustParams] Loaded 2 parameter(s) from /cshome/asalimi/code/realtime_soundmatching/synths/build/bandpass_noise_v1_72d72c2706d7/bandpass_noise_v1.dsp.json
  hp_cut                /bandpass_noise_v1/hp_cut                 [1.0, 120.0]  default=60.5
  lp_cut                /bandpass_noise_v1/lp_cut                 [50.0, 1000.0]  default=525.0
[249/300] RandomSearch | bandpass_noise_v1 | p_loss=0.2113 | 19.6s | bandpass_noise_v1_JTFS_RandomSearch.pkl
[FaustParams] Loaded 2 parameter(s) from /cshome/asalimi/code/realtime_soundmatching/synths/build/bandpass_noise_v1_72d72c2706d7/bandpass_noise_v1.dsp.json
  hp_cut                /bandpass_noise_v1/hp_cut                 [1.0, 120.0]  default=60.5
  lp_cut                /bandpass_noise_v1/lp_cut                 [50.0, 1000.0]  default=525.0
[250/300] RandomSearch | bandpass_noise_v1 | p_loss=0.0200 | 20.3s | bandpass_noise_v1_JTFS_RandomSearch.pkl
[FaustParams] Loaded 2 parameter(s) from /cshome/asalimi/code/realtime_soundmatching/synths/build/bandpass_noise_v1_72d72c2706d7/bandpass_noise_v1.dsp.json
  hp_cut                /bandpass_noise_v1/hp_cut                 [1.0, 120.0]  default=60.5
  lp_cut                /bandpass_noise_v1/lp_cut                 [50.0, 1000.0]  default=525.0
[251/300] RandomSearch | bandpass_noise_v1 | p_loss=0.0238 | 20.1s | bandpass_noise_v1_JTFS_RandomSearch.pkl
[FaustParams] Loaded 2 parameter(s) from /cshome/asalimi/code/realtime_soundmatching/synths/build/bandpass_noise_v1_72d72c2706d7/bandpass_noise_v1.dsp.json
  hp_cut                /bandpass_noise_v1/hp_cut                 [1.0, 120.0]  default=60.5
  lp_cut                /bandpass_noise_v1/lp_cut                 [50.0, 1000.0]  default=525.0
[252/300] RandomSearch | bandpass_noise_v1 | p_loss=0.0218 | 19.6s | bandpass_noise_v1_JTFS_RandomSearch.pkl
[FaustParams] Loaded 2 parameter(s) from /cshome/asalimi/code/realtime_soundmatching/synths/build/bandpass_noise_v1_72d72c2706d7/bandpass_noise_v1.dsp.json
  hp_cut                /bandpass_noise_v1/hp_cut                 [1.0, 120.0]  default=60.5
  lp_cut                /bandpass_noise_v1/lp_cut                 [50.0, 1000.0]  default=525.0
[253/300] RandomSearch | bandpass_noise_v1 | p_loss=0.0531 | 20.0s | bandpass_noise_v1_JTFS_RandomSearch.pkl
[FaustParams] Loaded 2 parameter(s) from /cshome/asalimi/code/realtime_soundmatching/synths/build/bandpass_noise_v1_72d72c2706d7/bandpass_noise_v1.dsp.json
  hp_cut                /bandpass_noise_v1/hp_cut                 [1.0, 120.0]  default=60.5
  lp_cut                /bandpass_noise_v1/lp_cut                 [50.0, 1000.0]  default=525.0
[254/300] RandomSearch | bandpass_noise_v1 | p_loss=0.2488 | 19.6s | bandpass_noise_v1_JTFS_RandomSearch.pkl
[FaustParams] Loaded 2 parameter(s) from /cshome/asalimi/code/realtime_soundmatching/synths/build/bandpass_noise_v1_72d72c2706d7/bandpass_noise_v1.dsp.json
  hp_cut                /bandpass_noise_v1/hp_cut                 [1.0, 120.0]  default=60.5
  lp_cut                /bandpass_noise_v1/lp_cut                 [50.0, 1000.0]  default=525.0
[255/300] RandomSearch | bandpass_noise_v1 | p_loss=0.0544 | 20.1s | bandpass_noise_v1_JTFS_RandomSearch.pkl
[FaustParams] Loaded 2 parameter(s) from /cshome/asalimi/code/realtime_soundmatching/synths/build/bandpass_noise_v1_72d72c2706d7/bandpass_noise_v1.dsp.json
  hp_cut                /bandpass_noise_v1/hp_cut                 [1.0, 120.0]  default=60.5
  lp_cut                /bandpass_noise_v1/lp_cut                 [50.0, 1000.0]  default=525.0
[256/300] RandomSearch | bandpass_noise_v1 | p_loss=0.0201 | 20.2s | bandpass_noise_v1_JTFS_RandomSearch.pkl
[FaustParams] Loaded 2 parameter(s) from /cshome/asalimi/code/realtime_soundmatching/synths/build/bandpass_noise_v1_72d72c2706d7/bandpass_noise_v1.dsp.json
  hp_cut                /bandpass_noise_v1/hp_cut                 [1.0, 120.0]  default=60.5
  lp_cut                /bandpass_noise_v1/lp_cut                 [50.0, 1000.0]  default=525.0
[257/300] RandomSearch | bandpass_noise_v1 | p_loss=0.0505 | 19.4s | bandpass_noise_v1_JTFS_RandomSearch.pkl
[FaustParams] Loaded 2 parameter(s) from /cshome/asalimi/code/realtime_soundmatching/synths/build/bandpass_noise_v1_72d72c2706d7/bandpass_noise_v1.dsp.json
  hp_cut                /bandpass_noise_v1/hp_cut                 [1.0, 120.0]  default=60.5
  lp_cut                /bandpass_noise_v1/lp_cut                 [50.0, 1000.0]  default=525.0
[258/300] RandomSearch | bandpass_noise_v1 | p_loss=0.1074 | 19.1s | bandpass_noise_v1_JTFS_RandomSearch.pkl
[FaustParams] Loaded 2 parameter(s) from /cshome/asalimi/code/realtime_soundmatching/synths/build/bandpass_noise_v1_72d72c2706d7/bandpass_noise_v1.dsp.json
  hp_cut                /bandpass_noise_v1/hp_cut                 [1.0, 120.0]  default=60.5
  lp_cut                /bandpass_noise_v1/lp_cut                 [50.0, 1000.0]  default=525.0
[259/300] RandomSearch | bandpass_noise_v1 | p_loss=0.0227 | 18.8s | bandpass_noise_v1_JTFS_RandomSearch.pkl
[FaustParams] Loaded 2 parameter(s) from /cshome/asalimi/code/realtime_soundmatching/synths/build/bandpass_noise_v1_72d72c2706d7/bandpass_noise_v1.dsp.json
  hp_cut                /bandpass_noise_v1/hp_cut                 [1.0, 120.0]  default=60.5
  lp_cut                /bandpass_noise_v1/lp_cut                 [50.0, 1000.0]  default=525.0
[260/300] RandomSearch | bandpass_noise_v1 | p_loss=0.0157 | 19.5s | bandpass_noise_v1_JTFS_RandomSearch.pkl
[FaustParams] Loaded 2 parameter(s) from /cshome/asalimi/code/realtime_soundmatching/synths/build/bandpass_noise_v1_72d72c2706d7/bandpass_noise_v1.dsp.json
  hp_cut                /bandpass_noise_v1/hp_cut                 [1.0, 120.0]  default=60.5
  lp_cut                /bandpass_noise_v1/lp_cut                 [50.0, 1000.0]  default=525.0
[261/300] RandomSearch | bandpass_noise_v1 | p_loss=0.0173 | 19.8s | bandpass_noise_v1_JTFS_RandomSearch.pkl
[FaustParams] Loaded 2 parameter(s) from /cshome/asalimi/code/realtime_soundmatching/synths/build/bandpass_noise_v1_72d72c2706d7/bandpass_noise_v1.dsp.json
  hp_cut                /bandpass_noise_v1/hp_cut                 [1.0, 120.0]  default=60.5
  lp_cut                /bandpass_noise_v1/lp_cut                 [50.0, 1000.0]  default=525.0
[262/300] RandomSearch | bandpass_noise_v1 | p_loss=0.1057 | 20.1s | bandpass_noise_v1_JTFS_RandomSearch.pkl
[FaustParams] Loaded 2 parameter(s) from /cshome/asalimi/code/realtime_soundmatching/synths/build/bandpass_noise_v1_72d72c2706d7/bandpass_noise_v1.dsp.json
  hp_cut                /bandpass_noise_v1/hp_cut                 [1.0, 120.0]  default=60.5
  lp_cut                /bandpass_noise_v1/lp_cut                 [50.0, 1000.0]  default=525.0
[263/300] RandomSearch | bandpass_noise_v1 | p_loss=0.0173 | 19.5s | bandpass_noise_v1_JTFS_RandomSearch.pkl
[FaustParams] Loaded 2 parameter(s) from /cshome/asalimi/code/realtime_soundmatching/synths/build/bandpass_noise_v1_72d72c2706d7/bandpass_noise_v1.dsp.json
  hp_cut                /bandpass_noise_v1/hp_cut                 [1.0, 120.0]  default=60.5
  lp_cut                /bandpass_noise_v1/lp_cut                 [50.0, 1000.0]  default=525.0
[264/300] RandomSearch | bandpass_noise_v1 | p_loss=0.0389 | 20.1s | bandpass_noise_v1_JTFS_RandomSearch.pkl
[FaustParams] Loaded 2 parameter(s) from /cshome/asalimi/code/realtime_soundmatching/synths/build/bandpass_noise_v1_72d72c2706d7/bandpass_noise_v1.dsp.json
  hp_cut                /bandpass_noise_v1/hp_cut                 [1.0, 120.0]  default=60.5
  lp_cut                /bandpass_noise_v1/lp_cut                 [50.0, 1000.0]  default=525.0
[265/300] RandomSearch | bandpass_noise_v1 | p_loss=0.0788 | 19.4s | bandpass_noise_v1_JTFS_RandomSearch.pkl
[FaustParams] Loaded 2 parameter(s) from /cshome/asalimi/code/realtime_soundmatching/synths/build/bandpass_noise_v1_72d72c2706d7/bandpass_noise_v1.dsp.json
  hp_cut                /bandpass_noise_v1/hp_cut                 [1.0, 120.0]  default=60.5
  lp_cut                /bandpass_noise_v1/lp_cut                 [50.0, 1000.0]  default=525.0
[266/300] RandomSearch | bandpass_noise_v1 | p_loss=0.0159 | 20.3s | bandpass_noise_v1_JTFS_RandomSearch.pkl
[FaustParams] Loaded 2 parameter(s) from /cshome/asalimi/code/realtime_soundmatching/synths/build/bandpass_noise_v1_72d72c2706d7/bandpass_noise_v1.dsp.json
  hp_cut                /bandpass_noise_v1/hp_cut                 [1.0, 120.0]  default=60.5
  lp_cut                /bandpass_noise_v1/lp_cut                 [50.0, 1000.0]  default=525.0
[267/300] RandomSearch | bandpass_noise_v1 | p_loss=0.0999 | 19.7s | bandpass_noise_v1_JTFS_RandomSearch.pkl
[FaustParams] Loaded 2 parameter(s) from /cshome/asalimi/code/realtime_soundmatching/synths/build/bandpass_noise_v1_72d72c2706d7/bandpass_noise_v1.dsp.json
  hp_cut                /bandpass_noise_v1/hp_cut                 [1.0, 120.0]  default=60.5
  lp_cut                /bandpass_noise_v1/lp_cut                 [50.0, 1000.0]  default=525.0
[268/300] RandomSearch | bandpass_noise_v1 | p_loss=0.2763 | 19.6s | bandpass_noise_v1_JTFS_RandomSearch.pkl
[FaustParams] Loaded 2 parameter(s) from /cshome/asalimi/code/realtime_soundmatching/synths/build/bandpass_noise_v1_72d72c2706d7/bandpass_noise_v1.dsp.json
  hp_cut                /bandpass_noise_v1/hp_cut                 [1.0, 120.0]  default=60.5
  lp_cut                /bandpass_noise_v1/lp_cut                 [50.0, 1000.0]  default=525.0
[269/300] RandomSearch | bandpass_noise_v1 | p_loss=0.0216 | 19.9s | bandpass_noise_v1_JTFS_RandomSearch.pkl
[FaustParams] Loaded 2 parameter(s) from /cshome/asalimi/code/realtime_soundmatching/synths/build/bandpass_noise_v1_72d72c2706d7/bandpass_noise_v1.dsp.json
  hp_cut                /bandpass_noise_v1/hp_cut                 [1.0, 120.0]  default=60.5
  lp_cut                /bandpass_noise_v1/lp_cut                 [50.0, 1000.0]  default=525.0
[270/300] RandomSearch | bandpass_noise_v1 | p_loss=0.0379 | 20.8s | bandpass_noise_v1_JTFS_RandomSearch.pkl
[FaustParams] Loaded 2 parameter(s) from /cshome/asalimi/code/realtime_soundmatching/synths/build/bandpass_noise_v1_72d72c2706d7/bandpass_noise_v1.dsp.json
  hp_cut                /bandpass_noise_v1/hp_cut                 [1.0, 120.0]  default=60.5
  lp_cut                /bandpass_noise_v1/lp_cut                 [50.0, 1000.0]  default=525.0
[271/300] RandomSearch | bandpass_noise_v1 | p_loss=0.2722 | 20.2s | bandpass_noise_v1_JTFS_RandomSearch.pkl
[FaustParams] Loaded 2 parameter(s) from /cshome/asalimi/code/realtime_soundmatching/synths/build/bandpass_noise_v1_72d72c2706d7/bandpass_noise_v1.dsp.json
  hp_cut                /bandpass_noise_v1/hp_cut                 [1.0, 120.0]  default=60.5
  lp_cut                /bandpass_noise_v1/lp_cut                 [50.0, 1000.0]  default=525.0
[272/300] RandomSearch | bandpass_noise_v1 | p_loss=0.0713 | 20.1s | bandpass_noise_v1_JTFS_RandomSearch.pkl
[FaustParams] Loaded 2 parameter(s) from /cshome/asalimi/code/realtime_soundmatching/synths/build/bandpass_noise_v1_72d72c2706d7/bandpass_noise_v1.dsp.json
  hp_cut                /bandpass_noise_v1/hp_cut                 [1.0, 120.0]  default=60.5
  lp_cut                /bandpass_noise_v1/lp_cut                 [50.0, 1000.0]  default=525.0
[273/300] RandomSearch | bandpass_noise_v1 | p_loss=0.0386 | 19.9s | bandpass_noise_v1_JTFS_RandomSearch.pkl
[FaustParams] Loaded 2 parameter(s) from /cshome/asalimi/code/realtime_soundmatching/synths/build/bandpass_noise_v1_72d72c2706d7/bandpass_noise_v1.dsp.json
  hp_cut                /bandpass_noise_v1/hp_cut                 [1.0, 120.0]  default=60.5
  lp_cut                /bandpass_noise_v1/lp_cut                 [50.0, 1000.0]  default=525.0
[274/300] RandomSearch | bandpass_noise_v1 | p_loss=0.0738 | 20.5s | bandpass_noise_v1_JTFS_RandomSearch.pkl
[FaustParams] Loaded 2 parameter(s) from /cshome/asalimi/code/realtime_soundmatching/synths/build/bandpass_noise_v1_72d72c2706d7/bandpass_noise_v1.dsp.json
  hp_cut                /bandpass_noise_v1/hp_cut                 [1.0, 120.0]  default=60.5
  lp_cut                /bandpass_noise_v1/lp_cut                 [50.0, 1000.0]  default=525.0
[275/300] RandomSearch | bandpass_noise_v1 | p_loss=0.0294 | 19.8s | bandpass_noise_v1_JTFS_RandomSearch.pkl
[FaustParams] Loaded 2 parameter(s) from /cshome/asalimi/code/realtime_soundmatching/synths/build/bandpass_noise_v1_72d72c2706d7/bandpass_noise_v1.dsp.json
  hp_cut                /bandpass_noise_v1/hp_cut                 [1.0, 120.0]  default=60.5
  lp_cut                /bandpass_noise_v1/lp_cut                 [50.0, 1000.0]  default=525.0
[276/300] RandomSearch | bandpass_noise_v1 | p_loss=0.0520 | 19.4s | bandpass_noise_v1_JTFS_RandomSearch.pkl
[FaustParams] Loaded 2 parameter(s) from /cshome/asalimi/code/realtime_soundmatching/synths/build/bandpass_noise_v1_72d72c2706d7/bandpass_noise_v1.dsp.json
  hp_cut                /bandpass_noise_v1/hp_cut                 [1.0, 120.0]  default=60.5
  lp_cut                /bandpass_noise_v1/lp_cut                 [50.0, 1000.0]  default=525.0
[277/300] RandomSearch | bandpass_noise_v1 | p_loss=0.0246 | 19.6s | bandpass_noise_v1_JTFS_RandomSearch.pkl
[FaustParams] Loaded 2 parameter(s) from /cshome/asalimi/code/realtime_soundmatching/synths/build/bandpass_noise_v1_72d72c2706d7/bandpass_noise_v1.dsp.json
  hp_cut                /bandpass_noise_v1/hp_cut                 [1.0, 120.0]  default=60.5
  lp_cut                /bandpass_noise_v1/lp_cut                 [50.0, 1000.0]  default=525.0
[278/300] RandomSearch | bandpass_noise_v1 | p_loss=0.0413 | 19.8s | bandpass_noise_v1_JTFS_RandomSearch.pkl
[FaustParams] Loaded 2 parameter(s) from /cshome/asalimi/code/realtime_soundmatching/synths/build/bandpass_noise_v1_72d72c2706d7/bandpass_noise_v1.dsp.json
  hp_cut                /bandpass_noise_v1/hp_cut                 [1.0, 120.0]  default=60.5
  lp_cut                /bandpass_noise_v1/lp_cut                 [50.0, 1000.0]  default=525.0
[279/300] RandomSearch | bandpass_noise_v1 | p_loss=0.0621 | 19.7s | bandpass_noise_v1_JTFS_RandomSearch.pkl
[FaustParams] Loaded 2 parameter(s) from /cshome/asalimi/code/realtime_soundmatching/synths/build/bandpass_noise_v1_72d72c2706d7/bandpass_noise_v1.dsp.json
  hp_cut                /bandpass_noise_v1/hp_cut                 [1.0, 120.0]  default=60.5
  lp_cut                /bandpass_noise_v1/lp_cut                 [50.0, 1000.0]  default=525.0
[280/300] RandomSearch | bandpass_noise_v1 | p_loss=0.0122 | 18.8s | bandpass_noise_v1_JTFS_RandomSearch.pkl
[FaustParams] Loaded 2 parameter(s) from /cshome/asalimi/code/realtime_soundmatching/synths/build/bandpass_noise_v1_72d72c2706d7/bandpass_noise_v1.dsp.json
  hp_cut                /bandpass_noise_v1/hp_cut                 [1.0, 120.0]  default=60.5
  lp_cut                /bandpass_noise_v1/lp_cut                 [50.0, 1000.0]  default=525.0
[281/300] RandomSearch | bandpass_noise_v1 | p_loss=0.0685 | 19.3s | bandpass_noise_v1_JTFS_RandomSearch.pkl
[FaustParams] Loaded 2 parameter(s) from /cshome/asalimi/code/realtime_soundmatching/synths/build/bandpass_noise_v1_72d72c2706d7/bandpass_noise_v1.dsp.json
  hp_cut                /bandpass_noise_v1/hp_cut                 [1.0, 120.0]  default=60.5
  lp_cut                /bandpass_noise_v1/lp_cut                 [50.0, 1000.0]  default=525.0
[282/300] RandomSearch | bandpass_noise_v1 | p_loss=0.0329 | 20.2s | bandpass_noise_v1_JTFS_RandomSearch.pkl
[FaustParams] Loaded 2 parameter(s) from /cshome/asalimi/code/realtime_soundmatching/synths/build/bandpass_noise_v1_72d72c2706d7/bandpass_noise_v1.dsp.json
  hp_cut                /bandpass_noise_v1/hp_cut                 [1.0, 120.0]  default=60.5
  lp_cut                /bandpass_noise_v1/lp_cut                 [50.0, 1000.0]  default=525.0
[283/300] RandomSearch | bandpass_noise_v1 | p_loss=0.0352 | 20.7s | bandpass_noise_v1_JTFS_RandomSearch.pkl
[FaustParams] Loaded 2 parameter(s) from /cshome/asalimi/code/realtime_soundmatching/synths/build/bandpass_noise_v1_72d72c2706d7/bandpass_noise_v1.dsp.json
  hp_cut                /bandpass_noise_v1/hp_cut                 [1.0, 120.0]  default=60.5
  lp_cut                /bandpass_noise_v1/lp_cut                 [50.0, 1000.0]  default=525.0
[284/300] RandomSearch | bandpass_noise_v1 | p_loss=0.0148 | 19.3s | bandpass_noise_v1_JTFS_RandomSearch.pkl
[FaustParams] Loaded 2 parameter(s) from /cshome/asalimi/code/realtime_soundmatching/synths/build/bandpass_noise_v1_72d72c2706d7/bandpass_noise_v1.dsp.json
  hp_cut                /bandpass_noise_v1/hp_cut                 [1.0, 120.0]  default=60.5
  lp_cut                /bandpass_noise_v1/lp_cut                 [50.0, 1000.0]  default=525.0
[285/300] RandomSearch | bandpass_noise_v1 | p_loss=0.1144 | 21.1s | bandpass_noise_v1_JTFS_RandomSearch.pkl
[FaustParams] Loaded 2 parameter(s) from /cshome/asalimi/code/realtime_soundmatching/synths/build/bandpass_noise_v1_72d72c2706d7/bandpass_noise_v1.dsp.json
  hp_cut                /bandpass_noise_v1/hp_cut                 [1.0, 120.0]  default=60.5
  lp_cut                /bandpass_noise_v1/lp_cut                 [50.0, 1000.0]  default=525.0
[286/300] RandomSearch | bandpass_noise_v1 | p_loss=0.0373 | 19.9s | bandpass_noise_v1_JTFS_RandomSearch.pkl
[FaustParams] Loaded 2 parameter(s) from /cshome/asalimi/code/realtime_soundmatching/synths/build/bandpass_noise_v1_72d72c2706d7/bandpass_noise_v1.dsp.json
  hp_cut                /bandpass_noise_v1/hp_cut                 [1.0, 120.0]  default=60.5
  lp_cut                /bandpass_noise_v1/lp_cut                 [50.0, 1000.0]  default=525.0
[287/300] RandomSearch | bandpass_noise_v1 | p_loss=0.0059 | 20.0s | bandpass_noise_v1_JTFS_RandomSearch.pkl
[FaustParams] Loaded 2 parameter(s) from /cshome/asalimi/code/realtime_soundmatching/synths/build/bandpass_noise_v1_72d72c2706d7/bandpass_noise_v1.dsp.json
  hp_cut                /bandpass_noise_v1/hp_cut                 [1.0, 120.0]  default=60.5
  lp_cut                /bandpass_noise_v1/lp_cut                 [50.0, 1000.0]  default=525.0
[288/300] RandomSearch | bandpass_noise_v1 | p_loss=0.0050 | 19.5s | bandpass_noise_v1_JTFS_RandomSearch.pkl
[FaustParams] Loaded 2 parameter(s) from /cshome/asalimi/code/realtime_soundmatching/synths/build/bandpass_noise_v1_72d72c2706d7/bandpass_noise_v1.dsp.json
  hp_cut                /bandpass_noise_v1/hp_cut                 [1.0, 120.0]  default=60.5
  lp_cut                /bandpass_noise_v1/lp_cut                 [50.0, 1000.0]  default=525.0
[289/300] RandomSearch | bandpass_noise_v1 | p_loss=0.2315 | 19.7s | bandpass_noise_v1_JTFS_RandomSearch.pkl
[FaustParams] Loaded 2 parameter(s) from /cshome/asalimi/code/realtime_soundmatching/synths/build/bandpass_noise_v1_72d72c2706d7/bandpass_noise_v1.dsp.json
  hp_cut                /bandpass_noise_v1/hp_cut                 [1.0, 120.0]  default=60.5
  lp_cut                /bandpass_noise_v1/lp_cut                 [50.0, 1000.0]  default=525.0
[290/300] RandomSearch | bandpass_noise_v1 | p_loss=0.0128 | 20.8s | bandpass_noise_v1_JTFS_RandomSearch.pkl
[FaustParams] Loaded 2 parameter(s) from /cshome/asalimi/code/realtime_soundmatching/synths/build/bandpass_noise_v1_72d72c2706d7/bandpass_noise_v1.dsp.json
  hp_cut                /bandpass_noise_v1/hp_cut                 [1.0, 120.0]  default=60.5
  lp_cut                /bandpass_noise_v1/lp_cut                 [50.0, 1000.0]  default=525.0
[291/300] RandomSearch | bandpass_noise_v1 | p_loss=0.1640 | 20.3s | bandpass_noise_v1_JTFS_RandomSearch.pkl
[FaustParams] Loaded 2 parameter(s) from /cshome/asalimi/code/realtime_soundmatching/synths/build/bandpass_noise_v1_72d72c2706d7/bandpass_noise_v1.dsp.json
  hp_cut                /bandpass_noise_v1/hp_cut                 [1.0, 120.0]  default=60.5
  lp_cut                /bandpass_noise_v1/lp_cut                 [50.0, 1000.0]  default=525.0
[292/300] RandomSearch | bandpass_noise_v1 | p_loss=0.0191 | 19.5s | bandpass_noise_v1_JTFS_RandomSearch.pkl
[FaustParams] Loaded 2 parameter(s) from /cshome/asalimi/code/realtime_soundmatching/synths/build/bandpass_noise_v1_72d72c2706d7/bandpass_noise_v1.dsp.json
  hp_cut                /bandpass_noise_v1/hp_cut                 [1.0, 120.0]  default=60.5
  lp_cut                /bandpass_noise_v1/lp_cut                 [50.0, 1000.0]  default=525.0
[293/300] RandomSearch | bandpass_noise_v1 | p_loss=0.0365 | 20.3s | bandpass_noise_v1_JTFS_RandomSearch.pkl
[FaustParams] Loaded 2 parameter(s) from /cshome/asalimi/code/realtime_soundmatching/synths/build/bandpass_noise_v1_72d72c2706d7/bandpass_noise_v1.dsp.json
  hp_cut                /bandpass_noise_v1/hp_cut                 [1.0, 120.0]  default=60.5
  lp_cut                /bandpass_noise_v1/lp_cut                 [50.0, 1000.0]  default=525.0
[294/300] RandomSearch | bandpass_noise_v1 | p_loss=0.2038 | 20.9s | bandpass_noise_v1_JTFS_RandomSearch.pkl
[FaustParams] Loaded 2 parameter(s) from /cshome/asalimi/code/realtime_soundmatching/synths/build/bandpass_noise_v1_72d72c2706d7/bandpass_noise_v1.dsp.json
  hp_cut                /bandpass_noise_v1/hp_cut                 [1.0, 120.0]  default=60.5
  lp_cut                /bandpass_noise_v1/lp_cut                 [50.0, 1000.0]  default=525.0
[295/300] RandomSearch | bandpass_noise_v1 | p_loss=0.0115 | 21.2s | bandpass_noise_v1_JTFS_RandomSearch.pkl
[FaustParams] Loaded 2 parameter(s) from /cshome/asalimi/code/realtime_soundmatching/synths/build/bandpass_noise_v1_72d72c2706d7/bandpass_noise_v1.dsp.json
  hp_cut                /bandpass_noise_v1/hp_cut                 [1.0, 120.0]  default=60.5
  lp_cut                /bandpass_noise_v1/lp_cut                 [50.0, 1000.0]  default=525.0
[296/300] RandomSearch | bandpass_noise_v1 | p_loss=0.0521 | 19.9s | bandpass_noise_v1_JTFS_RandomSearch.pkl
[FaustParams] Loaded 2 parameter(s) from /cshome/asalimi/code/realtime_soundmatching/synths/build/bandpass_noise_v1_72d72c2706d7/bandpass_noise_v1.dsp.json
  hp_cut                /bandpass_noise_v1/hp_cut                 [1.0, 120.0]  default=60.5
  lp_cut                /bandpass_noise_v1/lp_cut                 [50.0, 1000.0]  default=525.0
[297/300] RandomSearch | bandpass_noise_v1 | p_loss=0.0277 | 20.5s | bandpass_noise_v1_JTFS_RandomSearch.pkl
[FaustParams] Loaded 2 parameter(s) from /cshome/asalimi/code/realtime_soundmatching/synths/build/bandpass_noise_v1_72d72c2706d7/bandpass_noise_v1.dsp.json
  hp_cut                /bandpass_noise_v1/hp_cut                 [1.0, 120.0]  default=60.5
  lp_cut                /bandpass_noise_v1/lp_cut                 [50.0, 1000.0]  default=525.0
[298/300] RandomSearch | bandpass_noise_v1 | p_loss=0.0991 | 19.6s | bandpass_noise_v1_JTFS_RandomSearch.pkl
[FaustParams] Loaded 2 parameter(s) from /cshome/asalimi/code/realtime_soundmatching/synths/build/bandpass_noise_v1_72d72c2706d7/bandpass_noise_v1.dsp.json
  hp_cut                /bandpass_noise_v1/hp_cut                 [1.0, 120.0]  default=60.5
  lp_cut                /bandpass_noise_v1/lp_cut                 [50.0, 1000.0]  default=525.0
[299/300] RandomSearch | bandpass_noise_v1 | p_loss=0.0926 | 19.5s | bandpass_noise_v1_JTFS_RandomSearch.pkl
[FaustParams] Loaded 2 parameter(s) from /cshome/asalimi/code/realtime_soundmatching/synths/build/bandpass_noise_v1_72d72c2706d7/bandpass_noise_v1.dsp.json
  hp_cut                /bandpass_noise_v1/hp_cut                 [1.0, 120.0]  default=60.5
  lp_cut                /bandpass_noise_v1/lp_cut                 [50.0, 1000.0]  default=525.0
[300/300] RandomSearch | bandpass_noise_v1 | p_loss=0.0318 | 20.5s | bandpass_noise_v1_JTFS_RandomSearch.pkl
Saved 300 trials to /cshome/asalimi/code/realtime_soundmatching/paper_experiments/results/bandpass_noise_v1_JTFS_RandomSearch.pkl
bandpass_noise_v1.dsp.json
  hp_cut                /bandpass_noise_v1/hp_cut                 [1.0, 120.0]  default=60.5
  lp_cut                /bandpass_noise_v1/lp_cut                 [50.0, 1000.0]  default=525.0
[285/300] RandomSearch | bandpass_noise_v1 | p_loss=0.1144 | 19.3s | bandpass_noise_v1_JTFS_RandomSearch.pkl
[FaustParams] Loaded 2 parameter(s) from /cshome/asalimi/code/realtime_soundmatching/synths/build/bandpass_noise_v1_72d72c2706d7/bandpass_noise_v1.dsp.json
  hp_cut                /bandpass_noise_v1/hp_cut                 [1.0, 120.0]  default=60.5
  lp_cut                /bandpass_noise_v1/lp_cut                 [50.0, 1000.0]  default=525.0
[286/300] RandomSearch | bandpass_noise_v1 | p_loss=0.0373 | 19.4s | bandpass_noise_v1_JTFS_RandomSearch.pkl
[FaustParams] Loaded 2 parameter(s) from /cshome/asalimi/code/realtime_soundmatching/synths/build/bandpass_noise_v1_72d72c2706d7/bandpass_noise_v1.dsp.json
  hp_cut                /bandpass_noise_v1/hp_cut                 [1.0, 120.0]  default=60.5
  lp_cut                /bandpass_noise_v1/lp_cut                 [50.0, 1000.0]  default=525.0
[287/300] RandomSearch | bandpass_noise_v1 | p_loss=0.0059 | 18.9s | bandpass_noise_v1_JTFS_RandomSearch.pkl
[FaustParams] Loaded 2 parameter(s) from /cshome/asalimi/code/realtime_soundmatching/synths/build/bandpass_noise_v1_72d72c2706d7/bandpass_noise_v1.dsp.json
  hp_cut                /bandpass_noise_v1/hp_cut                 [1.0, 120.0]  default=60.5
  lp_cut                /bandpass_noise_v1/lp_cut                 [50.0, 1000.0]  default=525.0
[288/300] RandomSearch | bandpass_noise_v1 | p_loss=0.0050 | 19.8s | bandpass_noise_v1_JTFS_RandomSearch.pkl
[FaustParams] Loaded 2 parameter(s) from /cshome/asalimi/code/realtime_soundmatching/synths/build/bandpass_noise_v1_72d72c2706d7/bandpass_noise_v1.dsp.json
  hp_cut                /bandpass_noise_v1/hp_cut                 [1.0, 120.0]  default=60.5
  lp_cut                /bandpass_noise_v1/lp_cut                 [50.0, 1000.0]  default=525.0
[289/300] RandomSearch | bandpass_noise_v1 | p_loss=0.2315 | 19.3s | bandpass_noise_v1_JTFS_RandomSearch.pkl
[FaustParams] Loaded 2 parameter(s) from /cshome/asalimi/code/realtime_soundmatching/synths/build/bandpass_noise_v1_72d72c2706d7/bandpass_noise_v1.dsp.json
  hp_cut                /bandpass_noise_v1/hp_cut                 [1.0, 120.0]  default=60.5
  lp_cut                /bandpass_noise_v1/lp_cut                 [50.0, 1000.0]  default=525.0
[290/300] RandomSearch | bandpass_noise_v1 | p_loss=0.0128 | 18.5s | bandpass_noise_v1_JTFS_RandomSearch.pkl
[FaustParams] Loaded 2 parameter(s) from /cshome/asalimi/code/realtime_soundmatching/synths/build/bandpass_noise_v1_72d72c2706d7/bandpass_noise_v1.dsp.json
  hp_cut                /bandpass_noise_v1/hp_cut                 [1.0, 120.0]  default=60.5
  lp_cut                /bandpass_noise_v1/lp_cut                 [50.0, 1000.0]  default=525.0
[291/300] RandomSearch | bandpass_noise_v1 | p_loss=0.1640 | 19.3s | bandpass_noise_v1_JTFS_RandomSearch.pkl
[FaustParams] Loaded 2 parameter(s) from /cshome/asalimi/code/realtime_soundmatching/synths/build/bandpass_noise_v1_72d72c2706d7/bandpass_noise_v1.dsp.json
  hp_cut                /bandpass_noise_v1/hp_cut                 [1.0, 120.0]  default=60.5
  lp_cut                /bandpass_noise_v1/lp_cut                 [50.0, 1000.0]  default=525.0
[292/300] RandomSearch | bandpass_noise_v1 | p_loss=0.0191 | 19.1s | bandpass_noise_v1_JTFS_RandomSearch.pkl
[FaustParams] Loaded 2 parameter(s) from /cshome/asalimi/code/realtime_soundmatching/synths/build/bandpass_noise_v1_72d72c2706d7/bandpass_noise_v1.dsp.json
  hp_cut                /bandpass_noise_v1/hp_cut                 [1.0, 120.0]  default=60.5
  lp_cut                /bandpass_noise_v1/lp_cut                 [50.0, 1000.0]  default=525.0
[293/300] RandomSearch | bandpass_noise_v1 | p_loss=0.0365 | 19.5s | bandpass_noise_v1_JTFS_RandomSearch.pkl
[FaustParams] Loaded 2 parameter(s) from /cshome/asalimi/code/realtime_soundmatching/synths/build/bandpass_noise_v1_72d72c2706d7/bandpass_noise_v1.dsp.json
  hp_cut                /bandpass_noise_v1/hp_cut                 [1.0, 120.0]  default=60.5
  lp_cut                /bandpass_noise_v1/lp_cut                 [50.0, 1000.0]  default=525.0
[294/300] RandomSearch | bandpass_noise_v1 | p_loss=0.2038 | 19.7s | bandpass_noise_v1_JTFS_RandomSearch.pkl
[FaustParams] Loaded 2 parameter(s) from /cshome/asalimi/code/realtime_soundmatching/synths/build/bandpass_noise_v1_72d72c2706d7/bandpass_noise_v1.dsp.json
  hp_cut                /bandpass_noise_v1/hp_cut                 [1.0, 120.0]  default=60.5
  lp_cut                /bandpass_noise_v1/lp_cut                 [50.0, 1000.0]  default=525.0
[295/300] RandomSearch | bandpass_noise_v1 | p_loss=0.0115 | 19.1s | bandpass_noise_v1_JTFS_RandomSearch.pkl
[FaustParams] Loaded 2 parameter(s) from /cshome/asalimi/code/realtime_soundmatching/synths/build/bandpass_noise_v1_72d72c2706d7/bandpass_noise_v1.dsp.json
  hp_cut                /bandpass_noise_v1/hp_cut                 [1.0, 120.0]  default=60.5
  lp_cut                /bandpass_noise_v1/lp_cut                 [50.0, 1000.0]  default=525.0
[296/300] RandomSearch | bandpass_noise_v1 | p_loss=0.0521 | 19.9s | bandpass_noise_v1_JTFS_RandomSearch.pkl
[FaustParams] Loaded 2 parameter(s) from /cshome/asalimi/code/realtime_soundmatching/synths/build/bandpass_noise_v1_72d72c2706d7/bandpass_noise_v1.dsp.json
  hp_cut                /bandpass_noise_v1/hp_cut                 [1.0, 120.0]  default=60.5
  lp_cut                /bandpass_noise_v1/lp_cut                 [50.0, 1000.0]  default=525.0
[297/300] RandomSearch | bandpass_noise_v1 | p_loss=0.0277 | 19.3s | bandpass_noise_v1_JTFS_RandomSearch.pkl
[FaustParams] Loaded 2 parameter(s) from /cshome/asalimi/code/realtime_soundmatching/synths/build/bandpass_noise_v1_72d72c2706d7/bandpass_noise_v1.dsp.json
  hp_cut                /bandpass_noise_v1/hp_cut                 [1.0, 120.0]  default=60.5
  lp_cut                /bandpass_noise_v1/lp_cut                 [50.0, 1000.0]  default=525.0
[298/300] RandomSearch | bandpass_noise_v1 | p_loss=0.0991 | 19.4s | bandpass_noise_v1_JTFS_RandomSearch.pkl
[FaustParams] Loaded 2 parameter(s) from /cshome/asalimi/code/realtime_soundmatching/synths/build/bandpass_noise_v1_72d72c2706d7/bandpass_noise_v1.dsp.json
  hp_cut                /bandpass_noise_v1/hp_cut                 [1.0, 120.0]  default=60.5
  lp_cut                /bandpass_noise_v1/lp_cut                 [50.0, 1000.0]  default=525.0
[299/300] RandomSearch | bandpass_noise_v1 | p_loss=0.0926 | 19.7s | bandpass_noise_v1_JTFS_RandomSearch.pkl
[FaustParams] Loaded 2 parameter(s) from /cshome/asalimi/code/realtime_soundmatching/synths/build/bandpass_noise_v1_72d72c2706d7/bandpass_noise_v1.dsp.json
  hp_cut                /bandpass_noise_v1/hp_cut                 [1.0, 120.0]  default=60.5
  lp_cut                /bandpass_noise_v1/lp_cut                 [50.0, 1000.0]  default=525.0
[300/300] RandomSearch | bandpass_noise_v1 | p_loss=0.0318 | 19.8s | bandpass_noise_v1_JTFS_RandomSearch.pkl
Saved 300 trials to /cshome/asalimi/code/realtime_soundmatching/paper_experiments/results/bandpass_noise_v1_JTFS_RandomSearch.pkl
