bandpass_noise_v1/L1_Spec/RandomSearch: 201 done, running 99 more → /cshome/asalimi/code/realtime_soundmatching/paper_experiments/results/bandpass_noise_v1_L1_Spec_RandomSearch.pkl
[FaustParams] Loaded 2 parameter(s) from /cshome/asalimi/code/realtime_soundmatching/synths/build/bandpass_noise_v1_72d72c2706d7/bandpass_noise_v1.dsp.json
  hp_cut                /bandpass_noise_v1/hp_cut                 [1.0, 120.0]  default=60.5
  lp_cut                /bandpass_noise_v1/lp_cut                 [50.0, 1000.0]  default=525.0
[202/300] RandomSearch | bandpass_noise_v1 | p_loss=0.1066 | 5.1s | bandpass_noise_v1_L1_Spec_RandomSearch.pkl
[FaustParams] Loaded 2 parameter(s) from /cshome/asalimi/code/realtime_soundmatching/synths/build/bandpass_noise_v1_72d72c2706d7/bandpass_noise_v1.dsp.json
  hp_cut                /bandpass_noise_v1/hp_cut                 [1.0, 120.0]  default=60.5
  lp_cut                /bandpass_noise_v1/lp_cut                 [50.0, 1000.0]  default=525.0
[203/300] RandomSearch | bandpass_noise_v1 | p_loss=0.0595 | 4.8s | bandpass_noise_v1_L1_Spec_RandomSearch.pkl
[FaustParams] Loaded 2 parameter(s) from /cshome/asalimi/code/realtime_soundmatching/synths/build/bandpass_noise_v1_72d72c2706d7/bandpass_noise_v1.dsp.json
  hp_cut                /bandpass_noise_v1/hp_cut                 [1.0, 120.0]  default=60.5
  lp_cut                /bandpass_noise_v1/lp_cut                 [50.0, 1000.0]  default=525.0
[204/300] RandomSearch | bandpass_noise_v1 | p_loss=0.0149 | 4.8s | bandpass_noise_v1_L1_Spec_RandomSearch.pkl
[FaustParams] Loaded 2 parameter(s) from /cshome/asalimi/code/realtime_soundmatching/synths/build/bandpass_noise_v1_72d72c2706d7/bandpass_noise_v1.dsp.json
  hp_cut                /bandpass_noise_v1/hp_cut                 [1.0, 120.0]  default=60.5
  lp_cut                /bandpass_noise_v1/lp_cut                 [50.0, 1000.0]  default=525.0
[205/300] RandomSearch | bandpass_noise_v1 | p_loss=0.0273 | 4.7s | bandpass_noise_v1_L1_Spec_RandomSearch.pkl
[FaustParams] Loaded 2 parameter(s) from /cshome/asalimi/code/realtime_soundmatching/synths/build/bandpass_noise_v1_72d72c2706d7/bandpass_noise_v1.dsp.json
  hp_cut                /bandpass_noise_v1/hp_cut                 [1.0, 120.0]  default=60.5
  lp_cut                /bandpass_noise_v1/lp_cut                 [50.0, 1000.0]  default=525.0
[206/300] RandomSearch | bandpass_noise_v1 | p_loss=0.0542 | 4.8s | bandpass_noise_v1_L1_Spec_RandomSearch.pkl
[FaustParams] Loaded 2 parameter(s) from /cshome/asalimi/code/realtime_soundmatching/synths/build/bandpass_noise_v1_72d72c2706d7/bandpass_noise_v1.dsp.json
  hp_cut                /bandpass_noise_v1/hp_cut                 [1.0, 120.0]  default=60.5
  lp_cut                /bandpass_noise_v1/lp_cut                 [50.0, 1000.0]  default=525.0
[207/300] RandomSearch | bandpass_noise_v1 | p_loss=0.0791 | 4.6s | bandpass_noise_v1_L1_Spec_RandomSearch.pkl
[FaustParams] Loaded 2 parameter(s) from /cshome/asalimi/code/realtime_soundmatching/synths/build/bandpass_noise_v1_72d72c2706d7/bandpass_noise_v1.dsp.json
  hp_cut                /bandpass_noise_v1/hp_cut                 [1.0, 120.0]  default=60.5
  lp_cut                /bandpass_noise_v1/lp_cut                 [50.0, 1000.0]  default=525.0
[208/300] RandomSearch | bandpass_noise_v1 | p_loss=0.0207 | 4.7s | bandpass_noise_v1_L1_Spec_RandomSearch.pkl
[FaustParams] Loaded 2 parameter(s) from /cshome/asalimi/code/realtime_soundmatching/synths/build/bandpass_noise_v1_72d72c2706d7/bandpass_noise_v1.dsp.json
  hp_cut                /bandpass_noise_v1/hp_cut                 [1.0, 120.0]  default=60.5
  lp_cut                /bandpass_noise_v1/lp_cut                 [50.0, 1000.0]  default=525.0
[209/300] RandomSearch | bandpass_noise_v1 | p_loss=0.0438 | 4.7s | bandpass_noise_v1_L1_Spec_RandomSearch.pkl
[FaustParams] Loaded 2 parameter(s) from /cshome/asalimi/code/realtime_soundmatching/synths/build/bandpass_noise_v1_72d72c2706d7/bandpass_noise_v1.dsp.json
  hp_cut                /bandpass_noise_v1/hp_cut                 [1.0, 120.0]  default=60.5
  lp_cut                /bandpass_noise_v1/lp_cut                 [50.0, 1000.0]  default=525.0
[210/300] RandomSearch | bandpass_noise_v1 | p_loss=0.0167 | 5.2s | bandpass_noise_v1_L1_Spec_RandomSearch.pkl
[FaustParams] Loaded 2 parameter(s) from /cshome/asalimi/code/realtime_soundmatching/synths/build/bandpass_noise_v1_72d72c2706d7/bandpass_noise_v1.dsp.json
  hp_cut                /bandpass_noise_v1/hp_cut                 [1.0, 120.0]  default=60.5
  lp_cut                /bandpass_noise_v1/lp_cut                 [50.0, 1000.0]  default=525.0
[211/300] RandomSearch | bandpass_noise_v1 | p_loss=0.0104 | 5.1s | bandpass_noise_v1_L1_Spec_RandomSearch.pkl
[FaustParams] Loaded 2 parameter(s) from /cshome/asalimi/code/realtime_soundmatching/synths/build/bandpass_noise_v1_72d72c2706d7/bandpass_noise_v1.dsp.json
  hp_cut                /bandpass_noise_v1/hp_cut                 [1.0, 120.0]  default=60.5
  lp_cut                /bandpass_noise_v1/lp_cut                 [50.0, 1000.0]  default=525.0
[212/300] RandomSearch | bandpass_noise_v1 | p_loss=0.0317 | 4.8s | bandpass_noise_v1_L1_Spec_RandomSearch.pkl
[FaustParams] Loaded 2 parameter(s) from /cshome/asalimi/code/realtime_soundmatching/synths/build/bandpass_noise_v1_72d72c2706d7/bandpass_noise_v1.dsp.json
  hp_cut                /bandpass_noise_v1/hp_cut                 [1.0, 120.0]  default=60.5
  lp_cut                /bandpass_noise_v1/lp_cut                 [50.0, 1000.0]  default=525.0
[213/300] RandomSearch | bandpass_noise_v1 | p_loss=0.1438 | 5.0s | bandpass_noise_v1_L1_Spec_RandomSearch.pkl
[FaustParams] Loaded 2 parameter(s) from /cshome/asalimi/code/realtime_soundmatching/synths/build/bandpass_noise_v1_72d72c2706d7/bandpass_noise_v1.dsp.json
  hp_cut                /bandpass_noise_v1/hp_cut                 [1.0, 120.0]  default=60.5
  lp_cut                /bandpass_noise_v1/lp_cut                 [50.0, 1000.0]  default=525.0
[214/300] RandomSearch | bandpass_noise_v1 | p_loss=0.0362 | 5.0s | bandpass_noise_v1_L1_Spec_RandomSearch.pkl
[FaustParams] Loaded 2 parameter(s) from /cshome/asalimi/code/realtime_soundmatching/synths/build/bandpass_noise_v1_72d72c2706d7/bandpass_noise_v1.dsp.json
  hp_cut                /bandpass_noise_v1/hp_cut                 [1.0, 120.0]  default=60.5
  lp_cut                /bandpass_noise_v1/lp_cut                 [50.0, 1000.0]  default=525.0
[215/300] RandomSearch | bandpass_noise_v1 | p_loss=0.0286 | 5.3s | bandpass_noise_v1_L1_Spec_RandomSearch.pkl
[FaustParams] Loaded 2 parameter(s) from /cshome/asalimi/code/realtime_soundmatching/synths/build/bandpass_noise_v1_72d72c2706d7/bandpass_noise_v1.dsp.json
  hp_cut                /bandpass_noise_v1/hp_cut                 [1.0, 120.0]  default=60.5
  lp_cut                /bandpass_noise_v1/lp_cut                 [50.0, 1000.0]  default=525.0
[216/300] RandomSearch | bandpass_noise_v1 | p_loss=0.0554 | 5.1s | bandpass_noise_v1_L1_Spec_RandomSearch.pkl
[FaustParams] Loaded 2 parameter(s) from /cshome/asalimi/code/realtime_soundmatching/synths/build/bandpass_noise_v1_72d72c2706d7/bandpass_noise_v1.dsp.json
  hp_cut                /bandpass_noise_v1/hp_cut                 [1.0, 120.0]  default=60.5
  lp_cut                /bandpass_noise_v1/lp_cut                 [50.0, 1000.0]  default=525.0
[217/300] RandomSearch | bandpass_noise_v1 | p_loss=0.0484 | 4.7s | bandpass_noise_v1_L1_Spec_RandomSearch.pkl
[[FaustParams] Loaded 2 parameter(s) from /cshome/asalimi/code/realtime_soundmatching/synths/build/bandpass_noise_v1_72d72c2706d7/bandpass_noise_v1.dsp.json
  hp_cut                /bandpass_noise_v1/hp_cut                 [1.0, 120.0]  default=60.5
  lp_cut                /bandpass_noise_v1/lp_cut                 [50.0, 1000.0]  default=525.0
[217/300] RandomSearch | bandpass_noise_v1 | p_loss=0.0484 | 5.5s | bandpass_noise_v1_L1_Spec_RandomSearch.pkl[[FaustParams] Loaded 2 parameter(s) from /cshome/asalimi/code/realtime_soundmatching/synths/build/bandpass_noise_v1_72d72c2706d7/bandpass_noise_v1.dsp.json
  hp_cut                /bandpass_noise_v1/hp_cut                 [1.0, 120.0]  default=60.5
  lp_cut                /bandpass_noise_v1/lp_cut                 [50.0, 1000.0]  default=525.0
[218/300] RandomSearch | bandpass_noise_v1 | p_loss=0.0144 | 5.4s | bandpass_noise_v1_L1_Spec_RandomSearch.pkl[[FaustParams] Loaded 2 parameter(s) from /cshome/asalimi/code/realtime_soundmatching/synths/build/bandpass_noise_v1_72d72c2706d7/bandpass_noise_v1.dsp.json
  hp_cut                /bandpass_noise_v1/hp_cut                 [1.0, 120.0]  default=60.5
  lp_cut                /bandpass_noise_v1/lp_cut                 [50.0, 1000.0]  default=525.0
[219/300] RandomSearch | bandpass_noise_v1 | p_loss=0.0167 | 5.6s | bandpass_noise_v1_L1_Spec_RandomSearch.pkl[[FaustParams] Loaded 2 parameter(s) from /cshome/asalimi/code/realtime_soundmatching/synths/build/bandpass_noise_v1_72d72c2706d7/bandpass_noise_v1.dsp.json
  hp_cut                /bandpass_noise_v1/hp_cut                 [1.0, 120.0]  default=60.5
  lp_cut                /bandpass_noise_v1/lp_cut                 [50.0, 1000.0]  default=525.0
[220/300] RandomSearch | bandpass_noise_v1 | p_loss=0.0838 | 5.3s | bandpass_noise_v1_L1_Spec_RandomSearch.pkl[[FaustParams] Loaded 2 parameter(s) from /cshome/asalimi/code/realtime_soundmatching/synths/build/bandpass_noise_v1_72d72c2706d7/bandpass_noise_v1.dsp.json
  hp_cut                /bandpass_noise_v1/hp_cut                 [1.0, 120.0]  default=60.5
  lp_cut                /bandpass_noise_v1/lp_cut                 [50.0, 1000.0]  default=525.0
[221/300] RandomSearch | bandpass_noise_v1 | p_loss=0.0206 | 5.3s | bandpass_noise_v1_L1_Spec_RandomSearch.pkl[[FaustParams] Loaded 2 parameter(s) from /cshome/asalimi/code/realtime_soundmatching/synths/build/bandpass_noise_v1_72d72c2706d7/bandpass_noise_v1.dsp.json
  hp_cut                /bandpass_noise_v1/hp_cut                 [1.0, 120.0]  default=60.5
  lp_cut                /bandpass_noise_v1/lp_cut                 [50.0, 1000.0]  default=525.0
[222/300] RandomSearch | bandpass_noise_v1 | p_loss=0.0428 | 5.2s | bandpass_noise_v1_L1_Spec_RandomSearch.pkl[[FaustParams] Loaded 2 parameter(s) from /cshome/asalimi/code/realtime_soundmatching/synths/build/bandpass_noise_v1_72d72c2706d7/bandpass_noise_v1.dsp.json
  hp_cut                /bandpass_noise_v1/hp_cut                 [1.0, 120.0]  default=60.5
  lp_cut                /bandpass_noise_v1/lp_cut                 [50.0, 1000.0]  default=525.0
[223/300] RandomSearch | bandpass_noise_v1 | p_loss=0.0352 | 5.2s | bandpass_noise_v1_L1_Spec_RandomSearch.pkl[[FaustParams] Loaded 2 parameter(s) from /cshome/asalimi/code/realtime_soundmatching/synths/build/bandpass_noise_v1_72d72c2706d7/bandpass_noise_v1.dsp.json
  hp_cut                /bandpass_noise_v1/hp_cut                 [1.0, 120.0]  default=60.5
  lp_cut                /bandpass_noise_v1/lp_cut                 [50.0, 1000.0]  default=525.0
[224/300] RandomSearch | bandpass_noise_v1 | p_loss=0.0161 | 5.3s | bandpass_noise_v1_L1_Spec_RandomSearch.pkl[[FaustParams] Loaded 2 parameter(s) from /cshome/asalimi/code/realtime_soundmatching/synths/build/bandpass_noise_v1_72d72c2706d7/bandpass_noise_v1.dsp.json
  hp_cut                /bandpass_noise_v1/hp_cut                 [1.0, 120.0]  default=60.5
  lp_cut                /bandpass_noise_v1/lp_cut                 [50.0, 1000.0]  default=525.0
[225/300] RandomSearch | bandpass_noise_v1 | p_loss=0.1095 | 5.6s | bandpass_noise_v1_L1_Spec_RandomSearch.pkl[[FaustParams] Loaded 2 parameter(s) from /cshome/asalimi/code/realtime_soundmatching/synths/build/bandpass_noise_v1_72d72c2706d7/bandpass_noise_v1.dsp.json
  hp_cut                /bandpass_noise_v1/hp_cut                 [1.0, 120.0]  default=60.5
  lp_cut                /bandpass_noise_v1/lp_cut                 [50.0, 1000.0]  default=525.0
[226/300] RandomSearch | bandpass_noise_v1 | p_loss=0.0429 | 5.4s | bandpass_noise_v1_L1_Spec_RandomSearch.pkl[[FaustParams] Loaded 2 parameter(s) from /cshome/asalimi/code/realtime_soundmatching/synths/build/bandpass_noise_v1_72d72c2706d7/bandpass_noise_v1.dsp.json
  hp_cut                /bandpass_noise_v1/hp_cut                 [1.0, 120.0]  default=60.5
  lp_cut                /bandpass_noise_v1/lp_cut                 [50.0, 1000.0]  default=525.0
[227/300] RandomSearch | bandpass_noise_v1 | p_loss=0.0038 | 5.7s | bandpass_noise_v1_L1_Spec_RandomSearch.pkl
[FaustParams] Loaded 2 parameter(s) from /cshome/asalimi/code/realtime_soundmatching/synths/build/bandpass_noise_v1_72d72c2706d7/bandpass_noise_v1.dsp.json
  hp_cut                /bandpass_noise_v1/hp_cut                 [1.0, 120.0]  default=60.5
  lp_cut                /bandpass_noise_v1/lp_cut                 [50.0, 1000.0]  default=525.0
[228/300] RandomSearch | bandpass_noise_v1 | p_loss=0.0257 | 5.8s | bandpass_noise_v1_L1_Spec_RandomSearch.pkl
[FaustParams] Loaded 2 parameter(s) from /cshome/asalimi/code/realtime_soundmatching/synths/build/bandpass_noise_v1_72d72c2706d7/bandpass_noise_v1.dsp.json
  hp_cut                /bandpass_noise_v1/hp_cut                 [1.0, 120.0]  default=60.5
  lp_cut                /bandpass_noise_v1/lp_cut                 [50.0, 1000.0]  default=525.0
[229/300] RandomSearch | bandpass_noise_v1 | p_loss=0.0432 | 5.4s | bandpass_noise_v1_L1_Spec_RandomSearch.pkl
[FaustParams] Loaded 2 parameter(s) from /cshome/asalimi/code/realtime_soundmatching/synths/build/bandpass_noise_v1_72d72c2706d7/bandpass_noise_v1.dsp.json
  hp_cut                /bandpass_noise_v1/hp_cut                 [1.0, 120.0]  default=60.5
  lp_cut                /bandpass_noise_v1/lp_cut                 [50.0, 1000.0]  default=525.0
[230/300] RandomSearch | bandpass_noise_v1 | p_loss=0.0223 | 5.6s | bandpass_noise_v1_L1_Spec_RandomSearch.pkl
[FaustParams] Loaded 2 parameter(s) from /cshome/asalimi/code/realtime_soundmatching/synths/build/bandpass_noise_v1_72d72c2706d7/bandpass_noise_v1.dsp.json
  hp_cut                /bandpass_noise_v1/hp_cut                 [1.0, 120.0]  default=60.5
  lp_cut                /bandpass_noise_v1/lp_cut                 [50.0, 1000.0]  default=525.0
[231/300] RandomSearch | bandpass_noise_v1 | p_loss=0.1027 | 5.7s | bandpass_noise_v1_L1_Spec_RandomSearch.pkl
[FaustParams] Loaded 2 parameter(s) from /cshome/asalimi/code/realtime_soundmatching/synths/build/bandpass_noise_v1_72d72c2706d7/bandpass_noise_v1.dsp.json
  hp_cut                /bandpass_noise_v1/hp_cut                 [1.0, 120.0]  default=60.5
  lp_cut                /bandpass_noise_v1/lp_cut                 [50.0, 1000.0]  default=525.0
[232/300] RandomSearch | bandpass_noise_v1 | p_loss=0.0889 | 5.7s | bandpass_noise_v1_L1_Spec_RandomSearch.pkl
[FaustParams] Loaded 2 parameter(s) from /cshome/asalimi/code/realtime_soundmatching/synths/build/bandpass_noise_v1_72d72c2706d7/bandpass_noise_v1.dsp.json
  hp_cut                /bandpass_noise_v1/hp_cut                 [1.0, 120.0]  default=60.5
  lp_cut                /bandpass_noise_v1/lp_cut                 [50.0, 1000.0]  default=525.0
[233/300] RandomSearch | bandpass_noise_v1 | p_loss=0.0154 | 5.5s | bandpass_noise_v1_L1_Spec_RandomSearch.pkl
[FaustParams] Loaded 2 parameter(s) from /cshome/asalimi/code/realtime_soundmatching/synths/build/bandpass_noise_v1_72d72c2706d7/bandpass_noise_v1.dsp.json
  hp_cut                /bandpass_noise_v1/hp_cut                 [1.0, 120.0]  default=60.5
  lp_cut                /bandpass_noise_v1/lp_cut                 [50.0, 1000.0]  default=525.0
[234/300] RandomSearch | bandpass_noise_v1 | p_loss=0.0236 | 6.0s | bandpass_noise_v1_L1_Spec_RandomSearch.pkl
[FaustParams] Loaded 2 parameter(s) from /cshome/asalimi/code/realtime_soundmatching/synths/build/bandpass_noise_v1_72d72c2706d7/bandpass_noise_v1.dsp.json
  hp_cut                /bandpass_noise_v1/hp_cut                 [1.0, 120.0]  default=60.5
  lp_cut                /bandpass_noise_v1/lp_cut                 [50.0, 1000.0]  default=525.0
[235/300] RandomSearch | bandpass_noise_v1 | p_loss=0.1606 | 5.2s | bandpass_noise_v1_L1_Spec_RandomSearch.pkl
[FaustParams] Loaded 2 parameter(s) from /cshome/asalimi/code/realtime_soundmatching/synths/build/bandpass_noise_v1_72d72c2706d7/bandpass_noise_v1.dsp.json
  hp_cut                /bandpass_noise_v1/hp_cut                 [1.0, 120.0]  default=60.5
  lp_cut                /bandpass_noise_v1/lp_cut                 [50.0, 1000.0]  default=525.0
[236/300] RandomSearch | bandpass_noise_v1 | p_loss=0.0432 | 5.3s | bandpass_noise_v1_L1_Spec_RandomSearch.pkl
[FaustParams] Loaded 2 parameter(s) from /cshome/asalimi/code/realtime_soundmatching/synths/build/bandpass_noise_v1_72d72c2706d7/bandpass_noise_v1.dsp.json
  hp_cut                /bandpass_noise_v1/hp_cut                 [1.0, 120.0]  default=60.5
  lp_cut                /bandpass_noise_v1/lp_cut                 [50.0, 1000.0]  default=525.0
[237/300] RandomSearch | bandpass_noise_v1 | p_loss=0.0672 | 5.2s | bandpass_noise_v1_L1_Spec_RandomSearch.pkl
[FaustParams] Loaded 2 parameter(s) from /cshome/asalimi/code/realtime_soundmatching/synths/build/bandpass_noise_v1_72d72c2706d7/bandpass_noise_v1.dsp.json
  hp_cut                /bandpass_noise_v1/hp_cut                 [1.0, 120.0]  default=60.5
  lp_cut                /bandpass_noise_v1/lp_cut                 [50.0, 1000.0]  default=525.0
[238/300] RandomSearch | bandpass_noise_v1 | p_loss=0.0862 | 5.3s | bandpass_noise_v1_L1_Spec_RandomSearch.pkl
[FaustParams] Loaded 2 parameter(s) from /cshome/asalimi/code/realtime_soundmatching/synths/build/bandpass_noise_v1_72d72c2706d7/bandpass_noise_v1.dsp.json
  hp_cut                /bandpass_noise_v1/hp_cut                 [1.0, 120.0]  default=60.5
  lp_cut                /bandpass_noise_v1/lp_cut                 [50.0, 1000.0]  default=525.0
[239/300] RandomSearch | bandpass_noise_v1 | p_loss=0.0254 | 5.5s | bandpass_noise_v1_L1_Spec_RandomSearch.pkl
[FaustParams] Loaded 2 parameter(s) from /cshome/asalimi/code/realtime_soundmatching/synths/build/bandpass_noise_v1_72d72c2706d7/bandpass_noise_v1.dsp.json
  hp_cut                /bandpass_noise_v1/hp_cut                 [1.0, 120.0]  default=60.5
  lp_cut                /bandpass_noise_v1/lp_cut                 [50.0, 1000.0]  default=525.0
[240/300] RandomSearch | bandpass_noise_v1 | p_loss=0.0454 | 5.2s | bandpass_noise_v1_L1_Spec_RandomSearch.pkl
[FaustParams] Loaded 2 parameter(s) from /cshome/asalimi/code/realtime_soundmatching/synths/build/bandpass_noise_v1_72d72c2706d7/bandpass_noise_v1.dsp.json
  hp_cut                /bandpass_noise_v1/hp_cut                 [1.0, 120.0]  default=60.5
  lp_cut                /bandpass_noise_v1/lp_cut                 [50.0, 1000.0]  default=525.0
[241/300] RandomSearch | bandpass_noise_v1 | p_loss=0.0848 | 5.3s | bandpass_noise_v1_L1_Spec_RandomSearch.pkl
[FaustParams] Loaded 2 parameter(s) from /cshome/asalimi/code/realtime_soundmatching/synths/build/bandpass_noise_v1_72d72c2706d7/bandpass_noise_v1.dsp.json
  hp_cut                /bandpass_noise_v1/hp_cut                 [1.0, 120.0]  default=60.5
  lp_cut                /bandpass_noise_v1/lp_cut                 [50.0, 1000.0]  default=525.0
[242/300] RandomSearch | bandpass_noise_v1 | p_loss=0.0697 | 5.5s | bandpass_noise_v1_L1_Spec_RandomSearch.pkl
[FaustParams] Loaded 2 parameter(s) from /cshome/asalimi/code/realtime_soundmatching/synths/build/bandpass_noise_v1_72d72c2706d7/bandpass_noise_v1.dsp.json
  hp_cut                /bandpass_noise_v1/hp_cut                 [1.0, 120.0]  default=60.5
  lp_cut                /bandpass_noise_v1/lp_cut                 [50.0, 1000.0]  default=525.0
[243/300] RandomSearch | bandpass_noise_v1 | p_loss=0.0393 | 5.4s | bandpass_noise_v1_L1_Spec_RandomSearch.pkl
[FaustParams] Loaded 2 parameter(s) from /cshome/asalimi/code/realtime_soundmatching/synths/build/bandpass_noise_v1_72d72c2706d7/bandpass_noise_v1.dsp.json
  hp_cut                /bandpass_noise_v1/hp_cut                 [1.0, 120.0]  default=60.5
  lp_cut                /bandpass_noise_v1/lp_cut                 [50.0, 1000.0]  default=525.0
[244/300] RandomSearch | bandpass_noise_v1 | p_loss=0.0348 | 5.5s | bandpass_noise_v1_L1_Spec_RandomSearch.pkl
[FaustParams] Loaded 2 parameter(s) from /cshome/asalimi/code/realtime_soundmatching/synths/build/bandpass_noise_v1_72d72c2706d7/bandpass_noise_v1.dsp.json
  hp_cut                /bandpass_noise_v1/hp_cut                 [1.0, 120.0]  default=60.5
  lp_cut                /bandpass_noise_v1/lp_cut                 [50.0, 1000.0]  default=525.0
[245/300] RandomSearch | bandpass_noise_v1 | p_loss=0.0415 | 5.3s | bandpass_noise_v1_L1_Spec_RandomSearch.pkl
[FaustParams] Loaded 2 parameter(s) from /cshome/asalimi/code/realtime_soundmatching/synths/build/bandpass_noise_v1_72d72c2706d7/bandpass_noise_v1.dsp.json
  hp_cut                /bandpass_noise_v1/hp_cut                 [1.0, 120.0]  default=60.5
  lp_cut                /bandpass_noise_v1/lp_cut                 [50.0, 1000.0]  default=525.0
[246/300] RandomSearch | bandpass_noise_v1 | p_loss=0.0112 | 5.4s | bandpass_noise_v1_L1_Spec_RandomSearch.pkl
[FaustParams] Loaded 2 parameter(s) from /cshome/asalimi/code/realtime_soundmatching/synths/build/bandpass_noise_v1_72d72c2706d7/bandpass_noise_v1.dsp.json
  hp_cut                /bandpass_noise_v1/hp_cut                 [1.0, 120.0]  default=60.5
  lp_cut                /bandpass_noise_v1/lp_cut                 [50.0, 1000.0]  default=525.0
[247/300] RandomSearch | bandpass_noise_v1 | p_loss=0.0318 | 5.9s | bandpass_noise_v1_L1_Spec_RandomSearch.pkl
[FaustParams] Loaded 2 parameter(s) from /cshome/asalimi/code/realtime_soundmatching/synths/build/bandpass_noise_v1_72d72c2706d7/bandpass_noise_v1.dsp.json
  hp_cut                /bandpass_noise_v1/hp_cut                 [1.0, 120.0]  default=60.5
  lp_cut                /bandpass_noise_v1/lp_cut                 [50.0, 1000.0]  default=525.0
[248/300] RandomSearch | bandpass_noise_v1 | p_loss=0.0084 | 5.6s | bandpass_noise_v1_L1_Spec_RandomSearch.pkl
[FaustParams] Loaded 2 parameter(s) from /cshome/asalimi/code/realtime_soundmatching/synths/build/bandpass_noise_v1_72d72c2706d7/bandpass_noise_v1.dsp.json
  hp_cut                /bandpass_noise_v1/hp_cut                 [1.0, 120.0]  default=60.5
  lp_cut                /bandpass_noise_v1/lp_cut                 [50.0, 1000.0]  default=525.0
[249/300] RandomSearch | bandpass_noise_v1 | p_loss=0.0447 | 5.4s | bandpass_noise_v1_L1_Spec_RandomSearch.pkl
[FaustParams] Loaded 2 parameter(s) from /cshome/asalimi/code/realtime_soundmatching/synths/build/bandpass_noise_v1_72d72c2706d7/bandpass_noise_v1.dsp.json
  hp_cut                /bandpass_noise_v1/hp_cut                 [1.0, 120.0]  default=60.5
  lp_cut                /bandpass_noise_v1/lp_cut                 [50.0, 1000.0]  default=525.0
[250/300] RandomSearch | bandpass_noise_v1 | p_loss=0.0200 | 5.0s | bandpass_noise_v1_L1_Spec_RandomSearch.pkl
[FaustParams] Loaded 2 parameter(s) from /cshome/asalimi/code/realtime_soundmatching/synths/build/bandpass_noise_v1_72d72c2706d7/bandpass_noise_v1.dsp.json
  hp_cut                /bandpass_noise_v1/hp_cut                 [1.0, 120.0]  default=60.5
  lp_cut                /bandpass_noise_v1/lp_cut                 [50.0, 1000.0]  default=525.0
[251/300] RandomSearch | bandpass_noise_v1 | p_loss=0.0552 | 5.1s | bandpass_noise_v1_L1_Spec_RandomSearch.pkl
[FaustParams] Loaded 2 parameter(s) from /cshome/asalimi/code/realtime_soundmatching/synths/build/bandpass_noise_v1_72d72c2706d7/bandpass_noise_v1.dsp.json
  hp_cut                /bandpass_noise_v1/hp_cut                 [1.0, 120.0]  default=60.5
  lp_cut                /bandpass_noise_v1/lp_cut                 [50.0, 1000.0]  default=525.0
[252/300] RandomSearch | bandpass_noise_v1 | p_loss=0.0332 | 5.1s | bandpass_noise_v1_L1_Spec_RandomSearch.pkl
[FaustParams] Loaded 2 parameter(s) from /cshome/asalimi/code/realtime_soundmatching/synths/build/bandpass_noise_v1_72d72c2706d7/bandpass_noise_v1.dsp.json
  hp_cut                /bandpass_noise_v1/hp_cut                 [1.0, 120.0]  default=60.5
  lp_cut                /bandpass_noise_v1/lp_cut                 [50.0, 1000.0]  default=525.0
[253/300] RandomSearch | bandpass_noise_v1 | p_loss=0.0526 | 5.1s | bandpass_noise_v1_L1_Spec_RandomSearch.pkl
[FaustParams] Loaded 2 parameter(s) from /cshome/asalimi/code/realtime_soundmatching/synths/build/bandpass_noise_v1_72d72c2706d7/bandpass_noise_v1.dsp.json
  hp_cut                /bandpass_noise_v1/hp_cut                 [1.0, 120.0]  default=60.5
  lp_cut                /bandpass_noise_v1/lp_cut                 [50.0, 1000.0]  default=525.0
[254/300] RandomSearch | bandpass_noise_v1 | p_loss=0.0304 | 5.0s | bandpass_noise_v1_L1_Spec_RandomSearch.pkl
[FaustParams] Loaded 2 parameter(s) from /cshome/asalimi/code/realtime_soundmatching/synths/build/bandpass_noise_v1_72d72c2706d7/bandpass_noise_v1.dsp.json
  hp_cut                /bandpass_noise_v1/hp_cut                 [1.0, 120.0]  default=60.5
  lp_cut                /bandpass_noise_v1/lp_cut                 [50.0, 1000.0]  default=525.0
[255/300] RandomSearch | bandpass_noise_v1 | p_loss=0.0894 | 5.0s | bandpass_noise_v1_L1_Spec_RandomSearch.pkl
[FaustParams] Loaded 2 parameter(s) from /cshome/asalimi/code/realtime_soundmatching/synths/build/bandpass_noise_v1_72d72c2706d7/bandpass_noise_v1.dsp.json
  hp_cut                /bandpass_noise_v1/hp_cut                 [1.0, 120.0]  default=60.5
  lp_cut                /bandpass_noise_v1/lp_cut                 [50.0, 1000.0]  default=525.0
[256/300] RandomSearch | bandpass_noise_v1 | p_loss=0.0201 | 5.1s | bandpass_noise_v1_L1_Spec_RandomSearch.pkl
[FaustParams] Loaded 2 parameter(s) from /cshome/asalimi/code/realtime_soundmatching/synths/build/bandpass_noise_v1_72d72c2706d7/bandpass_noise_v1.dsp.json
  hp_cut                /bandpass_noise_v1/hp_cut                 [1.0, 120.0]  default=60.5
  lp_cut                /bandpass_noise_v1/lp_cut                 [50.0, 1000.0]  default=525.0
[257/300] RandomSearch | bandpass_noise_v1 | p_loss=0.0525 | 5.4s | bandpass_noise_v1_L1_Spec_RandomSearch.pkl
[FaustParams] Loaded 2 parameter(s) from /cshome/asalimi/code/realtime_soundmatching/synths/build/bandpass_noise_v1_72d72c2706d7/bandpass_noise_v1.dsp.json
  hp_cut                /bandpass_noise_v1/hp_cut                 [1.0, 120.0]  default=60.5
  lp_cut                /bandpass_noise_v1/lp_cut                 [50.0, 1000.0]  default=525.0
[258/300] RandomSearch | bandpass_noise_v1 | p_loss=0.1106 | 5.5s | bandpass_noise_v1_L1_Spec_RandomSearch.pkl
[FaustParams] Loaded 2 parameter(s) from /cshome/asalimi/code/realtime_soundmatching/synths/build/bandpass_noise_v1_72d72c2706d7/bandpass_noise_v1.dsp.json
  hp_cut                /bandpass_noise_v1/hp_cut                 [1.0, 120.0]  default=60.5
  lp_cut                /bandpass_noise_v1/lp_cut                 [50.0, 1000.0]  default=525.0
[259/300] RandomSearch | bandpass_noise_v1 | p_loss=0.0227 | 5.2s | bandpass_noise_v1_L1_Spec_RandomSearch.pkl
[FaustParams] Loaded 2 parameter(s) from /cshome/asalimi/code/realtime_soundmatching/synths/build/bandpass_noise_v1_72d72c2706d7/bandpass_noise_v1.dsp.json
  hp_cut                /bandpass_noise_v1/hp_cut                 [1.0, 120.0]  default=60.5
  lp_cut                /bandpass_noise_v1/lp_cut                 [50.0, 1000.0]  default=525.0
[260/300] RandomSearch | bandpass_noise_v1 | p_loss=0.0157 | 5.3s | bandpass_noise_v1_L1_Spec_RandomSearch.pkl
[FaustParams] Loaded 2 parameter(s) from /cshome/asalimi/code/realtime_soundmatching/synths/build/bandpass_noise_v1_72d72c2706d7/bandpass_noise_v1.dsp.json
  hp_cut                /bandpass_noise_v1/hp_cut                 [1.0, 120.0]  default=60.5
  lp_cut                /bandpass_noise_v1/lp_cut                 [50.0, 1000.0]  default=525.0
[261/300] RandomSearch | bandpass_noise_v1 | p_loss=0.0173 | 5.4s | bandpass_noise_v1_L1_Spec_RandomSearch.pkl
[FaustParams] Loaded 2 parameter(s) from /cshome/asalimi/code/realtime_soundmatching/synths/build/bandpass_noise_v1_72d72c2706d7/bandpass_noise_v1.dsp.json
  hp_cut                /bandpass_noise_v1/hp_cut                 [1.0, 120.0]  default=60.5
  lp_cut                /bandpass_noise_v1/lp_cut                 [50.0, 1000.0]  default=525.0
[262/300] RandomSearch | bandpass_noise_v1 | p_loss=0.0251 | 5.3s | bandpass_noise_v1_L1_Spec_RandomSearch.pkl
[FaustParams] Loaded 2 parameter(s) from /cshome/asalimi/code/realtime_soundmatching/synths/build/bandpass_noise_v1_72d72c2706d7/bandpass_noise_v1.dsp.json
  hp_cut                /bandpass_noise_v1/hp_cut                 [1.0, 120.0]  default=60.5
  lp_cut                /bandpass_noise_v1/lp_cut                 [50.0, 1000.0]  default=525.0
[263/300] RandomSearch | bandpass_noise_v1 | p_loss=0.0173 | 5.2s | bandpass_noise_v1_L1_Spec_RandomSearch.pkl
[FaustParams] Loaded 2 parameter(s) from /cshome/asalimi/code/realtime_soundmatching/synths/build/bandpass_noise_v1_72d72c2706d7/bandpass_noise_v1.dsp.json
  hp_cut                /bandpass_noise_v1/hp_cut                 [1.0, 120.0]  default=60.5
  lp_cut                /bandpass_noise_v1/lp_cut                 [50.0, 1000.0]  default=525.0
[264/300] RandomSearch | bandpass_noise_v1 | p_loss=0.0478 | 5.3s | bandpass_noise_v1_L1_Spec_RandomSearch.pkl
[FaustParams] Loaded 2 parameter(s) from /cshome/asalimi/code/realtime_soundmatching/synths/build/bandpass_noise_v1_72d72c2706d7/bandpass_noise_v1.dsp.json
  hp_cut                /bandpass_noise_v1/hp_cut                 [1.0, 120.0]  default=60.5
  lp_cut                /bandpass_noise_v1/lp_cut                 [50.0, 1000.0]  default=525.0
[265/300] RandomSearch | bandpass_noise_v1 | p_loss=0.0672 | 4.8s | bandpass_noise_v1_L1_Spec_RandomSearch.pkl
[FaustParams] Loaded 2 parameter(s) from /cshome/asalimi/code/realtime_soundmatching/synths/build/bandpass_noise_v1_72d72c2706d7/bandpass_noise_v1.dsp.json
  hp_cut                /bandpass_noise_v1/hp_cut                 [1.0, 120.0]  default=60.5
  lp_cut                /bandpass_noise_v1/lp_cut                 [50.0, 1000.0]  default=525.0
[266/300] RandomSearch | bandpass_noise_v1 | p_loss=0.0106 | 5.1s | bandpass_noise_v1_L1_Spec_RandomSearch.pkl
[FaustParams] Loaded 2 parameter(s) from /cshome/asalimi/code/realtime_soundmatching/synths/build/bandpass_noise_v1_72d72c2706d7/bandpass_noise_v1.dsp.json
  hp_cut                /bandpass_noise_v1/hp_cut                 [1.0, 120.0]  default=60.5
  lp_cut                /bandpass_noise_v1/lp_cut                 [50.0, 1000.0]  default=525.0
[267/300] RandomSearch | bandpass_noise_v1 | p_loss=0.0286 | 5.4s | bandpass_noise_v1_L1_Spec_RandomSearch.pkl
[FaustParams] Loaded 2 parameter(s) from /cshome/asalimi/code/realtime_soundmatching/synths/build/bandpass_noise_v1_72d72c2706d7/bandpass_noise_v1.dsp.json
  hp_cut                /bandpass_noise_v1/hp_cut                 [1.0, 120.0]  default=60.5
  lp_cut                /bandpass_noise_v1/lp_cut                 [50.0, 1000.0]  default=525.0
[268/300] RandomSearch | bandpass_noise_v1 | p_loss=0.0310 | 5.1s | bandpass_noise_v1_L1_Spec_RandomSearch.pkl
[FaustParams] Loaded 2 parameter(s) from /cshome/asalimi/code/realtime_soundmatching/synths/build/bandpass_noise_v1_72d72c2706d7/bandpass_noise_v1.dsp.json
  hp_cut                /bandpass_noise_v1/hp_cut                 [1.0, 120.0]  default=60.5
  lp_cut                /bandpass_noise_v1/lp_cut                 [50.0, 1000.0]  default=525.0
[269/300] RandomSearch | bandpass_noise_v1 | p_loss=0.0216 | 5.0s | bandpass_noise_v1_L1_Spec_RandomSearch.pkl
[FaustParams] Loaded 2 parameter(s) from /cshome/asalimi/code/realtime_soundmatching/synths/build/bandpass_noise_v1_72d72c2706d7/bandpass_noise_v1.dsp.json
  hp_cut                /bandpass_noise_v1/hp_cut                 [1.0, 120.0]  default=60.5
  lp_cut                /bandpass_noise_v1/lp_cut                 [50.0, 1000.0]  default=525.0
[270/300] RandomSearch | bandpass_noise_v1 | p_loss=0.0379 | 5.2s | bandpass_noise_v1_L1_Spec_RandomSearch.pkl
[FaustParams] Loaded 2 parameter(s) from /cshome/asalimi/code/realtime_soundmatching/synths/build/bandpass_noise_v1_72d72c2706d7/bandpass_noise_v1.dsp.json
  hp_cut                /bandpass_noise_v1/hp_cut                 [1.0, 120.0]  default=60.5
  lp_cut                /bandpass_noise_v1/lp_cut                 [50.0, 1000.0]  default=525.0
[271/300] RandomSearch | bandpass_noise_v1 | p_loss=0.0289 | 5.0s | bandpass_noise_v1_L1_Spec_RandomSearch.pkl
[FaustParams] Loaded 2 parameter(s) from /cshome/asalimi/code/realtime_soundmatching/synths/build/bandpass_noise_v1_72d72c2706d7/bandpass_noise_v1.dsp.json
  hp_cut                /bandpass_noise_v1/hp_cut                 [1.0, 120.0]  default=60.5
  lp_cut                /bandpass_noise_v1/lp_cut                 [50.0, 1000.0]  default=525.0
[272/300] RandomSearch | bandpass_noise_v1 | p_loss=0.0454 | 5.1s | bandpass_noise_v1_L1_Spec_RandomSearch.pkl
[FaustParams] Loaded 2 parameter(s) from /cshome/asalimi/code/realtime_soundmatching/synths/build/bandpass_noise_v1_72d72c2706d7/bandpass_noise_v1.dsp.json
  hp_cut                /bandpass_noise_v1/hp_cut                 [1.0, 120.0]  default=60.5
  lp_cut                /bandpass_noise_v1/lp_cut                 [50.0, 1000.0]  default=525.0
[273/300] RandomSearch | bandpass_noise_v1 | p_loss=0.0168 | 5.2s | bandpass_noise_v1_L1_Spec_RandomSearch.pkl
[FaustParams] Loaded 2 parameter(s) from /cshome/asalimi/code/realtime_soundmatching/synths/build/bandpass_noise_v1_72d72c2706d7/bandpass_noise_v1.dsp.json
  hp_cut                /bandpass_noise_v1/hp_cut                 [1.0, 120.0]  default=60.5
  lp_cut                /bandpass_noise_v1/lp_cut                 [50.0, 1000.0]  default=525.0
[274/300] RandomSearch | bandpass_noise_v1 | p_loss=0.0341 | 5.1s | bandpass_noise_v1_L1_Spec_RandomSearch.pkl
[FaustParams] Loaded 2 parameter(s) from /cshome/asalimi/code/realtime_soundmatching/synths/build/bandpass_noise_v1_72d72c2706d7/bandpass_noise_v1.dsp.json
  hp_cut                /bandpass_noise_v1/hp_cut                 [1.0, 120.0]  default=60.5
  lp_cut                /bandpass_noise_v1/lp_cut                 [50.0, 1000.0]  default=525.0
[275/300] RandomSearch | bandpass_noise_v1 | p_loss=0.0400 | 5.4s | bandpass_noise_v1_L1_Spec_RandomSearch.pkl
[FaustParams] Loaded 2 parameter(s) from /cshome/asalimi/code/realtime_soundmatching/synths/build/bandpass_noise_v1_72d72c2706d7/bandpass_noise_v1.dsp.json
  hp_cut                /bandpass_noise_v1/hp_cut                 [1.0, 120.0]  default=60.5
  lp_cut                /bandpass_noise_v1/lp_cut                 [50.0, 1000.0]  default=525.0
[276/300] RandomSearch | bandpass_noise_v1 | p_loss=0.0648 | 4.9s | bandpass_noise_v1_L1_Spec_RandomSearch.pkl
[FaustParams] Loaded 2 parameter(s) from /cshome/asalimi/code/realtime_soundmatching/synths/build/bandpass_noise_v1_72d72c2706d7/bandpass_noise_v1.dsp.json
  hp_cut                /bandpass_noise_v1/hp_cut                 [1.0, 120.0]  default=60.5
  lp_cut                /bandpass_noise_v1/lp_cut                 [50.0, 1000.0]  default=525.0
[277/300] RandomSearch | bandpass_noise_v1 | p_loss=0.0430 | 5.0s | bandpass_noise_v1_L1_Spec_RandomSearch.pkl
[FaustParams] Loaded 2 parameter(s) from /cshome/asalimi/code/realtime_soundmatching/synths/build/bandpass_noise_v1_72d72c2706d7/bandpass_noise_v1.dsp.json
  hp_cut                /bandpass_noise_v1/hp_cut                 [1.0, 120.0]  default=60.5
  lp_cut                /bandpass_noise_v1/lp_cut                 [50.0, 1000.0]  default=525.0
[278/300] RandomSearch | bandpass_noise_v1 | p_loss=0.0626 | 5.0s | bandpass_noise_v1_L1_Spec_RandomSearch.pkl
[FaustParams] Loaded 2 parameter(s) from /cshome/asalimi/code/realtime_soundmatching/synths/build/bandpass_noise_v1_72d72c2706d7/bandpass_noise_v1.dsp.json
  hp_cut                /bandpass_noise_v1/hp_cut                 [1.0, 120.0]  default=60.5
  lp_cut                /bandpass_noise_v1/lp_cut                 [50.0, 1000.0]  default=525.0
[279/300] RandomSearch | bandpass_noise_v1 | p_loss=0.0621 | 5.0s | bandpass_noise_v1_L1_Spec_RandomSearch.pkl
[FaustParams] Loaded 2 parameter(s) from /cshome/asalimi/code/realtime_soundmatching/synths/build/bandpass_noise_v1_72d72c2706d7/bandpass_noise_v1.dsp.json
  hp_cut                /bandpass_noise_v1/hp_cut                 [1.0, 120.0]  default=60.5
  lp_cut                /bandpass_noise_v1/lp_cut                 [50.0, 1000.0]  default=525.0
[280/300] RandomSearch | bandpass_noise_v1 | p_loss=0.0122 | 5.0s | bandpass_noise_v1_L1_Spec_RandomSearch.pkl
[FaustParams] Loaded 2 parameter(s) from /cshome/asalimi/code/realtime_soundmatching/synths/build/bandpass_noise_v1_72d72c2706d7/bandpass_noise_v1.dsp.json
  hp_cut                /bandpass_noise_v1/hp_cut                 [1.0, 120.0]  default=60.5
  lp_cut                /bandpass_noise_v1/lp_cut                 [50.0, 1000.0]  default=525.0
[281/300] RandomSearch | bandpass_noise_v1 | p_loss=0.0166 | 4.9s | bandpass_noise_v1_L1_Spec_RandomSearch.pkl
[FaustParams] Loaded 2 parameter(s) from /cshome/asalimi/code/realtime_soundmatching/synths/build/bandpass_noise_v1_72d72c2706d7/bandpass_noise_v1.dsp.json
  hp_cut                /bandpass_noise_v1/hp_cut                 [1.0, 120.0]  default=60.5
  lp_cut                /bandpass_noise_v1/lp_cut                 [50.0, 1000.0]  default=525.0
[282/300] RandomSearch | bandpass_noise_v1 | p_loss=0.0329 | 5.1s | bandpass_noise_v1_L1_Spec_RandomSearch.pkl
[FaustParams] Loaded 2 parameter(s) from /cshome/asalimi/code/realtime_soundmatching/synths/build/bandpass_noise_v1_72d72c2706d7/bandpass_noise_v1.dsp.json
  hp_cut                /bandpass_noise_v1/hp_cut                 [1.0, 120.0]  default=60.5
  lp_cut                /bandpass_noise_v1/lp_cut                 [50.0, 1000.0]  default=525.0
[283/300] RandomSearch | bandpass_noise_v1 | p_loss=0.0232 | 4.9s | bandpass_noise_v1_L1_Spec_RandomSearch.pkl
[FaustParams] Loaded 2 parameter(s) from /cshome/asalimi/code/realtime_soundmatching/synths/build/bandpass_noise_v1_72d72c2706d7/bandpass_noise_v1.dsp.json
  hp_cut                /bandpass_noise_v1/hp_cut                 [1.0, 120.0]  default=60.5
  lp_cut                /bandpass_noise_v1/lp_cut                 [50.0, 1000.0]  default=525.0
[284/300] RandomSearch | bandpass_noise_v1 | p_loss=0.0148 | 5.0s | bandpass_noise_v1_L1_Spec_RandomSearch.pkl
[FaustParams] Loaded 2 parameter(s) from /cshome/asalimi/code/realtime_soundmatching/synths/build/bandpass_noise_v1_72d72c2706d7/bandpass_noise_v1.dsp.json
  hp_cut                /bandpass_noise_v1/hp_cut                 [1.0, 120.0]  default=60.5
  lp_cut                /bandpass_noise_v1/lp_cut                 [50.0, 1000.0]  default=525.0
[285/300] RandomSearch | bandpass_noise_v1 | p_loss=0.0647 | 5.1s | bandpass_noise_v1_L1_Spec_RandomSearch.pkl
[FaustParams] Loaded 2 parameter(s) from /cshome/asalimi/code/realtime_soundmatching/synths/build/bandpass_noise_v1_72d72c2706d7/bandpass_noise_v1.dsp.json
  hp_cut                /bandpass_noise_v1/hp_cut                 [1.0, 120.0]  default=60.5
  lp_cut                /bandpass_noise_v1/lp_cut                 [50.0, 1000.0]  default=525.0
[286/300] RandomSearch | bandpass_noise_v1 | p_loss=0.0225 | 5.2s | bandpass_noise_v1_L1_Spec_RandomSearch.pkl
[FaustParams] Loaded 2 parameter(s) from /cshome/asalimi/code/realtime_soundmatching/synths/build/bandpass_noise_v1_72d72c2706d7/bandpass_noise_v1.dsp.json
  hp_cut                /bandpass_noise_v1/hp_cut                 [1.0, 120.0]  default=60.5
  lp_cut                /bandpass_noise_v1/lp_cut                 [50.0, 1000.0]  default=525.0
[287/300] RandomSearch | bandpass_noise_v1 | p_loss=0.0059 | 5.1s | bandpass_noise_v1_L1_Spec_RandomSearch.pkl
[FaustParams] Loaded 2 parameter(s) from /cshome/asalimi/code/realtime_soundmatching/synths/build/bandpass_noise_v1_72d72c2706d7/bandpass_noise_v1.dsp.json
  hp_cut                /bandpass_noise_v1/hp_cut                 [1.0, 120.0]  default=60.5
  lp_cut                /bandpass_noise_v1/lp_cut                 [50.0, 1000.0]  default=525.0
[288/300] RandomSearch | bandpass_noise_v1 | p_loss=0.0050 | 5.0s | bandpass_noise_v1_L1_Spec_RandomSearch.pkl
[FaustParams] Loaded 2 parameter(s) from /cshome/asalimi/code/realtime_soundmatching/synths/build/bandpass_noise_v1_72d72c2706d7/bandpass_noise_v1.dsp.json
  hp_cut                /bandpass_noise_v1/hp_cut                 [1.0, 120.0]  default=60.5
  lp_cut                /bandpass_noise_v1/lp_cut                 [50.0, 1000.0]  default=525.0
[289/300] RandomSearch | bandpass_noise_v1 | p_loss=0.0505 | 4.9s | bandpass_noise_v1_L1_Spec_RandomSearch.pkl
[FaustParams] Loaded 2 parameter(s) from /cshome/asalimi/code/realtime_soundmatching/synths/build/bandpass_noise_v1_72d72c2706d7/bandpass_noise_v1.dsp.json
  hp_cut                /bandpass_noise_v1/hp_cut                 [1.0, 120.0]  default=60.5
  lp_cut                /bandpass_noise_v1/lp_cut                 [50.0, 1000.0]  default=525.0
[290/300] RandomSearch | bandpass_noise_v1 | p_loss=0.0128 | 5.3s | bandpass_noise_v1_L1_Spec_RandomSearch.pkl
[FaustParams] Loaded 2 parameter(s) from /cshome/asalimi/code/realtime_soundmatching/synths/build/bandpass_noise_v1_72d72c2706d7/bandpass_noise_v1.dsp.json
  hp_cut                /bandpass_noise_v1/hp_cut                 [1.0, 120.0]  default=60.5
  lp_cut                /bandpass_noise_v1/lp_cut                 [50.0, 1000.0]  default=525.0
[291/300] RandomSearch | bandpass_noise_v1 | p_loss=0.0760 | 5.0s | bandpass_noise_v1_L1_Spec_RandomSearch.pkl
[FaustParams] Loaded 2 parameter(s) from /cshome/asalimi/code/realtime_soundmatching/synths/build/bandpass_noise_v1_72d72c2706d7/bandpass_noise_v1.dsp.json
  hp_cut                /bandpass_noise_v1/hp_cut                 [1.0, 120.0]  default=60.5
  lp_cut                /bandpass_noise_v1/lp_cut                 [50.0, 1000.0]  default=525.0
[292/300] RandomSearch | bandpass_noise_v1 | p_loss=0.0191 | 4.7s | bandpass_noise_v1_L1_Spec_RandomSearch.pkl
[FaustParams] Loaded 2 parameter(s) from /cshome/asalimi/code/realtime_soundmatching/synths/build/bandpass_noise_v1_72d72c2706d7/bandpass_noise_v1.dsp.json
  hp_cut                /bandpass_noise_v1/hp_cut                 [1.0, 120.0]  default=60.5
  lp_cut                /bandpass_noise_v1/lp_cut                 [50.0, 1000.0]  default=525.0
[293/300] RandomSearch | bandpass_noise_v1 | p_loss=0.0365 | 5.3s | bandpass_noise_v1_L1_Spec_RandomSearch.pkl
[FaustParams] Loaded 2 parameter(s) from /cshome/asalimi/code/realtime_soundmatching/synths/build/bandpass_noise_v1_72d72c2706d7/bandpass_noise_v1.dsp.json
  hp_cut                /bandpass_noise_v1/hp_cut                 [1.0, 120.0]  default=60.5
  lp_cut                /bandpass_noise_v1/lp_cut                 [50.0, 1000.0]  default=525.0
[294/300] RandomSearch | bandpass_noise_v1 | p_loss=0.0411 | 5.1s | bandpass_noise_v1_L1_Spec_RandomSearch.pkl
[FaustParams] Loaded 2 parameter(s) from /cshome/asalimi/code/realtime_soundmatching/synths/build/bandpass_noise_v1_72d72c2706d7/bandpass_noise_v1.dsp.json
  hp_cut                /bandpass_noise_v1/hp_cut                 [1.0, 120.0]  default=60.5
  lp_cut                /bandpass_noise_v1/lp_cut                 [50.0, 1000.0]  default=525.0
[295/300] RandomSearch | bandpass_noise_v1 | p_loss=0.0115 | 5.0s | bandpass_noise_v1_L1_Spec_RandomSearch.pkl
[FaustParams] Loaded 2 parameter(s) from /cshome/asalimi/code/realtime_soundmatching/synths/build/bandpass_noise_v1_72d72c2706d7/bandpass_noise_v1.dsp.json
  hp_cut                /bandpass_noise_v1/hp_cut                 [1.0, 120.0]  default=60.5
  lp_cut                /bandpass_noise_v1/lp_cut                 [50.0, 1000.0]  default=525.0
[296/300] RandomSearch | bandpass_noise_v1 | p_loss=0.0199 | 4.7s | bandpass_noise_v1_L1_Spec_RandomSearch.pkl
[FaustParams] Loaded 2 parameter(s) from /cshome/asalimi/code/realtime_soundmatching/synths/build/bandpass_noise_v1_72d72c2706d7/bandpass_noise_v1.dsp.json
  hp_cut                /bandpass_noise_v1/hp_cut                 [1.0, 120.0]  default=60.5
  lp_cut                /bandpass_noise_v1/lp_cut                 [50.0, 1000.0]  default=525.0
[297/300] RandomSearch | bandpass_noise_v1 | p_loss=0.0230 | 4.7s | bandpass_noise_v1_L1_Spec_RandomSearch.pkl
[FaustParams] Loaded 2 parameter(s) from /cshome/asalimi/code/realtime_soundmatching/synths/build/bandpass_noise_v1_72d72c2706d7/bandpass_noise_v1.dsp.json
  hp_cut                /bandpass_noise_v1/hp_cut                 [1.0, 120.0]  default=60.5
  lp_cut                /bandpass_noise_v1/lp_cut                 [50.0, 1000.0]  default=525.0
[298/300] RandomSearch | bandpass_noise_v1 | p_loss=0.0519 | 4.8s | bandpass_noise_v1_L1_Spec_RandomSearch.pkl
[FaustParams] Loaded 2 parameter(s) from /cshome/asalimi/code/realtime_soundmatching/synths/build/bandpass_noise_v1_72d72c2706d7/bandpass_noise_v1.dsp.json
  hp_cut                /bandpass_noise_v1/hp_cut                 [1.0, 120.0]  default=60.5
  lp_cut                /bandpass_noise_v1/lp_cut                 [50.0, 1000.0]  default=525.0
[299/300] RandomSearch | bandpass_noise_v1 | p_loss=0.0565 | 4.9s | bandpass_noise_v1_L1_Spec_RandomSearch.pkl
[FaustParams] Loaded 2 parameter(s) from /cshome/asalimi/code/realtime_soundmatching/synths/build/bandpass_noise_v1_72d72c2706d7/bandpass_noise_v1.dsp.json
  hp_cut                /bandpass_noise_v1/hp_cut                 [1.0, 120.0]  default=60.5
  lp_cut                /bandpass_noise_v1/lp_cut                 [50.0, 1000.0]  default=525.0
[300/300] RandomSearch | bandpass_noise_v1 | p_loss=0.0318 | 4.9s | bandpass_noise_v1_L1_Spec_RandomSearch.pkl
Saved 300 trials to /cshome/asalimi/code/realtime_soundmatching/paper_experiments/results/bandpass_noise_v1_L1_Spec_RandomSearch.pkl
