bandpass_noise_v1/L1_Spec/CMA-ES: 242 done, running 58 more → /cshome/asalimi/code/realtime_soundmatching/paper_experiments/results/bandpass_noise_v1_L1_Spec_CMA-ES.pkl
[FaustParams] Loaded 2 parameter(s) from /cshome/asalimi/code/realtime_soundmatching/synths/build/bandpass_noise_v1_72d72c2706d7/bandpass_noise_v1.dsp.json
  hp_cut                /bandpass_noise_v1/hp_cut                 [1.0, 120.0]  default=60.5
  lp_cut                /bandpass_noise_v1/lp_cut                 [50.0, 1000.0]  default=525.0
[243/300] CMA-ES | bandpass_noise_v1 | p_loss=0.0003 | 5.5s | bandpass_noise_v1_L1_Spec_CMA-ES.pkl
[FaustParams] Loaded 2 parameter(s) from /cshome/asalimi/code/realtime_soundmatching/synths/build/bandpass_noise_v1_72d72c2706d7/bandpass_noise_v1.dsp.json
  hp_cut                /bandpass_noise_v1/hp_cut                 [1.0, 120.0]  default=60.5
  lp_cut                /bandpass_noise_v1/lp_cut                 [50.0, 1000.0]  default=525.0
[244/300] CMA-ES | bandpass_noise_v1 | p_loss=0.0004 | 5.4s | bandpass_noise_v1_L1_Spec_CMA-ES.pkl
[FaustParams] Loaded 2 parameter(s) from /cshome/asalimi/code/realtime_soundmatching/synths/build/bandpass_noise_v1_72d72c2706d7/bandpass_noise_v1.dsp.json
  hp_cut                /bandpass_noise_v1/hp_cut                 [1.0, 120.0]  default=60.5
  lp_cut                /bandpass_noise_v1/lp_cut                 [50.0, 1000.0]  default=525.0
[245/300] CMA-ES | bandpass_noise_v1 | p_loss=0.0002 | 5.4s | bandpass_noise_v1_L1_Spec_CMA-ES.pkl
[FaustParams] Loaded 2 parameter(s) from /cshome/asalimi/code/realtime_soundmatching/synths/build/bandpass_noise_v1_72d72c2706d7/bandpass_noise_v1.dsp.json
  hp_cut                /bandpass_noise_v1/hp_cut                 [1.0, 120.0]  default=60.5
  lp_cut                /bandpass_noise_v1/lp_cut                 [50.0, 1000.0]  default=525.0
[246/300] CMA-ES | bandpass_noise_v1 | p_loss=0.0006 | 5.3s | bandpass_noise_v1_L1_Spec_CMA-ES.pkl
[FaustParams] Loaded 2 parameter(s) from /cshome/asalimi/code/realtime_soundmatching/synths/build/bandpass_noise_v1_72d72c2706d7/bandpass_noise_v1.dsp.json
  hp_cut                /bandpass_noise_v1/hp_cut                 [1.0, 120.0]  default=60.5
  lp_cut                /bandpass_noise_v1/lp_cut                 [50.0, 1000.0]  default=525.0
[247/300] CMA-ES | bandpass_noise_v1 | p_loss=0.0020 | 5.2s | bandpass_noise_v1_L1_Spec_CMA-ES.pkl
[FaustParams] Loaded 2 parameter(s) from /cshome/asalimi/code/realtime_soundmatching/synths/build/bandpass_noise_v1_72d72c2706d7/bandpass_noise_v1.dsp.json
  hp_cut                /bandpass_noise_v1/hp_cut                 [1.0, 120.0]  default=60.5
  lp_cut                /bandpass_noise_v1/lp_cut                 [50.0, 1000.0]  default=525.0
[248/300] CMA-ES | bandpass_noise_v1 | p_loss=0.0009 | 5.6s | bandpass_noise_v1_L1_Spec_CMA-ES.pkl
[FaustParams] Loaded 2 parameter(s) from /cshome/asalimi/code/realtime_soundmatching/synths/build/bandpass_noise_v1_72d72c2706d7/bandpass_noise_v1.dsp.json
  hp_cut                /bandpass_noise_v1/hp_cut                 [1.0, 120.0]  default=60.5
  lp_cut                /bandpass_noise_v1/lp_cut                 [50.0, 1000.0]  default=525.0
[249/300] CMA-ES | bandpass_noise_v1 | p_loss=0.0003 | 5.3s | bandpass_noise_v1_L1_Spec_CMA-ES.pkl
[FaustParams] Loaded 2 parameter(s) from /cshome/asalimi/code/realtime_soundmatching/synths/build/bandpass_noise_v1_72d72c2706d7/bandpass_noise_v1.dsp.json
  hp_cut                /bandpass_noise_v1/hp_cut                 [1.0, 120.0]  default=60.5
  lp_cut                /bandpass_noise_v1/lp_cut                 [50.0, 1000.0]  default=525.0
[250/300] CMA-ES | bandpass_noise_v1 | p_loss=0.0051 | 5.2s | bandpass_noise_v1_L1_Spec_CMA-ES.pkl
[FaustParams] Loaded 2 parameter(s) from /cshome/asalimi/code/realtime_soundmatching/synths/build/bandpass_noise_v1_72d72c2706d7/bandpass_noise_v1.dsp.json
  hp_cut                /bandpass_noise_v1/hp_cut                 [1.0, 120.0]  default=60.5
  lp_cut                /bandpass_noise_v1/lp_cut                 [50.0, 1000.0]  default=525.0
[251/300] CMA-ES | bandpass_noise_v1 | p_loss=0.0013 | 5.3s | bandpass_noise_v1_L1_Spec_CMA-ES.pkl
[FaustParams] Loaded 2 parameter(s) from /cshome/asalimi/code/realtime_soundmatching/synths/build/bandpass_noise_v1_72d72c2706d7/bandpass_noise_v1.dsp.json
  hp_cut                /bandpass_noise_v1/hp_cut                 [1.0, 120.0]  default=60.5
  lp_cut                /bandpass_noise_v1/lp_cut                 [50.0, 1000.0]  default=525.0
[252/300] CMA-ES | bandpass_noise_v1 | p_loss=0.0015 | 5.4s | bandpass_noise_v1_L1_Spec_CMA-ES.pkl
[FaustParams] Loaded 2 parameter(s) from /cshome/asalimi/code/realtime_soundmatching/synths/build/bandpass_noise_v1_72d72c2706d7/bandpass_noise_v1.dsp.json
  hp_cut                /bandpass_noise_v1/hp_cut                 [1.0, 120.0]  default=60.5
  lp_cut                /bandpass_noise_v1/lp_cut                 [50.0, 1000.0]  default=525.0
[253/300] CMA-ES | bandpass_noise_v1 | p_loss=0.0010 | 5.4s | bandpass_noise_v1_L1_Spec_CMA-ES.pkl
[FaustParams] Loaded 2 parameter(s) from /cshome/asalimi/code/realtime_soundmatching/synths/build/bandpass_noise_v1_72d72c2706d7/bandpass_noise_v1.dsp.json
  hp_cut                /bandpass_noise_v1/hp_cut                 [1.0, 120.0]  default=60.5
  lp_cut                /bandpass_noise_v1/lp_cut                 [50.0, 1000.0]  default=525.0
[254/300] CMA-ES | bandpass_noise_v1 | p_loss=0.0090 | 5.8s | bandpass_noise_v1_L1_Spec_CMA-ES.pkl
[FaustParams] Loaded 2 parameter(s) from /cshome/asalimi/code/realtime_soundmatching/synths/build/bandpass_noise_v1_72d72c2706d7/bandpass_noise_v1.dsp.json
  hp_cut                /bandpass_noise_v1/hp_cut                 [1.0, 120.0]  default=60.5
  lp_cut                /bandpass_noise_v1/lp_cut                 [50.0, 1000.0]  default=525.0
[255/300] CMA-ES | bandpass_noise_v1 | p_loss=0.0006 | 5.4s | bandpass_noise_v1_L1_Spec_CMA-ES.pkl
[FaustParams] Loaded 2 parameter(s) from /cshome/asalimi/code/realtime_soundmatching/synths/build/bandpass_noise_v1_72d72c2706d7/bandpass_noise_v1.dsp.json
  hp_cut                /bandpass_noise_v1/hp_cut                 [1.0, 120.0]  default=60.5
  lp_cut                /bandpass_noise_v1/lp_cut                 [50.0, 1000.0]  default=525.0
[256/300] CMA-ES | bandpass_noise_v1 | p_loss=0.0002 | 5.8s | bandpass_noise_v1_L1_Spec_CMA-ES.pkl
[FaustParams] Loaded 2 parameter(s) from /cshome/asalimi/code/realtime_soundmatching/synths/build/bandpass_noise_v1_72d72c2706d7/bandpass_noise_v1.dsp.json
  hp_cut                /bandpass_noise_v1/hp_cut                 [1.0, 120.0]  default=60.5
  lp_cut                /bandpass_noise_v1/lp_cut                 [50.0, 1000.0]  default=525.0
[257/300] CMA-ES | bandpass_noise_v1 | p_loss=0.0001 | 5.4s | bandpass_noise_v1_L1_Spec_CMA-ES.pkl
[FaustParams] Loaded 2 parameter(s) from /cshome/asalimi/code/realtime_soundmatching/synths/build/bandpass_noise_v1_72d72c2706d7/bandpass_noise_v1.dsp.json
  hp_cut                /bandpass_noise_v1/hp_cut                 [1.0, 120.0]  default=60.5
  lp_cut                /bandpass_noise_v1/lp_cut                 [50.0, 1000.0]  default=525.0
[258/300] CMA-ES | bandpass_noise_v1 | p_loss=0.0002 | 5.3s | bandpass_noise_v1_L1_Spec_CMA-ES.pkl
[FaustParams] Loaded 2 parameter(s) from /cshome/asalimi/code/realtime_soundmatching/synths/build/bandpass_noise_v1_72d72c2706d7/bandpass_noise_v1.dsp.json
  hp_cut                /bandpass_noise_v1/hp_cut                 [1.0, 120.0]  default=60.5
  lp_cut                /bandpass_noise_v1/lp_cut                 [50.0, 1000.0]  default=525.0
[259/300] CMA-ES | bandpass_noise_v1 | p_loss=0.0032 | 5.3s | bandpass_noise_v1_L1_Spec_CMA-ES.pkl
[FaustParams] Loaded 2 parameter(s) from /cshome/asalimi/code/realtime_soundmatching/synths/build/bandpass_noise_v1_72d72c2706d7/bandpass_noise_v1.dsp.json
  hp_cut                /bandpass_noise_v1/hp_cut                 [1.0, 120.0]  default=60.5
  lp_cut                /bandpass_noise_v1/lp_cut                 [50.0, 1000.0]  default=525.0
[260/300] CMA-ES | bandpass_noise_v1 | p_loss=0.0001 | 5.8s | bandpass_noise_v1_L1_Spec_CMA-ES.pkl
[FaustParams] Loaded 2 parameter(s) from /cshome/asalimi/code/realtime_soundmatching/synths/build/bandpass_noise_v1_72d72c2706d7/bandpass_noise_v1.dsp.json
  hp_cut                /bandpass_noise_v1/hp_cut                 [1.0, 120.0]  default=60.5
  lp_cut                /bandpass_noise_v1/lp_cut                 [50.0, 1000.0]  default=525.0
[261/300] CMA-ES | bandpass_noise_v1 | p_loss=0.0001 | 5.4s | bandpass_noise_v1_L1_Spec_CMA-ES.pkl
[FaustParams] Loaded 2 parameter(s) from /cshome/asalimi/code/realtime_soundmatching/synths/build/bandpass_noise_v1_72d72c2706d7/bandpass_noise_v1.dsp.json
  hp_cut                /bandpass_noise_v1/hp_cut                 [1.0, 120.0]  default=60.5
  lp_cut                /bandpass_noise_v1/lp_cut                 [50.0, 1000.0]  default=525.0
[262/300] CMA-ES | bandpass_noise_v1 | p_loss=0.0007 | 5.5s | bandpass_noise_v1_L1_Spec_CMA-ES.pkl
[FaustParams] Loaded 2 parameter(s) from /cshome/asalimi/code/realtime_soundmatching/synths/build/bandpass_noise_v1_72d72c2706d7/bandpass_noise_v1.dsp.json
  hp_cut                /bandpass_noise_v1/hp_cut                 [1.0, 120.0]  default=60.5
  lp_cut                /bandpass_noise_v1/lp_cut                 [50.0, 1000.0]  default=525.0
[263/300] CMA-ES | bandpass_noise_v1 | p_loss=0.0001 | 5.6s | bandpass_noise_v1_L1_Spec_CMA-ES.pkl
[FaustParams] Loaded 2 parameter(s) from /cshome/asalimi/code/realtime_soundmatching/synths/build/bandpass_noise_v1_72d72c2706d7/bandpass_noise_v1.dsp.json
  hp_cut                /bandpass_noise_v1/hp_cut                 [1.0, 120.0]  default=60.5
  lp_cut                /bandpass_noise_v1/lp_cut                 [50.0, 1000.0]  default=525.0
[264/300] CMA-ES | bandpass_noise_v1 | p_loss=0.0013 | 5.7s | bandpass_noise_v1_L1_Spec_CMA-ES.pkl
[FaustParams] Loaded 2 parameter(s) from /cshome/asalimi/code/realtime_soundmatching/synths/build/bandpass_noise_v1_72d72c2706d7/bandpass_noise_v1.dsp.json
  hp_cut                /bandpass_noise_v1/hp_cut                 [1.0, 120.0]  default=60.5
  lp_cut                /bandpass_noise_v1/lp_cut                 [50.0, 1000.0]  default=525.0
[265/300] CMA-ES | bandpass_noise_v1 | p_loss=0.0001 | 5.6s | bandpass_noise_v1_L1_Spec_CMA-ES.pkl
[FaustParams] Loaded 2 parameter(s) from /cshome/asalimi/code/realtime_soundmatching/synths/build/bandpass_noise_v1_72d72c2706d7/bandpass_noise_v1.dsp.json
  hp_cut                /bandpass_noise_v1/hp_cut                 [1.0, 120.0]  default=60.5
  lp_cut                /bandpass_noise_v1/lp_cut                 [50.0, 1000.0]  default=525.0
[266/300] CMA-ES | bandpass_noise_v1 | p_loss=0.0001 | 5.4s | bandpass_noise_v1_L1_Spec_CMA-ES.pkl
[FaustParams] Loaded 2 parameter(s) from /cshome/asalimi/code/realtime_soundmatching/synths/build/bandpass_noise_v1_72d72c2706d7/bandpass_noise_v1.dsp.json
  hp_cut                /bandpass_noise_v1/hp_cut                 [1.0, 120.0]  default=60.5
  lp_cut                /bandpass_noise_v1/lp_cut                 [50.0, 1000.0]  default=525.0
[267/300] CMA-ES | bandpass_noise_v1 | p_loss=0.0008 | 5.2s | bandpass_noise_v1_L1_Spec_CMA-ES.pkl
[FaustParams] Loaded 2 parameter(s) from /cshome/asalimi/code/realtime_soundmatching/synths/build/bandpass_noise_v1_72d72c2706d7/bandpass_noise_v1.dsp.json
  hp_cut                /bandpass_noise_v1/hp_cut                 [1.0, 120.0]  default=60.5
  lp_cut                /bandpass_noise_v1/lp_cut                 [50.0, 1000.0]  default=525.0
[268/300] CMA-ES | bandpass_noise_v1 | p_loss=0.0078 | 6.0s | bandpass_noise_v1_L1_Spec_CMA-ES.pkl
[FaustParams] Loaded 2 parameter(s) from /cshome/asalimi/code/realtime_soundmatching/synths/build/bandpass_noise_v1_72d72c2706d7/bandpass_noise_v1.dsp.json
  hp_cut                /bandpass_noise_v1/hp_cut                 [1.0, 120.0]  default=60.5
  lp_cut                /bandpass_noise_v1/lp_cut                 [50.0, 1000.0]  default=525.0
[269/300] CMA-ES | bandpass_noise_v1 | p_loss=0.0002 | 5.5s | bandpass_noise_v1_L1_Spec_CMA-ES.pkl
[FaustParams] Loaded 2 parameter(s) from /cshome/asalimi/code/realtime_soundmatching/synths/build/bandpass_noise_v1_72d72c2706d7/bandpass_noise_v1.dsp.json
  hp_cut                /bandpass_noise_v1/hp_cut                 [1.0, 120.0]  default=60.5
  lp_cut                /bandpass_noise_v1/lp_cut                 [50.0, 1000.0]  default=525.0
[270/300] CMA-ES | bandpass_noise_v1 | p_loss=0.0038 | 5.5s | bandpass_noise_v1_L1_Spec_CMA-ES.pkl
[FaustParams] Loaded 2 parameter(s) from /cshome/asalimi/code/realtime_soundmatching/synths/build/bandpass_noise_v1_72d72c2706d7/bandpass_noise_v1.dsp.json
  hp_cut                /bandpass_noise_v1/hp_cut                 [1.0, 120.0]  default=60.5
  lp_cut                /bandpass_noise_v1/lp_cut                 [50.0, 1000.0]  default=525.0
[271/300] CMA-ES | bandpass_noise_v1 | p_loss=0.0003 | 5.5s | bandpass_noise_v1_L1_Spec_CMA-ES.pkl
[FaustParams] Loaded 2 parameter(s) from /cshome/asalimi/code/realtime_soundmatching/synths/build/bandpass_noise_v1_72d72c2706d7/bandpass_noise_v1.dsp.json
  hp_cut                /bandpass_noise_v1/hp_cut                 [1.0, 120.0]  default=60.5
  lp_cut                /bandpass_noise_v1/lp_cut                 [50.0, 1000.0]  default=525.0
[272/300] CMA-ES | bandpass_noise_v1 | p_loss=0.0002 | 5.4s | bandpass_noise_v1_L1_Spec_CMA-ES.pkl
[FaustParams] Loaded 2 parameter(s) from /cshome/asalimi/code/realtime_soundmatching/synths/build/bandpass_noise_v1_72d72c2706d7/bandpass_noise_v1.dsp.json
  hp_cut                /bandpass_noise_v1/hp_cut                 [1.0, 120.0]  default=60.5
  lp_cut                /bandpass_noise_v1/lp_cut                 [50.0, 1000.0]  default=525.0
[273/300] CMA-ES | bandpass_noise_v1 | p_loss=0.0038 | 5.8s | bandpass_noise_v1_L1_Spec_CMA-ES.pkl
[FaustParams] Loaded 2 parameter(s) from /cshome/asalimi/code/realtime_soundmatching/synths/build/bandpass_noise_v1_72d72c2706d7/bandpass_noise_v1.dsp.json
  hp_cut                /bandpass_noise_v1/hp_cut                 [1.0, 120.0]  default=60.5
  lp_cut                /bandpass_noise_v1/lp_cut                 [50.0, 1000.0]  default=525.0
[274/300] CMA-ES | bandpass_noise_v1 | p_loss=0.0001 | 5.5s | bandpass_noise_v1_L1_Spec_CMA-ES.pkl
[FaustParams] Loaded 2 parameter(s) from /cshome/asalimi/code/realtime_soundmatching/synths/build/bandpass_noise_v1_72d72c2706d7/bandpass_noise_v1.dsp.json
  hp_cut                /bandpass_noise_v1/hp_cut                 [1.0, 120.0]  default=60.5
  lp_cut                /bandpass_noise_v1/lp_cut                 [50.0, 1000.0]  default=525.0
[275/300] CMA-ES | bandpass_noise_v1 | p_loss=0.0032 | 5.4s | bandpass_noise_v1_L1_Spec_CMA-ES.pkl
[FaustParams] Loaded 2 parameter(s) from /cshome/asalimi/code/realtime_soundmatching/synths/build/bandpass_noise_v1_72d72c2706d7/bandpass_noise_v1.dsp.json
  hp_cut                /bandpass_noise_v1/hp_cut                 [1.0, 120.0]  default=60.5
  lp_cut                /bandpass_noise_v1/lp_cut                 [50.0, 1000.0]  default=525.0
[276/300] CMA-ES | bandpass_noise_v1 | p_loss=0.0002 | 5.5s | bandpass_noise_v1_L1_Spec_CMA-ES.pkl
[FaustParams] Loaded 2 parameter(s) from /cshome/asalimi/code/realtime_soundmatching/synths/build/bandpass_noise_v1_72d72c2706d7/bandpass_noise_v1.dsp.json
  hp_cut                /bandpass_noise_v1/hp_cut                 [1.0, 120.0]  default=60.5
  lp_cut                /bandpass_noise_v1/lp_cut                 [50.0, 1000.0]  default=525.0
[277/300] CMA-ES | bandpass_noise_v1 | p_loss=0.0003 | 5.5s | bandpass_noise_v1_L1_Spec_CMA-ES.pkl
[FaustParams] Loaded 2 parameter(s) from /cshome/asalimi/code/realtime_soundmatching/synths/build/bandpass_noise_v1_72d72c2706d7/bandpass_noise_v1.dsp.json
  hp_cut                /bandpass_noise_v1/hp_cut                 [1.0, 120.0]  default=60.5
  lp_cut                /bandpass_noise_v1/lp_cut                 [50.0, 1000.0]  default=525.0
[278/300] CMA-ES | bandpass_noise_v1 | p_loss=0.0011 | 5.4s | bandpass_noise_v1_L1_Spec_CMA-ES.pkl
[FaustParams] Loaded 2 parameter(s) from /cshome/asalimi/code/realtime_soundmatching/synths/build/bandpass_noise_v1_72d72c2706d7/bandpass_noise_v1.dsp.json
  hp_cut                /bandpass_noise_v1/hp_cut                 [1.0, 120.0]  default=60.5
  lp_cut                /bandpass_noise_v1/lp_cut                 [50.0, 1000.0]  default=525.0
[279/300] CMA-ES | bandpass_noise_v1 | p_loss=0.0001 | 5.5s | bandpass_noise_v1_L1_Spec_CMA-ES.pkl
[FaustParams] Loaded 2 parameter(s) from /cshome/asalimi/code/realtime_soundmatching/synths/build/bandpass_noise_v1_72d72c2706d7/bandpass_noise_v1.dsp.json
  hp_cut                /bandpass_noise_v1/hp_cut                 [1.0, 120.0]  default=60.5
  lp_cut                /bandpass_noise_v1/lp_cut                 [50.0, 1000.0]  default=525.0
[280/300] CMA-ES | bandpass_noise_v1 | p_loss=0.0004 | 5.4s | bandpass_noise_v1_L1_Spec_CMA-ES.pkl
[FaustParams] Loaded 2 parameter(s) from /cshome/asalimi/code/realtime_soundmatching/synths/build/bandpass_noise_v1_72d72c2706d7/bandpass_noise_v1.dsp.json
  hp_cut                /bandpass_noise_v1/hp_cut                 [1.0, 120.0]  default=60.5
  lp_cut                /bandpass_noise_v1/lp_cut                 [50.0, 1000.0]  default=525.0
[281/300] CMA-ES | bandpass_noise_v1 | p_loss=0.0004 | 5.6s | bandpass_noise_v1_L1_Spec_CMA-ES.pkl
[FaustParams] Loaded 2 parameter(s) from /cshome/asalimi/code/realtime_soundmatching/synths/build/bandpass_noise_v1_72d72c2706d7/bandpass_noise_v1.dsp.json
  hp_cut                /bandpass_noise_v1/hp_cut                 [1.0, 120.0]  default=60.5
  lp_cut                /bandpass_noise_v1/lp_cut                 [50.0, 1000.0]  default=525.0
[282/300] CMA-ES | bandpass_noise_v1 | p_loss=0.0004 | 5.6s | bandpass_noise_v1_L1_Spec_CMA-ES.pkl
[FaustParams] Loaded 2 parameter(s) from /cshome/asalimi/code/realtime_soundmatching/synths/build/bandpass_noise_v1_72d72c2706d7/bandpass_noise_v1.dsp.json
  hp_cut                /bandpass_noise_v1/hp_cut                 [1.0, 120.0]  default=60.5
  lp_cut                /bandpass_noise_v1/lp_cut                 [50.0, 1000.0]  default=525.0
[283/300] CMA-ES | bandpass_noise_v1 | p_loss=0.0018 | 5.2s | bandpass_noise_v1_L1_Spec_CMA-ES.pkl
[FaustParams] Loaded 2 parameter(s) from /cshome/asalimi/code/realtime_soundmatching/synths/build/bandpass_noise_v1_72d72c2706d7/bandpass_noise_v1.dsp.json
  hp_cut                /bandpass_noise_v1/hp_cut                 [1.0, 120.0]  default=60.5
  lp_cut                /bandpass_noise_v1/lp_cut                 [50.0, 1000.0]  default=525.0
[284/300] CMA-ES | bandpass_noise_v1 | p_loss=0.0008 | 5.6s | bandpass_noise_v1_L1_Spec_CMA-ES.pkl
[FaustParams] Loaded 2 parameter(s) from /cshome/asalimi/code/realtime_soundmatching/synths/build/bandpass_noise_v1_72d72c2706d7/bandpass_noise_v1.dsp.json
  hp_cut                /bandpass_noise_v1/hp_cut                 [1.0, 120.0]  default=60.5
  lp_cut                /bandpass_noise_v1/lp_cut                 [50.0, 1000.0]  default=525.0
[285/300] CMA-ES | bandpass_noise_v1 | p_loss=0.0006 | 5.5s | bandpass_noise_v1_L1_Spec_CMA-ES.pkl
[FaustParams] Loaded 2 parameter(s) from /cshome/asalimi/code/realtime_soundmatching/synths/build/bandpass_noise_v1_72d72c2706d7/bandpass_noise_v1.dsp.json
  hp_cut                /bandpass_noise_v1/hp_cut                 [1.0, 120.0]  default=60.5
  lp_cut                /bandpass_noise_v1/lp_cut                 [50.0, 1000.0]  default=525.0
[286/300] CMA-ES | bandpass_noise_v1 | p_loss=0.0001 | 5.6s | bandpass_noise_v1_L1_Spec_CMA-ES.pkl
[FaustParams] Loaded 2 parameter(s) from /cshome/asalimi/code/realtime_soundmatching/synths/build/bandpass_noise_v1_72d72c2706d7/bandpass_noise_v1.dsp.json
  hp_cut                /bandpass_noise_v1/hp_cut                 [1.0, 120.0]  default=60.5
  lp_cut                /bandpass_noise_v1/lp_cut                 [50.0, 1000.0]  default=525.0
[287/300] CMA-ES | bandpass_noise_v1 | p_loss=0.0005 | 5.4s | bandpass_noise_v1_L1_Spec_CMA-ES.pkl
[FaustParams] Loaded 2 parameter(s) from /cshome/asalimi/code/realtime_soundmatching/synths/build/bandpass_noise_v1_72d72c2706d7/bandpass_noise_v1.dsp.json
  hp_cut                /bandpass_noise_v1/hp_cut                 [1.0, 120.0]  default=60.5
  lp_cut                /bandpass_noise_v1/lp_cut                 [50.0, 1000.0]  default=525.0
[288/300] CMA-ES | bandpass_noise_v1 | p_loss=0.0002 | 5.4s | bandpass_noise_v1_L1_Spec_CMA-ES.pkl
[FaustParams] Loaded 2 parameter(s) from /cshome/asalimi/code/realtime_soundmatching/synths/build/bandpass_noise_v1_72d72c2706d7/bandpass_noise_v1.dsp.json
  hp_cut                /bandpass_noise_v1/hp_cut                 [1.0, 120.0]  default=60.5
  lp_cut                /bandpass_noise_v1/lp_cut                 [50.0, 1000.0]  default=525.0
[289/300] CMA-ES | bandpass_noise_v1 | p_loss=0.0006 | 5.6s | bandpass_noise_v1_L1_Spec_CMA-ES.pkl
[FaustParams] Loaded 2 parameter(s) from /cshome/asalimi/code/realtime_soundmatching/synths/build/bandpass_noise_v1_72d72c2706d7/bandpass_noise_v1.dsp.json
  hp_cut                /bandpass_noise_v1/hp_cut                 [1.0, 120.0]  default=60.5
  lp_cut                /bandpass_noise_v1/lp_cut                 [50.0, 1000.0]  default=525.0
[290/300] CMA-ES | bandpass_noise_v1 | p_loss=0.0006 | 5.4s | bandpass_noise_v1_L1_Spec_CMA-ES.pkl
[FaustParams] Loaded 2 parameter(s) from /cshome/asalimi/code/realtime_soundmatching/synths/build/bandpass_noise_v1_72d72c2706d7/bandpass_noise_v1.dsp.json
  hp_cut                /bandpass_noise_v1/hp_cut                 [1.0, 120.0]  default=60.5
  lp_cut                /bandpass_noise_v1/lp_cut                 [50.0, 1000.0]  default=525.0
[291/300] CMA-ES | bandpass_noise_v1 | p_loss=0.0004 | 5.7s | bandpass_noise_v1_L1_Spec_CMA-ES.pkl
[FaustParams] Loaded 2 parameter(s) from /cshome/asalimi/code/realtime_soundmatching/synths/build/bandpass_noise_v1_72d72c2706d7/bandpass_noise_v1.dsp.json
  hp_cut                /bandpass_noise_v1/hp_cut                 [1.0, 120.0]  default=60.5
  lp_cut                /bandpass_noise_v1/lp_cut                 [50.0, 1000.0]  default=525.0
[292/300] CMA-ES | bandpass_noise_v1 | p_loss=0.0001 | 5.5s | bandpass_noise_v1_L1_Spec_CMA-ES.pkl
[FaustParams] Loaded 2 parameter(s) from /cshome/asalimi/code/realtime_soundmatching/synths/build/bandpass_noise_v1_72d72c2706d7/bandpass_noise_v1.dsp.json
  hp_cut                /bandpass_noise_v1/hp_cut                 [1.0, 120.0]  default=60.5
  lp_cut                /bandpass_noise_v1/lp_cut                 [50.0, 1000.0]  default=525.0
[293/300] CMA-ES | bandpass_noise_v1 | p_loss=0.0000 | 5.8s | bandpass_noise_v1_L1_Spec_CMA-ES.pkl
[FaustParams] Loaded 2 parameter(s) from /cshome/asalimi/code/realtime_soundmatching/synths/build/bandpass_noise_v1_72d72c2706d7/bandpass_noise_v1.dsp.json
  hp_cut                /bandpass_noise_v1/hp_cut                 [1.0, 120.0]  default=60.5
  lp_cut                /bandpass_noise_v1/lp_cut                 [50.0, 1000.0]  default=525.0
[294/300] CMA-ES | bandpass_noise_v1 | p_loss=0.0016 | 5.6s | bandpass_noise_v1_L1_Spec_CMA-ES.pkl
[FaustParams] Loaded 2 parameter(s) from /cshome/asalimi/code/realtime_soundmatching/synths/build/bandpass_noise_v1_72d72c2706d7/bandpass_noise_v1.dsp.json
  hp_cut                /bandpass_noise_v1/hp_cut                 [1.0, 120.0]  default=60.5
  lp_cut                /bandpass_noise_v1/lp_cut                 [50.0, 1000.0]  default=525.0
[295/300] CMA-ES | bandpass_noise_v1 | p_loss=0.0002 | 5.4s | bandpass_noise_v1_L1_Spec_CMA-ES.pkl
[FaustParams] Loaded 2 parameter(s) from /cshome/asalimi/code/realtime_soundmatching/synths/build/bandpass_noise_v1_72d72c2706d7/bandpass_noise_v1.dsp.json
  hp_cut                /bandpass_noise_v1/hp_cut                 [1.0, 120.0]  default=60.5
  lp_cut                /bandpass_noise_v1/lp_cut                 [50.0, 1000.0]  default=525.0
[296/300] CMA-ES | bandpass_noise_v1 | p_loss=0.0002 | 5.4s | bandpass_noise_v1_L1_Spec_CMA-ES.pkl
[FaustParams] Loaded 2 parameter(s) from /cshome/asalimi/code/realtime_soundmatching/synths/build/bandpass_noise_v1_72d72c2706d7/bandpass_noise_v1.dsp.json
  hp_cut                /bandpass_noise_v1/hp_cut                 [1.0, 120.0]  default=60.5
  lp_cut                /bandpass_noise_v1/lp_cut                 [50.0, 1000.0]  default=525.0
[297/300] CMA-ES | bandpass_noise_v1 | p_loss=0.0001 | 5.4s | bandpass_noise_v1_L1_Spec_CMA-ES.pkl
[FaustParams] Loaded 2 parameter(s) from /cshome/asalimi/code/realtime_soundmatching/synths/build/bandpass_noise_v1_72d72c2706d7/bandpass_noise_v1.dsp.json
  hp_cut                /bandpass_noise_v1/hp_cut                 [1.0, 120.0]  default=60.5
  lp_cut                /bandpass_noise_v1/lp_cut                 [50.0, 1000.0]  default=525.0
[298/300] CMA-ES | bandpass_noise_v1 | p_loss=0.0000 | 5.6s | bandpass_noise_v1_L1_Spec_CMA-ES.pkl
[FaustParams] Loaded 2 parameter(s) from /cshome/asalimi/code/realtime_soundmatching/synths/build/bandpass_noise_v1_72d72c2706d7/bandpass_noise_v1.dsp.json
  hp_cut                /bandpass_noise_v1/hp_cut                 [1.0, 120.0]  default=60.5
  lp_cut                /bandpass_noise_v1/lp_cut                 [50.0, 1000.0]  default=525.0
[299/300] CMA-ES | bandpass_noise_v1 | p_loss=0.0004 | 5.7s | bandpass_noise_v1_L1_Spec_CMA-ES.pkl
[FaustParams] Loaded 2 parameter(s) from /cshome/asalimi/code/realtime_soundmatching/synths/build/bandpass_noise_v1_72d72c2706d7/bandpass_noise_v1.dsp.json
  hp_cut                /bandpass_noise_v1/hp_cut                 [1.0, 120.0]  default=60.5
  lp_cut                /bandpass_noise_v1/lp_cut                 [50.0, 1000.0]  default=525.0
[300/300] CMA-ES | bandpass_noise_v1 | p_loss=0.0010 | 5.5s | bandpass_noise_v1_L1_Spec_CMA-ES.pkl
Saved 300 trials to /cshome/asalimi/code/realtime_soundmatching/paper_experiments/results/bandpass_noise_v1_L1_Spec_CMA-ES.pkl
