bandpass_noise_v1/DTW_Envelope/RandomSearch: 95 done, running 205 more → /cshome/asalimi/code/realtime_soundmatching/paper_experiments/results/bandpass_noise_v1_DTW_Envelope_RandomSearch.pkl
[FaustParams] Loaded 2 parameter(s) from /cshome/asalimi/code/realtime_soundmatching/synths/build/bandpass_noise_v1_72d72c2706d7/bandpass_noise_v1.dsp.json
  hp_cut                /bandpass_noise_v1/hp_cut                 [1.0, 120.0]  default=60.5
  lp_cut                /bandpass_noise_v1/lp_cut                 [50.0, 1000.0]  default=525.0
[96/300] RandomSearch | bandpass_noise_v1 | p_loss=0.0270 | 59.6s | bandpass_noise_v1_DTW_Envelope_RandomSearch.pkl
[FaustParams] Loaded 2 parameter(s) from /cshome/asalimi/code/realtime_soundmatching/synths/build/bandpass_noise_v1_72d72c2706d7/bandpass_noise_v1.dsp.json
  hp_cut                /bandpass_noise_v1/hp_cut                 [1.0, 120.0]  default=60.5
  lp_cut                /bandpass_noise_v1/lp_cut                 [50.0, 1000.0]  default=525.0
[97/300] RandomSearch | bandpass_noise_v1 | p_loss=0.2664 | 59.0s | bandpass_noise_v1_DTW_Envelope_RandomSearch.pkl
[FaustParams] Loaded 2 parameter(s) from /cshome/asalimi/code/realtime_soundmatching/synths/build/bandpass_noise_v1_72d72c2706d7/bandpass_noise_v1.dsp.json
  hp_cut                /bandpass_noise_v1/hp_cut                 [1.0, 120.0]  default=60.5
  lp_cut                /bandpass_noise_v1/lp_cut                 [50.0, 1000.0]  default=525.0
[98/300] RandomSearch | bandpass_noise_v1 | p_loss=0.1284 | 59.9s | bandpass_noise_v1_DTW_Envelope_RandomSearch.pkl
[FaustParams] Loaded 2 parameter(s) from /cshome/asalimi/code/realtime_soundmatching/synths/build/bandpass_noise_v1_72d72c2706d7/bandpass_noise_v1.dsp.json
  hp_cut                /bandpass_noise_v1/hp_cut                 [1.0, 120.0]  default=60.5
  lp_cut                /bandpass_noise_v1/lp_cut                 [50.0, 1000.0]  default=525.0
[99/300] RandomSearch | bandpass_noise_v1 | p_loss=0.2991 | 60.3s | bandpass_noise_v1_DTW_Envelope_RandomSearch.pkl
[FaustParams] Loaded 2 parameter(s) from /cshome/asalimi/code/realtime_soundmatching/synths/build/bandpass_noise_v1_72d72c2706d7/bandpass_noise_v1.dsp.json
  hp_cut                /bandpass_noise_v1/hp_cut                 [1.0, 120.0]  default=60.5
  lp_cut                /bandpass_noise_v1/lp_cut                 [50.0, 1000.0]  default=525.0
[100/300] RandomSearch | bandpass_noise_v1 | p_loss=0.0094 | 59.6s | bandpass_noise_v1_DTW_Envelope_RandomSearch.pkl
[FaustParams] Loaded 2 parameter(s) from /cshome/asalimi/code/realtime_soundmatching/synths/build/bandpass_noise_v1_72d72c2706d7/bandpass_noise_v1.dsp.json
  hp_cut                /bandpass_noise_v1/hp_cut                 [1.0, 120.0]  default=60.5
  lp_cut                /bandpass_noise_v1/lp_cut                 [50.0, 1000.0]  default=525.0
[101/300] RandomSearch | bandpass_noise_v1 | p_loss=0.0834 | 59.8s | bandpass_noise_v1_DTW_Envelope_RandomSearch.pkl
[FaustParams] Loaded 2 parameter(s) from /cshome/asalimi/code/realtime_soundmatching/synths/build/bandpass_noise_v1_72d72c2706d7/bandpass_noise_v1.dsp.json
  hp_cut                /bandpass_noise_v1/hp_cut                 [1.0, 120.0]  default=60.5
  lp_cut                /bandpass_noise_v1/lp_cut                 [50.0, 1000.0]  default=525.0
[102/300] RandomSearch | bandpass_noise_v1 | p_loss=0.0246 | 60.4s | bandpass_noise_v1_DTW_Envelope_RandomSearch.pkl
[FaustParams] Loaded 2 parameter(s) from /cshome/asalimi/code/realtime_soundmatching/synths/build/bandpass_noise_v1_72d72c2706d7/bandpass_noise_v1.dsp.json
  hp_cut                /bandpass_noise_v1/hp_cut                 [1.0, 120.0]  default=60.5
  lp_cut                /bandpass_noise_v1/lp_cut                 [50.0, 1000.0]  default=525.0
[103/300] RandomSearch | bandpass_noise_v1 | p_loss=0.5650 | 59.6s | bandpass_noise_v1_DTW_Envelope_RandomSearch.pkl
[FaustParams] Loaded 2 parameter(s) from /cshome/asalimi/code/realtime_soundmatching/synths/build/bandpass_noise_v1_72d72c2706d7/bandpass_noise_v1.dsp.json
  hp_cut                /bandpass_noise_v1/hp_cut                 [1.0, 120.0]  default=60.5
  lp_cut                /bandpass_noise_v1/lp_cut                 [50.0, 1000.0]  default=525.0
[104/300] RandomSearch | bandpass_noise_v1 | p_loss=0.0328 | 58.5s | bandpass_noise_v1_DTW_Envelope_RandomSearch.pkl
[FaustParams] Loaded 2 parameter(s) from /cshome/asalimi/code/realtime_soundmatching/synths/build/bandpass_noise_v1_72d72c2706d7/bandpass_noise_v1.dsp.json
  hp_cut                /bandpass_noise_v1/hp_cut                 [1.0, 120.0]  default=60.5
  lp_cut                /bandpass_noise_v1/lp_cut                 [50.0, 1000.0]  default=525.0
[105/300] RandomSearch | bandpass_noise_v1 | p_loss=0.0251 | 60.7s | bandpass_noise_v1_DTW_Envelope_RandomSearch.pkl
[FaustParams] Loaded 2 parameter(s) from /cshome/asalimi/code/realtime_soundmatching/synths/build/bandpass_noise_v1_72d72c2706d7/bandpass_noise_v1.dsp.json
  hp_cut                /bandpass_noise_v1/hp_cut                 [1.0, 120.0]  default=60.5
  lp_cut                /bandpass_noise_v1/lp_cut                 [50.0, 1000.0]  default=525.0
[106/300] RandomSearch | bandpass_noise_v1 | p_loss=0.5576 | 59.3s | bandpass_noise_v1_DTW_Envelope_RandomSearch.pkl
[FaustParams] Loaded 2 parameter(s) from /cshome/asalimi/code/realtime_soundmatching/synths/build/bandpass_noise_v1_72d72c2706d7/bandpass_noise_v1.dsp.json
  hp_cut                /bandpass_noise_v1/hp_cut                 [1.0, 120.0]  default=60.5
  lp_cut                /bandpass_noise_v1/lp_cut                 [50.0, 1000.0]  default=525.0
[107/300] RandomSearch | bandpass_noise_v1 | p_loss=0.0833 | 59.6s | bandpass_noise_v1_DTW_Envelope_RandomSearch.pkl
[FaustParams] Loaded 2 parameter(s) from /cshome/asalimi/code/realtime_soundmatching/synths/build/bandpass_noise_v1_72d72c2706d7/bandpass_noise_v1.dsp.json
  hp_cut                /bandpass_noise_v1/hp_cut                 [1.0, 120.0]  default=60.5
  lp_cut                /bandpass_noise_v1/lp_cut                 [50.0, 1000.0]  default=525.0
[108/300] RandomSearch | bandpass_noise_v1 | p_loss=0.0197 | 59.5s | bandpass_noise_v1_DTW_Envelope_RandomSearch.pkl
[FaustParams] Loaded 2 parameter(s) from /cshome/asalimi/code/realtime_soundmatching/synths/build/bandpass_noise_v1_72d72c2706d7/bandpass_noise_v1.dsp.json
  hp_cut                /bandpass_noise_v1/hp_cut                 [1.0, 120.0]  default=60.5
  lp_cut                /bandpass_noise_v1/lp_cut                 [50.0, 1000.0]  default=525.0
[109/300] RandomSearch | bandpass_noise_v1 | p_loss=0.0410 | 59.6s | bandpass_noise_v1_DTW_Envelope_RandomSearch.pkl
[FaustParams] Loaded 2 parameter(s) from /cshome/asalimi/code/realtime_soundmatching/synths/build/bandpass_noise_v1_72d72c2706d7/bandpass_noise_v1.dsp.json
  hp_cut                /bandpass_noise_v1/hp_cut                 [1.0, 120.0]  default=60.5
  lp_cut                /bandpass_noise_v1/lp_cut                 [50.0, 1000.0]  default=525.0
[110/300] RandomSearch | bandpass_noise_v1 | p_loss=0.0096 | 60.2s | bandpass_noise_v1_DTW_Envelope_RandomSearch.pkl
[FaustParams] Loaded 2 parameter(s) from /cshome/asalimi/code/realtime_soundmatching/synths/build/bandpass_noise_v1_72d72c2706d7/bandpass_noise_v1.dsp.json
  hp_cut                /bandpass_noise_v1/hp_cut                 [1.0, 120.0]  default=60.5
  lp_cut                /bandpass_noise_v1/lp_cut                 [50.0, 1000.0]  default=525.0
[111/300] RandomSearch | bandpass_noise_v1 | p_loss=0.0769 | 58.4s | bandpass_noise_v1_DTW_Envelope_RandomSearch.pkl
[FaustParams] Loaded 2 parameter(s) from /cshome/asalimi/code/realtime_soundmatching/synths/build/bandpass_noise_v1_72d72c2706d7/bandpass_noise_v1.dsp.json
  hp_cut                /bandpass_noise_v1/hp_cut                 [1.0, 120.0]  default=60.5
  lp_cut                /bandpass_noise_v1/lp_cut                 [50.0, 1000.0]  default=525.0
[112/300] RandomSearch | bandpass_noise_v1 | p_loss=0.0685 | 56.1s | bandpass_noise_v1_DTW_Envelope_RandomSearch.pkl
[FaustParams] Loaded 2 parameter(s) from /cshome/asalimi/code/realtime_soundmatching/synths/build/bandpass_noise_v1_72d72c2706d7/bandpass_noise_v1.dsp.json
  hp_cut                /bandpass_noise_v1/hp_cut                 [1.0, 120.0]  default=60.5
  lp_cut                /bandpass_noise_v1/lp_cut                 [50.0, 1000.0]  default=525.0
[113/300] RandomSearch | bandpass_noise_v1 | p_loss=0.0779 | 56.5s | bandpass_noise_v1_DTW_Envelope_RandomSearch.pkl
[FaustParams] Loaded 2 parameter(s) from /cshome/asalimi/code/realtime_soundmatching/synths/build/bandpass_noise_v1_72d72c2706d7/bandpass_noise_v1.dsp.json
  hp_cut                /bandpass_noise_v1/hp_cut                 [1.0, 120.0]  default=60.5
  lp_cut                /bandpass_noise_v1/lp_cut                 [50.0, 1000.0]  default=525.0
[114/300] RandomSearch | bandpass_noise_v1 | p_loss=0.0250 | 55.8s | bandpass_noise_v1_DTW_Envelope_RandomSearch.pkl
[FaustParams] Loaded 2 parameter(s) from /cshome/asalimi/code/realtime_soundmatching/synths/build/bandpass_noise_v1_72d72c2706d7/bandpass_noise_v1.dsp.json
  hp_cut                /bandpass_noise_v1/hp_cut                 [1.0, 120.0]  default=60.5
  lp_cut                /bandpass_noise_v1/lp_cut                 [50.0, 1000.0]  default=525.0
[115/300] RandomSearch | bandpass_noise_v1 | p_loss=0.0151 | 56.4s | bandpass_noise_v1_DTW_Envelope_RandomSearch.pkl
[FaustParams] Loaded 2 parameter(s) from /cshome/asalimi/code/realtime_soundmatching/synths/build/bandpass_noise_v1_72d72c2706d7/bandpass_noise_v1.dsp.json
  hp_cut                /bandpass_noise_v1/hp_cut                 [1.0, 120.0]  default=60.5
  lp_cut                /bandpass_noise_v1/lp_cut                 [50.0, 1000.0]  default=525.0
[116/300] RandomSearch | bandpass_noise_v1 | p_loss=0.0410 | 55.7s | bandpass_noise_v1_DTW_Envelope_RandomSearch.pkl
[FaustParams] Loaded 2 parameter(s) from /cshome/asalimi/code/realtime_soundmatching/synths/build/bandpass_noise_v1_72d72c2706d7/bandpass_noise_v1.dsp.json
  hp_cut                /bandpass_noise_v1/hp_cut                 [1.0, 120.0]  default=60.5
  lp_cut                /bandpass_noise_v1/lp_cut                 [50.0, 1000.0]  default=525.0
[117/300] RandomSearch | bandpass_noise_v1 | p_loss=0.0317 | 55.8s | bandpass_noise_v1_DTW_Envelope_RandomSearch.pkl
[FaustParams] Loaded 2 parameter(s) from /cshome/asalimi/code/realtime_soundmatching/synths/build/bandpass_noise_v1_72d72c2706d7/bandpass_noise_v1.dsp.json
  hp_cut                /bandpass_noise_v1/hp_cut                 [1.0, 120.0]  default=60.5
  lp_cut                /bandpass_noise_v1/lp_cut                 [50.0, 1000.0]  default=525.0
[118/300] RandomSearch | bandpass_noise_v1 | p_loss=0.0502 | 56.4s | bandpass_noise_v1_DTW_Envelope_RandomSearch.pkl
[FaustParams] Loaded 2 parameter(s) from /cshome/asalimi/code/realtime_soundmatching/synths/build/bandpass_noise_v1_72d72c2706d7/bandpass_noise_v1.dsp.json
  hp_cut                /bandpass_noise_v1/hp_cut                 [1.0, 120.0]  default=60.5
  lp_cut                /bandpass_noise_v1/lp_cut                 [50.0, 1000.0]  default=525.0
[119/300] RandomSearch | bandpass_noise_v1 | p_loss=0.0546 | 56.0s | bandpass_noise_v1_DTW_Envelope_RandomSearch.pkl
[FaustParams] Loaded 2 parameter(s) from /cshome/asalimi/code/realtime_soundmatching/synths/build/bandpass_noise_v1_72d72c2706d7/bandpass_noise_v1.dsp.json
  hp_cut                /bandpass_noise_v1/hp_cut                 [1.0, 120.0]  default=60.5
  lp_cut                /bandpass_noise_v1/lp_cut                 [50.0, 1000.0]  default=525.0
[120/300] RandomSearch | bandpass_noise_v1 | p_loss=0.0097 | 55.6s | bandpass_noise_v1_DTW_Envelope_RandomSearch.pkl
[FaustParams] Loaded 2 parameter(s) from /cshome/asalimi/code/realtime_soundmatching/synths/build/bandpass_noise_v1_72d72c2706d7/bandpass_noise_v1.dsp.json
  hp_cut                /bandpass_noise_v1/hp_cut                 [1.0, 120.0]  default=60.5
  lp_cut                /bandpass_noise_v1/lp_cut                 [50.0, 1000.0]  default=525.0
[121/300] RandomSearch | bandpass_noise_v1 | p_loss=0.0268 | 56.4s | bandpass_noise_v1_DTW_Envelope_RandomSearch.pkl
[FaustParams] Loaded 2 parameter(s) from /cshome/asalimi/code/realtime_soundmatching/synths/build/bandpass_noise_v1_72d72c2706d7/bandpass_noise_v1.dsp.json
  hp_cut                /bandpass_noise_v1/hp_cut                 [1.0, 120.0]  default=60.5
  lp_cut                /bandpass_noise_v1/lp_cut                 [50.0, 1000.0]  default=525.0
[122/300] RandomSearch | bandpass_noise_v1 | p_loss=0.0413 | 56.0s | bandpass_noise_v1_DTW_Envelope_RandomSearch.pkl
[FaustParams] Loaded 2 parameter(s) from /cshome/asalimi/code/realtime_soundmatching/synths/build/bandpass_noise_v1_72d72c2706d7/bandpass_noise_v1.dsp.json
  hp_cut                /bandpass_noise_v1/hp_cut                 [1.0, 120.0]  default=60.5
  lp_cut                /bandpass_noise_v1/lp_cut                 [50.0, 1000.0]  default=525.0
[123/300] RandomSearch | bandpass_noise_v1 | p_loss=0.0080 | 56.1s | bandpass_noise_v1_DTW_Envelope_RandomSearch.pkl
[FaustParams] Loaded 2 parameter(s) from /cshome/asalimi/code/realtime_soundmatching/synths/build/bandpass_noise_v1_72d72c2706d7/bandpass_noise_v1.dsp.json
  hp_cut                /bandpass_noise_v1/hp_cut                 [1.0, 120.0]  default=60.5
  lp_cut                /bandpass_noise_v1/lp_cut                 [50.0, 1000.0]  default=525.0
[124/300] RandomSearch | bandpass_noise_v1 | p_loss=0.0080 | 56.6s | bandpass_noise_v1_DTW_Envelope_RandomSearch.pkl
[FaustParams] Loaded 2 parameter(s) from /cshome/asalimi/code/realtime_soundmatching/synths/build/bandpass_noise_v1_72d72c2706d7/bandpass_noise_v1.dsp.json
  hp_cut                /bandpass_noise_v1/hp_cut                 [1.0, 120.0]  default=60.5
  lp_cut                /bandpass_noise_v1/lp_cut                 [50.0, 1000.0]  default=525.0
[125/300] RandomSearch | bandpass_noise_v1 | p_loss=0.0494 | 56.3s | bandpass_noise_v1_DTW_Envelope_RandomSearch.pkl
[FaustParams] Loaded 2 parameter(s) from /cshome/asalimi/code/realtime_soundmatching/synths/build/bandpass_noise_v1_72d72c2706d7/bandpass_noise_v1.dsp.json
  hp_cut                /bandpass_noise_v1/hp_cut                 [1.0, 120.0]  default=60.5
  lp_cut                /bandpass_noise_v1/lp_cut                 [50.0, 1000.0]  default=525.0
[126/300] RandomSearch | bandpass_noise_v1 | p_loss=0.1806 | 56.4s | bandpass_noise_v1_DTW_Envelope_RandomSearch.pkl
[FaustParams] Loaded 2 parameter(s) from /cshome/asalimi/code/realtime_soundmatching/synths/build/bandpass_noise_v1_72d72c2706d7/bandpass_noise_v1.dsp.json
  hp_cut                /bandpass_noise_v1/hp_cut                 [1.0, 120.0]  default=60.5
  lp_cut                /bandpass_noise_v1/lp_cut                 [50.0, 1000.0]  default=525.0
[127/300] RandomSearch | bandpass_noise_v1 | p_loss=0.0156 | 56.6s | bandpass_noise_v1_DTW_Envelope_RandomSearch.pkl
[FaustParams] Loaded 2 parameter(s) from /cshome/asalimi/code/realtime_soundmatching/synths/build/bandpass_noise_v1_72d72c2706d7/bandpass_noise_v1.dsp.json
  hp_cut                /bandpass_noise_v1/hp_cut                 [1.0, 120.0]  default=60.5
  lp_cut                /bandpass_noise_v1/lp_cut                 [50.0, 1000.0]  default=525.0
[128/300] RandomSearch | bandpass_noise_v1 | p_loss=0.3272 | 56.2s | bandpass_noise_v1_DTW_Envelope_RandomSearch.pkl
[FaustParams] Loaded 2 parameter(s) from /cshome/asalimi/code/realtime_soundmatching/synths/build/bandpass_noise_v1_72d72c2706d7/bandpass_noise_v1.dsp.json
  hp_cut                /bandpass_noise_v1/hp_cut                 [1.0, 120.0]  default=60.5
  lp_cut                /bandpass_noise_v1/lp_cut                 [50.0, 1000.0]  default=525.0
[129/300] RandomSearch | bandpass_noise_v1 | p_loss=0.1292 | 56.3s | bandpass_noise_v1_DTW_Envelope_RandomSearch.pkl
[FaustParams] Loaded 2 parameter(s) from /cshome/asalimi/code/realtime_soundmatching/synths/build/bandpass_noise_v1_72d72c2706d7/bandpass_noise_v1.dsp.json
  hp_cut                /bandpass_noise_v1/hp_cut                 [1.0, 120.0]  default=60.5
  lp_cut                /bandpass_noise_v1/lp_cut                 [50.0, 1000.0]  default=525.0
[130/300] RandomSearch | bandpass_noise_v1 | p_loss=0.1010 | 56.6s | bandpass_noise_v1_DTW_Envelope_RandomSearch.pkl
[FaustParams] Loaded 2 parameter(s) from /cshome/asalimi/code/realtime_soundmatching/synths/build/bandpass_noise_v1_72d72c2706d7/bandpass_noise_v1.dsp.json
  hp_cut                /bandpass_noise_v1/hp_cut                 [1.0, 120.0]  default=60.5
  lp_cut                /bandpass_noise_v1/lp_cut                 [50.0, 1000.0]  default=525.0
[131/300] RandomSearch | bandpass_noise_v1 | p_loss=0.0111 | 56.5s | bandpass_noise_v1_DTW_Envelope_RandomSearch.pkl
[FaustParams] Loaded 2 parameter(s) from /cshome/asalimi/code/realtime_soundmatching/synths/build/bandpass_noise_v1_72d72c2706d7/bandpass_noise_v1.dsp.json
  hp_cut                /bandpass_noise_v1/hp_cut                 [1.0, 120.0]  default=60.5
  lp_cut                /bandpass_noise_v1/lp_cut                 [50.0, 1000.0]  default=525.0
[132/300] RandomSearch | bandpass_noise_v1 | p_loss=0.0523 | 56.2s | bandpass_noise_v1_DTW_Envelope_RandomSearch.pkl
[FaustParams] Loaded 2 parameter(s) from /cshome/asalimi/code/realtime_soundmatching/synths/build/bandpass_noise_v1_72d72c2706d7/bandpass_noise_v1.dsp.json
  hp_cut                /bandpass_noise_v1/hp_cut                 [1.0, 120.0]  default=60.5
  lp_cut                /bandpass_noise_v1/lp_cut                 [50.0, 1000.0]  default=525.0
[133/300] RandomSearch | bandpass_noise_v1 | p_loss=0.2048 | 56.4s | bandpass_noise_v1_DTW_Envelope_RandomSearch.pkl
[FaustParams] Loaded 2 parameter(s) from /cshome/asalimi/code/realtime_soundmatching/synths/build/bandpass_noise_v1_72d72c2706d7/bandpass_noise_v1.dsp.json
  hp_cut                /bandpass_noise_v1/hp_cut                 [1.0, 120.0]  default=60.5
  lp_cut                /bandpass_noise_v1/lp_cut                 [50.0, 1000.0]  default=525.0
[134/300] RandomSearch | bandpass_noise_v1 | p_loss=0.0162 | 56.1s | bandpass_noise_v1_DTW_Envelope_RandomSearch.pkl
[FaustParams] Loaded 2 parameter(s) from /cshome/asalimi/code/realtime_soundmatching/synths/build/bandpass_noise_v1_72d72c2706d7/bandpass_noise_v1.dsp.json
  hp_cut                /bandpass_noise_v1/hp_cut                 [1.0, 120.0]  default=60.5
  lp_cut                /bandpass_noise_v1/lp_cut                 [50.0, 1000.0]  default=525.0
[135/300] RandomSearch | bandpass_noise_v1 | p_loss=0.0241 | 56.0s | bandpass_noise_v1_DTW_Envelope_RandomSearch.pkl
[FaustParams] Loaded 2 parameter(s) from /cshome/asalimi/code/realtime_soundmatching/synths/build/bandpass_noise_v1_72d72c2706d7/bandpass_noise_v1.dsp.json
  hp_cut                /bandpass_noise_v1/hp_cut                 [1.0, 120.0]  default=60.5
  lp_cut                /bandpass_noise_v1/lp_cut                 [50.0, 1000.0]  default=525.0
[136/300] RandomSearch | bandpass_noise_v1 | p_loss=0.2444 | 56.2s | bandpass_noise_v1_DTW_Envelope_RandomSearch.pkl
[FaustParams] Loaded 2 parameter(s) from /cshome/asalimi/code/realtime_soundmatching/synths/build/bandpass_noise_v1_72d72c2706d7/bandpass_noise_v1.dsp.json
  hp_cut                /bandpass_noise_v1/hp_cut                 [1.0, 120.0]  default=60.5
  lp_cut                /bandpass_noise_v1/lp_cut                 [50.0, 1000.0]  default=525.0
[137/300] RandomSearch | bandpass_noise_v1 | p_loss=0.2057 | 55.9s | bandpass_noise_v1_DTW_Envelope_RandomSearch.pkl
[FaustParams] Loaded 2 parameter(s) from /cshome/asalimi/code/realtime_soundmatching/synths/build/bandpass_noise_v1_72d72c2706d7/bandpass_noise_v1.dsp.json
  hp_cut                /bandpass_noise_v1/hp_cut                 [1.0, 120.0]  default=60.5
  lp_cut                /bandpass_noise_v1/lp_cut                 [50.0, 1000.0]  default=525.0
[138/300] RandomSearch | bandpass_noise_v1 | p_loss=0.0490 | 55.8s | bandpass_noise_v1_DTW_Envelope_RandomSearch.pkl
[FaustParams] Loaded 2 parameter(s) from /cshome/asalimi/code/realtime_soundmatching/synths/build/bandpass_noise_v1_72d72c2706d7/bandpass_noise_v1.dsp.json
  hp_cut                /bandpass_noise_v1/hp_cut                 [1.0, 120.0]  default=60.5
  lp_cut                /bandpass_noise_v1/lp_cut                 [50.0, 1000.0]  default=525.0
[139/300] RandomSearch | bandpass_noise_v1 | p_loss=0.0494 | 56.2s | bandpass_noise_v1_DTW_Envelope_RandomSearch.pkl
[FaustParams] Loaded 2 parameter(s) from /cshome/asalimi/code/realtime_soundmatching/synths/build/bandpass_noise_v1_72d72c2706d7/bandpass_noise_v1.dsp.json
  hp_cut                /bandpass_noise_v1/hp_cut                 [1.0, 120.0]  default=60.5
  lp_cut                /bandpass_noise_v1/lp_cut                 [50.0, 1000.0]  default=525.0
[140/300] RandomSearch | bandpass_noise_v1 | p_loss=0.0513 | 56.1s | bandpass_noise_v1_DTW_Envelope_RandomSearch.pkl
[FaustParams] Loaded 2 parameter(s) from /cshome/asalimi/code/realtime_soundmatching/synths/build/bandpass_noise_v1_72d72c2706d7/bandpass_noise_v1.dsp.json
  hp_cut                /bandpass_noise_v1/hp_cut                 [1.0, 120.0]  default=60.5
  lp_cut                /bandpass_noise_v1/lp_cut                 [50.0, 1000.0]  default=525.0
[141/300] RandomSearch | bandpass_noise_v1 | p_loss=0.0251 | 55.8s | bandpass_noise_v1_DTW_Envelope_RandomSearch.pkl
[FaustParams] Loaded 2 parameter(s) from /cshome/asalimi/code/realtime_soundmatching/synths/build/bandpass_noise_v1_72d72c2706d7/bandpass_noise_v1.dsp.json
  hp_cut                /bandpass_noise_v1/hp_cut                 [1.0, 120.0]  default=60.5
  lp_cut                /bandpass_noise_v1/lp_cut                 [50.0, 1000.0]  default=525.0
[142/300] RandomSearch | bandpass_noise_v1 | p_loss=0.0273 | 56.8s | bandpass_noise_v1_DTW_Envelope_RandomSearch.pkl
[FaustParams] Loaded 2 parameter(s) from /cshome/asalimi/code/realtime_soundmatching/synths/build/bandpass_noise_v1_72d72c2706d7/bandpass_noise_v1.dsp.json
  hp_cut                /bandpass_noise_v1/hp_cut                 [1.0, 120.0]  default=60.5
  lp_cut                /bandpass_noise_v1/lp_cut                 [50.0, 1000.0]  default=525.0
[143/300] RandomSearch | bandpass_noise_v1 | p_loss=0.0211 | 56.7s | bandpass_noise_v1_DTW_Envelope_RandomSearch.pkl
[FaustParams] Loaded 2 parameter(s) from /cshome/asalimi/code/realtime_soundmatching/synths/build/bandpass_noise_v1_72d72c2706d7/bandpass_noise_v1.dsp.json
  hp_cut                /bandpass_noise_v1/hp_cut                 [1.0, 120.0]  default=60.5
  lp_cut                /bandpass_noise_v1/lp_cut                 [50.0, 1000.0]  default=525.0
[144/300] RandomSearch | bandpass_noise_v1 | p_loss=0.0614 | 56.3s | bandpass_noise_v1_DTW_Envelope_RandomSearch.pkl
[FaustParams] Loaded 2 parameter(s) from /cshome/asalimi/code/realtime_soundmatching/synths/build/bandpass_noise_v1_72d72c2706d7/bandpass_noise_v1.dsp.json
  hp_cut                /bandpass_noise_v1/hp_cut                 [1.0, 120.0]  default=60.5
  lp_cut                /bandpass_noise_v1/lp_cut                 [50.0, 1000.0]  default=525.0
[145/300] RandomSearch | bandpass_noise_v1 | p_loss=0.2700 | 56.7s | bandpass_noise_v1_DTW_Envelope_RandomSearch.pkl
[FaustParams] Loaded 2 parameter(s) from /cshome/asalimi/code/realtime_soundmatching/synths/build/bandpass_noise_v1_72d72c2706d7/bandpass_noise_v1.dsp.json
  hp_cut                /bandpass_noise_v1/hp_cut                 [1.0, 120.0]  default=60.5
  lp_cut                /bandpass_noise_v1/lp_cut                 [50.0, 1000.0]  default=525.0
[146/300] RandomSearch | bandpass_noise_v1 | p_loss=0.0432 | 56.5s | bandpass_noise_v1_DTW_Envelope_RandomSearch.pkl
[FaustParams] Loaded 2 parameter(s) from /cshome/asalimi/code/realtime_soundmatching/synths/build/bandpass_noise_v1_72d72c2706d7/bandpass_noise_v1.dsp.json
  hp_cut                /bandpass_noise_v1/hp_cut                 [1.0, 120.0]  default=60.5
  lp_cut                /bandpass_noise_v1/lp_cut                 [50.0, 1000.0]  default=525.0
[147/300] RandomSearch | bandpass_noise_v1 | p_loss=0.0378 | 56.4s | bandpass_noise_v1_DTW_Envelope_RandomSearch.pkl
[FaustParams] Loaded 2 parameter(s) from /cshome/asalimi/code/realtime_soundmatching/synths/build/bandpass_noise_v1_72d72c2706d7/bandpass_noise_v1.dsp.json
  hp_cut                /bandpass_noise_v1/hp_cut                 [1.0, 120.0]  default=60.5
  lp_cut                /bandpass_noise_v1/lp_cut                 [50.0, 1000.0]  default=525.0
[148/300] RandomSearch | bandpass_noise_v1 | p_loss=0.0152 | 56.8s | bandpass_noise_v1_DTW_Envelope_RandomSearch.pkl
[FaustParams] Loaded 2 parameter(s) from /cshome/asalimi/code/realtime_soundmatching/synths/build/bandpass_noise_v1_72d72c2706d7/bandpass_noise_v1.dsp.json
  hp_cut                /bandpass_noise_v1/hp_cut                 [1.0, 120.0]  default=60.5
  lp_cut                /bandpass_noise_v1/lp_cut                 [50.0, 1000.0]  default=525.0
[149/300] RandomSearch | bandpass_noise_v1 | p_loss=0.0385 | 56.0s | bandpass_noise_v1_DTW_Envelope_RandomSearch.pkl
[FaustParams] Loaded 2 parameter(s) from /cshome/asalimi/code/realtime_soundmatching/synths/build/bandpass_noise_v1_72d72c2706d7/bandpass_noise_v1.dsp.json
  hp_cut                /bandpass_noise_v1/hp_cut                 [1.0, 120.0]  default=60.5
  lp_cut                /bandpass_noise_v1/lp_cut                 [50.0, 1000.0]  default=525.0
[150/300] RandomSearch | bandpass_noise_v1 | p_loss=0.3670 | 57.7s | bandpass_noise_v1_DTW_Envelope_RandomSearch.pkl
[FaustParams] Loaded 2 parameter(s) from /cshome/asalimi/code/realtime_soundmatching/synths/build/bandpass_noise_v1_72d72c2706d7/bandpass_noise_v1.dsp.json
  hp_cut                /bandpass_noise_v1/hp_cut                 [1.0, 120.0]  default=60.5
  lp_cut                /bandpass_noise_v1/lp_cut                 [50.0, 1000.0]  default=525.0
[151/300] RandomSearch | bandpass_noise_v1 | p_loss=0.1059 | 58.6s | bandpass_noise_v1_DTW_Envelope_RandomSearch.pkl
[FaustParams] Loaded 2 parameter(s) from /cshome/asalimi/code/realtime_soundmatching/synths/build/bandpass_noise_v1_72d72c2706d7/bandpass_noise_v1.dsp.json
  hp_cut                /bandpass_noise_v1/hp_cut                 [1.0, 120.0]  default=60.5
  lp_cut                /bandpass_noise_v1/lp_cut                 [50.0, 1000.0]  default=525.0
[152/300] RandomSearch | bandpass_noise_v1 | p_loss=0.3399 | 58.6s | bandpass_noise_v1_DTW_Envelope_RandomSearch.pkl
[FaustParams] Loaded 2 parameter(s) from /cshome/asalimi/code/realtime_soundmatching/synths/build/bandpass_noise_v1_72d72c2706d7/bandpass_noise_v1.dsp.json
  hp_cut                /bandpass_noise_v1/hp_cut                 [1.0, 120.0]  default=60.5
  lp_cut                /bandpass_noise_v1/lp_cut                 [50.0, 1000.0]  default=525.0
[153/300] RandomSearch | bandpass_noise_v1 | p_loss=0.0141 | 58.3s | bandpass_noise_v1_DTW_Envelope_RandomSearch.pkl
[FaustParams] Loaded 2 parameter(s) from /cshome/asalimi/code/realtime_soundmatching/synths/build/bandpass_noise_v1_72d72c2706d7/bandpass_noise_v1.dsp.json
  hp_cut                /bandpass_noise_v1/hp_cut                 [1.0, 120.0]  default=60.5
  lp_cut                /bandpass_noise_v1/lp_cut                 [50.0, 1000.0]  default=525.0
[154/300] RandomSearch | bandpass_noise_v1 | p_loss=0.0530 | 58.3s | bandpass_noise_v1_DTW_Envelope_RandomSearch.pkl
[FaustParams] Loaded 2 parameter(s) from /cshome/asalimi/code/realtime_soundmatching/synths/build/bandpass_noise_v1_72d72c2706d7/bandpass_noise_v1.dsp.json
  hp_cut                /bandpass_noise_v1/hp_cut                 [1.0, 120.0]  default=60.5
  lp_cut                /bandpass_noise_v1/lp_cut                 [50.0, 1000.0]  default=525.0
[155/300] RandomSearch | bandpass_noise_v1 | p_loss=0.1960 | 58.4s | bandpass_noise_v1_DTW_Envelope_RandomSearch.pkl
[FaustParams] Loaded 2 parameter(s) from /cshome/asalimi/code/realtime_soundmatching/synths/build/bandpass_noise_v1_72d72c2706d7/bandpass_noise_v1.dsp.json
  hp_cut                /bandpass_noise_v1/hp_cut                 [1.0, 120.0]  default=60.5
  lp_cut                /bandpass_noise_v1/lp_cut                 [50.0, 1000.0]  default=525.0
[156/300] RandomSearch | bandpass_noise_v1 | p_loss=0.0735 | 58.7s | bandpass_noise_v1_DTW_Envelope_RandomSearch.pkl
[FaustParams] Loaded 2 parameter(s) from /cshome/asalimi/code/realtime_soundmatching/synths/build/bandpass_noise_v1_72d72c2706d7/bandpass_noise_v1.dsp.json
  hp_cut                /bandpass_noise_v1/hp_cut                 [1.0, 120.0]  default=60.5
  lp_cut                /bandpass_noise_v1/lp_cut                 [50.0, 1000.0]  default=525.0
[157/300] RandomSearch | bandpass_noise_v1 | p_loss=0.0138 | 59.0s | bandpass_noise_v1_DTW_Envelope_RandomSearch.pkl
[FaustParams] Loaded 2 parameter(s) from /cshome/asalimi/code/realtime_soundmatching/synths/build/bandpass_noise_v1_72d72c2706d7/bandpass_noise_v1.dsp.json
  hp_cut                /bandpass_noise_v1/hp_cut                 [1.0, 120.0]  default=60.5
  lp_cut                /bandpass_noise_v1/lp_cut                 [50.0, 1000.0]  default=525.0
[158/300] RandomSearch | bandpass_noise_v1 | p_loss=0.1910 | 58.5s | bandpass_noise_v1_DTW_Envelope_RandomSearch.pkl
[FaustParams] Loaded 2 parameter(s) from /cshome/asalimi/code/realtime_soundmatching/synths/build/bandpass_noise_v1_72d72c2706d7/bandpass_noise_v1.dsp.json
  hp_cut                /bandpass_noise_v1/hp_cut                 [1.0, 120.0]  default=60.5
  lp_cut                /bandpass_noise_v1/lp_cut                 [50.0, 1000.0]  default=525.0
[159/300] RandomSearch | bandpass_noise_v1 | p_loss=0.0859 | 58.8s | bandpass_noise_v1_DTW_Envelope_RandomSearch.pkl
[FaustParams] Loaded 2 parameter(s) from /cshome/asalimi/code/realtime_soundmatching/synths/build/bandpass_noise_v1_72d72c2706d7/bandpass_noise_v1.dsp.json
  hp_cut                /bandpass_noise_v1/hp_cut                 [1.0, 120.0]  default=60.5
  lp_cut                /bandpass_noise_v1/lp_cut                 [50.0, 1000.0]  default=525.0
[160/300] RandomSearch | bandpass_noise_v1 | p_loss=0.0871 | 58.8s | bandpass_noise_v1_DTW_Envelope_RandomSearch.pkl
[FaustParams] Loaded 2 parameter(s) from /cshome/asalimi/code/realtime_soundmatching/synths/build/bandpass_noise_v1_72d72c2706d7/bandpass_noise_v1.dsp.json
  hp_cut                /bandpass_noise_v1/hp_cut                 [1.0, 120.0]  default=60.5
  lp_cut                /bandpass_noise_v1/lp_cut                 [50.0, 1000.0]  default=525.0
[161/300] RandomSearch | bandpass_noise_v1 | p_loss=0.0155 | 58.7s | bandpass_noise_v1_DTW_Envelope_RandomSearch.pkl
[FaustParams] Loaded 2 parameter(s) from /cshome/asalimi/code/realtime_soundmatching/synths/build/bandpass_noise_v1_72d72c2706d7/bandpass_noise_v1.dsp.json
  hp_cut                /bandpass_noise_v1/hp_cut                 [1.0, 120.0]  default=60.5
  lp_cut                /bandpass_noise_v1/lp_cut                 [50.0, 1000.0]  default=525.0
[162/300] RandomSearch | bandpass_noise_v1 | p_loss=0.0599 | 58.8s | bandpass_noise_v1_DTW_Envelope_RandomSearch.pkl
[FaustParams] Loaded 2 parameter(s) from /cshome/asalimi/code/realtime_soundmatching/synths/build/bandpass_noise_v1_72d72c2706d7/bandpass_noise_v1.dsp.json
  hp_cut                /bandpass_noise_v1/hp_cut                 [1.0, 120.0]  default=60.5
  lp_cut                /bandpass_noise_v1/lp_cut                 [50.0, 1000.0]  default=525.0
[163/300] RandomSearch | bandpass_noise_v1 | p_loss=0.0426 | 59.2s | bandpass_noise_v1_DTW_Envelope_RandomSearch.pkl
[FaustParams] Loaded 2 parameter(s) from /cshome/asalimi/code/realtime_soundmatching/synths/build/bandpass_noise_v1_72d72c2706d7/bandpass_noise_v1.dsp.json
  hp_cut                /bandpass_noise_v1/hp_cut                 [1.0, 120.0]  default=60.5
  lp_cut                /bandpass_noise_v1/lp_cut                 [50.0, 1000.0]  default=525.0
[164/300] RandomSearch | bandpass_noise_v1 | p_loss=0.1974 | 57.9s | bandpass_noise_v1_DTW_Envelope_RandomSearch.pkl
[FaustParams] Loaded 2 parameter(s) from /cshome/asalimi/code/realtime_soundmatching/synths/build/bandpass_noise_v1_72d72c2706d7/bandpass_noise_v1.dsp.json
  hp_cut                /bandpass_noise_v1/hp_cut                 [1.0, 120.0]  default=60.5
  lp_cut                /bandpass_noise_v1/lp_cut                 [50.0, 1000.0]  default=525.0
[165/300] RandomSearch | bandpass_noise_v1 | p_loss=0.1000 | 56.4s | bandpass_noise_v1_DTW_Envelope_RandomSearch.pkl
[FaustParams] Loaded 2 parameter(s) from /cshome/asalimi/code/realtime_soundmatching/synths/build/bandpass_noise_v1_72d72c2706d7/bandpass_noise_v1.dsp.json
  hp_cut                /bandpass_noise_v1/hp_cut                 [1.0, 120.0]  default=60.5
  lp_cut                /bandpass_noise_v1/lp_cut                 [50.0, 1000.0]  default=525.0
[166/300] RandomSearch | bandpass_noise_v1 | p_loss=0.0479 | 56.8s | bandpass_noise_v1_DTW_Envelope_RandomSearch.pkl
[FaustParams] Loaded 2 parameter(s) from /cshome/asalimi/code/realtime_soundmatching/synths/build/bandpass_noise_v1_72d72c2706d7/bandpass_noise_v1.dsp.json
  hp_cut                /bandpass_noise_v1/hp_cut                 [1.0, 120.0]  default=60.5
  lp_cut                /bandpass_noise_v1/lp_cut                 [50.0, 1000.0]  default=525.0
[167/300] RandomSearch | bandpass_noise_v1 | p_loss=0.0532 | 56.7s | bandpass_noise_v1_DTW_Envelope_RandomSearch.pkl
[FaustParams] Loaded 2 parameter(s) from /cshome/asalimi/code/realtime_soundmatching/synths/build/bandpass_noise_v1_72d72c2706d7/bandpass_noise_v1.dsp.json
  hp_cut                /bandpass_noise_v1/hp_cut                 [1.0, 120.0]  default=60.5
  lp_cut                /bandpass_noise_v1/lp_cut                 [50.0, 1000.0]  default=525.0
[168/300] RandomSearch | bandpass_noise_v1 | p_loss=0.1387 | 57.0s | bandpass_noise_v1_DTW_Envelope_RandomSearch.pkl
[FaustParams] Loaded 2 parameter(s) from /cshome/asalimi/code/realtime_soundmatching/synths/build/bandpass_noise_v1_72d72c2706d7/bandpass_noise_v1.dsp.json
  hp_cut                /bandpass_noise_v1/hp_cut                 [1.0, 120.0]  default=60.5
  lp_cut                /bandpass_noise_v1/lp_cut                 [50.0, 1000.0]  default=525.0
[169/300] RandomSearch | bandpass_noise_v1 | p_loss=0.1365 | 57.0s | bandpass_noise_v1_DTW_Envelope_RandomSearch.pkl
[FaustParams] Loaded 2 parameter(s) from /cshome/asalimi/code/realtime_soundmatching/synths/build/bandpass_noise_v1_72d72c2706d7/bandpass_noise_v1.dsp.json
  hp_cut                /bandpass_noise_v1/hp_cut                 [1.0, 120.0]  default=60.5
  lp_cut                /bandpass_noise_v1/lp_cut                 [50.0, 1000.0]  default=525.0
[170/300] RandomSearch | bandpass_noise_v1 | p_loss=0.0124 | 56.4s | bandpass_noise_v1_DTW_Envelope_RandomSearch.pkl
[FaustParams] Loaded 2 parameter(s) from /cshome/asalimi/code/realtime_soundmatching/synths/build/bandpass_noise_v1_72d72c2706d7/bandpass_noise_v1.dsp.json
  hp_cut                /bandpass_noise_v1/hp_cut                 [1.0, 120.0]  default=60.5
  lp_cut                /bandpass_noise_v1/lp_cut                 [50.0, 1000.0]  default=525.0
[171/300] RandomSearch | bandpass_noise_v1 | p_loss=0.0428 | 56.5s | bandpass_noise_v1_DTW_Envelope_RandomSearch.pkl
[FaustParams] Loaded 2 parameter(s) from /cshome/asalimi/code/realtime_soundmatching/synths/build/bandpass_noise_v1_72d72c2706d7/bandpass_noise_v1.dsp.json
  hp_cut                /bandpass_noise_v1/hp_cut                 [1.0, 120.0]  default=60.5
  lp_cut                /bandpass_noise_v1/lp_cut                 [50.0, 1000.0]  default=525.0
[172/300] RandomSearch | bandpass_noise_v1 | p_loss=0.1814 | 56.5s | bandpass_noise_v1_DTW_Envelope_RandomSearch.pkl
[FaustParams] Loaded 2 parameter(s) from /cshome/asalimi/code/realtime_soundmatching/synths/build/bandpass_noise_v1_72d72c2706d7/bandpass_noise_v1.dsp.json
  hp_cut                /bandpass_noise_v1/hp_cut                 [1.0, 120.0]  default=60.5
  lp_cut                /bandpass_noise_v1/lp_cut                 [50.0, 1000.0]  default=525.0
[173/300] RandomSearch | bandpass_noise_v1 | p_loss=0.0431 | 56.7s | bandpass_noise_v1_DTW_Envelope_RandomSearch.pkl
[FaustParams] Loaded 2 parameter(s) from /cshome/asalimi/code/realtime_soundmatching/synths/build/bandpass_noise_v1_72d72c2706d7/bandpass_noise_v1.dsp.json
  hp_cut                /bandpass_noise_v1/hp_cut                 [1.0, 120.0]  default=60.5
  lp_cut                /bandpass_noise_v1/lp_cut                 [50.0, 1000.0]  default=525.0
[174/300] RandomSearch | bandpass_noise_v1 | p_loss=0.1033 | 56.5s | bandpass_noise_v1_DTW_Envelope_RandomSearch.pkl
[FaustParams] Loaded 2 parameter(s) from /cshome/asalimi/code/realtime_soundmatching/synths/build/bandpass_noise_v1_72d72c2706d7/bandpass_noise_v1.dsp.json
  hp_cut                /bandpass_noise_v1/hp_cut                 [1.0, 120.0]  default=60.5
  lp_cut                /bandpass_noise_v1/lp_cut                 [50.0, 1000.0]  default=525.0
[175/300] RandomSearch | bandpass_noise_v1 | p_loss=0.0583 | 56.7s | bandpass_noise_v1_DTW_Envelope_RandomSearch.pkl
[FaustParams] Loaded 2 parameter(s) from /cshome/asalimi/code/realtime_soundmatching/synths/build/bandpass_noise_v1_72d72c2706d7/bandpass_noise_v1.dsp.json
  hp_cut                /bandpass_noise_v1/hp_cut                 [1.0, 120.0]  default=60.5
  lp_cut                /bandpass_noise_v1/lp_cut                 [50.0, 1000.0]  default=525.0
[176/300] RandomSearch | bandpass_noise_v1 | p_loss=0.0671 | 56.6s | bandpass_noise_v1_DTW_Envelope_RandomSearch.pkl
[FaustParams] Loaded 2 parameter(s) from /cshome/asalimi/code/realtime_soundmatching/synths/build/bandpass_noise_v1_72d72c2706d7/bandpass_noise_v1.dsp.json
  hp_cut                /bandpass_noise_v1/hp_cut                 [1.0, 120.0]  default=60.5
  lp_cut                /bandpass_noise_v1/lp_cut                 [50.0, 1000.0]  default=525.0
[177/300] RandomSearch | bandpass_noise_v1 | p_loss=0.0656 | 56.6s | bandpass_noise_v1_DTW_Envelope_RandomSearch.pkl
[FaustParams] Loaded 2 parameter(s) from /cshome/asalimi/code/realtime_soundmatching/synths/build/bandpass_noise_v1_72d72c2706d7/bandpass_noise_v1.dsp.json
  hp_cut                /bandpass_noise_v1/hp_cut                 [1.0, 120.0]  default=60.5
  lp_cut                /bandpass_noise_v1/lp_cut                 [50.0, 1000.0]  default=525.0
[178/300] RandomSearch | bandpass_noise_v1 | p_loss=0.2790 | 57.0s | bandpass_noise_v1_DTW_Envelope_RandomSearch.pkl
[FaustParams] Loaded 2 parameter(s) from /cshome/asalimi/code/realtime_soundmatching/synths/build/bandpass_noise_v1_72d72c2706d7/bandpass_noise_v1.dsp.json
  hp_cut                /bandpass_noise_v1/hp_cut                 [1.0, 120.0]  default=60.5
  lp_cut                /bandpass_noise_v1/lp_cut                 [50.0, 1000.0]  default=525.0
[179/300] RandomSearch | bandpass_noise_v1 | p_loss=0.1020 | 57.0s | bandpass_noise_v1_DTW_Envelope_RandomSearch.pkl
[FaustParams] Loaded 2 parameter(s) from /cshome/asalimi/code/realtime_soundmatching/synths/build/bandpass_noise_v1_72d72c2706d7/bandpass_noise_v1.dsp.json
  hp_cut                /bandpass_noise_v1/hp_cut                 [1.0, 120.0]  default=60.5
  lp_cut                /bandpass_noise_v1/lp_cut                 [50.0, 1000.0]  default=525.0
[180/300] RandomSearch | bandpass_noise_v1 | p_loss=0.0411 | 56.7s | bandpass_noise_v1_DTW_Envelope_RandomSearch.pkl
[FaustParams] Loaded 2 parameter(s) from /cshome/asalimi/code/realtime_soundmatching/synths/build/bandpass_noise_v1_72d72c2706d7/bandpass_noise_v1.dsp.json
  hp_cut                /bandpass_noise_v1/hp_cut                 [1.0, 120.0]  default=60.5
  lp_cut                /bandpass_noise_v1/lp_cut                 [50.0, 1000.0]  default=525.0
[181/300] RandomSearch | bandpass_noise_v1 | p_loss=0.0349 | 57.2s | bandpass_noise_v1_DTW_Envelope_RandomSearch.pkl
[FaustParams] Loaded 2 parameter(s) from /cshome/asalimi/code/realtime_soundmatching/synths/build/bandpass_noise_v1_72d72c2706d7/bandpass_noise_v1.dsp.json
  hp_cut                /bandpass_noise_v1/hp_cut                 [1.0, 120.0]  default=60.5
  lp_cut                /bandpass_noise_v1/lp_cut                 [50.0, 1000.0]  default=525.0
[182/300] RandomSearch | bandpass_noise_v1 | p_loss=0.0362 | 57.1s | bandpass_noise_v1_DTW_Envelope_RandomSearch.pkl
[FaustParams] Loaded 2 parameter(s) from /cshome/asalimi/code/realtime_soundmatching/synths/build/bandpass_noise_v1_72d72c2706d7/bandpass_noise_v1.dsp.json
  hp_cut                /bandpass_noise_v1/hp_cut                 [1.0, 120.0]  default=60.5
  lp_cut                /bandpass_noise_v1/lp_cut                 [50.0, 1000.0]  default=525.0
[183/300] RandomSearch | bandpass_noise_v1 | p_loss=0.0192 | 56.6s | bandpass_noise_v1_DTW_Envelope_RandomSearch.pkl
[FaustParams] Loaded 2 parameter(s) from /cshome/asalimi/code/realtime_soundmatching/synths/build/bandpass_noise_v1_72d72c2706d7/bandpass_noise_v1.dsp.json
  hp_cut                /bandpass_noise_v1/hp_cut                 [1.0, 120.0]  default=60.5
  lp_cut                /bandpass_noise_v1/lp_cut                 [50.0, 1000.0]  default=525.0
[184/300] RandomSearch | bandpass_noise_v1 | p_loss=0.0133 | 56.9s | bandpass_noise_v1_DTW_Envelope_RandomSearch.pkl
[FaustParams] Loaded 2 parameter(s) from /cshome/asalimi/code/realtime_soundmatching/synths/build/bandpass_noise_v1_72d72c2706d7/bandpass_noise_v1.dsp.json
  hp_cut                /bandpass_noise_v1/hp_cut                 [1.0, 120.0]  default=60.5
  lp_cut                /bandpass_noise_v1/lp_cut                 [50.0, 1000.0]  default=525.0
[185/300] RandomSearch | bandpass_noise_v1 | p_loss=0.0298 | 56.9s | bandpass_noise_v1_DTW_Envelope_RandomSearch.pkl
[FaustParams] Loaded 2 parameter(s) from /cshome/asalimi/code/realtime_soundmatching/synths/build/bandpass_noise_v1_72d72c2706d7/bandpass_noise_v1.dsp.json
  hp_cut                /bandpass_noise_v1/hp_cut                 [1.0, 120.0]  default=60.5
  lp_cut                /bandpass_noise_v1/lp_cut                 [50.0, 1000.0]  default=525.0
[186/300] RandomSearch | bandpass_noise_v1 | p_loss=0.1251 | 57.0s | bandpass_noise_v1_DTW_Envelope_RandomSearch.pkl
[FaustParams] Loaded 2 parameter(s) from /cshome/asalimi/code/realtime_soundmatching/synths/build/bandpass_noise_v1_72d72c2706d7/bandpass_noise_v1.dsp.json
  hp_cut                /bandpass_noise_v1/hp_cut                 [1.0, 120.0]  default=60.5
  lp_cut                /bandpass_noise_v1/lp_cut                 [50.0, 1000.0]  default=525.0
[187/300] RandomSearch | bandpass_noise_v1 | p_loss=0.0196 | 57.2s | bandpass_noise_v1_DTW_Envelope_RandomSearch.pkl
[FaustParams] Loaded 2 parameter(s) from /cshome/asalimi/code/realtime_soundmatching/synths/build/bandpass_noise_v1_72d72c2706d7/bandpass_noise_v1.dsp.json
  hp_cut                /bandpass_noise_v1/hp_cut                 [1.0, 120.0]  default=60.5
  lp_cut                /bandpass_noise_v1/lp_cut                 [50.0, 1000.0]  default=525.0
[188/300] RandomSearch | bandpass_noise_v1 | p_loss=0.0160 | 56.7s | bandpass_noise_v1_DTW_Envelope_RandomSearch.pkl
[FaustParams] Loaded 2 parameter(s) from /cshome/asalimi/code/realtime_soundmatching/synths/build/bandpass_noise_v1_72d72c2706d7/bandpass_noise_v1.dsp.json
  hp_cut                /bandpass_noise_v1/hp_cut                 [1.0, 120.0]  default=60.5
  lp_cut                /bandpass_noise_v1/lp_cut                 [50.0, 1000.0]  default=525.0
[189/300] RandomSearch | bandpass_noise_v1 | p_loss=0.0198 | 56.5s | bandpass_noise_v1_DTW_Envelope_RandomSearch.pkl
[FaustParams] Loaded 2 parameter(s) from /cshome/asalimi/code/realtime_soundmatching/synths/build/bandpass_noise_v1_72d72c2706d7/bandpass_noise_v1.dsp.json
  hp_cut                /bandpass_noise_v1/hp_cut                 [1.0, 120.0]  default=60.5
  lp_cut                /bandpass_noise_v1/lp_cut                 [50.0, 1000.0]  default=525.0
[190/300] RandomSearch | bandpass_noise_v1 | p_loss=0.1931 | 57.1s | bandpass_noise_v1_DTW_Envelope_RandomSearch.pkl
[FaustParams] Loaded 2 parameter(s) from /cshome/asalimi/code/realtime_soundmatching/synths/build/bandpass_noise_v1_72d72c2706d7/bandpass_noise_v1.dsp.json
  hp_cut                /bandpass_noise_v1/hp_cut                 [1.0, 120.0]  default=60.5
  lp_cut                /bandpass_noise_v1/lp_cut                 [50.0, 1000.0]  default=525.0
[191/300] RandomSearch | bandpass_noise_v1 | p_loss=0.1846 | 56.8s | bandpass_noise_v1_DTW_Envelope_RandomSearch.pkl
[FaustParams] Loaded 2 parameter(s) from /cshome/asalimi/code/realtime_soundmatching/synths/build/bandpass_noise_v1_72d72c2706d7/bandpass_noise_v1.dsp.json
  hp_cut                /bandpass_noise_v1/hp_cut                 [1.0, 120.0]  default=60.5
  lp_cut                /bandpass_noise_v1/lp_cut                 [50.0, 1000.0]  default=525.0
[192/300] RandomSearch | bandpass_noise_v1 | p_loss=0.0830 | 56.7s | bandpass_noise_v1_DTW_Envelope_RandomSearch.pkl
[FaustParams] Loaded 2 parameter(s) from /cshome/asalimi/code/realtime_soundmatching/synths/build/bandpass_noise_v1_72d72c2706d7/bandpass_noise_v1.dsp.json
  hp_cut                /bandpass_noise_v1/hp_cut                 [1.0, 120.0]  default=60.5
  lp_cut                /bandpass_noise_v1/lp_cut                 [50.0, 1000.0]  default=525.0
[193/300] RandomSearch | bandpass_noise_v1 | p_loss=0.0360 | 57.1s | bandpass_noise_v1_DTW_Envelope_RandomSearch.pkl
[FaustParams] Loaded 2 parameter(s) from /cshome/asalimi/code/realtime_soundmatching/synths/build/bandpass_noise_v1_72d72c2706d7/bandpass_noise_v1.dsp.json
  hp_cut                /bandpass_noise_v1/hp_cut                 [1.0, 120.0]  default=60.5
  lp_cut                /bandpass_noise_v1/lp_cut                 [50.0, 1000.0]  default=525.0
[194/300] RandomSearch | bandpass_noise_v1 | p_loss=0.0310 | 56.7s | bandpass_noise_v1_DTW_Envelope_RandomSearch.pkl
[FaustParams] Loaded 2 parameter(s) from /cshome/asalimi/code/realtime_soundmatching/synths/build/bandpass_noise_v1_72d72c2706d7/bandpass_noise_v1.dsp.json
  hp_cut                /bandpass_noise_v1/hp_cut                 [1.0, 120.0]  default=60.5
  lp_cut                /bandpass_noise_v1/lp_cut                 [50.0, 1000.0]  default=525.0
[195/300] RandomSearch | bandpass_noise_v1 | p_loss=0.0023 | 56.8s | bandpass_noise_v1_DTW_Envelope_RandomSearch.pkl
[FaustParams] Loaded 2 parameter(s) from /cshome/asalimi/code/realtime_soundmatching/synths/build/bandpass_noise_v1_72d72c2706d7/bandpass_noise_v1.dsp.json
  hp_cut                /bandpass_noise_v1/hp_cut                 [1.0, 120.0]  default=60.5
  lp_cut                /bandpass_noise_v1/lp_cut                 [50.0, 1000.0]  default=525.0
[196/300] RandomSearch | bandpass_noise_v1 | p_loss=0.0288 | 56.7s | bandpass_noise_v1_DTW_Envelope_RandomSearch.pkl
[FaustParams] Loaded 2 parameter(s) from /cshome/asalimi/code/realtime_soundmatching/synths/build/bandpass_noise_v1_72d72c2706d7/bandpass_noise_v1.dsp.json
  hp_cut                /bandpass_noise_v1/hp_cut                 [1.0, 120.0]  default=60.5
  lp_cut                /bandpass_noise_v1/lp_cut                 [50.0, 1000.0]  default=525.0
[197/300] RandomSearch | bandpass_noise_v1 | p_loss=0.0308 | 56.3s | bandpass_noise_v1_DTW_Envelope_RandomSearch.pkl
[FaustParams] Loaded 2 parameter(s) from /cshome/asalimi/code/realtime_soundmatching/synths/build/bandpass_noise_v1_72d72c2706d7/bandpass_noise_v1.dsp.json
  hp_cut                /bandpass_noise_v1/hp_cut                 [1.0, 120.0]  default=60.5
  lp_cut                /bandpass_noise_v1/lp_cut                 [50.0, 1000.0]  default=525.0
[198/300] RandomSearch | bandpass_noise_v1 | p_loss=0.5619 | 56.8s | bandpass_noise_v1_DTW_Envelope_RandomSearch.pkl
[FaustParams] Loaded 2 parameter(s) from /cshome/asalimi/code/realtime_soundmatching/synths/build/bandpass_noise_v1_72d72c2706d7/bandpass_noise_v1.dsp.json
  hp_cut                /bandpass_noise_v1/hp_cut                 [1.0, 120.0]  default=60.5
  lp_cut                /bandpass_noise_v1/lp_cut                 [50.0, 1000.0]  default=525.0
[199/300] RandomSearch | bandpass_noise_v1 | p_loss=0.0369 | 56.9s | bandpass_noise_v1_DTW_Envelope_RandomSearch.pkl
[FaustParams] Loaded 2 parameter(s) from /cshome/asalimi/code/realtime_soundmatching/synths/build/bandpass_noise_v1_72d72c2706d7/bandpass_noise_v1.dsp.json
  hp_cut                /bandpass_noise_v1/hp_cut                 [1.0, 120.0]  default=60.5
  lp_cut                /bandpass_noise_v1/lp_cut                 [50.0, 1000.0]  default=525.0
[200/300] RandomSearch | bandpass_noise_v1 | p_loss=0.1866 | 56.7s | bandpass_noise_v1_DTW_Envelope_RandomSearch.pkl
[FaustParams] Loaded 2 parameter(s) from /cshome/asalimi/code/realtime_soundmatching/synths/build/bandpass_noise_v1_72d72c2706d7/bandpass_noise_v1.dsp.json
  hp_cut                /bandpass_noise_v1/hp_cut                 [1.0, 120.0]  default=60.5
  lp_cut                /bandpass_noise_v1/lp_cut                 [50.0, 1000.0]  default=525.0
[201/300] RandomSearch | bandpass_noise_v1 | p_loss=0.0961 | 56.4s | bandpass_noise_v1_DTW_Envelope_RandomSearch.pkl
[FaustParams] Loaded 2 parameter(s) from /cshome/asalimi/code/realtime_soundmatching/synths/build/bandpass_noise_v1_72d72c2706d7/bandpass_noise_v1.dsp.json
  hp_cut                /bandpass_noise_v1/hp_cut                 [1.0, 120.0]  default=60.5
  lp_cut                /bandpass_noise_v1/lp_cut                 [50.0, 1000.0]  default=525.0
[202/300] RandomSearch | bandpass_noise_v1 | p_loss=0.2575 | 56.4s | bandpass_noise_v1_DTW_Envelope_RandomSearch.pkl
[FaustParams] Loaded 2 parameter(s) from /cshome/asalimi/code/realtime_soundmatching/synths/build/bandpass_noise_v1_72d72c2706d7/bandpass_noise_v1.dsp.json
  hp_cut                /bandpass_noise_v1/hp_cut                 [1.0, 120.0]  default=60.5
  lp_cut                /bandpass_noise_v1/lp_cut                 [50.0, 1000.0]  default=525.0
[203/300] RandomSearch | bandpass_noise_v1 | p_loss=0.2335 | 56.2s | bandpass_noise_v1_DTW_Envelope_RandomSearch.pkl
[FaustParams] Loaded 2 parameter(s) from /cshome/asalimi/code/realtime_soundmatching/synths/build/bandpass_noise_v1_72d72c2706d7/bandpass_noise_v1.dsp.json
  hp_cut                /bandpass_noise_v1/hp_cut                 [1.0, 120.0]  default=60.5
  lp_cut                /bandpass_noise_v1/lp_cut                 [50.0, 1000.0]  default=525.0
[204/300] RandomSearch | bandpass_noise_v1 | p_loss=0.0148 | 56.4s | bandpass_noise_v1_DTW_Envelope_RandomSearch.pkl
[FaustParams] Loaded 2 parameter(s) from /cshome/asalimi/code/realtime_soundmatching/synths/build/bandpass_noise_v1_72d72c2706d7/bandpass_noise_v1.dsp.json
  hp_cut                /bandpass_noise_v1/hp_cut                 [1.0, 120.0]  default=60.5
  lp_cut                /bandpass_noise_v1/lp_cut                 [50.0, 1000.0]  default=525.0
[205/300] RandomSearch | bandpass_noise_v1 | p_loss=0.0273 | 56.6s | bandpass_noise_v1_DTW_Envelope_RandomSearch.pkl
[FaustParams] Loaded 2 parameter(s) from /cshome/asalimi/code/realtime_soundmatching/synths/build/bandpass_noise_v1_72d72c2706d7/bandpass_noise_v1.dsp.json
  hp_cut                /bandpass_noise_v1/hp_cut                 [1.0, 120.0]  default=60.5
  lp_cut                /bandpass_noise_v1/lp_cut                 [50.0, 1000.0]  default=525.0
[206/300] RandomSearch | bandpass_noise_v1 | p_loss=0.1340 | 56.0s | bandpass_noise_v1_DTW_Envelope_RandomSearch.pkl
[FaustParams] Loaded 2 parameter(s) from /cshome/asalimi/code/realtime_soundmatching/synths/build/bandpass_noise_v1_72d72c2706d7/bandpass_noise_v1.dsp.json
  hp_cut                /bandpass_noise_v1/hp_cut                 [1.0, 120.0]  default=60.5
  lp_cut                /bandpass_noise_v1/lp_cut                 [50.0, 1000.0]  default=525.0
[207/300] RandomSearch | bandpass_noise_v1 | p_loss=0.1903 | 56.7s | bandpass_noise_v1_DTW_Envelope_RandomSearch.pkl
[FaustParams] Loaded 2 parameter(s) from /cshome/asalimi/code/realtime_soundmatching/synths/build/bandpass_noise_v1_72d72c2706d7/bandpass_noise_v1.dsp.json
  hp_cut                /bandpass_noise_v1/hp_cut                 [1.0, 120.0]  default=60.5
  lp_cut                /bandpass_noise_v1/lp_cut                 [50.0, 1000.0]  default=525.0
[208/300] RandomSearch | bandpass_noise_v1 | p_loss=0.2298 | 57.1s | bandpass_noise_v1_DTW_Envelope_RandomSearch.pkl
[FaustParams] Loaded 2 parameter(s) from /cshome/asalimi/code/realtime_soundmatching/synths/build/bandpass_noise_v1_72d72c2706d7/bandpass_noise_v1.dsp.json
  hp_cut                /bandpass_noise_v1/hp_cut                 [1.0, 120.0]  default=60.5
  lp_cut                /bandpass_noise_v1/lp_cut                 [50.0, 1000.0]  default=525.0
[209/300] RandomSearch | bandpass_noise_v1 | p_loss=0.0674 | 56.6s | bandpass_noise_v1_DTW_Envelope_RandomSearch.pkl
[FaustParams] Loaded 2 parameter(s) from /cshome/asalimi/code/realtime_soundmatching/synths/build/bandpass_noise_v1_72d72c2706d7/bandpass_noise_v1.dsp.json
  hp_cut                /bandpass_noise_v1/hp_cut                 [1.0, 120.0]  default=60.5
  lp_cut                /bandpass_noise_v1/lp_cut                 [50.0, 1000.0]  default=525.0
[210/300] RandomSearch | bandpass_noise_v1 | p_loss=0.0167 | 56.4s | bandpass_noise_v1_DTW_Envelope_RandomSearch.pkl
[FaustParams] Loaded 2 parameter(s) from /cshome/asalimi/code/realtime_soundmatching/synths/build/bandpass_noise_v1_72d72c2706d7/bandpass_noise_v1.dsp.json
  hp_cut                /bandpass_noise_v1/hp_cut                 [1.0, 120.0]  default=60.5
  lp_cut                /bandpass_noise_v1/lp_cut                 [50.0, 1000.0]  default=525.0
[211/300] RandomSearch | bandpass_noise_v1 | p_loss=0.0104 | 56.8s | bandpass_noise_v1_DTW_Envelope_RandomSearch.pkl
[FaustParams] Loaded 2 parameter(s) from /cshome/asalimi/code/realtime_soundmatching/synths/build/bandpass_noise_v1_72d72c2706d7/bandpass_noise_v1.dsp.json
  hp_cut                /bandpass_noise_v1/hp_cut                 [1.0, 120.0]  default=60.5
  lp_cut                /bandpass_noise_v1/lp_cut                 [50.0, 1000.0]  default=525.0
[212/300] RandomSearch | bandpass_noise_v1 | p_loss=0.0317 | 57.3s | bandpass_noise_v1_DTW_Envelope_RandomSearch.pkl
[FaustParams] Loaded 2 parameter(s) from /cshome/asalimi/code/realtime_soundmatching/synths/build/bandpass_noise_v1_72d72c2706d7/bandpass_noise_v1.dsp.json
  hp_cut                /bandpass_noise_v1/hp_cut                 [1.0, 120.0]  default=60.5
  lp_cut                /bandpass_noise_v1/lp_cut                 [50.0, 1000.0]  default=525.0
[213/300] RandomSearch | bandpass_noise_v1 | p_loss=0.6517 | 57.0s | bandpass_noise_v1_DTW_Envelope_RandomSearch.pkl
[FaustParams] Loaded 2 parameter(s) from /cshome/asalimi/code/realtime_soundmatching/synths/build/bandpass_noise_v1_72d72c2706d7/bandpass_noise_v1.dsp.json
  hp_cut                /bandpass_noise_v1/hp_cut                 [1.0, 120.0]  default=60.5
  lp_cut                /bandpass_noise_v1/lp_cut                 [50.0, 1000.0]  default=525.0
[214/300] RandomSearch | bandpass_noise_v1 | p_loss=0.0510 | 57.2s | bandpass_noise_v1_DTW_Envelope_RandomSearch.pkl
[FaustParams] Loaded 2 parameter(s) from /cshome/asalimi/code/realtime_soundmatching/synths/build/bandpass_noise_v1_72d72c2706d7/bandpass_noise_v1.dsp.json
  hp_cut                /bandpass_noise_v1/hp_cut                 [1.0, 120.0]  default=60.5
  lp_cut                /bandpass_noise_v1/lp_cut                 [50.0, 1000.0]  default=525.0
[215/300] RandomSearch | bandpass_noise_v1 | p_loss=0.0270 | 57.3s | bandpass_noise_v1_DTW_Envelope_RandomSearch.pkl
[FaustParams] Loaded 2 parameter(s) from /cshome/asalimi/code/realtime_soundmatching/synths/build/bandpass_noise_v1_72d72c2706d7/bandpass_noise_v1.dsp.json
  hp_cut                /bandpass_noise_v1/hp_cut                 [1.0, 120.0]  default=60.5
  lp_cut                /bandpass_noise_v1/lp_cut                 [50.0, 1000.0]  default=525.0
[216/300] RandomSearch | bandpass_noise_v1 | p_loss=0.0907 | 57.0s | bandpass_noise_v1_DTW_Envelope_RandomSearch.pkl
[FaustParams] Loaded 2 parameter(s) from /cshome/asalimi/code/realtime_soundmatching/synths/build/bandpass_noise_v1_72d72c2706d7/bandpass_noise_v1.dsp.json
  hp_cut                /bandpass_noise_v1/hp_cut                 [1.0, 120.0]  default=60.5
  lp_cut                /bandpass_noise_v1/lp_cut                 [50.0, 1000.0]  default=525.0
[217/300] RandomSearch | bandpass_noise_v1 | p_loss=0.0479 | 57.7s | bandpass_noise_v1_DTW_Envelope_RandomSearch.pkl
[FaustParams] Loaded 2 parameter(s) from /cshome/asalimi/code/realtime_soundmatching/synths/build/bandpass_noise_v1_72d72c2706d7/bandpass_noise_v1.dsp.json
  hp_cut                /bandpass_noise_v1/hp_cut                 [1.0, 120.0]  default=60.5
  lp_cut                /bandpass_noise_v1/lp_cut                 [50.0, 1000.0]  default=525.0
[218/300] RandomSearch | bandpass_noise_v1 | p_loss=0.1629 | 57.4s | bandpass_noise_v1_DTW_Envelope_RandomSearch.pkl
[FaustParams] Loaded 2 parameter(s) from /cshome/asalimi/code/realtime_soundmatching/synths/build/bandpass_noise_v1_72d72c2706d7/bandpass_noise_v1.dsp.json
  hp_cut                /bandpass_noise_v1/hp_cut                 [1.0, 120.0]  default=60.5
  lp_cut                /bandpass_noise_v1/lp_cut                 [50.0, 1000.0]  default=525.0
[219/300] RandomSearch | bandpass_noise_v1 | p_loss=0.0167 | 57.1s | bandpass_noise_v1_DTW_Envelope_RandomSearch.pkl
[FaustParams] Loaded 2 parameter(s) from /cshome/asalimi/code/realtime_soundmatching/synths/build/bandpass_noise_v1_72d72c2706d7/bandpass_noise_v1.dsp.json
  hp_cut                /bandpass_noise_v1/hp_cut                 [1.0, 120.0]  default=60.5
  lp_cut                /bandpass_noise_v1/lp_cut                 [50.0, 1000.0]  default=525.0
[220/300] RandomSearch | bandpass_noise_v1 | p_loss=0.1499 | 58.0s | bandpass_noise_v1_DTW_Envelope_RandomSearch.pkl
[FaustParams] Loaded 2 parameter(s) from /cshome/asalimi/code/realtime_soundmatching/synths/build/bandpass_noise_v1_72d72c2706d7/bandpass_noise_v1.dsp.json
  hp_cut                /bandpass_noise_v1/hp_cut                 [1.0, 120.0]  default=60.5
  lp_cut                /bandpass_noise_v1/lp_cut                 [50.0, 1000.0]  default=525.0
[221/300] RandomSearch | bandpass_noise_v1 | p_loss=0.0723 | 57.0s | bandpass_noise_v1_DTW_Envelope_RandomSearch.pkl
[FaustParams] Loaded 2 parameter(s) from /cshome/asalimi/code/realtime_soundmatching/synths/build/bandpass_noise_v1_72d72c2706d7/bandpass_noise_v1.dsp.json
  hp_cut                /bandpass_noise_v1/hp_cut                 [1.0, 120.0]  default=60.5
  lp_cut                /bandpass_noise_v1/lp_cut                 [50.0, 1000.0]  default=525.0
[222/300] RandomSearch | bandpass_noise_v1 | p_loss=0.8135 | 56.9s | bandpass_noise_v1_DTW_Envelope_RandomSearch.pkl
[FaustParams] Loaded 2 parameter(s) from /cshome/asalimi/code/realtime_soundmatching/synths/build/bandpass_noise_v1_72d72c2706d7/bandpass_noise_v1.dsp.json
  hp_cut                /bandpass_noise_v1/hp_cut                 [1.0, 120.0]  default=60.5
  lp_cut                /bandpass_noise_v1/lp_cut                 [50.0, 1000.0]  default=525.0
[223/300] RandomSearch | bandpass_noise_v1 | p_loss=0.0312 | 57.5s | bandpass_noise_v1_DTW_Envelope_RandomSearch.pkl
[FaustParams] Loaded 2 parameter(s) from /cshome/asalimi/code/realtime_soundmatching/synths/build/bandpass_noise_v1_72d72c2706d7/bandpass_noise_v1.dsp.json
  hp_cut                /bandpass_noise_v1/hp_cut                 [1.0, 120.0]  default=60.5
  lp_cut                /bandpass_noise_v1/lp_cut                 [50.0, 1000.0]  default=525.0
[224/300] RandomSearch | bandpass_noise_v1 | p_loss=0.0161 | 56.8s | bandpass_noise_v1_DTW_Envelope_RandomSearch.pkl
[FaustParams] Loaded 2 parameter(s) from /cshome/asalimi/code/realtime_soundmatching/synths/build/bandpass_noise_v1_72d72c2706d7/bandpass_noise_v1.dsp.json
  hp_cut                /bandpass_noise_v1/hp_cut                 [1.0, 120.0]  default=60.5
  lp_cut                /bandpass_noise_v1/lp_cut                 [50.0, 1000.0]  default=525.0
[225/300] RandomSearch | bandpass_noise_v1 | p_loss=0.1095 | 57.3s | bandpass_noise_v1_DTW_Envelope_RandomSearch.pkl
[FaustParams] Loaded 2 parameter(s) from /cshome/asalimi/code/realtime_soundmatching/synths/build/bandpass_noise_v1_72d72c2706d7/bandpass_noise_v1.dsp.json
  hp_cut                /bandpass_noise_v1/hp_cut                 [1.0, 120.0]  default=60.5
  lp_cut                /bandpass_noise_v1/lp_cut                 [50.0, 1000.0]  default=525.0
[226/300] RandomSearch | bandpass_noise_v1 | p_loss=0.0429 | 57.1s | bandpass_noise_v1_DTW_Envelope_RandomSearch.pkl
[FaustParams] Loaded 2 parameter(s) from /cshome/asalimi/code/realtime_soundmatching/synths/build/bandpass_noise_v1_72d72c2706d7/bandpass_noise_v1.dsp.json
  hp_cut                /bandpass_noise_v1/hp_cut                 [1.0, 120.0]  default=60.5
  lp_cut                /bandpass_noise_v1/lp_cut                 [50.0, 1000.0]  default=525.0
[227/300] RandomSearch | bandpass_noise_v1 | p_loss=0.0038 | 57.1s | bandpass_noise_v1_DTW_Envelope_RandomSearch.pkl
[FaustParams] Loaded 2 parameter(s) from /cshome/asalimi/code/realtime_soundmatching/synths/build/bandpass_noise_v1_72d72c2706d7/bandpass_noise_v1.dsp.json
  hp_cut                /bandpass_noise_v1/hp_cut                 [1.0, 120.0]  default=60.5
  lp_cut                /bandpass_noise_v1/lp_cut                 [50.0, 1000.0]  default=525.0
[228/300] RandomSearch | bandpass_noise_v1 | p_loss=0.0960 | 56.1s | bandpass_noise_v1_DTW_Envelope_RandomSearch.pkl
[FaustParams] Loaded 2 parameter(s) from /cshome/asalimi/code/realtime_soundmatching/synths/build/bandpass_noise_v1_72d72c2706d7/bandpass_noise_v1.dsp.json
  hp_cut                /bandpass_noise_v1/hp_cut                 [1.0, 120.0]  default=60.5
  lp_cut                /bandpass_noise_v1/lp_cut                 [50.0, 1000.0]  default=525.0
[229/300] RandomSearch | bandpass_noise_v1 | p_loss=0.0432 | 56.0s | bandpass_noise_v1_DTW_Envelope_RandomSearch.pkl
[FaustParams] Loaded 2 parameter(s) from /cshome/asalimi/code/realtime_soundmatching/synths/build/bandpass_noise_v1_72d72c2706d7/bandpass_noise_v1.dsp.json
  hp_cut                /bandpass_noise_v1/hp_cut                 [1.0, 120.0]  default=60.5
  lp_cut                /bandpass_noise_v1/lp_cut                 [50.0, 1000.0]  default=525.0
[230/300] RandomSearch | bandpass_noise_v1 | p_loss=0.0223 | 56.2s | bandpass_noise_v1_DTW_Envelope_RandomSearch.pkl
[FaustParams] Loaded 2 parameter(s) from /cshome/asalimi/code/realtime_soundmatching/synths/build/bandpass_noise_v1_72d72c2706d7/bandpass_noise_v1.dsp.json
  hp_cut                /bandpass_noise_v1/hp_cut                 [1.0, 120.0]  default=60.5
  lp_cut                /bandpass_noise_v1/lp_cut                 [50.0, 1000.0]  default=525.0
[231/300] RandomSearch | bandpass_noise_v1 | p_loss=0.1027 | 55.7s | bandpass_noise_v1_DTW_Envelope_RandomSearch.pkl
[FaustParams] Loaded 2 parameter(s) from /cshome/asalimi/code/realtime_soundmatching/synths/build/bandpass_noise_v1_72d72c2706d7/bandpass_noise_v1.dsp.json
  hp_cut                /bandpass_noise_v1/hp_cut                 [1.0, 120.0]  default=60.5
  lp_cut                /bandpass_noise_v1/lp_cut                 [50.0, 1000.0]  default=525.0
[232/300] RandomSearch | bandpass_noise_v1 | p_loss=0.0889 | 56.2s | bandpass_noise_v1_DTW_Envelope_RandomSearch.pkl
[FaustParams] Loaded 2 parameter(s) from /cshome/asalimi/code/realtime_soundmatching/synths/build/bandpass_noise_v1_72d72c2706d7/bandpass_noise_v1.dsp.json
  hp_cut                /bandpass_noise_v1/hp_cut                 [1.0, 120.0]  default=60.5
  lp_cut                /bandpass_noise_v1/lp_cut                 [50.0, 1000.0]  default=525.0
[233/300] RandomSearch | bandpass_noise_v1 | p_loss=0.0616 | 56.0s | bandpass_noise_v1_DTW_Envelope_RandomSearch.pkl
[FaustParams] Loaded 2 parameter(s) from /cshome/asalimi/code/realtime_soundmatching/synths/build/bandpass_noise_v1_72d72c2706d7/bandpass_noise_v1.dsp.json
  hp_cut                /bandpass_noise_v1/hp_cut                 [1.0, 120.0]  default=60.5
  lp_cut                /bandpass_noise_v1/lp_cut                 [50.0, 1000.0]  default=525.0
[234/300] RandomSearch | bandpass_noise_v1 | p_loss=0.0520 | 55.5s | bandpass_noise_v1_DTW_Envelope_RandomSearch.pkl
[FaustParams] Loaded 2 parameter(s) from /cshome/asalimi/code/realtime_soundmatching/synths/build/bandpass_noise_v1_72d72c2706d7/bandpass_noise_v1.dsp.json
  hp_cut                /bandpass_noise_v1/hp_cut                 [1.0, 120.0]  default=60.5
  lp_cut                /bandpass_noise_v1/lp_cut                 [50.0, 1000.0]  default=525.0
[235/300] RandomSearch | bandpass_noise_v1 | p_loss=0.1942 | 56.4s | bandpass_noise_v1_DTW_Envelope_RandomSearch.pkl
[FaustParams] Loaded 2 parameter(s) from /cshome/asalimi/code/realtime_soundmatching/synths/build/bandpass_noise_v1_72d72c2706d7/bandpass_noise_v1.dsp.json
  hp_cut                /bandpass_noise_v1/hp_cut                 [1.0, 120.0]  default=60.5
  lp_cut                /bandpass_noise_v1/lp_cut                 [50.0, 1000.0]  default=525.0
[236/300] RandomSearch | bandpass_noise_v1 | p_loss=0.0432 | 56.2s | bandpass_noise_v1_DTW_Envelope_RandomSearch.pkl
[FaustParams] Loaded 2 parameter(s) from /cshome/asalimi/code/realtime_soundmatching/synths/build/bandpass_noise_v1_72d72c2706d7/bandpass_noise_v1.dsp.json
  hp_cut                /bandpass_noise_v1/hp_cut                 [1.0, 120.0]  default=60.5
  lp_cut                /bandpass_noise_v1/lp_cut                 [50.0, 1000.0]  default=525.0
[237/300] RandomSearch | bandpass_noise_v1 | p_loss=0.0672 | 56.1s | bandpass_noise_v1_DTW_Envelope_RandomSearch.pkl
[FaustParams] Loaded 2 parameter(s) from /cshome/asalimi/code/realtime_soundmatching/synths/build/bandpass_noise_v1_72d72c2706d7/bandpass_noise_v1.dsp.json
  hp_cut                /bandpass_noise_v1/hp_cut                 [1.0, 120.0]  default=60.5
  lp_cut                /bandpass_noise_v1/lp_cut                 [50.0, 1000.0]  default=525.0
[238/300] RandomSearch | bandpass_noise_v1 | p_loss=0.1526 | 55.9s | bandpass_noise_v1_DTW_Envelope_RandomSearch.pkl
[FaustParams] Loaded 2 parameter(s) from /cshome/asalimi/code/realtime_soundmatching/synths/build/bandpass_noise_v1_72d72c2706d7/bandpass_noise_v1.dsp.json
  hp_cut                /bandpass_noise_v1/hp_cut                 [1.0, 120.0]  default=60.5
  lp_cut                /bandpass_noise_v1/lp_cut                 [50.0, 1000.0]  default=525.0
[239/300] RandomSearch | bandpass_noise_v1 | p_loss=0.0254 | 55.9s | bandpass_noise_v1_DTW_Envelope_RandomSearch.pkl
[FaustParams] Loaded 2 parameter(s) from /cshome/asalimi/code/realtime_soundmatching/synths/build/bandpass_noise_v1_72d72c2706d7/bandpass_noise_v1.dsp.json
  hp_cut                /bandpass_noise_v1/hp_cut                 [1.0, 120.0]  default=60.5
  lp_cut                /bandpass_noise_v1/lp_cut                 [50.0, 1000.0]  default=525.0
[240/300] RandomSearch | bandpass_noise_v1 | p_loss=0.1588 | 56.0s | bandpass_noise_v1_DTW_Envelope_RandomSearch.pkl
[FaustParams] Loaded 2 parameter(s) from /cshome/asalimi/code/realtime_soundmatching/synths/build/bandpass_noise_v1_72d72c2706d7/bandpass_noise_v1.dsp.json
  hp_cut                /bandpass_noise_v1/hp_cut                 [1.0, 120.0]  default=60.5
  lp_cut                /bandpass_noise_v1/lp_cut                 [50.0, 1000.0]  default=525.0
[241/300] RandomSearch | bandpass_noise_v1 | p_loss=0.0848 | 56.4s | bandpass_noise_v1_DTW_Envelope_RandomSearch.pkl
[FaustParams] Loaded 2 parameter(s) from /cshome/asalimi/code/realtime_soundmatching/synths/build/bandpass_noise_v1_72d72c2706d7/bandpass_noise_v1.dsp.json
  hp_cut                /bandpass_noise_v1/hp_cut                 [1.0, 120.0]  default=60.5
  lp_cut                /bandpass_noise_v1/lp_cut                 [50.0, 1000.0]  default=525.0
[242/300] RandomSearch | bandpass_noise_v1 | p_loss=0.0697 | 55.8s | bandpass_noise_v1_DTW_Envelope_RandomSearch.pkl
[FaustParams] Loaded 2 parameter(s) from /cshome/asalimi/code/realtime_soundmatching/synths/build/bandpass_noise_v1_72d72c2706d7/bandpass_noise_v1.dsp.json
  hp_cut                /bandpass_noise_v1/hp_cut                 [1.0, 120.0]  default=60.5
  lp_cut                /bandpass_noise_v1/lp_cut                 [50.0, 1000.0]  default=525.0
[243/300] RandomSearch | bandpass_noise_v1 | p_loss=0.1531 | 56.5s | bandpass_noise_v1_DTW_Envelope_RandomSearch.pkl
[FaustParams] Loaded 2 parameter(s) from /cshome/asalimi/code/realtime_soundmatching/synths/build/bandpass_noise_v1_72d72c2706d7/bandpass_noise_v1.dsp.json
  hp_cut                /bandpass_noise_v1/hp_cut                 [1.0, 120.0]  default=60.5
  lp_cut                /bandpass_noise_v1/lp_cut                 [50.0, 1000.0]  default=525.0
[244/300] RandomSearch | bandpass_noise_v1 | p_loss=0.1598 | 56.2s | bandpass_noise_v1_DTW_Envelope_RandomSearch.pkl
[FaustParams] Loaded 2 parameter(s) from /cshome/asalimi/code/realtime_soundmatching/synths/build/bandpass_noise_v1_72d72c2706d7/bandpass_noise_v1.dsp.json
  hp_cut                /bandpass_noise_v1/hp_cut                 [1.0, 120.0]  default=60.5
  lp_cut                /bandpass_noise_v1/lp_cut                 [50.0, 1000.0]  default=525.0
[245/300] RandomSearch | bandpass_noise_v1 | p_loss=0.0415 | 56.1s | bandpass_noise_v1_DTW_Envelope_RandomSearch.pkl
[FaustParams] Loaded 2 parameter(s) from /cshome/asalimi/code/realtime_soundmatching/synths/build/bandpass_noise_v1_72d72c2706d7/bandpass_noise_v1.dsp.json
  hp_cut                /bandpass_noise_v1/hp_cut                 [1.0, 120.0]  default=60.5
  lp_cut                /bandpass_noise_v1/lp_cut                 [50.0, 1000.0]  default=525.0
[246/300] RandomSearch | bandpass_noise_v1 | p_loss=0.0112 | 56.5s | bandpass_noise_v1_DTW_Envelope_RandomSearch.pkl
[FaustParams] Loaded 2 parameter(s) from /cshome/asalimi/code/realtime_soundmatching/synths/build/bandpass_noise_v1_72d72c2706d7/bandpass_noise_v1.dsp.json
  hp_cut                /bandpass_noise_v1/hp_cut                 [1.0, 120.0]  default=60.5
  lp_cut                /bandpass_noise_v1/lp_cut                 [50.0, 1000.0]  default=525.0
[247/300] RandomSearch | bandpass_noise_v1 | p_loss=0.0846 | 56.2s | bandpass_noise_v1_DTW_Envelope_RandomSearch.pkl
[FaustParams] Loaded 2 parameter(s) from /cshome/asalimi/code/realtime_soundmatching/synths/build/bandpass_noise_v1_72d72c2706d7/bandpass_noise_v1.dsp.json
  hp_cut                /bandpass_noise_v1/hp_cut                 [1.0, 120.0]  default=60.5
  lp_cut                /bandpass_noise_v1/lp_cut                 [50.0, 1000.0]  default=525.0
[248/300] RandomSearch | bandpass_noise_v1 | p_loss=0.0084 | 55.8s | bandpass_noise_v1_DTW_Envelope_RandomSearch.pkl
[FaustParams] Loaded 2 parameter(s) from /cshome/asalimi/code/realtime_soundmatching/synths/build/bandpass_noise_v1_72d72c2706d7/bandpass_noise_v1.dsp.json
  hp_cut                /bandpass_noise_v1/hp_cut                 [1.0, 120.0]  default=60.5
  lp_cut                /bandpass_noise_v1/lp_cut                 [50.0, 1000.0]  default=525.0
[249/300] RandomSearch | bandpass_noise_v1 | p_loss=0.0447 | 56.0s | bandpass_noise_v1_DTW_Envelope_RandomSearch.pkl
[FaustParams] Loaded 2 parameter(s) from /cshome/asalimi/code/realtime_soundmatching/synths/build/bandpass_noise_v1_72d72c2706d7/bandpass_noise_v1.dsp.json
  hp_cut                /bandpass_noise_v1/hp_cut                 [1.0, 120.0]  default=60.5
  lp_cut                /bandpass_noise_v1/lp_cut                 [50.0, 1000.0]  default=525.0
[250/300] RandomSearch | bandpass_noise_v1 | p_loss=0.0200 | 55.8s | bandpass_noise_v1_DTW_Envelope_RandomSearch.pkl
[FaustParams] Loaded 2 parameter(s) from /cshome/asalimi/code/realtime_soundmatching/synths/build/bandpass_noise_v1_72d72c2706d7/bandpass_noise_v1.dsp.json
  hp_cut                /bandpass_noise_v1/hp_cut                 [1.0, 120.0]  default=60.5
  lp_cut                /bandpass_noise_v1/lp_cut                 [50.0, 1000.0]  default=525.0
[251/300] RandomSearch | bandpass_noise_v1 | p_loss=0.0552 | 56.0s | bandpass_noise_v1_DTW_Envelope_RandomSearch.pkl
[FaustParams] Loaded 2 parameter(s) from /cshome/asalimi/code/realtime_soundmatching/synths/build/bandpass_noise_v1_72d72c2706d7/bandpass_noise_v1.dsp.json
  hp_cut                /bandpass_noise_v1/hp_cut                 [1.0, 120.0]  default=60.5
  lp_cut                /bandpass_noise_v1/lp_cut                 [50.0, 1000.0]  default=525.0
[252/300] RandomSearch | bandpass_noise_v1 | p_loss=0.0332 | 56.7s | bandpass_noise_v1_DTW_Envelope_RandomSearch.pkl
[FaustParams] Loaded 2 parameter(s) from /cshome/asalimi/code/realtime_soundmatching/synths/build/bandpass_noise_v1_72d72c2706d7/bandpass_noise_v1.dsp.json
  hp_cut                /bandpass_noise_v1/hp_cut                 [1.0, 120.0]  default=60.5
  lp_cut                /bandpass_noise_v1/lp_cut                 [50.0, 1000.0]  default=525.0
[253/300] RandomSearch | bandpass_noise_v1 | p_loss=0.0821 | 56.0s | bandpass_noise_v1_DTW_Envelope_RandomSearch.pkl
[FaustParams] Loaded 2 parameter(s) from /cshome/asalimi/code/realtime_soundmatching/synths/build/bandpass_noise_v1_72d72c2706d7/bandpass_noise_v1.dsp.json
  hp_cut                /bandpass_noise_v1/hp_cut                 [1.0, 120.0]  default=60.5
  lp_cut                /bandpass_noise_v1/lp_cut                 [50.0, 1000.0]  default=525.0
[254/300] RandomSearch | bandpass_noise_v1 | p_loss=0.0304 | 56.3s | bandpass_noise_v1_DTW_Envelope_RandomSearch.pkl
[FaustParams] Loaded 2 parameter(s) from /cshome/asalimi/code/realtime_soundmatching/synths/build/bandpass_noise_v1_72d72c2706d7/bandpass_noise_v1.dsp.json
  hp_cut                /bandpass_noise_v1/hp_cut                 [1.0, 120.0]  default=60.5
  lp_cut                /bandpass_noise_v1/lp_cut                 [50.0, 1000.0]  default=525.0
[255/300] RandomSearch | bandpass_noise_v1 | p_loss=0.1298 | 56.4s | bandpass_noise_v1_DTW_Envelope_RandomSearch.pkl
[FaustParams] Loaded 2 parameter(s) from /cshome/asalimi/code/realtime_soundmatching/synths/build/bandpass_noise_v1_72d72c2706d7/bandpass_noise_v1.dsp.json
  hp_cut                /bandpass_noise_v1/hp_cut                 [1.0, 120.0]  default=60.5
  lp_cut                /bandpass_noise_v1/lp_cut                 [50.0, 1000.0]  default=525.0
[256/300] RandomSearch | bandpass_noise_v1 | p_loss=0.0692 | 56.4s | bandpass_noise_v1_DTW_Envelope_RandomSearch.pkl
[FaustParams] Loaded 2 parameter(s) from /cshome/asalimi/code/realtime_soundmatching/synths/build/bandpass_noise_v1_72d72c2706d7/bandpass_noise_v1.dsp.json
  hp_cut                /bandpass_noise_v1/hp_cut                 [1.0, 120.0]  default=60.5
  lp_cut                /bandpass_noise_v1/lp_cut                 [50.0, 1000.0]  default=525.0
[257/300] RandomSearch | bandpass_noise_v1 | p_loss=0.0525 | 56.4s | bandpass_noise_v1_DTW_Envelope_RandomSearch.pkl
[FaustParams] Loaded 2 parameter(s) from /cshome/asalimi/code/realtime_soundmatching/synths/build/bandpass_noise_v1_72d72c2706d7/bandpass_noise_v1.dsp.json
  hp_cut                /bandpass_noise_v1/hp_cut                 [1.0, 120.0]  default=60.5
  lp_cut                /bandpass_noise_v1/lp_cut                 [50.0, 1000.0]  default=525.0
[258/300] RandomSearch | bandpass_noise_v1 | p_loss=0.1106 | 56.1s | bandpass_noise_v1_DTW_Envelope_RandomSearch.pkl
[FaustParams] Loaded 2 parameter(s) from /cshome/asalimi/code/realtime_soundmatching/synths/build/bandpass_noise_v1_72d72c2706d7/bandpass_noise_v1.dsp.json
  hp_cut                /bandpass_noise_v1/hp_cut                 [1.0, 120.0]  default=60.5
  lp_cut                /bandpass_noise_v1/lp_cut                 [50.0, 1000.0]  default=525.0
[259/300] RandomSearch | bandpass_noise_v1 | p_loss=0.0567 | 56.3s | bandpass_noise_v1_DTW_Envelope_RandomSearch.pkl
[FaustParams] Loaded 2 parameter(s) from /cshome/asalimi/code/realtime_soundmatching/synths/build/bandpass_noise_v1_72d72c2706d7/bandpass_noise_v1.dsp.json
  hp_cut                /bandpass_noise_v1/hp_cut                 [1.0, 120.0]  default=60.5
  lp_cut                /bandpass_noise_v1/lp_cut                 [50.0, 1000.0]  default=525.0
[260/300] RandomSearch | bandpass_noise_v1 | p_loss=0.0403 | 56.2s | bandpass_noise_v1_DTW_Envelope_RandomSearch.pkl
[FaustParams] Loaded 2 parameter(s) from /cshome/asalimi/code/realtime_soundmatching/synths/build/bandpass_noise_v1_72d72c2706d7/bandpass_noise_v1.dsp.json
  hp_cut                /bandpass_noise_v1/hp_cut                 [1.0, 120.0]  default=60.5
  lp_cut                /bandpass_noise_v1/lp_cut                 [50.0, 1000.0]  default=525.0
[261/300] RandomSearch | bandpass_noise_v1 | p_loss=0.0173 | 56.4s | bandpass_noise_v1_DTW_Envelope_RandomSearch.pkl
[FaustParams] Loaded 2 parameter(s) from /cshome/asalimi/code/realtime_soundmatching/synths/build/bandpass_noise_v1_72d72c2706d7/bandpass_noise_v1.dsp.json
  hp_cut                /bandpass_noise_v1/hp_cut                 [1.0, 120.0]  default=60.5
  lp_cut                /bandpass_noise_v1/lp_cut                 [50.0, 1000.0]  default=525.0
[262/300] RandomSearch | bandpass_noise_v1 | p_loss=0.0251 | 56.8s | bandpass_noise_v1_DTW_Envelope_RandomSearch.pkl
[FaustParams] Loaded 2 parameter(s) from /cshome/asalimi/code/realtime_soundmatching/synths/build/bandpass_noise_v1_72d72c2706d7/bandpass_noise_v1.dsp.json
  hp_cut                /bandpass_noise_v1/hp_cut                 [1.0, 120.0]  default=60.5
  lp_cut                /bandpass_noise_v1/lp_cut                 [50.0, 1000.0]  default=525.0
[263/300] RandomSearch | bandpass_noise_v1 | p_loss=0.0173 | 56.4s | bandpass_noise_v1_DTW_Envelope_RandomSearch.pkl
[FaustParams] Loaded 2 parameter(s) from /cshome/asalimi/code/realtime_soundmatching/synths/build/bandpass_noise_v1_72d72c2706d7/bandpass_noise_v1.dsp.json
  hp_cut                /bandpass_noise_v1/hp_cut                 [1.0, 120.0]  default=60.5
  lp_cut                /bandpass_noise_v1/lp_cut                 [50.0, 1000.0]  default=525.0
[264/300] RandomSearch | bandpass_noise_v1 | p_loss=0.0478 | 56.1s | bandpass_noise_v1_DTW_Envelope_RandomSearch.pkl
[FaustParams] Loaded 2 parameter(s) from /cshome/asalimi/code/realtime_soundmatching/synths/build/bandpass_noise_v1_72d72c2706d7/bandpass_noise_v1.dsp.json
  hp_cut                /bandpass_noise_v1/hp_cut                 [1.0, 120.0]  default=60.5
  lp_cut                /bandpass_noise_v1/lp_cut                 [50.0, 1000.0]  default=525.0
[265/300] RandomSearch | bandpass_noise_v1 | p_loss=0.0672 | 56.5s | bandpass_noise_v1_DTW_Envelope_RandomSearch.pkl
[FaustParams] Loaded 2 parameter(s) from /cshome/asalimi/code/realtime_soundmatching/synths/build/bandpass_noise_v1_72d72c2706d7/bandpass_noise_v1.dsp.json
  hp_cut                /bandpass_noise_v1/hp_cut                 [1.0, 120.0]  default=60.5
  lp_cut                /bandpass_noise_v1/lp_cut                 [50.0, 1000.0]  default=525.0
[266/300] RandomSearch | bandpass_noise_v1 | p_loss=0.0106 | 56.1s | bandpass_noise_v1_DTW_Envelope_RandomSearch.pkl
[FaustParams] Loaded 2 parameter(s) from /cshome/asalimi/code/realtime_soundmatching/synths/build/bandpass_noise_v1_72d72c2706d7/bandpass_noise_v1.dsp.json
  hp_cut                /bandpass_noise_v1/hp_cut                 [1.0, 120.0]  default=60.5
  lp_cut                /bandpass_noise_v1/lp_cut                 [50.0, 1000.0]  default=525.0
[267/300] RandomSearch | bandpass_noise_v1 | p_loss=0.0514 | 56.5s | bandpass_noise_v1_DTW_Envelope_RandomSearch.pkl
[FaustParams] Loaded 2 parameter(s) from /cshome/asalimi/code/realtime_soundmatching/synths/build/bandpass_noise_v1_72d72c2706d7/bandpass_noise_v1.dsp.json
  hp_cut                /bandpass_noise_v1/hp_cut                 [1.0, 120.0]  default=60.5
  lp_cut                /bandpass_noise_v1/lp_cut                 [50.0, 1000.0]  default=525.0
[268/300] RandomSearch | bandpass_noise_v1 | p_loss=0.0445 | 56.6s | bandpass_noise_v1_DTW_Envelope_RandomSearch.pkl
[FaustParams] Loaded 2 parameter(s) from /cshome/asalimi/code/realtime_soundmatching/synths/build/bandpass_noise_v1_72d72c2706d7/bandpass_noise_v1.dsp.json
  hp_cut                /bandpass_noise_v1/hp_cut                 [1.0, 120.0]  default=60.5
  lp_cut                /bandpass_noise_v1/lp_cut                 [50.0, 1000.0]  default=525.0
[269/300] RandomSearch | bandpass_noise_v1 | p_loss=0.0216 | 56.2s | bandpass_noise_v1_DTW_Envelope_RandomSearch.pkl
[FaustParams] Loaded 2 parameter(s) from /cshome/asalimi/code/realtime_soundmatching/synths/build/bandpass_noise_v1_72d72c2706d7/bandpass_noise_v1.dsp.json
  hp_cut                /bandpass_noise_v1/hp_cut                 [1.0, 120.0]  default=60.5
  lp_cut                /bandpass_noise_v1/lp_cut                 [50.0, 1000.0]  default=525.0
[270/300] RandomSearch | bandpass_noise_v1 | p_loss=0.0379 | 56.4s | bandpass_noise_v1_DTW_Envelope_RandomSearch.pkl
[FaustParams] Loaded 2 parameter(s) from /cshome/asalimi/code/realtime_soundmatching/synths/build/bandpass_noise_v1_72d72c2706d7/bandpass_noise_v1.dsp.json
  hp_cut                /bandpass_noise_v1/hp_cut                 [1.0, 120.0]  default=60.5
  lp_cut                /bandpass_noise_v1/lp_cut                 [50.0, 1000.0]  default=525.0
[271/300] RandomSearch | bandpass_noise_v1 | p_loss=0.0289 | 56.7s | bandpass_noise_v1_DTW_Envelope_RandomSearch.pkl
[FaustParams] Loaded 2 parameter(s) from /cshome/asalimi/code/realtime_soundmatching/synths/build/bandpass_noise_v1_72d72c2706d7/bandpass_noise_v1.dsp.json
  hp_cut                /bandpass_noise_v1/hp_cut                 [1.0, 120.0]  default=60.5
  lp_cut                /bandpass_noise_v1/lp_cut                 [50.0, 1000.0]  default=525.0
[272/300] RandomSearch | bandpass_noise_v1 | p_loss=0.2871 | 56.5s | bandpass_noise_v1_DTW_Envelope_RandomSearch.pkl
[FaustParams] Loaded 2 parameter(s) from /cshome/asalimi/code/realtime_soundmatching/synths/build/bandpass_noise_v1_72d72c2706d7/bandpass_noise_v1.dsp.json
  hp_cut                /bandpass_noise_v1/hp_cut                 [1.0, 120.0]  default=60.5
  lp_cut                /bandpass_noise_v1/lp_cut                 [50.0, 1000.0]  default=525.0
[273/300] RandomSearch | bandpass_noise_v1 | p_loss=0.0168 | 56.2s | bandpass_noise_v1_DTW_Envelope_RandomSearch.pkl
[FaustParams] Loaded 2 parameter(s) from /cshome/asalimi/code/realtime_soundmatching/synths/build/bandpass_noise_v1_72d72c2706d7/bandpass_noise_v1.dsp.json
  hp_cut                /bandpass_noise_v1/hp_cut                 [1.0, 120.0]  default=60.5
  lp_cut                /bandpass_noise_v1/lp_cut                 [50.0, 1000.0]  default=525.0
[274/300] RandomSearch | bandpass_noise_v1 | p_loss=0.0341 | 56.2s | bandpass_noise_v1_DTW_Envelope_RandomSearch.pkl
[FaustParams] Loaded 2 parameter(s) from /cshome/asalimi/code/realtime_soundmatching/synths/build/bandpass_noise_v1_72d72c2706d7/bandpass_noise_v1.dsp.json
  hp_cut                /bandpass_noise_v1/hp_cut                 [1.0, 120.0]  default=60.5
  lp_cut                /bandpass_noise_v1/lp_cut                 [50.0, 1000.0]  default=525.0
[275/300] RandomSearch | bandpass_noise_v1 | p_loss=0.2701 | 56.4s | bandpass_noise_v1_DTW_Envelope_RandomSearch.pkl
[FaustParams] Loaded 2 parameter(s) from /cshome/asalimi/code/realtime_soundmatching/synths/build/bandpass_noise_v1_72d72c2706d7/bandpass_noise_v1.dsp.json
  hp_cut                /bandpass_noise_v1/hp_cut                 [1.0, 120.0]  default=60.5
  lp_cut                /bandpass_noise_v1/lp_cut                 [50.0, 1000.0]  default=525.0
[276/300] RandomSearch | bandpass_noise_v1 | p_loss=0.0648 | 56.4s | bandpass_noise_v1_DTW_Envelope_RandomSearch.pkl
[FaustParams] Loaded 2 parameter(s) from /cshome/asalimi/code/realtime_soundmatching/synths/build/bandpass_noise_v1_72d72c2706d7/bandpass_noise_v1.dsp.json
  hp_cut                /bandpass_noise_v1/hp_cut                 [1.0, 120.0]  default=60.5
  lp_cut                /bandpass_noise_v1/lp_cut                 [50.0, 1000.0]  default=525.0
[277/300] RandomSearch | bandpass_noise_v1 | p_loss=0.0430 | 56.7s | bandpass_noise_v1_DTW_Envelope_RandomSearch.pkl
[FaustParams] Loaded 2 parameter(s) from /cshome/asalimi/code/realtime_soundmatching/synths/build/bandpass_noise_v1_72d72c2706d7/bandpass_noise_v1.dsp.json
  hp_cut                /bandpass_noise_v1/hp_cut                 [1.0, 120.0]  default=60.5
  lp_cut                /bandpass_noise_v1/lp_cut                 [50.0, 1000.0]  default=525.0
[278/300] RandomSearch | bandpass_noise_v1 | p_loss=0.0626 | 56.4s | bandpass_noise_v1_DTW_Envelope_RandomSearch.pkl
[FaustParams] Loaded 2 parameter(s) from /cshome/asalimi/code/realtime_soundmatching/synths/build/bandpass_noise_v1_72d72c2706d7/bandpass_noise_v1.dsp.json
  hp_cut                /bandpass_noise_v1/hp_cut                 [1.0, 120.0]  default=60.5
  lp_cut                /bandpass_noise_v1/lp_cut                 [50.0, 1000.0]  default=525.0
[279/300] RandomSearch | bandpass_noise_v1 | p_loss=0.0425 | 56.5s | bandpass_noise_v1_DTW_Envelope_RandomSearch.pkl
[FaustParams] Loaded 2 parameter(s) from /cshome/asalimi/code/realtime_soundmatching/synths/build/bandpass_noise_v1_72d72c2706d7/bandpass_noise_v1.dsp.json
  hp_cut                /bandpass_noise_v1/hp_cut                 [1.0, 120.0]  default=60.5
  lp_cut                /bandpass_noise_v1/lp_cut                 [50.0, 1000.0]  default=525.0
[280/300] RandomSearch | bandpass_noise_v1 | p_loss=0.0122 | 56.9s | bandpass_noise_v1_DTW_Envelope_RandomSearch.pkl
[FaustParams] Loaded 2 parameter(s) from /cshome/asalimi/code/realtime_soundmatching/synths/build/bandpass_noise_v1_72d72c2706d7/bandpass_noise_v1.dsp.json
  hp_cut                /bandpass_noise_v1/hp_cut                 [1.0, 120.0]  default=60.5
  lp_cut                /bandpass_noise_v1/lp_cut                 [50.0, 1000.0]  default=525.0
[281/300] RandomSearch | bandpass_noise_v1 | p_loss=0.0249 | 56.1s | bandpass_noise_v1_DTW_Envelope_RandomSearch.pkl
[FaustParams] Loaded 2 parameter(s) from /cshome/asalimi/code/realtime_soundmatching/synths/build/bandpass_noise_v1_72d72c2706d7/bandpass_noise_v1.dsp.json
  hp_cut                /bandpass_noise_v1/hp_cut                 [1.0, 120.0]  default=60.5
  lp_cut                /bandpass_noise_v1/lp_cut                 [50.0, 1000.0]  default=525.0
[282/300] RandomSearch | bandpass_noise_v1 | p_loss=0.0745 | 56.6s | bandpass_noise_v1_DTW_Envelope_RandomSearch.pkl
[FaustParams] Loaded 2 parameter(s) from /cshome/asalimi/code/realtime_soundmatching/synths/build/bandpass_noise_v1_72d72c2706d7/bandpass_noise_v1.dsp.json
  hp_cut                /bandpass_noise_v1/hp_cut                 [1.0, 120.0]  default=60.5
  lp_cut                /bandpass_noise_v1/lp_cut                 [50.0, 1000.0]  default=525.0
[283/300] RandomSearch | bandpass_noise_v1 | p_loss=0.0413 | 56.7s | bandpass_noise_v1_DTW_Envelope_RandomSearch.pkl
[FaustParams] Loaded 2 parameter(s) from /cshome/asalimi/code/realtime_soundmatching/synths/build/bandpass_noise_v1_72d72c2706d7/bandpass_noise_v1.dsp.json
  hp_cut                /bandpass_noise_v1/hp_cut                 [1.0, 120.0]  default=60.5
  lp_cut                /bandpass_noise_v1/lp_cut                 [50.0, 1000.0]  default=525.0
[284/300] RandomSearch | bandpass_noise_v1 | p_loss=0.0148 | 56.4s | bandpass_noise_v1_DTW_Envelope_RandomSearch.pkl
[FaustParams] Loaded 2 parameter(s) from /cshome/asalimi/code/realtime_soundmatching/synths/build/bandpass_noise_v1_72d72c2706d7/bandpass_noise_v1.dsp.json
  hp_cut                /bandpass_noise_v1/hp_cut                 [1.0, 120.0]  default=60.5
  lp_cut                /bandpass_noise_v1/lp_cut                 [50.0, 1000.0]  default=525.0
[285/300] RandomSearch | bandpass_noise_v1 | p_loss=0.0647 | 56.2s | bandpass_noise_v1_DTW_Envelope_RandomSearch.pkl
[FaustParams] Loaded 2 parameter(s) from /cshome/asalimi/code/realtime_soundmatching/synths/build/bandpass_noise_v1_72d72c2706d7/bandpass_noise_v1.dsp.json
  hp_cut                /bandpass_noise_v1/hp_cut                 [1.0, 120.0]  default=60.5
  lp_cut                /bandpass_noise_v1/lp_cut                 [50.0, 1000.0]  default=525.0
[286/300] RandomSearch | bandpass_noise_v1 | p_loss=0.0225 | 56.4s | bandpass_noise_v1_DTW_Envelope_RandomSearch.pkl
[FaustParams] Loaded 2 parameter(s) from /cshome/asalimi/code/realtime_soundmatching/synths/build/bandpass_noise_v1_72d72c2706d7/bandpass_noise_v1.dsp.json
  hp_cut                /bandpass_noise_v1/hp_cut                 [1.0, 120.0]  default=60.5
  lp_cut                /bandpass_noise_v1/lp_cut                 [50.0, 1000.0]  default=525.0
[287/300] RandomSearch | bandpass_noise_v1 | p_loss=0.0059 | 56.4s | bandpass_noise_v1_DTW_Envelope_RandomSearch.pkl
[FaustParams] Loaded 2 parameter(s) from /cshome/asalimi/code/realtime_soundmatching/synths/build/bandpass_noise_v1_72d72c2706d7/bandpass_noise_v1.dsp.json
  hp_cut                /bandpass_noise_v1/hp_cut                 [1.0, 120.0]  default=60.5
  lp_cut                /bandpass_noise_v1/lp_cut                 [50.0, 1000.0]  default=525.0
[288/300] RandomSearch | bandpass_noise_v1 | p_loss=0.0050 | 55.9s | bandpass_noise_v1_DTW_Envelope_RandomSearch.pkl
[FaustParams] Loaded 2 parameter(s) from /cshome/asalimi/code/realtime_soundmatching/synths/build/bandpass_noise_v1_72d72c2706d7/bandpass_noise_v1.dsp.json
  hp_cut                /bandpass_noise_v1/hp_cut                 [1.0, 120.0]  default=60.5
  lp_cut                /bandpass_noise_v1/lp_cut                 [50.0, 1000.0]  default=525.0
[289/300] RandomSearch | bandpass_noise_v1 | p_loss=0.0658 | 56.3s | bandpass_noise_v1_DTW_Envelope_RandomSearch.pkl
[FaustParams] Loaded 2 parameter(s) from /cshome/asalimi/code/realtime_soundmatching/synths/build/bandpass_noise_v1_72d72c2706d7/bandpass_noise_v1.dsp.json
  hp_cut                /bandpass_noise_v1/hp_cut                 [1.0, 120.0]  default=60.5
  lp_cut                /bandpass_noise_v1/lp_cut                 [50.0, 1000.0]  default=525.0
[290/300] RandomSearch | bandpass_noise_v1 | p_loss=0.0128 | 56.3s | bandpass_noise_v1_DTW_Envelope_RandomSearch.pkl
[FaustParams] Loaded 2 parameter(s) from /cshome/asalimi/code/realtime_soundmatching/synths/build/bandpass_noise_v1_72d72c2706d7/bandpass_noise_v1.dsp.json
  hp_cut                /bandpass_noise_v1/hp_cut                 [1.0, 120.0]  default=60.5
  lp_cut                /bandpass_noise_v1/lp_cut                 [50.0, 1000.0]  default=525.0
[291/300] RandomSearch | bandpass_noise_v1 | p_loss=0.0760 | 56.0s | bandpass_noise_v1_DTW_Envelope_RandomSearch.pkl
[FaustParams] Loaded 2 parameter(s) from /cshome/asalimi/code/realtime_soundmatching/synths/build/bandpass_noise_v1_72d72c2706d7/bandpass_noise_v1.dsp.json
  hp_cut                /bandpass_noise_v1/hp_cut                 [1.0, 120.0]  default=60.5
  lp_cut                /bandpass_noise_v1/lp_cut                 [50.0, 1000.0]  default=525.0
[292/300] RandomSearch | bandpass_noise_v1 | p_loss=0.0191 | 56.2s | bandpass_noise_v1_DTW_Envelope_RandomSearch.pkl
[FaustParams] Loaded 2 parameter(s) from /cshome/asalimi/code/realtime_soundmatching/synths/build/bandpass_noise_v1_72d72c2706d7/bandpass_noise_v1.dsp.json
  hp_cut                /bandpass_noise_v1/hp_cut                 [1.0, 120.0]  default=60.5
  lp_cut                /bandpass_noise_v1/lp_cut                 [50.0, 1000.0]  default=525.0
[293/300] RandomSearch | bandpass_noise_v1 | p_loss=0.0919 | 56.6s | bandpass_noise_v1_DTW_Envelope_RandomSearch.pkl
[FaustParams] Loaded 2 parameter(s) from /cshome/asalimi/code/realtime_soundmatching/synths/build/bandpass_noise_v1_72d72c2706d7/bandpass_noise_v1.dsp.json
  hp_cut                /bandpass_noise_v1/hp_cut                 [1.0, 120.0]  default=60.5
  lp_cut                /bandpass_noise_v1/lp_cut                 [50.0, 1000.0]  default=525.0
[294/300] RandomSearch | bandpass_noise_v1 | p_loss=0.0411 | 56.2s | bandpass_noise_v1_DTW_Envelope_RandomSearch.pkl
[FaustParams] Loaded 2 parameter(s) from /cshome/asalimi/code/realtime_soundmatching/synths/build/bandpass_noise_v1_72d72c2706d7/bandpass_noise_v1.dsp.json
  hp_cut                /bandpass_noise_v1/hp_cut                 [1.0, 120.0]  default=60.5
  lp_cut                /bandpass_noise_v1/lp_cut                 [50.0, 1000.0]  default=525.0
[295/300] RandomSearch | bandpass_noise_v1 | p_loss=0.0137 | 56.8s | bandpass_noise_v1_DTW_Envelope_RandomSearch.pkl
[FaustParams] Loaded 2 parameter(s) from /cshome/asalimi/code/realtime_soundmatching/synths/build/bandpass_noise_v1_72d72c2706d7/bandpass_noise_v1.dsp.json
  hp_cut                /bandpass_noise_v1/hp_cut                 [1.0, 120.0]  default=60.5
  lp_cut                /bandpass_noise_v1/lp_cut                 [50.0, 1000.0]  default=525.0
[296/300] RandomSearch | bandpass_noise_v1 | p_loss=0.0199 | 56.2s | bandpass_noise_v1_DTW_Envelope_RandomSearch.pkl
[FaustParams] Loaded 2 parameter(s) from /cshome/asalimi/code/realtime_soundmatching/synths/build/bandpass_noise_v1_72d72c2706d7/bandpass_noise_v1.dsp.json
  hp_cut                /bandpass_noise_v1/hp_cut                 [1.0, 120.0]  default=60.5
  lp_cut                /bandpass_noise_v1/lp_cut                 [50.0, 1000.0]  default=525.0
[297/300] RandomSearch | bandpass_noise_v1 | p_loss=0.0198 | 56.5s | bandpass_noise_v1_DTW_Envelope_RandomSearch.pkl
[FaustParams] Loaded 2 parameter(s) from /cshome/asalimi/code/realtime_soundmatching/synths/build/bandpass_noise_v1_72d72c2706d7/bandpass_noise_v1.dsp.json
  hp_cut                /bandpass_noise_v1/hp_cut                 [1.0, 120.0]  default=60.5
  lp_cut                /bandpass_noise_v1/lp_cut                 [50.0, 1000.0]  default=525.0
[298/300] RandomSearch | bandpass_noise_v1 | p_loss=0.0519 | 57.0s | bandpass_noise_v1_DTW_Envelope_RandomSearch.pkl
[FaustParams] Loaded 2 parameter(s) from /cshome/asalimi/code/realtime_soundmatching/synths/build/bandpass_noise_v1_72d72c2706d7/bandpass_noise_v1.dsp.json
  hp_cut                /bandpass_noise_v1/hp_cut                 [1.0, 120.0]  default=60.5
  lp_cut                /bandpass_noise_v1/lp_cut                 [50.0, 1000.0]  default=525.0
[299/300] RandomSearch | bandpass_noise_v1 | p_loss=0.2272 | 56.8s | bandpass_noise_v1_DTW_Envelope_RandomSearch.pkl
[FaustParams] Loaded 2 parameter(s) from /cshome/asalimi/code/realtime_soundmatching/synths/build/bandpass_noise_v1_72d72c2706d7/bandpass_noise_v1.dsp.json
  hp_cut                /bandpass_noise_v1/hp_cut                 [1.0, 120.0]  default=60.5
  lp_cut                /bandpass_noise_v1/lp_cut                 [50.0, 1000.0]  default=525.0
[300/300] RandomSearch | bandpass_noise_v1 | p_loss=0.0318 | 56.8s | bandpass_noise_v1_DTW_Envelope_RandomSearch.pkl
Saved 300 trials to /cshome/asalimi/code/realtime_soundmatching/paper_experiments/results/bandpass_noise_v1_DTW_Envelope_RandomSearch.pkl
oise_v1.dsp.json
  hp_cut                /bandpass_noise_v1/hp_cut                 [1.0, 120.0]  default=60.5
  lp_cut                /bandpass_noise_v1/lp_cut                 [50.0, 1000.0]  default=525.0
[300/300] RandomSearch | bandpass_noise_v1 | p_loss=0.0318 | 56.1s | bandpass_noise_v1_DTW_Envelope_RandomSearch.pkl
Saved 300 trials to /cshome/asalimi/code/realtime_soundmatching/paper_experiments/results/bandpass_noise_v1_DTW_Envelope_RandomSearch.pkl
