chirplet_pulse/DTW_Envelope/GD: 238 done, running 62 more → /cshome/asalimi/code/realtime_soundmatching/paper_experiments/results/chirplet_pulse_DTW_Envelope_GD.pkl
[FaustParams] Loaded 2 parameter(s) from /cshome/asalimi/code/realtime_soundmatching/synths/build/chirplet_pulse_dcdad09ae1a6/chirplet_pulse.dsp.json
  increase_speed        /chirplet_pulse/increase_speed            [2.0, 7.0]  default=4.5
  pulse_rate            /chirplet_pulse/pulse_rate                [1.0, 10.0]  default=5.5
[239/300] GD | chirplet_pulse | p_loss=0.4243 | 26.5s | chirplet_pulse_DTW_Envelope_GD.pkl
[FaustParams] Loaded 2 parameter(s) from /cshome/asalimi/code/realtime_soundmatching/synths/build/chirplet_pulse_dcdad09ae1a6/chirplet_pulse.dsp.json
  increase_speed        /chirplet_pulse/increase_speed            [2.0, 7.0]  default=4.5
  pulse_rate            /chirplet_pulse/pulse_rate                [1.0, 10.0]  default=5.5
[240/300] GD | chirplet_pulse | p_loss=0.5317 | 22.5s | chirplet_pulse_DTW_Envelope_GD.pkl
[FaustParams] Loaded 2 parameter(s) from /cshome/asalimi/code/realtime_soundmatching/synths/build/chirplet_pulse_dcdad09ae1a6/chirplet_pulse.dsp.json
  increase_speed        /chirplet_pulse/increase_speed            [2.0, 7.0]  default=4.5
  pulse_rate            /chirplet_pulse/pulse_rate                [1.0, 10.0]  default=5.5
[241/300] GD | chirplet_pulse | p_loss=0.0022 | 22.2s | chirplet_pulse_DTW_Envelope_GD.pkl
[FaustParams] Loaded 2 parameter(s) from /cshome/asalimi/code/realtime_soundmatching/synths/build/chirplet_pulse_dcdad09ae1a6/chirplet_pulse.dsp.json
  increase_speed        /chirplet_pulse/increase_speed            [2.0, 7.0]  default=4.5
  pulse_rate            /chirplet_pulse/pulse_rate                [1.0, 10.0]  default=5.5
[242/300] GD | chirplet_pulse | p_loss=0.5253 | 22.2s | chirplet_pulse_DTW_Envelope_GD.pkl
[FaustParams] Loaded 2 parameter(s) from /cshome/asalimi/code/realtime_soundmatching/synths/build/chirplet_pulse_dcdad09ae1a6/chirplet_pulse.dsp.json
  increase_speed        /chirplet_pulse/increase_speed            [2.0, 7.0]  default=4.5
  pulse_rate            /chirplet_pulse/pulse_rate                [1.0, 10.0]  default=5.5
[243/300] GD | chirplet_pulse | p_loss=0.3711 | 22.4s | chirplet_pulse_DTW_Envelope_GD.pkl
[FaustParams] Loaded 2 parameter(s) from /cshome/asalimi/code/realtime_soundmatching/synths/build/chirplet_pulse_dcdad09ae1a6/chirplet_pulse.dsp.json
  increase_speed        /chirplet_pulse/increase_speed            [2.0, 7.0]  default=4.5
  pulse_rate            /chirplet_pulse/pulse_rate                [1.0, 10.0]  default=5.5
[244/300] GD | chirplet_pulse | p_loss=0.4210 | 22.2s | chirplet_pulse_DTW_Envelope_GD.pkl
[FaustParams] Loaded 2 parameter(s) from /cshome/asalimi/code/realtime_soundmatching/synths/build/chirplet_pulse_dcdad09ae1a6/chirplet_pulse.dsp.json
  increase_speed        /chirplet_pulse/increase_speed            [2.0, 7.0]  default=4.5
  pulse_rate            /chirplet_pulse/pulse_rate                [1.0, 10.0]  default=5.5
[245/300] GD | chirplet_pulse | p_loss=0.3201 | 23.0s | chirplet_pulse_DTW_Envelope_GD.pkl
[FaustParams] Loaded 2 parameter(s) from /cshome/asalimi/code/realtime_soundmatching/synths/build/chirplet_pulse_dcdad09ae1a6/chirplet_pulse.dsp.json
  increase_speed        /chirplet_pulse/increase_speed            [2.0, 7.0]  default=4.5
  pulse_rate            /chirplet_pulse/pulse_rate                [1.0, 10.0]  default=5.5
[246/300] GD | chirplet_pulse | p_loss=0.3904 | 22.2s | chirplet_pulse_DTW_Envelope_GD.pkl
[FaustParams] Loaded 2 parameter(s) from /cshome/asalimi/code/realtime_soundmatching/synths/build/chirplet_pulse_dcdad09ae1a6/chirplet_pulse.dsp.json
  increase_speed        /chirplet_pulse/increase_speed            [2.0, 7.0]  default=4.5
  pulse_rate            /chirplet_pulse/pulse_rate                [1.0, 10.0]  default=5.5
[247/300] GD | chirplet_pulse | p_loss=0.4874 | 22.2s | chirplet_pulse_DTW_Envelope_GD.pkl
[FaustParams] Loaded 2 parameter(s) from /cshome/asalimi/code/realtime_soundmatching/synths/build/chirplet_pulse_dcdad09ae1a6/chirplet_pulse.dsp.json
  increase_speed        /chirplet_pulse/increase_speed            [2.0, 7.0]  default=4.5
  pulse_rate            /chirplet_pulse/pulse_rate                [1.0, 10.0]  default=5.5
[248/300] GD | chirplet_pulse | p_loss=0.0870 | 21.7s | chirplet_pulse_DTW_Envelope_GD.pkl
[FaustParams] Loaded 2 parameter(s) from /cshome/asalimi/code/realtime_soundmatching/synths/build/chirplet_pulse_dcdad09ae1a6/chirplet_pulse.dsp.json
  increase_speed        /chirplet_pulse/increase_speed            [2.0, 7.0]  default=4.5
  pulse_rate            /chirplet_pulse/pulse_rate                [1.0, 10.0]  default=5.5
[249/300] GD | chirplet_pulse | p_loss=0.1877 | 22.3s | chirplet_pulse_DTW_Envelope_GD.pkl
[FaustParams] Loaded 2 parameter(s) from /cshome/asalimi/code/realtime_soundmatching/synths/build/chirplet_pulse_dcdad09ae1a6/chirplet_pulse.dsp.json
  increase_speed        /chirplet_pulse/increase_speed            [2.0, 7.0]  default=4.5
  pulse_rate            /chirplet_pulse/pulse_rate                [1.0, 10.0]  default=5.5
[250/300] GD | chirplet_pulse | p_loss=0.7608 | 22.0s | chirplet_pulse_DTW_Envelope_GD.pkl
[FaustParams] Loaded 2 parameter(s) from /cshome/asalimi/code/realtime_soundmatching/synths/build/chirplet_pulse_dcdad09ae1a6/chirplet_pulse.dsp.json
  increase_speed        /chirplet_pulse/increase_speed            [2.0, 7.0]  default=4.5
  pulse_rate            /chirplet_pulse/pulse_rate                [1.0, 10.0]  default=5.5
[251/300] GD | chirplet_pulse | p_loss=0.5137 | 22.0s | chirplet_pulse_DTW_Envelope_GD.pkl
[FaustParams] Loaded 2 parameter(s) from /cshome/asalimi/code/realtime_soundmatching/synths/build/chirplet_pulse_dcdad09ae1a6/chirplet_pulse.dsp.json
  increase_speed        /chirplet_pulse/increase_speed            [2.0, 7.0]  default=4.5
  pulse_rate            /chirplet_pulse/pulse_rate                [1.0, 10.0]  default=5.5
[252/300] GD | chirplet_pulse | p_loss=0.0984 | 22.1s | chirplet_pulse_DTW_Envelope_GD.pkl
[FaustParams] Loaded 2 parameter(s) from /cshome/asalimi/code/realtime_soundmatching/synths/build/chirplet_pulse_dcdad09ae1a6/chirplet_pulse.dsp.json
  increase_speed        /chirplet_pulse/increase_speed            [2.0, 7.0]  default=4.5
  pulse_rate            /chirplet_pulse/pulse_rate                [1.0, 10.0]  default=5.5
[253/300] GD | chirplet_pulse | p_loss=0.5374 | 22.2s | chirplet_pulse_DTW_Envelope_GD.pkl
[FaustParams] Loaded 2 parameter(s) from /cshome/asalimi/code/realtime_soundmatching/synths/build/chirplet_pulse_dcdad09ae1a6/chirplet_pulse.dsp.json
  increase_speed        /chirplet_pulse/increase_speed            [2.0, 7.0]  default=4.5
  pulse_rate            /chirplet_pulse/pulse_rate                [1.0, 10.0]  default=5.5
[254/300] GD | chirplet_pulse | p_loss=0.2199 | 22.2s | chirplet_pulse_DTW_Envelope_GD.pkl
[FaustParams] Loaded 2 parameter(s) from /cshome/asalimi/code/realtime_soundmatching/synths/build/chirplet_pulse_dcdad09ae1a6/chirplet_pulse.dsp.json
  increase_speed        /chirplet_pulse/increase_speed            [2.0, 7.0]  default=4.5
  pulse_rate            /chirplet_pulse/pulse_rate                [1.0, 10.0]  default=5.5
[255/300] GD | chirplet_pulse | p_loss=0.6219 | 21.9s | chirplet_pulse_DTW_Envelope_GD.pkl
[FaustParams] Loaded 2 parameter(s) from /cshome/asalimi/code/realtime_soundmatching/synths/build/chirplet_pulse_dcdad09ae1a6/chirplet_pulse.dsp.json
  increase_speed        /chirplet_pulse/increase_speed            [2.0, 7.0]  default=4.5
  pulse_rate            /chirplet_pulse/pulse_rate                [1.0, 10.0]  default=5.5
[256/300] GD | chirplet_pulse | p_loss=0.5833 | 22.6s | chirplet_pulse_DTW_Envelope_GD.pkl
[FaustParams] Loaded 2 parameter(s) from /cshome/asalimi/code/realtime_soundmatching/synths/build/chirplet_pulse_dcdad09ae1a6/chirplet_pulse.dsp.json
  increase_speed        /chirplet_pulse/increase_speed            [2.0, 7.0]  default=4.5
  pulse_rate            /chirplet_pulse/pulse_rate                [1.0, 10.0]  default=5.5
[257/300] GD | chirplet_pulse | p_loss=0.0610 | 23.0s | chirplet_pulse_DTW_Envelope_GD.pkl
[FaustParams] Loaded 2 parameter(s) from /cshome/asalimi/code/realtime_soundmatching/synths/build/chirplet_pulse_dcdad09ae1a6/chirplet_pulse.dsp.json
  increase_speed        /chirplet_pulse/increase_speed            [2.0, 7.0]  default=4.5
  pulse_rate            /chirplet_pulse/pulse_rate                [1.0, 10.0]  default=5.5
[258/300] GD | chirplet_pulse | p_loss=0.4317 | 22.5s | chirplet_pulse_DTW_Envelope_GD.pkl
[FaustParams] Loaded 2 parameter(s) from /cshome/asalimi/code/realtime_soundmatching/synths/build/chirplet_pulse_dcdad09ae1a6/chirplet_pulse.dsp.json
  increase_speed        /chirplet_pulse/increase_speed            [2.0, 7.0]  default=4.5
  pulse_rate            /chirplet_pulse/pulse_rate                [1.0, 10.0]  default=5.5
[259/300] GD | chirplet_pulse | p_loss=0.1364 | 22.6s | chirplet_pulse_DTW_Envelope_GD.pkl
[FaustParams] Loaded 2 parameter(s) from /cshome/asalimi/code/realtime_soundmatching/synths/build/chirplet_pulse_dcdad09ae1a6/chirplet_pulse.dsp.json
  increase_speed        /chirplet_pulse/increase_speed            [2.0, 7.0]  default=4.5
  pulse_rate            /chirplet_pulse/pulse_rate                [1.0, 10.0]  default=5.5
[260/300] GD | chirplet_pulse | p_loss=0.4820 | 22.4s | chirplet_pulse_DTW_Envelope_GD.pkl
[FaustParams] Loaded 2 parameter(s) from /cshome/asalimi/code/realtime_soundmatching/synths/build/chirplet_pulse_dcdad09ae1a6/chirplet_pulse.dsp.json
  increase_speed        /chirplet_pulse/increase_speed            [2.0, 7.0]  default=4.5
  pulse_rate            /chirplet_pulse/pulse_rate                [1.0, 10.0]  default=5.5
[261/300] GD | chirplet_pulse | p_loss=0.9267 | 22.8s | chirplet_pulse_DTW_Envelope_GD.pkl
[FaustParams] Loaded 2 parameter(s) from /cshome/asalimi/code/realtime_soundmatching/synths/build/chirplet_pulse_dcdad09ae1a6/chirplet_pulse.dsp.json
  increase_speed        /chirplet_pulse/increase_speed            [2.0, 7.0]  default=4.5
  pulse_rate            /chirplet_pulse/pulse_rate                [1.0, 10.0]  default=5.5
[262/300] GD | chirplet_pulse | p_loss=0.5389 | 22.5s | chirplet_pulse_DTW_Envelope_GD.pkl
[FaustParams] Loaded 2 parameter(s) from /cshome/asalimi/code/realtime_soundmatching/synths/build/chirplet_pulse_dcdad09ae1a6/chirplet_pulse.dsp.json
  increase_speed        /chirplet_pulse/increase_speed            [2.0, 7.0]  default=4.5
  pulse_rate            /chirplet_pulse/pulse_rate                [1.0, 10.0]  default=5.5
[263/300] GD | chirplet_pulse | p_loss=0.2365 | 22.7s | chirplet_pulse_DTW_Envelope_GD.pkl
[FaustParams] Loaded 2 parameter(s) from /cshome/asalimi/code/realtime_soundmatching/synths/build/chirplet_pulse_dcdad09ae1a6/chirplet_pulse.dsp.json
  increase_speed        /chirplet_pulse/increase_speed            [2.0, 7.0]  default=4.5
  pulse_rate            /chirplet_pulse/pulse_rate                [1.0, 10.0]  default=5.5
[264/300] GD | chirplet_pulse | p_loss=0.4266 | 22.4s | chirplet_pulse_DTW_Envelope_GD.pkl
[FaustParams] Loaded 2 parameter(s) from /cshome/asalimi/code/realtime_soundmatching/synths/build/chirplet_pulse_dcdad09ae1a6/chirplet_pulse.dsp.json
  increase_speed        /chirplet_pulse/increase_speed            [2.0, 7.0]  default=4.5
  pulse_rate            /chirplet_pulse/pulse_rate                [1.0, 10.0]  default=5.5
[265/300] GD | chirplet_pulse | p_loss=0.0158 | 22.7s | chirplet_pulse_DTW_Envelope_GD.pkl
[FaustParams] Loaded 2 parameter(s) from /cshome/asalimi/code/realtime_soundmatching/synths/build/chirplet_pulse_dcdad09ae1a6/chirplet_pulse.dsp.json
  increase_speed        /chirplet_pulse/increase_speed            [2.0, 7.0]  default=4.5
  pulse_rate            /chirplet_pulse/pulse_rate                [1.0, 10.0]  default=5.5
[266/300] GD | chirplet_pulse | p_loss=0.4254 | 23.1s | chirplet_pulse_DTW_Envelope_GD.pkl
[FaustParams] Loaded 2 parameter(s) from /cshome/asalimi/code/realtime_soundmatching/synths/build/chirplet_pulse_dcdad09ae1a6/chirplet_pulse.dsp.json
  increase_speed        /chirplet_pulse/increase_speed            [2.0, 7.0]  default=4.5
  pulse_rate            /chirplet_pulse/pulse_rate                [1.0, 10.0]  default=5.5
[267/300] GD | chirplet_pulse | p_loss=0.1658 | 22.8s | chirplet_pulse_DTW_Envelope_GD.pkl
[FaustParams] Loaded 2 parameter(s) from /cshome/asalimi/code/realtime_soundmatching/synths/build/chirplet_pulse_dcdad09ae1a6/chirplet_pulse.dsp.json
  increase_speed        /chirplet_pulse/increase_speed            [2.0, 7.0]  default=4.5
  pulse_rate            /chirplet_pulse/pulse_rate                [1.0, 10.0]  default=5.5
[268/300] GD | chirplet_pulse | p_loss=0.2987 | 22.1s | chirplet_pulse_DTW_Envelope_GD.pkl
[FaustParams] Loaded 2 parameter(s) from /cshome/asalimi/code/realtime_soundmatching/synths/build/chirplet_pulse_dcdad09ae1a6/chirplet_pulse.dsp.json
  increase_speed        /chirplet_pulse/increase_speed            [2.0, 7.0]  default=4.5
  pulse_rate            /chirplet_pulse/pulse_rate                [1.0, 10.0]  default=5.5
[269/300] GD | chirplet_pulse | p_loss=0.2220 | 22.6s | chirplet_pulse_DTW_Envelope_GD.pkl
[FaustParams] Loaded 2 parameter(s) from /cshome/asalimi/code/realtime_soundmatching/synths/build/chirplet_pulse_dcdad09ae1a6/chirplet_pulse.dsp.json
  increase_speed        /chirplet_pulse/increase_speed            [2.0, 7.0]  default=4.5
  pulse_rate            /chirplet_pulse/pulse_rate                [1.0, 10.0]  default=5.5
[270/300] GD | chirplet_pulse | p_loss=0.2497 | 22.1s | chirplet_pulse_DTW_Envelope_GD.pkl
[FaustParams] Loaded 2 parameter(s) from /cshome/asalimi/code/realtime_soundmatching/synths/build/chirplet_pulse_dcdad09ae1a6/chirplet_pulse.dsp.json
  increase_speed        /chirplet_pulse/increase_speed            [2.0, 7.0]  default=4.5
  pulse_rate            /chirplet_pulse/pulse_rate                [1.0, 10.0]  default=5.5
[271/300] GD | chirplet_pulse | p_loss=0.8003 | 21.7s | chirplet_pulse_DTW_Envelope_GD.pkl
[FaustParams] Loaded 2 parameter(s) from /cshome/asalimi/code/realtime_soundmatching/synths/build/chirplet_pulse_dcdad09ae1a6/chirplet_pulse.dsp.json
  increase_speed        /chirplet_pulse/increase_speed            [2.0, 7.0]  default=4.5
  pulse_rate            /chirplet_pulse/pulse_rate                [1.0, 10.0]  default=5.5
[272/300] GD | chirplet_pulse | p_loss=0.0189 | 22.8s | chirplet_pulse_DTW_Envelope_GD.pkl
[FaustParams] Loaded 2 parameter(s) from /cshome/asalimi/code/realtime_soundmatching/synths/build/chirplet_pulse_dcdad09ae1a6/chirplet_pulse.dsp.json
  increase_speed        /chirplet_pulse/increase_speed            [2.0, 7.0]  default=4.5
  pulse_rate            /chirplet_pulse/pulse_rate                [1.0, 10.0]  default=5.5
[273/300] GD | chirplet_pulse | p_loss=0.4782 | 22.8s | chirplet_pulse_DTW_Envelope_GD.pkl
[FaustParams] Loaded 2 parameter(s) from /cshome/asalimi/code/realtime_soundmatching/synths/build/chirplet_pulse_dcdad09ae1a6/chirplet_pulse.dsp.json
  increase_speed        /chirplet_pulse/increase_speed            [2.0, 7.0]  default=4.5
  pulse_rate            /chirplet_pulse/pulse_rate                [1.0, 10.0]  default=5.5
[274/300] GD | chirplet_pulse | p_loss=0.3373 | 21.9s | chirplet_pulse_DTW_Envelope_GD.pkl
[FaustParams] Loaded 2 parameter(s) from /cshome/asalimi/code/realtime_soundmatching/synths/build/chirplet_pulse_dcdad09ae1a6/chirplet_pulse.dsp.json
  increase_speed        /chirplet_pulse/increase_speed            [2.0, 7.0]  default=4.5
  pulse_rate            /chirplet_pulse/pulse_rate                [1.0, 10.0]  default=5.5
[275/300] GD | chirplet_pulse | p_loss=0.3922 | 22.4s | chirplet_pulse_DTW_Envelope_GD.pkl
[FaustParams] Loaded 2 parameter(s) from /cshome/asalimi/code/realtime_soundmatching/synths/build/chirplet_pulse_dcdad09ae1a6/chirplet_pulse.dsp.json
  increase_speed        /chirplet_pulse/increase_speed            [2.0, 7.0]  default=4.5
  pulse_rate            /chirplet_pulse/pulse_rate                [1.0, 10.0]  default=5.5
[276/300] GD | chirplet_pulse | p_loss=0.9226 | 22.1s | chirplet_pulse_DTW_Envelope_GD.pkl
[FaustParams] Loaded 2 parameter(s) from /cshome/asalimi/code/realtime_soundmatching/synths/build/chirplet_pulse_dcdad09ae1a6/chirplet_pulse.dsp.json
  increase_speed        /chirplet_pulse/increase_speed            [2.0, 7.0]  default=4.5
  pulse_rate            /chirplet_pulse/pulse_rate                [1.0, 10.0]  default=5.5
[277/300] GD | chirplet_pulse | p_loss=0.5608 | 22.6s | chirplet_pulse_DTW_Envelope_GD.pkl
[FaustParams] Loaded 2 parameter(s) from /cshome/asalimi/code/realtime_soundmatching/synths/build/chirplet_pulse_dcdad09ae1a6/chirplet_pulse.dsp.json
  increase_speed        /chirplet_pulse/increase_speed            [2.0, 7.0]  default=4.5
  pulse_rate            /chirplet_pulse/pulse_rate                [1.0, 10.0]  default=5.5
[278/300] GD | chirplet_pulse | p_loss=0.3366 | 22.4s | chirplet_pulse_DTW_Envelope_GD.pkl
[FaustParams] Loaded 2 parameter(s) from /cshome/asalimi/code/realtime_soundmatching/synths/build/chirplet_pulse_dcdad09ae1a6/chirplet_pulse.dsp.json
  increase_speed        /chirplet_pulse/increase_speed            [2.0, 7.0]  default=4.5
  pulse_rate            /chirplet_pulse/pulse_rate                [1.0, 10.0]  default=5.5
[279/300] GD | chirplet_pulse | p_loss=0.3590 | 22.1s | chirplet_pulse_DTW_Envelope_GD.pkl
[FaustParams] Loaded 2 parameter(s) from /cshome/asalimi/code/realtime_soundmatching/synths/build/chirplet_pulse_dcdad09ae1a6/chirplet_pulse.dsp.json
  increase_speed        /chirplet_pulse/increase_speed            [2.0, 7.0]  default=4.5
  pulse_rate            /chirplet_pulse/pulse_rate                [1.0, 10.0]  default=5.5
[280/300] GD | chirplet_pulse | p_loss=0.8382 | 22.3s | chirplet_pulse_DTW_Envelope_GD.pkl
[FaustParams] Loaded 2 parameter(s) from /cshome/asalimi/code/realtime_soundmatching/synths/build/chirplet_pulse_dcdad09ae1a6/chirplet_pulse.dsp.json
  increase_speed        /chirplet_pulse/increase_speed            [2.0, 7.0]  default=4.5
  pulse_rate            /chirplet_pulse/pulse_rate                [1.0, 10.0]  default=5.5
[281/300] GD | chirplet_pulse | p_loss=0.6546 | 22.7s | chirplet_pulse_DTW_Envelope_GD.pkl
[FaustParams] Loaded 2 parameter(s) from /cshome/asalimi/code/realtime_soundmatching/synths/build/chirplet_pulse_dcdad09ae1a6/chirplet_pulse.dsp.json
  increase_speed        /chirplet_pulse/increase_speed            [2.0, 7.0]  default=4.5
  pulse_rate            /chirplet_pulse/pulse_rate                [1.0, 10.0]  default=5.5
[282/300] GD | chirplet_pulse | p_loss=0.8843 | 22.2s | chirplet_pulse_DTW_Envelope_GD.pkl
[FaustParams] Loaded 2 parameter(s) from /cshome/asalimi/code/realtime_soundmatching/synths/build/chirplet_pulse_dcdad09ae1a6/chirplet_pulse.dsp.json
  increase_speed        /chirplet_pulse/increase_speed            [2.0, 7.0]  default=4.5
  pulse_rate            /chirplet_pulse/pulse_rate                [1.0, 10.0]  default=5.5
[283/300] GD | chirplet_pulse | p_loss=0.0949 | 22.4s | chirplet_pulse_DTW_Envelope_GD.pkl
[FaustParams] Loaded 2 parameter(s) from /cshome/asalimi/code/realtime_soundmatching/synths/build/chirplet_pulse_dcdad09ae1a6/chirplet_pulse.dsp.json
  increase_speed        /chirplet_pulse/increase_speed            [2.0, 7.0]  default=4.5
  pulse_rate            /chirplet_pulse/pulse_rate                [1.0, 10.0]  default=5.5
[284/300] GD | chirplet_pulse | p_loss=0.3833 | 22.0s | chirplet_pulse_DTW_Envelope_GD.pkl
[FaustParams] Loaded 2 parameter(s) from /cshome/asalimi/code/realtime_soundmatching/synths/build/chirplet_pulse_dcdad09ae1a6/chirplet_pulse.dsp.json
  increase_speed        /chirplet_pulse/increase_speed            [2.0, 7.0]  default=4.5
  pulse_rate            /chirplet_pulse/pulse_rate                [1.0, 10.0]  default=5.5
[285/300] GD | chirplet_pulse | p_loss=0.7255 | 22.2s | chirplet_pulse_DTW_Envelope_GD.pkl
[FaustParams] Loaded 2 parameter(s) from /cshome/asalimi/code/realtime_soundmatching/synths/build/chirplet_pulse_dcdad09ae1a6/chirplet_pulse.dsp.json
  increase_speed        /chirplet_pulse/increase_speed            [2.0, 7.0]  default=4.5
  pulse_rate            /chirplet_pulse/pulse_rate                [1.0, 10.0]  default=5.5
[286/300] GD | chirplet_pulse | p_loss=0.2027 | 22.1s | chirplet_pulse_DTW_Envelope_GD.pkl
[FaustParams] Loaded 2 parameter(s) from /cshome/asalimi/code/realtime_soundmatching/synths/build/chirplet_pulse_dcdad09ae1a6/chirplet_pulse.dsp.json
  increase_speed        /chirplet_pulse/increase_speed            [2.0, 7.0]  default=4.5
  pulse_rate            /chirplet_pulse/pulse_rate                [1.0, 10.0]  default=5.5
[287/300] GD | chirplet_pulse | p_loss=0.6447 | 21.8s | chirplet_pulse_DTW_Envelope_GD.pkl
[FaustParams] Loaded 2 parameter(s) from /cshome/asalimi/code/realtime_soundmatching/synths/build/chirplet_pulse_dcdad09ae1a6/chirplet_pulse.dsp.json
  increase_speed        /chirplet_pulse/increase_speed            [2.0, 7.0]  default=4.5
  pulse_rate            /chirplet_pulse/pulse_rate                [1.0, 10.0]  default=5.5
[288/300] GD | chirplet_pulse | p_loss=0.6678 | 22.2s | chirplet_pulse_DTW_Envelope_GD.pkl
[FaustParams] Loaded 2 parameter(s) from /cshome/asalimi/code/realtime_soundmatching/synths/build/chirplet_pulse_dcdad09ae1a6/chirplet_pulse.dsp.json
  increase_speed        /chirplet_pulse/increase_speed            [2.0, 7.0]  default=4.5
  pulse_rate            /chirplet_pulse/pulse_rate                [1.0, 10.0]  default=5.5
[289/300] GD | chirplet_pulse | p_loss=0.0161 | 21.5s | chirplet_pulse_DTW_Envelope_GD.pkl
[FaustParams] Loaded 2 parameter(s) from /cshome/asalimi/code/realtime_soundmatching/synths/build/chirplet_pulse_dcdad09ae1a6/chirplet_pulse.dsp.json
  increase_speed        /chirplet_pulse/increase_speed            [2.0, 7.0]  default=4.5
  pulse_rate            /chirplet_pulse/pulse_rate                [1.0, 10.0]  default=5.5
[290/300] GD | chirplet_pulse | p_loss=0.0952 | 22.3s | chirplet_pulse_DTW_Envelope_GD.pkl
[FaustParams] Loaded 2 parameter(s) from /cshome/asalimi/code/realtime_soundmatching/synths/build/chirplet_pulse_dcdad09ae1a6/chirplet_pulse.dsp.json
  increase_speed        /chirplet_pulse/increase_speed            [2.0, 7.0]  default=4.5
  pulse_rate            /chirplet_pulse/pulse_rate                [1.0, 10.0]  default=5.5
[291/300] GD | chirplet_pulse | p_loss=0.8705 | 21.8s | chirplet_pulse_DTW_Envelope_GD.pkl
[FaustParams] Loaded 2 parameter(s) from /cshome/asalimi/code/realtime_soundmatching/synths/build/chirplet_pulse_dcdad09ae1a6/chirplet_pulse.dsp.json
  increase_speed        /chirplet_pulse/increase_speed            [2.0, 7.0]  default=4.5
  pulse_rate            /chirplet_pulse/pulse_rate                [1.0, 10.0]  default=5.5
[292/300] GD | chirplet_pulse | p_loss=0.0639 | 23.0s | chirplet_pulse_DTW_Envelope_GD.pkl
[FaustParams] Loaded 2 parameter(s) from /cshome/asalimi/code/realtime_soundmatching/synths/build/chirplet_pulse_dcdad09ae1a6/chirplet_pulse.dsp.json
  increase_speed        /chirplet_pulse/increase_speed            [2.0, 7.0]  default=4.5
  pulse_rate            /chirplet_pulse/pulse_rate                [1.0, 10.0]  default=5.5
[293/300] GD | chirplet_pulse | p_loss=0.4649 | 22.1s | chirplet_pulse_DTW_Envelope_GD.pkl
[FaustParams] Loaded 2 parameter(s) from /cshome/asalimi/code/realtime_soundmatching/synths/build/chirplet_pulse_dcdad09ae1a6/chirplet_pulse.dsp.json
  increase_speed        /chirplet_pulse/increase_speed            [2.0, 7.0]  default=4.5
  pulse_rate            /chirplet_pulse/pulse_rate                [1.0, 10.0]  default=5.5
[294/300] GD | chirplet_pulse | p_loss=0.8481 | 22.7s | chirplet_pulse_DTW_Envelope_GD.pkl
[FaustParams] Loaded 2 parameter(s) from /cshome/asalimi/code/realtime_soundmatching/synths/build/chirplet_pulse_dcdad09ae1a6/chirplet_pulse.dsp.json
  increase_speed        /chirplet_pulse/increase_speed            [2.0, 7.0]  default=4.5
  pulse_rate            /chirplet_pulse/pulse_rate                [1.0, 10.0]  default=5.5
[295/300] GD | chirplet_pulse | p_loss=0.3159 | 22.7s | chirplet_pulse_DTW_Envelope_GD.pkl
[FaustParams] Loaded 2 parameter(s) from /cshome/asalimi/code/realtime_soundmatching/synths/build/chirplet_pulse_dcdad09ae1a6/chirplet_pulse.dsp.json
  increase_speed        /chirplet_pulse/increase_speed            [2.0, 7.0]  default=4.5
  pulse_rate            /chirplet_pulse/pulse_rate                [1.0, 10.0]  default=5.5
[296/300] GD | chirplet_pulse | p_loss=0.3604 | 21.8s | chirplet_pulse_DTW_Envelope_GD.pkl
[FaustParams] Loaded 2 parameter(s) from /cshome/asalimi/code/realtime_soundmatching/synths/build/chirplet_pulse_dcdad09ae1a6/chirplet_pulse.dsp.json
  increase_speed        /chirplet_pulse/increase_speed            [2.0, 7.0]  default=4.5
  pulse_rate            /chirplet_pulse/pulse_rate                [1.0, 10.0]  default=5.5
[297/300] GD | chirplet_pulse | p_loss=0.9080 | 22.4s | chirplet_pulse_DTW_Envelope_GD.pkl
[FaustParams] Loaded 2 parameter(s) from /cshome/asalimi/code/realtime_soundmatching/synths/build/chirplet_pulse_dcdad09ae1a6/chirplet_pulse.dsp.json
  increase_speed        /chirplet_pulse/increase_speed            [2.0, 7.0]  default=4.5
  pulse_rate            /chirplet_pulse/pulse_rate                [1.0, 10.0]  default=5.5
[298/300] GD | chirplet_pulse | p_loss=0.4181 | 21.8s | chirplet_pulse_DTW_Envelope_GD.pkl
[FaustParams] Loaded 2 parameter(s) from /cshome/asalimi/code/realtime_soundmatching/synths/build/chirplet_pulse_dcdad09ae1a6/chirplet_pulse.dsp.json
  increase_speed        /chirplet_pulse/increase_speed            [2.0, 7.0]  default=4.5
  pulse_rate            /chirplet_pulse/pulse_rate                [1.0, 10.0]  default=5.5
[299/300] GD | chirplet_pulse | p_loss=0.1433 | 22.4s | chirplet_pulse_DTW_Envelope_GD.pkl
[FaustParams] Loaded 2 parameter(s) from /cshome/asalimi/code/realtime_soundmatching/synths/build/chirplet_pulse_dcdad09ae1a6/chirplet_pulse.dsp.json
  increase_speed        /chirplet_pulse/increase_speed            [2.0, 7.0]  default=4.5
  pulse_rate            /chirplet_pulse/pulse_rate                [1.0, 10.0]  default=5.5
[300/300] GD | chirplet_pulse | p_loss=0.8797 | 21.7s | chirplet_pulse_DTW_Envelope_GD.pkl
Saved 300 trials to /cshome/asalimi/code/realtime_soundmatching/paper_experiments/results/chirplet_pulse_DTW_Envelope_GD.pkl
